Print config information:
  Graph info: 
	 - filepath = /mnt/nvme1/zorax/datasets/csr_bin/Kron30/
	 - PREFIX = kron30
	 - nverts = 1073741823
	 - nedges = 0 (0 for processing all edges in the filepath) 
  System info: 
	 - JOB = 6
	 - THD_COUNT = 1
	 - QUERY_THD_COUNT = 48
	 - SSDPATH = /mnt/nvme2/zorax/testCSRGraph/
  Graph query benchmark: 
	 - QUERY = 0
	 - source = 233665123
  Chunk allocator: 
	 - SBLK_POOL_SIZE = 824633720832
	 - sblk_name = sblk
	 - MAX_LEVEL = 1
	 - MEM_BULK_SIZE = 33554432

import csr for out graph
Allocated 8GB for local_buf.
filepath = /mnt/nvme1/zorax/datasets/csr_bin/Kron30//kron30.idx
Allocated 64GB for local_buf.
filepath = /mnt/nvme1/zorax/datasets/csr_bin/Kron30//kron30.adj
nverts = 1073741823, nedges = 17179869184, average degree = 16
import csr for in graph
Allocated 8GB for local_buf.
filepath = /mnt/nvme1/zorax/datasets/csr_bin/Kron30//kron30.ridx
Allocated 64GB for local_buf.
filepath = /mnt/nvme1/zorax/datasets/csr_bin/Kron30//kron30.radj
[1;33mDEBUG:    chunk_allocator.hpp(init:29): sblk_pools[0] allocated 192GB on SSD, start = 0x7eb775e11000
[0m[1;33msblklevel0
mempool_align=4096
mempool_size=206158430208
mempool_start=0x7eb775e11000
mempool_cur=0x7eb775e11000
mempool_end=0x7ee775e11000
mempool_free_block=(nil)

DEBUG:    chunk_allocator.hpp(init:29): sblk_pools[1] allocated 192GB on SSD, start = 0x7e8775e11000
[0msblklevel1
mempool_align=4096
mempool_size=206158430208
mempool_start=0x7e8775e11000
mempool_cur=0x7e8775e11000
mempool_end=0x7eb775e11000
mempool_free_block=(nil)

====================sort====================
The first five vertices in vid_list: 
642898546: indeg=2281503, outdeg=601314
412127324: indeg=1711424, outdeg=1171693
309381841: indeg=1286027, outdeg=1599374
988359064: indeg=962059, outdeg=1919436
870411684: indeg=870247, outdeg=40057
sort time = 129.379
====================reorder====================
threshold = 0.95
vid_list.size() = 1073741823
preprocess with source = 233665123, iteration = 1, tail = 243002866, P(reorder) = 0.226314
iteration = 1073742, tail = 404719364, P(reorder) = 0.376924
iteration = 2147483, tail = 405793105, P(reorder) = 0.377924
iteration = 3221224, tail = 406866846, P(reorder) = 0.378924
iteration = 4294965, tail = 407940587, P(reorder) = 0.379924
iteration = 5368706, tail = 409014328, P(reorder) = 0.380924
iteration = 6442447, tail = 410088069, P(reorder) = 0.381924
iteration = 7516188, tail = 411161810, P(reorder) = 0.382924
iteration = 8589929, tail = 412235551, P(reorder) = 0.383924
iteration = 9663670, tail = 413309292, P(reorder) = 0.384924
iteration = 10737411, tail = 414383033, P(reorder) = 0.385924
iteration = 11811152, tail = 415456774, P(reorder) = 0.386924
iteration = 12884893, tail = 416530515, P(reorder) = 0.387924
iteration = 13958634, tail = 417604256, P(reorder) = 0.388924
iteration = 15032375, tail = 418677997, P(reorder) = 0.389924
iteration = 16106116, tail = 419751738, P(reorder) = 0.390924
iteration = 17179857, tail = 420825479, P(reorder) = 0.391924
iteration = 18253598, tail = 421899220, P(reorder) = 0.392924
iteration = 19327339, tail = 422972961, P(reorder) = 0.393924
iteration = 20401080, tail = 424046702, P(reorder) = 0.394924
iteration = 21474821, tail = 425120443, P(reorder) = 0.395924
iteration = 22548562, tail = 426194184, P(reorder) = 0.396924
iteration = 23622303, tail = 427267925, P(reorder) = 0.397924
iteration = 24696044, tail = 428341666, P(reorder) = 0.398924
iteration = 25769785, tail = 429415407, P(reorder) = 0.399924
iteration = 26843526, tail = 430489148, P(reorder) = 0.400924
iteration = 27917267, tail = 431562889, P(reorder) = 0.401924
iteration = 28991008, tail = 432636630, P(reorder) = 0.402924
iteration = 30064749, tail = 433710371, P(reorder) = 0.403924
iteration = 31138490, tail = 434784112, P(reorder) = 0.404924
iteration = 32212231, tail = 435857853, P(reorder) = 0.405924
iteration = 33285972, tail = 436931594, P(reorder) = 0.406924
iteration = 34359713, tail = 438005335, P(reorder) = 0.407924
iteration = 35433454, tail = 439079076, P(reorder) = 0.408924
iteration = 36507195, tail = 440152817, P(reorder) = 0.409924
iteration = 37580936, tail = 441226558, P(reorder) = 0.410924
iteration = 38654677, tail = 442300299, P(reorder) = 0.411924
iteration = 39728418, tail = 443374040, P(reorder) = 0.412924
iteration = 40802159, tail = 444447781, P(reorder) = 0.413924
iteration = 41875900, tail = 445521522, P(reorder) = 0.414924
iteration = 42949641, tail = 446595263, P(reorder) = 0.415924
iteration = 44023382, tail = 447669004, P(reorder) = 0.416924
iteration = 45097123, tail = 448742745, P(reorder) = 0.417924
iteration = 46170864, tail = 449816486, P(reorder) = 0.418924
iteration = 47244605, tail = 450890227, P(reorder) = 0.419924
iteration = 48318346, tail = 451963968, P(reorder) = 0.420924
iteration = 49392087, tail = 453037709, P(reorder) = 0.421924
iteration = 50465828, tail = 454111450, P(reorder) = 0.422924
iteration = 51539569, tail = 455185191, P(reorder) = 0.423924
iteration = 52613310, tail = 456258932, P(reorder) = 0.424924
iteration = 53687051, tail = 457332673, P(reorder) = 0.425924
iteration = 54760792, tail = 458406414, P(reorder) = 0.426924
iteration = 55834533, tail = 459480155, P(reorder) = 0.427924
iteration = 56908274, tail = 460553896, P(reorder) = 0.428924
iteration = 57982015, tail = 461627637, P(reorder) = 0.429924
iteration = 59055756, tail = 462701378, P(reorder) = 0.430924
iteration = 60129497, tail = 463775119, P(reorder) = 0.431924
iteration = 61203238, tail = 464848860, P(reorder) = 0.432924
iteration = 62276979, tail = 465922601, P(reorder) = 0.433924
iteration = 63350720, tail = 466996342, P(reorder) = 0.434924
iteration = 64424461, tail = 468070083, P(reorder) = 0.435924
iteration = 65498202, tail = 469143824, P(reorder) = 0.436924
iteration = 66571943, tail = 470217565, P(reorder) = 0.437924
iteration = 67645684, tail = 471291306, P(reorder) = 0.438924
iteration = 68719425, tail = 472365047, P(reorder) = 0.439924
iteration = 69793166, tail = 473438788, P(reorder) = 0.440924
iteration = 70866907, tail = 474512529, P(reorder) = 0.441924
iteration = 71940648, tail = 475586270, P(reorder) = 0.442924
iteration = 73014389, tail = 476660011, P(reorder) = 0.443924
iteration = 74088130, tail = 477733752, P(reorder) = 0.444924
iteration = 75161871, tail = 478807493, P(reorder) = 0.445924
iteration = 76235612, tail = 479881234, P(reorder) = 0.446924
iteration = 77309353, tail = 480954975, P(reorder) = 0.447924
iteration = 78383094, tail = 482028716, P(reorder) = 0.448924
iteration = 79456835, tail = 483102457, P(reorder) = 0.449924
iteration = 80530576, tail = 484176198, P(reorder) = 0.450924
iteration = 81604317, tail = 485249939, P(reorder) = 0.451924
iteration = 82678058, tail = 486323680, P(reorder) = 0.452924
iteration = 83751799, tail = 487397421, P(reorder) = 0.453924
iteration = 84825540, tail = 488471162, P(reorder) = 0.454924
iteration = 85899281, tail = 489544903, P(reorder) = 0.455924
iteration = 86973022, tail = 490618644, P(reorder) = 0.456924
iteration = 88046763, tail = 491692385, P(reorder) = 0.457924
iteration = 89120504, tail = 492766126, P(reorder) = 0.458924
iteration = 90194245, tail = 493839867, P(reorder) = 0.459924
iteration = 91267986, tail = 494913608, P(reorder) = 0.460924
iteration = 92341727, tail = 495987349, P(reorder) = 0.461924
iteration = 93415468, tail = 497061090, P(reorder) = 0.462924
iteration = 94489209, tail = 498134831, P(reorder) = 0.463924
iteration = 95562950, tail = 499208572, P(reorder) = 0.464924
iteration = 96636691, tail = 500282313, P(reorder) = 0.465924
iteration = 97710432, tail = 501356054, P(reorder) = 0.466924
iteration = 98784173, tail = 502429795, P(reorder) = 0.467924
iteration = 99857914, tail = 503503536, P(reorder) = 0.468924
iteration = 100931655, tail = 504577277, P(reorder) = 0.469924
iteration = 102005396, tail = 505651018, P(reorder) = 0.470924
iteration = 103079137, tail = 506724759, P(reorder) = 0.471924
iteration = 104152878, tail = 507798500, P(reorder) = 0.472924
iteration = 105226619, tail = 508872241, P(reorder) = 0.473924
iteration = 106300360, tail = 509945982, P(reorder) = 0.474924
iteration = 107374101, tail = 511019723, P(reorder) = 0.475924
iteration = 108447842, tail = 512093464, P(reorder) = 0.476924
iteration = 109521583, tail = 513167205, P(reorder) = 0.477924
iteration = 110595324, tail = 514240946, P(reorder) = 0.478924
iteration = 111669065, tail = 515314687, P(reorder) = 0.479924
iteration = 112742806, tail = 516388428, P(reorder) = 0.480924
iteration = 113816547, tail = 517462169, P(reorder) = 0.481924
iteration = 114890288, tail = 518535910, P(reorder) = 0.482924
iteration = 115964029, tail = 519609651, P(reorder) = 0.483924
iteration = 117037770, tail = 520683392, P(reorder) = 0.484924
iteration = 118111511, tail = 521757133, P(reorder) = 0.485924
iteration = 119185252, tail = 522830874, P(reorder) = 0.486924
iteration = 120258993, tail = 523904615, P(reorder) = 0.487924
iteration = 121332734, tail = 524978356, P(reorder) = 0.488924
iteration = 122406475, tail = 526052097, P(reorder) = 0.489924
iteration = 123480216, tail = 527125838, P(reorder) = 0.490924
iteration = 124553957, tail = 528199579, P(reorder) = 0.491924
iteration = 125627698, tail = 529273320, P(reorder) = 0.492924
iteration = 126701439, tail = 530347061, P(reorder) = 0.493924
iteration = 127775180, tail = 531420802, P(reorder) = 0.494924
iteration = 128848921, tail = 532494543, P(reorder) = 0.495924
iteration = 129922662, tail = 533568284, P(reorder) = 0.496924
iteration = 130996403, tail = 534642025, P(reorder) = 0.497924
iteration = 132070144, tail = 535715766, P(reorder) = 0.498924
iteration = 133143885, tail = 536789507, P(reorder) = 0.499924
iteration = 134217626, tail = 537863248, P(reorder) = 0.500924
iteration = 135291367, tail = 538936989, P(reorder) = 0.501924
iteration = 136365108, tail = 540010730, P(reorder) = 0.502924
iteration = 137438849, tail = 541084471, P(reorder) = 0.503924
iteration = 138512590, tail = 542158212, P(reorder) = 0.504924
iteration = 139586331, tail = 543231953, P(reorder) = 0.505924
iteration = 140660072, tail = 544305694, P(reorder) = 0.506924
iteration = 141733813, tail = 545379435, P(reorder) = 0.507924
iteration = 142807554, tail = 546453176, P(reorder) = 0.508924
iteration = 143881295, tail = 547526917, P(reorder) = 0.509924
iteration = 144955036, tail = 548600658, P(reorder) = 0.510924
iteration = 146028777, tail = 549674399, P(reorder) = 0.511924
iteration = 147102518, tail = 550748140, P(reorder) = 0.512924
iteration = 148176259, tail = 551821881, P(reorder) = 0.513924
iteration = 149250000, tail = 552895622, P(reorder) = 0.514924
iteration = 150323741, tail = 553969363, P(reorder) = 0.515924
iteration = 151397482, tail = 555043104, P(reorder) = 0.516924
iteration = 152471223, tail = 556116845, P(reorder) = 0.517924
iteration = 153544964, tail = 557190586, P(reorder) = 0.518924
iteration = 154618705, tail = 558264327, P(reorder) = 0.519924
iteration = 155692446, tail = 559338068, P(reorder) = 0.520924
iteration = 156766187, tail = 560411809, P(reorder) = 0.521924
iteration = 157839928, tail = 561485550, P(reorder) = 0.522924
iteration = 158913669, tail = 562559291, P(reorder) = 0.523924
iteration = 159987410, tail = 563633032, P(reorder) = 0.524924
iteration = 161061151, tail = 564706773, P(reorder) = 0.525924
iteration = 162134892, tail = 565780514, P(reorder) = 0.526924
iteration = 163208633, tail = 566854255, P(reorder) = 0.527924
iteration = 164282374, tail = 567927996, P(reorder) = 0.528924
iteration = 165356115, tail = 569001737, P(reorder) = 0.529924
iteration = 166429856, tail = 570075478, P(reorder) = 0.530924
iteration = 167503597, tail = 571149219, P(reorder) = 0.531924
iteration = 168577338, tail = 572222960, P(reorder) = 0.532924
iteration = 169651079, tail = 573296701, P(reorder) = 0.533924
iteration = 170724820, tail = 574370442, P(reorder) = 0.534924
iteration = 171798561, tail = 575444183, P(reorder) = 0.535924
iteration = 172872302, tail = 576517924, P(reorder) = 0.536924
iteration = 173946043, tail = 577591665, P(reorder) = 0.537924
iteration = 175019784, tail = 578665406, P(reorder) = 0.538924
iteration = 176093525, tail = 579739147, P(reorder) = 0.539924
iteration = 177167266, tail = 580812888, P(reorder) = 0.540924
iteration = 178241007, tail = 581886629, P(reorder) = 0.541924
iteration = 179314748, tail = 582960370, P(reorder) = 0.542924
iteration = 180388489, tail = 584034111, P(reorder) = 0.543924
iteration = 181462230, tail = 585107852, P(reorder) = 0.544924
iteration = 182535971, tail = 586181593, P(reorder) = 0.545924
iteration = 183609712, tail = 587255334, P(reorder) = 0.546924
iteration = 184683453, tail = 588329075, P(reorder) = 0.547924
iteration = 185757194, tail = 589402816, P(reorder) = 0.548924
iteration = 186830935, tail = 590476557, P(reorder) = 0.549924
iteration = 187904676, tail = 591550298, P(reorder) = 0.550924
iteration = 188978417, tail = 592624039, P(reorder) = 0.551924
iteration = 190052158, tail = 593697780, P(reorder) = 0.552924
iteration = 191125899, tail = 594771521, P(reorder) = 0.553924
iteration = 192199640, tail = 595845262, P(reorder) = 0.554924
iteration = 193273381, tail = 596919003, P(reorder) = 0.555924
iteration = 194347122, tail = 597992744, P(reorder) = 0.556924
iteration = 195420863, tail = 599066485, P(reorder) = 0.557924
iteration = 196494604, tail = 600140226, P(reorder) = 0.558924
iteration = 197568345, tail = 601213967, P(reorder) = 0.559924
iteration = 198642086, tail = 602287708, P(reorder) = 0.560924
iteration = 199715827, tail = 603361449, P(reorder) = 0.561924
iteration = 200789568, tail = 604435190, P(reorder) = 0.562924
iteration = 201863309, tail = 605508931, P(reorder) = 0.563924
iteration = 202937050, tail = 606582672, P(reorder) = 0.564924
iteration = 204010791, tail = 607656413, P(reorder) = 0.565924
iteration = 205084532, tail = 608730154, P(reorder) = 0.566924
iteration = 206158273, tail = 609803895, P(reorder) = 0.567924
iteration = 207232014, tail = 610877636, P(reorder) = 0.568924
iteration = 208305755, tail = 611951377, P(reorder) = 0.569924
iteration = 209379496, tail = 613025118, P(reorder) = 0.570924
iteration = 210453237, tail = 614098859, P(reorder) = 0.571924
iteration = 211526978, tail = 615172600, P(reorder) = 0.572924
iteration = 212600719, tail = 616246341, P(reorder) = 0.573924
iteration = 213674460, tail = 617320082, P(reorder) = 0.574924
iteration = 214748201, tail = 618393823, P(reorder) = 0.575924
iteration = 215821942, tail = 619467564, P(reorder) = 0.576924
iteration = 216895683, tail = 620541305, P(reorder) = 0.577924
iteration = 217969424, tail = 621615046, P(reorder) = 0.578924
iteration = 219043165, tail = 622688787, P(reorder) = 0.579924
iteration = 220116906, tail = 623762528, P(reorder) = 0.580924
iteration = 221190647, tail = 624836269, P(reorder) = 0.581924
iteration = 222264388, tail = 625910010, P(reorder) = 0.582924
iteration = 223338129, tail = 626983751, P(reorder) = 0.583924
iteration = 224411870, tail = 628057492, P(reorder) = 0.584924
iteration = 225485611, tail = 629131233, P(reorder) = 0.585924
iteration = 226559352, tail = 630204974, P(reorder) = 0.586924
iteration = 227633093, tail = 631278715, P(reorder) = 0.587924
iteration = 228706834, tail = 632352456, P(reorder) = 0.588924
iteration = 229780575, tail = 633426197, P(reorder) = 0.589924
iteration = 230854316, tail = 634499938, P(reorder) = 0.590924
iteration = 231928057, tail = 635573679, P(reorder) = 0.591924
iteration = 233001798, tail = 636647420, P(reorder) = 0.592924
iteration = 234075539, tail = 637721161, P(reorder) = 0.593924
iteration = 235149280, tail = 638794902, P(reorder) = 0.594924
iteration = 236223021, tail = 639868643, P(reorder) = 0.595924
iteration = 237296762, tail = 640942384, P(reorder) = 0.596924
iteration = 238370503, tail = 642016125, P(reorder) = 0.597924
iteration = 239444244, tail = 643089866, P(reorder) = 0.598924
iteration = 240517985, tail = 644163607, P(reorder) = 0.599924
iteration = 241591726, tail = 645237348, P(reorder) = 0.600924
iteration = 242665467, tail = 646311089, P(reorder) = 0.601924
iteration = 243739208, tail = 647384830, P(reorder) = 0.602924
iteration = 244812949, tail = 648458571, P(reorder) = 0.603924
iteration = 245886690, tail = 649532312, P(reorder) = 0.604924
iteration = 246960431, tail = 650606053, P(reorder) = 0.605924
iteration = 248034172, tail = 651679794, P(reorder) = 0.606924
iteration = 249107913, tail = 652753535, P(reorder) = 0.607924
iteration = 250181654, tail = 653827276, P(reorder) = 0.608924
iteration = 251255395, tail = 654901017, P(reorder) = 0.609924
iteration = 252329136, tail = 655974758, P(reorder) = 0.610924
iteration = 253402877, tail = 657048499, P(reorder) = 0.611924
iteration = 254476618, tail = 658122240, P(reorder) = 0.612924
iteration = 255550359, tail = 659195981, P(reorder) = 0.613924
iteration = 256624100, tail = 660269722, P(reorder) = 0.614924
iteration = 257697841, tail = 661343463, P(reorder) = 0.615924
iteration = 258771582, tail = 662417204, P(reorder) = 0.616924
iteration = 259845323, tail = 663490945, P(reorder) = 0.617924
iteration = 260919064, tail = 664564686, P(reorder) = 0.618924
iteration = 261992805, tail = 665638427, P(reorder) = 0.619924
iteration = 263066546, tail = 666712168, P(reorder) = 0.620924
iteration = 264140287, tail = 667785909, P(reorder) = 0.621924
iteration = 265214028, tail = 668859650, P(reorder) = 0.622924
iteration = 266287769, tail = 669933391, P(reorder) = 0.623924
iteration = 267361510, tail = 671007132, P(reorder) = 0.624924
iteration = 268435251, tail = 672080873, P(reorder) = 0.625924
iteration = 269508992, tail = 673154614, P(reorder) = 0.626924
iteration = 270582733, tail = 674228355, P(reorder) = 0.627924
iteration = 271656474, tail = 675302096, P(reorder) = 0.628924
iteration = 272730215, tail = 676375837, P(reorder) = 0.629924
iteration = 273803956, tail = 677449578, P(reorder) = 0.630924
iteration = 274877697, tail = 678523319, P(reorder) = 0.631924
iteration = 275951438, tail = 679597060, P(reorder) = 0.632924
iteration = 277025179, tail = 680670801, P(reorder) = 0.633924
iteration = 278098920, tail = 681744542, P(reorder) = 0.634924
iteration = 279172661, tail = 682818283, P(reorder) = 0.635924
iteration = 280246402, tail = 683892024, P(reorder) = 0.636924
iteration = 281320143, tail = 684965765, P(reorder) = 0.637924
iteration = 282393884, tail = 686039506, P(reorder) = 0.638924
iteration = 283467625, tail = 687113247, P(reorder) = 0.639924
iteration = 284541366, tail = 688186988, P(reorder) = 0.640924
iteration = 285615107, tail = 689260729, P(reorder) = 0.641924
iteration = 286688848, tail = 690334470, P(reorder) = 0.642924
iteration = 287762589, tail = 691408211, P(reorder) = 0.643924
iteration = 288836330, tail = 692481952, P(reorder) = 0.644924
iteration = 289910071, tail = 693555693, P(reorder) = 0.645924
iteration = 290983812, tail = 694629434, P(reorder) = 0.646924
iteration = 292057553, tail = 695703175, P(reorder) = 0.647924
iteration = 293131294, tail = 696776916, P(reorder) = 0.648924
iteration = 294205035, tail = 697850657, P(reorder) = 0.649924
iteration = 295278776, tail = 698924398, P(reorder) = 0.650924
iteration = 296352517, tail = 699998139, P(reorder) = 0.651924
iteration = 297426258, tail = 701071880, P(reorder) = 0.652924
iteration = 298499999, tail = 702145621, P(reorder) = 0.653924
iteration = 299573740, tail = 703219362, P(reorder) = 0.654924
iteration = 300647481, tail = 704293103, P(reorder) = 0.655924
iteration = 301721222, tail = 705366844, P(reorder) = 0.656924
iteration = 302794963, tail = 706440585, P(reorder) = 0.657924
iteration = 303868704, tail = 707514326, P(reorder) = 0.658924
iteration = 304942445, tail = 708588067, P(reorder) = 0.659924
iteration = 306016186, tail = 709661808, P(reorder) = 0.660924
iteration = 307089927, tail = 710735549, P(reorder) = 0.661924
iteration = 308163668, tail = 711809290, P(reorder) = 0.662924
iteration = 309237409, tail = 712883031, P(reorder) = 0.663924
iteration = 310311150, tail = 713956772, P(reorder) = 0.664924
iteration = 311384891, tail = 715030513, P(reorder) = 0.665924
iteration = 312458632, tail = 716104254, P(reorder) = 0.666924
iteration = 313532373, tail = 717177995, P(reorder) = 0.667924
iteration = 314606114, tail = 718251736, P(reorder) = 0.668924
iteration = 315679855, tail = 719325477, P(reorder) = 0.669924
iteration = 316753596, tail = 720399218, P(reorder) = 0.670924
iteration = 317827337, tail = 721472959, P(reorder) = 0.671924
iteration = 318901078, tail = 722546700, P(reorder) = 0.672924
iteration = 319974819, tail = 723620441, P(reorder) = 0.673924
iteration = 321048560, tail = 724694182, P(reorder) = 0.674924
iteration = 322122301, tail = 725767923, P(reorder) = 0.675924
iteration = 323196042, tail = 726841664, P(reorder) = 0.676924
iteration = 324269783, tail = 727915405, P(reorder) = 0.677924
iteration = 325343524, tail = 728989146, P(reorder) = 0.678924
iteration = 326417265, tail = 730062887, P(reorder) = 0.679924
iteration = 327491006, tail = 731136628, P(reorder) = 0.680924
iteration = 328564747, tail = 732210369, P(reorder) = 0.681924
iteration = 329638488, tail = 733284110, P(reorder) = 0.682924
iteration = 330712229, tail = 734357851, P(reorder) = 0.683924
iteration = 331785970, tail = 735431592, P(reorder) = 0.684924
iteration = 332859711, tail = 736505333, P(reorder) = 0.685924
iteration = 333933452, tail = 737579074, P(reorder) = 0.686924
iteration = 335007193, tail = 738652815, P(reorder) = 0.687924
iteration = 336080934, tail = 739726556, P(reorder) = 0.688924
iteration = 337154675, tail = 740800297, P(reorder) = 0.689924
iteration = 338228416, tail = 741874038, P(reorder) = 0.690924
iteration = 339302157, tail = 742947779, P(reorder) = 0.691924
iteration = 340375898, tail = 744021520, P(reorder) = 0.692924
iteration = 341449639, tail = 745095261, P(reorder) = 0.693924
iteration = 342523380, tail = 746169002, P(reorder) = 0.694924
iteration = 343597121, tail = 747242743, P(reorder) = 0.695924
iteration = 344670862, tail = 748316484, P(reorder) = 0.696924
iteration = 345744603, tail = 749390225, P(reorder) = 0.697924
iteration = 346818344, tail = 750463966, P(reorder) = 0.698924
iteration = 347892085, tail = 751537707, P(reorder) = 0.699924
iteration = 348965826, tail = 752611448, P(reorder) = 0.700924
iteration = 350039567, tail = 753685189, P(reorder) = 0.701924
iteration = 351113308, tail = 754758930, P(reorder) = 0.702924
iteration = 352187049, tail = 755832671, P(reorder) = 0.703924
iteration = 353260790, tail = 756906412, P(reorder) = 0.704924
iteration = 354334531, tail = 757980153, P(reorder) = 0.705924
iteration = 355408272, tail = 759053894, P(reorder) = 0.706924
iteration = 356482013, tail = 760127635, P(reorder) = 0.707924
iteration = 357555754, tail = 761201376, P(reorder) = 0.708924
iteration = 358629495, tail = 762275117, P(reorder) = 0.709924
iteration = 359703236, tail = 763348858, P(reorder) = 0.710924
iteration = 360776977, tail = 764422599, P(reorder) = 0.711924
iteration = 361850718, tail = 765496340, P(reorder) = 0.712924
iteration = 362924459, tail = 766570081, P(reorder) = 0.713924
iteration = 363998200, tail = 767643822, P(reorder) = 0.714924
iteration = 365071941, tail = 768717563, P(reorder) = 0.715924
iteration = 366145682, tail = 769791304, P(reorder) = 0.716924
iteration = 367219423, tail = 770865045, P(reorder) = 0.717924
iteration = 368293164, tail = 771938786, P(reorder) = 0.718924
iteration = 369366905, tail = 773012527, P(reorder) = 0.719924
iteration = 370440646, tail = 774086268, P(reorder) = 0.720924
iteration = 371514387, tail = 775160009, P(reorder) = 0.721924
iteration = 372588128, tail = 776233750, P(reorder) = 0.722924
iteration = 373661869, tail = 777307491, P(reorder) = 0.723924
iteration = 374735610, tail = 778381232, P(reorder) = 0.724924
iteration = 375809351, tail = 779454973, P(reorder) = 0.725924
iteration = 376883092, tail = 780528714, P(reorder) = 0.726924
iteration = 377956833, tail = 781602455, P(reorder) = 0.727924
iteration = 379030574, tail = 782676196, P(reorder) = 0.728924
iteration = 380104315, tail = 783749937, P(reorder) = 0.729924
iteration = 381178056, tail = 784823678, P(reorder) = 0.730924
iteration = 382251797, tail = 785897419, P(reorder) = 0.731924
iteration = 383325538, tail = 786971160, P(reorder) = 0.732924
iteration = 384399279, tail = 788044901, P(reorder) = 0.733924
iteration = 385473020, tail = 789118642, P(reorder) = 0.734924
iteration = 386546761, tail = 790192383, P(reorder) = 0.735924
iteration = 387620502, tail = 791266124, P(reorder) = 0.736924
iteration = 388694243, tail = 792339865, P(reorder) = 0.737924
iteration = 389767984, tail = 793413606, P(reorder) = 0.738924
iteration = 390841725, tail = 794487347, P(reorder) = 0.739924
iteration = 391915466, tail = 795561088, P(reorder) = 0.740924
iteration = 392989207, tail = 796634829, P(reorder) = 0.741924
iteration = 394062948, tail = 797708570, P(reorder) = 0.742924
iteration = 395136689, tail = 798782311, P(reorder) = 0.743924
iteration = 396210430, tail = 799856052, P(reorder) = 0.744924
iteration = 397284171, tail = 800929793, P(reorder) = 0.745924
iteration = 398357912, tail = 802003534, P(reorder) = 0.746924
iteration = 399431653, tail = 803077275, P(reorder) = 0.747924
iteration = 400505394, tail = 804151016, P(reorder) = 0.748924
iteration = 401579135, tail = 805224757, P(reorder) = 0.749924
iteration = 402652876, tail = 806298498, P(reorder) = 0.750924
iteration = 403726617, tail = 807372239, P(reorder) = 0.751924
iteration = 404800358, tail = 808445980, P(reorder) = 0.752924
iteration = 405874099, tail = 809519721, P(reorder) = 0.753924
iteration = 406947840, tail = 810593462, P(reorder) = 0.754924
iteration = 408021581, tail = 811667203, P(reorder) = 0.755924
iteration = 409095322, tail = 812740944, P(reorder) = 0.756924
iteration = 410169063, tail = 813814685, P(reorder) = 0.757924
iteration = 411242804, tail = 814888426, P(reorder) = 0.758924
iteration = 412316545, tail = 815962167, P(reorder) = 0.759924
iteration = 413390286, tail = 817035908, P(reorder) = 0.760924
iteration = 414464027, tail = 818109649, P(reorder) = 0.761924
iteration = 415537768, tail = 819183390, P(reorder) = 0.762924
iteration = 416611509, tail = 820257131, P(reorder) = 0.763924
iteration = 417685250, tail = 821330872, P(reorder) = 0.764924
iteration = 418758991, tail = 822404613, P(reorder) = 0.765924
iteration = 419832732, tail = 823478354, P(reorder) = 0.766924
iteration = 420906473, tail = 824552095, P(reorder) = 0.767924
iteration = 421980214, tail = 825625836, P(reorder) = 0.768924
iteration = 423053955, tail = 826699577, P(reorder) = 0.769924
iteration = 424127696, tail = 827773318, P(reorder) = 0.770924
iteration = 425201437, tail = 828847059, P(reorder) = 0.771924
iteration = 426275178, tail = 829920800, P(reorder) = 0.772924
iteration = 427348919, tail = 830994541, P(reorder) = 0.773924
iteration = 428422660, tail = 832068282, P(reorder) = 0.774924
iteration = 429496401, tail = 833142023, P(reorder) = 0.775924
iteration = 430570142, tail = 834215764, P(reorder) = 0.776924
iteration = 431643883, tail = 835289505, P(reorder) = 0.777924
iteration = 432717624, tail = 836363246, P(reorder) = 0.778924
iteration = 433791365, tail = 837436987, P(reorder) = 0.779924
iteration = 434865106, tail = 838510728, P(reorder) = 0.780924
iteration = 435938847, tail = 839584469, P(reorder) = 0.781924
iteration = 437012588, tail = 840658210, P(reorder) = 0.782924
iteration = 438086329, tail = 841731951, P(reorder) = 0.783924
iteration = 439160070, tail = 842805692, P(reorder) = 0.784924
iteration = 440233811, tail = 843879433, P(reorder) = 0.785924
iteration = 441307552, tail = 844953174, P(reorder) = 0.786924
iteration = 442381293, tail = 846026915, P(reorder) = 0.787924
iteration = 443455034, tail = 847100656, P(reorder) = 0.788924
iteration = 444528775, tail = 848174397, P(reorder) = 0.789924
iteration = 445602516, tail = 849248138, P(reorder) = 0.790924
iteration = 446676257, tail = 850321879, P(reorder) = 0.791924
iteration = 447749998, tail = 851395620, P(reorder) = 0.792924
iteration = 448823739, tail = 852469361, P(reorder) = 0.793924
iteration = 449897480, tail = 853543102, P(reorder) = 0.794924
iteration = 450971221, tail = 854616843, P(reorder) = 0.795924
iteration = 452044962, tail = 855690584, P(reorder) = 0.796924
iteration = 453118703, tail = 856764325, P(reorder) = 0.797924
iteration = 454192444, tail = 857838066, P(reorder) = 0.798924
iteration = 455266185, tail = 858911807, P(reorder) = 0.799924
iteration = 456339926, tail = 859985548, P(reorder) = 0.800924
iteration = 457413667, tail = 861059289, P(reorder) = 0.801924
iteration = 458487408, tail = 862133030, P(reorder) = 0.802924
iteration = 459561149, tail = 863206771, P(reorder) = 0.803924
iteration = 460634890, tail = 864280512, P(reorder) = 0.804924
iteration = 461708631, tail = 865354253, P(reorder) = 0.805924
iteration = 462782372, tail = 866427994, P(reorder) = 0.806924
iteration = 463856113, tail = 867501735, P(reorder) = 0.807924
iteration = 464929854, tail = 868575476, P(reorder) = 0.808924
iteration = 466003595, tail = 869649217, P(reorder) = 0.809924
iteration = 467077336, tail = 870722958, P(reorder) = 0.810924
iteration = 468151077, tail = 871796699, P(reorder) = 0.811924
iteration = 469224818, tail = 872870440, P(reorder) = 0.812924
iteration = 470298559, tail = 873944181, P(reorder) = 0.813924
iteration = 471372300, tail = 875017922, P(reorder) = 0.814924
iteration = 472446041, tail = 876091663, P(reorder) = 0.815924
iteration = 473519782, tail = 877165404, P(reorder) = 0.816924
iteration = 474593523, tail = 878239145, P(reorder) = 0.817924
iteration = 475667264, tail = 879312886, P(reorder) = 0.818924
iteration = 476741005, tail = 880386627, P(reorder) = 0.819924
iteration = 477814746, tail = 881460368, P(reorder) = 0.820924
iteration = 478888487, tail = 882534109, P(reorder) = 0.821924
iteration = 479962228, tail = 883607850, P(reorder) = 0.822924
iteration = 481035969, tail = 884681591, P(reorder) = 0.823924
iteration = 482109710, tail = 885755332, P(reorder) = 0.824924
iteration = 483183451, tail = 886829073, P(reorder) = 0.825924
iteration = 484257192, tail = 887902814, P(reorder) = 0.826924
iteration = 485330933, tail = 888976555, P(reorder) = 0.827924
iteration = 486404674, tail = 890050296, P(reorder) = 0.828924
iteration = 487478415, tail = 891124037, P(reorder) = 0.829924
iteration = 488552156, tail = 892197778, P(reorder) = 0.830924
iteration = 489625897, tail = 893271519, P(reorder) = 0.831924
iteration = 490699638, tail = 894345260, P(reorder) = 0.832924
iteration = 491773379, tail = 895419001, P(reorder) = 0.833924
iteration = 492847120, tail = 896492742, P(reorder) = 0.834924
iteration = 493920861, tail = 897566483, P(reorder) = 0.835924
iteration = 494994602, tail = 898640224, P(reorder) = 0.836924
iteration = 496068343, tail = 899713965, P(reorder) = 0.837924
iteration = 497142084, tail = 900787706, P(reorder) = 0.838924
iteration = 498215825, tail = 901861447, P(reorder) = 0.839924
iteration = 499289566, tail = 902935188, P(reorder) = 0.840924
iteration = 500363307, tail = 904008929, P(reorder) = 0.841924
iteration = 501437048, tail = 905082670, P(reorder) = 0.842924
iteration = 502510789, tail = 906156411, P(reorder) = 0.843924
iteration = 503584530, tail = 907230152, P(reorder) = 0.844924
iteration = 504658271, tail = 908303893, P(reorder) = 0.845924
iteration = 505732012, tail = 909377634, P(reorder) = 0.846924
iteration = 506805753, tail = 910451375, P(reorder) = 0.847924
iteration = 507879494, tail = 911525116, P(reorder) = 0.848924
iteration = 508953235, tail = 912598857, P(reorder) = 0.849924
iteration = 510026976, tail = 913672598, P(reorder) = 0.850924
iteration = 511100717, tail = 914746339, P(reorder) = 0.851924
iteration = 512174458, tail = 915820080, P(reorder) = 0.852924
iteration = 513248199, tail = 916893821, P(reorder) = 0.853924
iteration = 514321940, tail = 917967562, P(reorder) = 0.854924
iteration = 515395681, tail = 919041303, P(reorder) = 0.855924
iteration = 516469422, tail = 920115044, P(reorder) = 0.856924
iteration = 517543163, tail = 921188785, P(reorder) = 0.857924
iteration = 518616904, tail = 922262526, P(reorder) = 0.858924
iteration = 519690645, tail = 923336267, P(reorder) = 0.859924
iteration = 520764386, tail = 924410008, P(reorder) = 0.860924
iteration = 521838127, tail = 925483749, P(reorder) = 0.861924
iteration = 522911868, tail = 926557490, P(reorder) = 0.862924
iteration = 523985609, tail = 927631231, P(reorder) = 0.863924
iteration = 525059350, tail = 928704972, P(reorder) = 0.864924
iteration = 526133091, tail = 929778713, P(reorder) = 0.865924
iteration = 527206832, tail = 930852454, P(reorder) = 0.866924
iteration = 528280573, tail = 931926195, P(reorder) = 0.867924
iteration = 529354314, tail = 932999936, P(reorder) = 0.868924
iteration = 530428055, tail = 934073677, P(reorder) = 0.869924
iteration = 531501796, tail = 935147418, P(reorder) = 0.870924
iteration = 532575537, tail = 936221159, P(reorder) = 0.871924
iteration = 533649278, tail = 937294900, P(reorder) = 0.872924
iteration = 534723019, tail = 938368641, P(reorder) = 0.873924
iteration = 535796760, tail = 939442382, P(reorder) = 0.874924
iteration = 536870501, tail = 940516123, P(reorder) = 0.875924
iteration = 537944242, tail = 941589864, P(reorder) = 0.876924
iteration = 539017983, tail = 942663605, P(reorder) = 0.877924
iteration = 540091724, tail = 943737346, P(reorder) = 0.878924
iteration = 541165465, tail = 944811087, P(reorder) = 0.879924
iteration = 542239206, tail = 945884828, P(reorder) = 0.880924
iteration = 543312947, tail = 946958569, P(reorder) = 0.881924
iteration = 544386688, tail = 948032310, P(reorder) = 0.882924
iteration = 545460429, tail = 949106051, P(reorder) = 0.883924
iteration = 546534170, tail = 950179792, P(reorder) = 0.884924
iteration = 547607911, tail = 951253533, P(reorder) = 0.885924
iteration = 548681652, tail = 952327274, P(reorder) = 0.886924
iteration = 549755393, tail = 953401015, P(reorder) = 0.887924
iteration = 550829134, tail = 954474756, P(reorder) = 0.888924
iteration = 551902875, tail = 955548497, P(reorder) = 0.889924
iteration = 552976616, tail = 956622238, P(reorder) = 0.890924
iteration = 554050357, tail = 957695979, P(reorder) = 0.891924
iteration = 555124098, tail = 958769720, P(reorder) = 0.892924
iteration = 556197839, tail = 959843461, P(reorder) = 0.893924
iteration = 557271580, tail = 960917202, P(reorder) = 0.894924
iteration = 558345321, tail = 961990943, P(reorder) = 0.895924
iteration = 559419062, tail = 963064684, P(reorder) = 0.896924
iteration = 560492803, tail = 964138425, P(reorder) = 0.897924
iteration = 561566544, tail = 965212166, P(reorder) = 0.898924
iteration = 562640285, tail = 966285907, P(reorder) = 0.899924
iteration = 563714026, tail = 967359648, P(reorder) = 0.900924
iteration = 564787767, tail = 968433389, P(reorder) = 0.901924
iteration = 565861508, tail = 969507130, P(reorder) = 0.902924
iteration = 566935249, tail = 970580871, P(reorder) = 0.903924
iteration = 568008990, tail = 971654612, P(reorder) = 0.904924
iteration = 569082731, tail = 972728353, P(reorder) = 0.905924
iteration = 570156472, tail = 973802094, P(reorder) = 0.906924
iteration = 571230213, tail = 974875835, P(reorder) = 0.907924
iteration = 572303954, tail = 975949576, P(reorder) = 0.908924
iteration = 573377695, tail = 977023317, P(reorder) = 0.909924
iteration = 574451436, tail = 978097058, P(reorder) = 0.910924
iteration = 575525177, tail = 979170799, P(reorder) = 0.911924
iteration = 576598918, tail = 980244540, P(reorder) = 0.912924
iteration = 577672659, tail = 981318281, P(reorder) = 0.913924
iteration = 578746400, tail = 982392022, P(reorder) = 0.914924
iteration = 579820141, tail = 983465763, P(reorder) = 0.915924
iteration = 580893882, tail = 984539504, P(reorder) = 0.916924
iteration = 581967623, tail = 985613245, P(reorder) = 0.917924
iteration = 583041364, tail = 986686986, P(reorder) = 0.918924
iteration = 584115105, tail = 987760727, P(reorder) = 0.919924
iteration = 585188846, tail = 988834468, P(reorder) = 0.920924
iteration = 586262587, tail = 989908209, P(reorder) = 0.921924
iteration = 587336328, tail = 990981950, P(reorder) = 0.922924
iteration = 588410069, tail = 992055691, P(reorder) = 0.923924
iteration = 589483810, tail = 993129432, P(reorder) = 0.924924
iteration = 590557551, tail = 994203173, P(reorder) = 0.925924
iteration = 591631292, tail = 995276914, P(reorder) = 0.926924
iteration = 592705033, tail = 996350655, P(reorder) = 0.927924
iteration = 593778774, tail = 997424396, P(reorder) = 0.928924
iteration = 594852515, tail = 998498137, P(reorder) = 0.929924
iteration = 595926256, tail = 999571878, P(reorder) = 0.930924
iteration = 596999997, tail = 1000645619, P(reorder) = 0.931924
iteration = 598073738, tail = 1001719360, P(reorder) = 0.932924
iteration = 599147479, tail = 1002793101, P(reorder) = 0.933924
iteration = 600221220, tail = 1003866842, P(reorder) = 0.934924
iteration = 601294961, tail = 1004940583, P(reorder) = 0.935924
iteration = 602368702, tail = 1006014324, P(reorder) = 0.936924
iteration = 603442443, tail = 1007088065, P(reorder) = 0.937924
iteration = 604516184, tail = 1008161806, P(reorder) = 0.938924
iteration = 605589925, tail = 1009235547, P(reorder) = 0.939924
iteration = 606663666, tail = 1010309288, P(reorder) = 0.940924
iteration = 607737407, tail = 1011383029, P(reorder) = 0.941924
iteration = 608811148, tail = 1012456770, P(reorder) = 0.942924
iteration = 609884889, tail = 1013530511, P(reorder) = 0.943924
iteration = 610958630, tail = 1014604252, P(reorder) = 0.944924
iteration = 612032371, tail = 1015677993, P(reorder) = 0.945924
iteration = 613106112, tail = 1016751734, P(reorder) = 0.946924
iteration = 614179853, tail = 1017825475, P(reorder) = 0.947924
iteration = 615253594, tail = 1018899216, P(reorder) = 0.948924
iteration = 616327335, tail = 1019972957, P(reorder) = 0.949924
616409110 iterations
Total number of reordered vertices: 1020054732
reorder time = 717.41
====================convert====================
max_chunkID = 7177653
max_offset = 40(GB)
The number of non-zero degree vertices: 261008353
total_num_reorder = 1073741823
233665123 106775574 1045428003 406684031 102298195 
convert time = 891.006
====================end====================
[1;33mDEBUG:    chunk_allocator.hpp(init:29): sblk_pools[0] allocated 192GB on SSD, start = 0x7e5375e1f000
[0m[1;33msblklevel0
mempool_align=4096
mempool_size=206158430208
mempool_start=0x7e5375e1f000
mempool_cur=0x7e5375e1f000
mempool_end=0x7e8375e1f000
mempool_free_block=(nil)

DEBUG:    chunk_allocator.hpp(init:29): sblk_pools[1] allocated 192GB on SSD, start = 0x7e2375e1f000
[0msblklevel1
mempool_align=4096
mempool_size=206158430208
mempool_start=0x7e2375e1f000
mempool_cur=0x7e2375e1f000
mempool_end=0x7e5375e1f000
mempool_free_block=(nil)

====================sort====================
The first five vertices in vid_list: 
231765318: indeg=9128653, outdeg=791
63774197: indeg=2884291, outdeg=635
772721230: indeg=2883463, outdeg=1755
937466766: indeg=2883379, outdeg=782
777195031: indeg=2883209, outdeg=1048
sort time = 90.5007
====================reorder====================
threshold = 0.95
vid_list.size() = 1073741823
preprocess with source = 233665123, iteration = 1, tail = 25123653, P(reorder) = 0.0233982
iteration = 1073742, tail = 252032110, P(reorder) = 0.234723
iteration = 2147483, tail = 253293671, P(reorder) = 0.235898
iteration = 3221224, tail = 254528408, P(reorder) = 0.237048
iteration = 4294965, tail = 255735288, P(reorder) = 0.238172
iteration = 5368706, tail = 256918157, P(reorder) = 0.239274
iteration = 6442447, tail = 258072237, P(reorder) = 0.240349
iteration = 7516188, tail = 259201795, P(reorder) = 0.2414
iteration = 8589929, tail = 260305009, P(reorder) = 0.242428
iteration = 9663670, tail = 261384139, P(reorder) = 0.243433
iteration = 10737411, tail = 262457880, P(reorder) = 0.244433
iteration = 11811152, tail = 263531621, P(reorder) = 0.245433
iteration = 12884893, tail = 264605362, P(reorder) = 0.246433
iteration = 13958634, tail = 265679103, P(reorder) = 0.247433
iteration = 15032375, tail = 266752844, P(reorder) = 0.248433
iteration = 16106116, tail = 267826585, P(reorder) = 0.249433
iteration = 17179857, tail = 268900326, P(reorder) = 0.250433
iteration = 18253598, tail = 269974067, P(reorder) = 0.251433
iteration = 19327339, tail = 271047808, P(reorder) = 0.252433
iteration = 20401080, tail = 272121549, P(reorder) = 0.253433
iteration = 21474821, tail = 273195290, P(reorder) = 0.254433
iteration = 22548562, tail = 274269031, P(reorder) = 0.255433
iteration = 23622303, tail = 275342772, P(reorder) = 0.256433
iteration = 24696044, tail = 276416513, P(reorder) = 0.257433
iteration = 25769785, tail = 277490254, P(reorder) = 0.258433
iteration = 26843526, tail = 278563995, P(reorder) = 0.259433
iteration = 27917267, tail = 279637736, P(reorder) = 0.260433
iteration = 28991008, tail = 280711477, P(reorder) = 0.261433
iteration = 30064749, tail = 281785218, P(reorder) = 0.262433
iteration = 31138490, tail = 282858959, P(reorder) = 0.263433
iteration = 32212231, tail = 283932700, P(reorder) = 0.264433
iteration = 33285972, tail = 285006441, P(reorder) = 0.265433
iteration = 34359713, tail = 286080182, P(reorder) = 0.266433
iteration = 35433454, tail = 287153923, P(reorder) = 0.267433
iteration = 36507195, tail = 288227664, P(reorder) = 0.268433
iteration = 37580936, tail = 289301405, P(reorder) = 0.269433
iteration = 38654677, tail = 290375146, P(reorder) = 0.270433
iteration = 39728418, tail = 291448887, P(reorder) = 0.271433
iteration = 40802159, tail = 292522628, P(reorder) = 0.272433
iteration = 41875900, tail = 293596369, P(reorder) = 0.273433
iteration = 42949641, tail = 294670110, P(reorder) = 0.274433
iteration = 44023382, tail = 295743851, P(reorder) = 0.275433
iteration = 45097123, tail = 296817592, P(reorder) = 0.276433
iteration = 46170864, tail = 297891333, P(reorder) = 0.277433
iteration = 47244605, tail = 298965074, P(reorder) = 0.278433
iteration = 48318346, tail = 300038815, P(reorder) = 0.279433
iteration = 49392087, tail = 301112556, P(reorder) = 0.280433
iteration = 50465828, tail = 302186297, P(reorder) = 0.281433
iteration = 51539569, tail = 303260038, P(reorder) = 0.282433
iteration = 52613310, tail = 304333779, P(reorder) = 0.283433
iteration = 53687051, tail = 305407520, P(reorder) = 0.284433
iteration = 54760792, tail = 306481261, P(reorder) = 0.285433
iteration = 55834533, tail = 307555002, P(reorder) = 0.286433
iteration = 56908274, tail = 308628743, P(reorder) = 0.287433
iteration = 57982015, tail = 309702484, P(reorder) = 0.288433
iteration = 59055756, tail = 310776225, P(reorder) = 0.289433
iteration = 60129497, tail = 311849966, P(reorder) = 0.290433
iteration = 61203238, tail = 312923707, P(reorder) = 0.291433
iteration = 62276979, tail = 313997448, P(reorder) = 0.292433
iteration = 63350720, tail = 315071189, P(reorder) = 0.293433
iteration = 64424461, tail = 316144930, P(reorder) = 0.294433
iteration = 65498202, tail = 317218671, P(reorder) = 0.295433
iteration = 66571943, tail = 318292412, P(reorder) = 0.296433
iteration = 67645684, tail = 319366153, P(reorder) = 0.297433
iteration = 68719425, tail = 320439894, P(reorder) = 0.298433
iteration = 69793166, tail = 321513635, P(reorder) = 0.299433
iteration = 70866907, tail = 322587376, P(reorder) = 0.300433
iteration = 71940648, tail = 323661117, P(reorder) = 0.301433
iteration = 73014389, tail = 324734858, P(reorder) = 0.302433
iteration = 74088130, tail = 325808599, P(reorder) = 0.303433
iteration = 75161871, tail = 326882340, P(reorder) = 0.304433
iteration = 76235612, tail = 327956081, P(reorder) = 0.305433
iteration = 77309353, tail = 329029822, P(reorder) = 0.306433
iteration = 78383094, tail = 330103563, P(reorder) = 0.307433
iteration = 79456835, tail = 331177304, P(reorder) = 0.308433
iteration = 80530576, tail = 332251045, P(reorder) = 0.309433
iteration = 81604317, tail = 333324786, P(reorder) = 0.310433
iteration = 82678058, tail = 334398527, P(reorder) = 0.311433
iteration = 83751799, tail = 335472268, P(reorder) = 0.312433
iteration = 84825540, tail = 336546009, P(reorder) = 0.313433
iteration = 85899281, tail = 337619750, P(reorder) = 0.314433
iteration = 86973022, tail = 338693491, P(reorder) = 0.315433
iteration = 88046763, tail = 339767232, P(reorder) = 0.316433
iteration = 89120504, tail = 340840973, P(reorder) = 0.317433
iteration = 90194245, tail = 341914714, P(reorder) = 0.318433
iteration = 91267986, tail = 342988455, P(reorder) = 0.319433
iteration = 92341727, tail = 344062196, P(reorder) = 0.320433
iteration = 93415468, tail = 345135937, P(reorder) = 0.321433
iteration = 94489209, tail = 346209678, P(reorder) = 0.322433
iteration = 95562950, tail = 347283419, P(reorder) = 0.323433
iteration = 96636691, tail = 348357160, P(reorder) = 0.324433
iteration = 97710432, tail = 349430901, P(reorder) = 0.325433
iteration = 98784173, tail = 350504642, P(reorder) = 0.326433
iteration = 99857914, tail = 351578383, P(reorder) = 0.327433
iteration = 100931655, tail = 352652124, P(reorder) = 0.328433
iteration = 102005396, tail = 353725865, P(reorder) = 0.329433
iteration = 103079137, tail = 354799606, P(reorder) = 0.330433
iteration = 104152878, tail = 355873347, P(reorder) = 0.331433
iteration = 105226619, tail = 356947088, P(reorder) = 0.332433
iteration = 106300360, tail = 358020829, P(reorder) = 0.333433
iteration = 107374101, tail = 359094570, P(reorder) = 0.334433
iteration = 108447842, tail = 360168311, P(reorder) = 0.335433
iteration = 109521583, tail = 361242052, P(reorder) = 0.336433
iteration = 110595324, tail = 362315793, P(reorder) = 0.337433
iteration = 111669065, tail = 363389534, P(reorder) = 0.338433
iteration = 112742806, tail = 364463275, P(reorder) = 0.339433
iteration = 113816547, tail = 365537016, P(reorder) = 0.340433
iteration = 114890288, tail = 366610757, P(reorder) = 0.341433
iteration = 115964029, tail = 367684498, P(reorder) = 0.342433
iteration = 117037770, tail = 368758239, P(reorder) = 0.343433
iteration = 118111511, tail = 369831980, P(reorder) = 0.344433
iteration = 119185252, tail = 370905721, P(reorder) = 0.345433
iteration = 120258993, tail = 371979462, P(reorder) = 0.346433
iteration = 121332734, tail = 373053203, P(reorder) = 0.347433
iteration = 122406475, tail = 374126944, P(reorder) = 0.348433
iteration = 123480216, tail = 375200685, P(reorder) = 0.349433
iteration = 124553957, tail = 376274426, P(reorder) = 0.350433
iteration = 125627698, tail = 377348167, P(reorder) = 0.351433
iteration = 126701439, tail = 378421908, P(reorder) = 0.352433
iteration = 127775180, tail = 379495649, P(reorder) = 0.353433
iteration = 128848921, tail = 380569390, P(reorder) = 0.354433
iteration = 129922662, tail = 381643131, P(reorder) = 0.355433
iteration = 130996403, tail = 382716872, P(reorder) = 0.356433
iteration = 132070144, tail = 383790613, P(reorder) = 0.357433
iteration = 133143885, tail = 384864354, P(reorder) = 0.358433
iteration = 134217626, tail = 385938095, P(reorder) = 0.359433
iteration = 135291367, tail = 387011836, P(reorder) = 0.360433
iteration = 136365108, tail = 388085577, P(reorder) = 0.361433
iteration = 137438849, tail = 389159318, P(reorder) = 0.362433
iteration = 138512590, tail = 390233059, P(reorder) = 0.363433
iteration = 139586331, tail = 391306800, P(reorder) = 0.364433
iteration = 140660072, tail = 392380541, P(reorder) = 0.365433
iteration = 141733813, tail = 393454282, P(reorder) = 0.366433
iteration = 142807554, tail = 394528023, P(reorder) = 0.367433
iteration = 143881295, tail = 395601764, P(reorder) = 0.368433
iteration = 144955036, tail = 396675505, P(reorder) = 0.369433
iteration = 146028777, tail = 397749246, P(reorder) = 0.370433
iteration = 147102518, tail = 398822987, P(reorder) = 0.371433
iteration = 148176259, tail = 399896728, P(reorder) = 0.372433
iteration = 149250000, tail = 400970469, P(reorder) = 0.373433
iteration = 150323741, tail = 402044210, P(reorder) = 0.374433
iteration = 151397482, tail = 403117951, P(reorder) = 0.375433
iteration = 152471223, tail = 404191692, P(reorder) = 0.376433
iteration = 153544964, tail = 405265433, P(reorder) = 0.377433
iteration = 154618705, tail = 406339174, P(reorder) = 0.378433
iteration = 155692446, tail = 407412915, P(reorder) = 0.379433
iteration = 156766187, tail = 408486656, P(reorder) = 0.380433
iteration = 157839928, tail = 409560397, P(reorder) = 0.381433
iteration = 158913669, tail = 410634138, P(reorder) = 0.382433
iteration = 159987410, tail = 411707879, P(reorder) = 0.383433
iteration = 161061151, tail = 412781620, P(reorder) = 0.384433
iteration = 162134892, tail = 413855361, P(reorder) = 0.385433
iteration = 163208633, tail = 414929102, P(reorder) = 0.386433
iteration = 164282374, tail = 416002843, P(reorder) = 0.387433
iteration = 165356115, tail = 417076584, P(reorder) = 0.388433
iteration = 166429856, tail = 418150325, P(reorder) = 0.389433
iteration = 167503597, tail = 419224066, P(reorder) = 0.390433
iteration = 168577338, tail = 420297807, P(reorder) = 0.391433
iteration = 169651079, tail = 421371548, P(reorder) = 0.392433
iteration = 170724820, tail = 422445289, P(reorder) = 0.393433
iteration = 171798561, tail = 423519030, P(reorder) = 0.394433
iteration = 172872302, tail = 424592771, P(reorder) = 0.395433
iteration = 173946043, tail = 425666512, P(reorder) = 0.396433
iteration = 175019784, tail = 426740253, P(reorder) = 0.397433
iteration = 176093525, tail = 427813994, P(reorder) = 0.398433
iteration = 177167266, tail = 428887735, P(reorder) = 0.399433
iteration = 178241007, tail = 429961476, P(reorder) = 0.400433
iteration = 179314748, tail = 431035217, P(reorder) = 0.401433
iteration = 180388489, tail = 432108958, P(reorder) = 0.402433
iteration = 181462230, tail = 433182699, P(reorder) = 0.403433
iteration = 182535971, tail = 434256440, P(reorder) = 0.404433
iteration = 183609712, tail = 435330181, P(reorder) = 0.405433
iteration = 184683453, tail = 436403922, P(reorder) = 0.406433
iteration = 185757194, tail = 437477663, P(reorder) = 0.407433
iteration = 186830935, tail = 438551404, P(reorder) = 0.408433
iteration = 187904676, tail = 439625145, P(reorder) = 0.409433
iteration = 188978417, tail = 440698886, P(reorder) = 0.410433
iteration = 190052158, tail = 441772627, P(reorder) = 0.411433
iteration = 191125899, tail = 442846368, P(reorder) = 0.412433
iteration = 192199640, tail = 443920109, P(reorder) = 0.413433
iteration = 193273381, tail = 444993850, P(reorder) = 0.414433
iteration = 194347122, tail = 446067591, P(reorder) = 0.415433
iteration = 195420863, tail = 447141332, P(reorder) = 0.416433
iteration = 196494604, tail = 448215073, P(reorder) = 0.417433
iteration = 197568345, tail = 449288814, P(reorder) = 0.418433
iteration = 198642086, tail = 450362555, P(reorder) = 0.419433
iteration = 199715827, tail = 451436296, P(reorder) = 0.420433
iteration = 200789568, tail = 452510037, P(reorder) = 0.421433
iteration = 201863309, tail = 453583778, P(reorder) = 0.422433
iteration = 202937050, tail = 454657519, P(reorder) = 0.423433
iteration = 204010791, tail = 455731260, P(reorder) = 0.424433
iteration = 205084532, tail = 456805001, P(reorder) = 0.425433
iteration = 206158273, tail = 457878742, P(reorder) = 0.426433
iteration = 207232014, tail = 458952483, P(reorder) = 0.427433
iteration = 208305755, tail = 460026224, P(reorder) = 0.428433
iteration = 209379496, tail = 461099965, P(reorder) = 0.429433
iteration = 210453237, tail = 462173706, P(reorder) = 0.430433
iteration = 211526978, tail = 463247447, P(reorder) = 0.431433
iteration = 212600719, tail = 464321188, P(reorder) = 0.432433
iteration = 213674460, tail = 465394929, P(reorder) = 0.433433
iteration = 214748201, tail = 466468670, P(reorder) = 0.434433
iteration = 215821942, tail = 467542411, P(reorder) = 0.435433
iteration = 216895683, tail = 468616152, P(reorder) = 0.436433
iteration = 217969424, tail = 469689893, P(reorder) = 0.437433
iteration = 219043165, tail = 470763634, P(reorder) = 0.438433
iteration = 220116906, tail = 471837375, P(reorder) = 0.439433
iteration = 221190647, tail = 472911116, P(reorder) = 0.440433
iteration = 222264388, tail = 473984857, P(reorder) = 0.441433
iteration = 223338129, tail = 475058598, P(reorder) = 0.442433
iteration = 224411870, tail = 476132339, P(reorder) = 0.443433
iteration = 225485611, tail = 477206080, P(reorder) = 0.444433
iteration = 226559352, tail = 478279821, P(reorder) = 0.445433
iteration = 227633093, tail = 479353562, P(reorder) = 0.446433
iteration = 228706834, tail = 480427303, P(reorder) = 0.447433
iteration = 229780575, tail = 481501044, P(reorder) = 0.448433
iteration = 230854316, tail = 482574785, P(reorder) = 0.449433
iteration = 231928057, tail = 483648526, P(reorder) = 0.450433
iteration = 233001798, tail = 484722267, P(reorder) = 0.451433
iteration = 234075539, tail = 485796008, P(reorder) = 0.452433
iteration = 235149280, tail = 486869749, P(reorder) = 0.453433
iteration = 236223021, tail = 487943490, P(reorder) = 0.454433
iteration = 237296762, tail = 489017231, P(reorder) = 0.455433
iteration = 238370503, tail = 490090972, P(reorder) = 0.456433
iteration = 239444244, tail = 491164713, P(reorder) = 0.457433
iteration = 240517985, tail = 492238454, P(reorder) = 0.458433
iteration = 241591726, tail = 493312195, P(reorder) = 0.459433
iteration = 242665467, tail = 494385936, P(reorder) = 0.460433
iteration = 243739208, tail = 495459677, P(reorder) = 0.461433
iteration = 244812949, tail = 496533418, P(reorder) = 0.462433
iteration = 245886690, tail = 497607159, P(reorder) = 0.463433
iteration = 246960431, tail = 498680900, P(reorder) = 0.464433
iteration = 248034172, tail = 499754641, P(reorder) = 0.465433
iteration = 249107913, tail = 500828382, P(reorder) = 0.466433
iteration = 250181654, tail = 501902123, P(reorder) = 0.467433
iteration = 251255395, tail = 502975864, P(reorder) = 0.468433
iteration = 252329136, tail = 504049605, P(reorder) = 0.469433
iteration = 253402877, tail = 505123346, P(reorder) = 0.470433
iteration = 254476618, tail = 506197087, P(reorder) = 0.471433
iteration = 255550359, tail = 507270828, P(reorder) = 0.472433
iteration = 256624100, tail = 508344569, P(reorder) = 0.473433
iteration = 257697841, tail = 509418310, P(reorder) = 0.474433
iteration = 258771582, tail = 510492051, P(reorder) = 0.475433
iteration = 259845323, tail = 511565792, P(reorder) = 0.476433
iteration = 260919064, tail = 512639533, P(reorder) = 0.477433
iteration = 261992805, tail = 513713274, P(reorder) = 0.478433
iteration = 263066546, tail = 514787015, P(reorder) = 0.479433
iteration = 264140287, tail = 515860756, P(reorder) = 0.480433
iteration = 265214028, tail = 516934497, P(reorder) = 0.481433
iteration = 266287769, tail = 518008238, P(reorder) = 0.482433
iteration = 267361510, tail = 519081979, P(reorder) = 0.483433
iteration = 268435251, tail = 520155720, P(reorder) = 0.484433
iteration = 269508992, tail = 521229461, P(reorder) = 0.485433
iteration = 270582733, tail = 522303202, P(reorder) = 0.486433
iteration = 271656474, tail = 523376943, P(reorder) = 0.487433
iteration = 272730215, tail = 524450684, P(reorder) = 0.488433
iteration = 273803956, tail = 525524425, P(reorder) = 0.489433
iteration = 274877697, tail = 526598166, P(reorder) = 0.490433
iteration = 275951438, tail = 527671907, P(reorder) = 0.491433
iteration = 277025179, tail = 528745648, P(reorder) = 0.492433
iteration = 278098920, tail = 529819389, P(reorder) = 0.493433
iteration = 279172661, tail = 530893130, P(reorder) = 0.494433
iteration = 280246402, tail = 531966871, P(reorder) = 0.495433
iteration = 281320143, tail = 533040612, P(reorder) = 0.496433
iteration = 282393884, tail = 534114353, P(reorder) = 0.497433
iteration = 283467625, tail = 535188094, P(reorder) = 0.498433
iteration = 284541366, tail = 536261835, P(reorder) = 0.499433
iteration = 285615107, tail = 537335576, P(reorder) = 0.500433
iteration = 286688848, tail = 538409317, P(reorder) = 0.501433
iteration = 287762589, tail = 539483058, P(reorder) = 0.502433
iteration = 288836330, tail = 540556799, P(reorder) = 0.503433
iteration = 289910071, tail = 541630540, P(reorder) = 0.504433
iteration = 290983812, tail = 542704281, P(reorder) = 0.505433
iteration = 292057553, tail = 543778022, P(reorder) = 0.506433
iteration = 293131294, tail = 544851763, P(reorder) = 0.507433
iteration = 294205035, tail = 545925504, P(reorder) = 0.508433
iteration = 295278776, tail = 546999245, P(reorder) = 0.509433
iteration = 296352517, tail = 548072986, P(reorder) = 0.510433
iteration = 297426258, tail = 549146727, P(reorder) = 0.511433
iteration = 298499999, tail = 550220468, P(reorder) = 0.512433
iteration = 299573740, tail = 551294209, P(reorder) = 0.513433
iteration = 300647481, tail = 552367950, P(reorder) = 0.514433
iteration = 301721222, tail = 553441691, P(reorder) = 0.515433
iteration = 302794963, tail = 554515432, P(reorder) = 0.516433
iteration = 303868704, tail = 555589173, P(reorder) = 0.517433
iteration = 304942445, tail = 556662914, P(reorder) = 0.518433
iteration = 306016186, tail = 557736655, P(reorder) = 0.519433
iteration = 307089927, tail = 558810396, P(reorder) = 0.520433
iteration = 308163668, tail = 559884137, P(reorder) = 0.521433
iteration = 309237409, tail = 560957878, P(reorder) = 0.522433
iteration = 310311150, tail = 562031619, P(reorder) = 0.523433
iteration = 311384891, tail = 563105360, P(reorder) = 0.524433
iteration = 312458632, tail = 564179101, P(reorder) = 0.525433
iteration = 313532373, tail = 565252842, P(reorder) = 0.526433
iteration = 314606114, tail = 566326583, P(reorder) = 0.527433
iteration = 315679855, tail = 567400324, P(reorder) = 0.528433
iteration = 316753596, tail = 568474065, P(reorder) = 0.529433
iteration = 317827337, tail = 569547806, P(reorder) = 0.530433
iteration = 318901078, tail = 570621547, P(reorder) = 0.531433
iteration = 319974819, tail = 571695288, P(reorder) = 0.532433
iteration = 321048560, tail = 572769029, P(reorder) = 0.533433
iteration = 322122301, tail = 573842770, P(reorder) = 0.534433
iteration = 323196042, tail = 574916511, P(reorder) = 0.535433
iteration = 324269783, tail = 575990252, P(reorder) = 0.536433
iteration = 325343524, tail = 577063993, P(reorder) = 0.537433
iteration = 326417265, tail = 578137734, P(reorder) = 0.538433
iteration = 327491006, tail = 579211475, P(reorder) = 0.539433
iteration = 328564747, tail = 580285216, P(reorder) = 0.540433
iteration = 329638488, tail = 581358957, P(reorder) = 0.541433
iteration = 330712229, tail = 582432698, P(reorder) = 0.542433
iteration = 331785970, tail = 583506439, P(reorder) = 0.543433
iteration = 332859711, tail = 584580180, P(reorder) = 0.544433
iteration = 333933452, tail = 585653921, P(reorder) = 0.545433
iteration = 335007193, tail = 586727662, P(reorder) = 0.546433
iteration = 336080934, tail = 587801403, P(reorder) = 0.547433
iteration = 337154675, tail = 588875144, P(reorder) = 0.548433
iteration = 338228416, tail = 589948885, P(reorder) = 0.549433
iteration = 339302157, tail = 591022626, P(reorder) = 0.550433
iteration = 340375898, tail = 592096367, P(reorder) = 0.551433
iteration = 341449639, tail = 593170108, P(reorder) = 0.552433
iteration = 342523380, tail = 594243849, P(reorder) = 0.553433
iteration = 343597121, tail = 595317590, P(reorder) = 0.554433
iteration = 344670862, tail = 596391331, P(reorder) = 0.555433
iteration = 345744603, tail = 597465072, P(reorder) = 0.556433
iteration = 346818344, tail = 598538813, P(reorder) = 0.557433
iteration = 347892085, tail = 599612554, P(reorder) = 0.558433
iteration = 348965826, tail = 600686295, P(reorder) = 0.559433
iteration = 350039567, tail = 601760036, P(reorder) = 0.560433
iteration = 351113308, tail = 602833777, P(reorder) = 0.561433
iteration = 352187049, tail = 603907518, P(reorder) = 0.562433
iteration = 353260790, tail = 604981259, P(reorder) = 0.563433
iteration = 354334531, tail = 606055000, P(reorder) = 0.564433
iteration = 355408272, tail = 607128741, P(reorder) = 0.565433
iteration = 356482013, tail = 608202482, P(reorder) = 0.566433
iteration = 357555754, tail = 609276223, P(reorder) = 0.567433
iteration = 358629495, tail = 610349964, P(reorder) = 0.568433
iteration = 359703236, tail = 611423705, P(reorder) = 0.569433
iteration = 360776977, tail = 612497446, P(reorder) = 0.570433
iteration = 361850718, tail = 613571187, P(reorder) = 0.571433
iteration = 362924459, tail = 614644928, P(reorder) = 0.572433
iteration = 363998200, tail = 615718669, P(reorder) = 0.573433
iteration = 365071941, tail = 616792410, P(reorder) = 0.574433
iteration = 366145682, tail = 617866151, P(reorder) = 0.575433
iteration = 367219423, tail = 618939892, P(reorder) = 0.576433
iteration = 368293164, tail = 620013633, P(reorder) = 0.577433
iteration = 369366905, tail = 621087374, P(reorder) = 0.578433
iteration = 370440646, tail = 622161115, P(reorder) = 0.579433
iteration = 371514387, tail = 623234856, P(reorder) = 0.580433
iteration = 372588128, tail = 624308597, P(reorder) = 0.581433
iteration = 373661869, tail = 625382338, P(reorder) = 0.582433
iteration = 374735610, tail = 626456079, P(reorder) = 0.583433
iteration = 375809351, tail = 627529820, P(reorder) = 0.584433
iteration = 376883092, tail = 628603561, P(reorder) = 0.585433
iteration = 377956833, tail = 629677302, P(reorder) = 0.586433
iteration = 379030574, tail = 630751043, P(reorder) = 0.587433
iteration = 380104315, tail = 631824784, P(reorder) = 0.588433
iteration = 381178056, tail = 632898525, P(reorder) = 0.589433
iteration = 382251797, tail = 633972266, P(reorder) = 0.590433
iteration = 383325538, tail = 635046007, P(reorder) = 0.591433
iteration = 384399279, tail = 636119748, P(reorder) = 0.592433
iteration = 385473020, tail = 637193489, P(reorder) = 0.593433
iteration = 386546761, tail = 638267230, P(reorder) = 0.594433
iteration = 387620502, tail = 639340971, P(reorder) = 0.595433
iteration = 388694243, tail = 640414712, P(reorder) = 0.596433
iteration = 389767984, tail = 641488453, P(reorder) = 0.597433
iteration = 390841725, tail = 642562194, P(reorder) = 0.598433
iteration = 391915466, tail = 643635935, P(reorder) = 0.599433
iteration = 392989207, tail = 644709676, P(reorder) = 0.600433
iteration = 394062948, tail = 645783417, P(reorder) = 0.601433
iteration = 395136689, tail = 646857158, P(reorder) = 0.602433
iteration = 396210430, tail = 647930899, P(reorder) = 0.603433
iteration = 397284171, tail = 649004640, P(reorder) = 0.604433
iteration = 398357912, tail = 650078381, P(reorder) = 0.605433
iteration = 399431653, tail = 651152122, P(reorder) = 0.606433
iteration = 400505394, tail = 652225863, P(reorder) = 0.607433
iteration = 401579135, tail = 653299604, P(reorder) = 0.608433
iteration = 402652876, tail = 654373345, P(reorder) = 0.609433
iteration = 403726617, tail = 655447086, P(reorder) = 0.610433
iteration = 404800358, tail = 656520827, P(reorder) = 0.611433
iteration = 405874099, tail = 657594568, P(reorder) = 0.612433
iteration = 406947840, tail = 658668309, P(reorder) = 0.613433
iteration = 408021581, tail = 659742050, P(reorder) = 0.614433
iteration = 409095322, tail = 660815791, P(reorder) = 0.615433
iteration = 410169063, tail = 661889532, P(reorder) = 0.616433
iteration = 411242804, tail = 662963273, P(reorder) = 0.617433
iteration = 412316545, tail = 664037014, P(reorder) = 0.618433
iteration = 413390286, tail = 665110755, P(reorder) = 0.619433
iteration = 414464027, tail = 666184496, P(reorder) = 0.620433
iteration = 415537768, tail = 667258237, P(reorder) = 0.621433
iteration = 416611509, tail = 668331978, P(reorder) = 0.622433
iteration = 417685250, tail = 669405719, P(reorder) = 0.623433
iteration = 418758991, tail = 670479460, P(reorder) = 0.624433
iteration = 419832732, tail = 671553201, P(reorder) = 0.625433
iteration = 420906473, tail = 672626942, P(reorder) = 0.626433
iteration = 421980214, tail = 673700683, P(reorder) = 0.627433
iteration = 423053955, tail = 674774424, P(reorder) = 0.628433
iteration = 424127696, tail = 675848165, P(reorder) = 0.629433
iteration = 425201437, tail = 676921906, P(reorder) = 0.630433
iteration = 426275178, tail = 677995647, P(reorder) = 0.631433
iteration = 427348919, tail = 679069388, P(reorder) = 0.632433
iteration = 428422660, tail = 680143129, P(reorder) = 0.633433
iteration = 429496401, tail = 681216870, P(reorder) = 0.634433
iteration = 430570142, tail = 682290611, P(reorder) = 0.635433
iteration = 431643883, tail = 683364352, P(reorder) = 0.636433
iteration = 432717624, tail = 684438093, P(reorder) = 0.637433
iteration = 433791365, tail = 685511834, P(reorder) = 0.638433
iteration = 434865106, tail = 686585575, P(reorder) = 0.639433
iteration = 435938847, tail = 687659316, P(reorder) = 0.640433
iteration = 437012588, tail = 688733057, P(reorder) = 0.641433
iteration = 438086329, tail = 689806798, P(reorder) = 0.642433
iteration = 439160070, tail = 690880539, P(reorder) = 0.643433
iteration = 440233811, tail = 691954280, P(reorder) = 0.644433
iteration = 441307552, tail = 693028021, P(reorder) = 0.645433
iteration = 442381293, tail = 694101762, P(reorder) = 0.646433
iteration = 443455034, tail = 695175503, P(reorder) = 0.647433
iteration = 444528775, tail = 696249244, P(reorder) = 0.648433
iteration = 445602516, tail = 697322985, P(reorder) = 0.649433
iteration = 446676257, tail = 698396726, P(reorder) = 0.650433
iteration = 447749998, tail = 699470467, P(reorder) = 0.651433
iteration = 448823739, tail = 700544208, P(reorder) = 0.652433
iteration = 449897480, tail = 701617949, P(reorder) = 0.653433
iteration = 450971221, tail = 702691690, P(reorder) = 0.654433
iteration = 452044962, tail = 703765431, P(reorder) = 0.655433
iteration = 453118703, tail = 704839172, P(reorder) = 0.656433
iteration = 454192444, tail = 705912913, P(reorder) = 0.657433
iteration = 455266185, tail = 706986654, P(reorder) = 0.658433
iteration = 456339926, tail = 708060395, P(reorder) = 0.659433
iteration = 457413667, tail = 709134136, P(reorder) = 0.660433
iteration = 458487408, tail = 710207877, P(reorder) = 0.661433
iteration = 459561149, tail = 711281618, P(reorder) = 0.662433
iteration = 460634890, tail = 712355359, P(reorder) = 0.663433
iteration = 461708631, tail = 713429100, P(reorder) = 0.664433
iteration = 462782372, tail = 714502841, P(reorder) = 0.665433
iteration = 463856113, tail = 715576582, P(reorder) = 0.666433
iteration = 464929854, tail = 716650323, P(reorder) = 0.667433
iteration = 466003595, tail = 717724064, P(reorder) = 0.668433
iteration = 467077336, tail = 718797805, P(reorder) = 0.669433
iteration = 468151077, tail = 719871546, P(reorder) = 0.670433
iteration = 469224818, tail = 720945287, P(reorder) = 0.671433
iteration = 470298559, tail = 722019028, P(reorder) = 0.672433
iteration = 471372300, tail = 723092769, P(reorder) = 0.673433
iteration = 472446041, tail = 724166510, P(reorder) = 0.674433
iteration = 473519782, tail = 725240251, P(reorder) = 0.675433
iteration = 474593523, tail = 726313992, P(reorder) = 0.676433
iteration = 475667264, tail = 727387733, P(reorder) = 0.677433
iteration = 476741005, tail = 728461474, P(reorder) = 0.678433
iteration = 477814746, tail = 729535215, P(reorder) = 0.679433
iteration = 478888487, tail = 730608956, P(reorder) = 0.680433
iteration = 479962228, tail = 731682697, P(reorder) = 0.681433
iteration = 481035969, tail = 732756438, P(reorder) = 0.682433
iteration = 482109710, tail = 733830179, P(reorder) = 0.683433
iteration = 483183451, tail = 734903920, P(reorder) = 0.684433
iteration = 484257192, tail = 735977661, P(reorder) = 0.685433
iteration = 485330933, tail = 737051402, P(reorder) = 0.686433
iteration = 486404674, tail = 738125143, P(reorder) = 0.687433
iteration = 487478415, tail = 739198884, P(reorder) = 0.688433
iteration = 488552156, tail = 740272625, P(reorder) = 0.689433
iteration = 489625897, tail = 741346366, P(reorder) = 0.690433
iteration = 490699638, tail = 742420107, P(reorder) = 0.691433
iteration = 491773379, tail = 743493848, P(reorder) = 0.692433
iteration = 492847120, tail = 744567589, P(reorder) = 0.693433
iteration = 493920861, tail = 745641330, P(reorder) = 0.694433
iteration = 494994602, tail = 746715071, P(reorder) = 0.695433
iteration = 496068343, tail = 747788812, P(reorder) = 0.696433
iteration = 497142084, tail = 748862553, P(reorder) = 0.697433
iteration = 498215825, tail = 749936294, P(reorder) = 0.698433
iteration = 499289566, tail = 751010035, P(reorder) = 0.699433
iteration = 500363307, tail = 752083776, P(reorder) = 0.700433
iteration = 501437048, tail = 753157517, P(reorder) = 0.701433
iteration = 502510789, tail = 754231258, P(reorder) = 0.702433
iteration = 503584530, tail = 755304999, P(reorder) = 0.703433
iteration = 504658271, tail = 756378740, P(reorder) = 0.704433
iteration = 505732012, tail = 757452481, P(reorder) = 0.705433
iteration = 506805753, tail = 758526222, P(reorder) = 0.706433
iteration = 507879494, tail = 759599963, P(reorder) = 0.707433
iteration = 508953235, tail = 760673704, P(reorder) = 0.708433
iteration = 510026976, tail = 761747445, P(reorder) = 0.709433
iteration = 511100717, tail = 762821186, P(reorder) = 0.710433
iteration = 512174458, tail = 763894927, P(reorder) = 0.711433
iteration = 513248199, tail = 764968668, P(reorder) = 0.712433
iteration = 514321940, tail = 766042409, P(reorder) = 0.713433
iteration = 515395681, tail = 767116150, P(reorder) = 0.714433
iteration = 516469422, tail = 768189891, P(reorder) = 0.715433
iteration = 517543163, tail = 769263632, P(reorder) = 0.716433
iteration = 518616904, tail = 770337373, P(reorder) = 0.717433
iteration = 519690645, tail = 771411114, P(reorder) = 0.718433
iteration = 520764386, tail = 772484855, P(reorder) = 0.719433
iteration = 521838127, tail = 773558596, P(reorder) = 0.720433
iteration = 522911868, tail = 774632337, P(reorder) = 0.721433
iteration = 523985609, tail = 775706078, P(reorder) = 0.722433
iteration = 525059350, tail = 776779819, P(reorder) = 0.723433
iteration = 526133091, tail = 777853560, P(reorder) = 0.724433
iteration = 527206832, tail = 778927301, P(reorder) = 0.725433
iteration = 528280573, tail = 780001042, P(reorder) = 0.726433
iteration = 529354314, tail = 781074783, P(reorder) = 0.727433
iteration = 530428055, tail = 782148524, P(reorder) = 0.728433
iteration = 531501796, tail = 783222265, P(reorder) = 0.729433
iteration = 532575537, tail = 784296006, P(reorder) = 0.730433
iteration = 533649278, tail = 785369747, P(reorder) = 0.731433
iteration = 534723019, tail = 786443488, P(reorder) = 0.732433
iteration = 535796760, tail = 787517229, P(reorder) = 0.733433
iteration = 536870501, tail = 788590970, P(reorder) = 0.734433
iteration = 537944242, tail = 789664711, P(reorder) = 0.735433
iteration = 539017983, tail = 790738452, P(reorder) = 0.736433
iteration = 540091724, tail = 791812193, P(reorder) = 0.737433
iteration = 541165465, tail = 792885934, P(reorder) = 0.738433
iteration = 542239206, tail = 793959675, P(reorder) = 0.739433
iteration = 543312947, tail = 795033416, P(reorder) = 0.740433
iteration = 544386688, tail = 796107157, P(reorder) = 0.741433
iteration = 545460429, tail = 797180898, P(reorder) = 0.742433
iteration = 546534170, tail = 798254639, P(reorder) = 0.743433
iteration = 547607911, tail = 799328380, P(reorder) = 0.744433
iteration = 548681652, tail = 800402121, P(reorder) = 0.745433
iteration = 549755393, tail = 801475862, P(reorder) = 0.746433
iteration = 550829134, tail = 802549603, P(reorder) = 0.747433
iteration = 551902875, tail = 803623344, P(reorder) = 0.748433
iteration = 552976616, tail = 804697085, P(reorder) = 0.749433
iteration = 554050357, tail = 805770826, P(reorder) = 0.750433
iteration = 555124098, tail = 806844567, P(reorder) = 0.751433
iteration = 556197839, tail = 807918308, P(reorder) = 0.752433
iteration = 557271580, tail = 808992049, P(reorder) = 0.753433
iteration = 558345321, tail = 810065790, P(reorder) = 0.754433
iteration = 559419062, tail = 811139531, P(reorder) = 0.755433
iteration = 560492803, tail = 812213272, P(reorder) = 0.756433
iteration = 561566544, tail = 813287013, P(reorder) = 0.757433
iteration = 562640285, tail = 814360754, P(reorder) = 0.758433
iteration = 563714026, tail = 815434495, P(reorder) = 0.759433
iteration = 564787767, tail = 816508236, P(reorder) = 0.760433
iteration = 565861508, tail = 817581977, P(reorder) = 0.761433
iteration = 566935249, tail = 818655718, P(reorder) = 0.762433
iteration = 568008990, tail = 819729459, P(reorder) = 0.763433
iteration = 569082731, tail = 820803200, P(reorder) = 0.764433
iteration = 570156472, tail = 821876941, P(reorder) = 0.765433
iteration = 571230213, tail = 822950682, P(reorder) = 0.766433
iteration = 572303954, tail = 824024423, P(reorder) = 0.767433
iteration = 573377695, tail = 825098164, P(reorder) = 0.768433
iteration = 574451436, tail = 826171905, P(reorder) = 0.769433
iteration = 575525177, tail = 827245646, P(reorder) = 0.770433
iteration = 576598918, tail = 828319387, P(reorder) = 0.771433
iteration = 577672659, tail = 829393128, P(reorder) = 0.772433
iteration = 578746400, tail = 830466869, P(reorder) = 0.773433
iteration = 579820141, tail = 831540610, P(reorder) = 0.774433
iteration = 580893882, tail = 832614351, P(reorder) = 0.775433
iteration = 581967623, tail = 833688092, P(reorder) = 0.776433
iteration = 583041364, tail = 834761833, P(reorder) = 0.777433
iteration = 584115105, tail = 835835574, P(reorder) = 0.778433
iteration = 585188846, tail = 836909315, P(reorder) = 0.779433
iteration = 586262587, tail = 837983056, P(reorder) = 0.780433
iteration = 587336328, tail = 839056797, P(reorder) = 0.781433
iteration = 588410069, tail = 840130538, P(reorder) = 0.782433
iteration = 589483810, tail = 841204279, P(reorder) = 0.783433
iteration = 590557551, tail = 842278020, P(reorder) = 0.784433
iteration = 591631292, tail = 843351761, P(reorder) = 0.785433
iteration = 592705033, tail = 844425502, P(reorder) = 0.786433
iteration = 593778774, tail = 845499243, P(reorder) = 0.787433
iteration = 594852515, tail = 846572984, P(reorder) = 0.788433
iteration = 595926256, tail = 847646725, P(reorder) = 0.789433
iteration = 596999997, tail = 848720466, P(reorder) = 0.790433
iteration = 598073738, tail = 849794207, P(reorder) = 0.791433
iteration = 599147479, tail = 850867948, P(reorder) = 0.792433
iteration = 600221220, tail = 851941689, P(reorder) = 0.793433
iteration = 601294961, tail = 853015430, P(reorder) = 0.794433
iteration = 602368702, tail = 854089171, P(reorder) = 0.795433
iteration = 603442443, tail = 855162912, P(reorder) = 0.796433
iteration = 604516184, tail = 856236653, P(reorder) = 0.797433
iteration = 605589925, tail = 857310394, P(reorder) = 0.798433
iteration = 606663666, tail = 858384135, P(reorder) = 0.799433
iteration = 607737407, tail = 859457876, P(reorder) = 0.800433
iteration = 608811148, tail = 860531617, P(reorder) = 0.801433
iteration = 609884889, tail = 861605358, P(reorder) = 0.802433
iteration = 610958630, tail = 862679099, P(reorder) = 0.803433
iteration = 612032371, tail = 863752840, P(reorder) = 0.804433
iteration = 613106112, tail = 864826581, P(reorder) = 0.805433
iteration = 614179853, tail = 865900322, P(reorder) = 0.806433
iteration = 615253594, tail = 866974063, P(reorder) = 0.807433
iteration = 616327335, tail = 868047804, P(reorder) = 0.808433
iteration = 617401076, tail = 869121545, P(reorder) = 0.809433
iteration = 618474817, tail = 870195286, P(reorder) = 0.810433
iteration = 619548558, tail = 871269027, P(reorder) = 0.811433
iteration = 620622299, tail = 872342768, P(reorder) = 0.812433
iteration = 621696040, tail = 873416509, P(reorder) = 0.813433
iteration = 622769781, tail = 874490250, P(reorder) = 0.814433
iteration = 623843522, tail = 875563991, P(reorder) = 0.815433
iteration = 624917263, tail = 876637732, P(reorder) = 0.816433
iteration = 625991004, tail = 877711473, P(reorder) = 0.817433
iteration = 627064745, tail = 878785214, P(reorder) = 0.818433
iteration = 628138486, tail = 879858955, P(reorder) = 0.819433
iteration = 629212227, tail = 880932696, P(reorder) = 0.820433
iteration = 630285968, tail = 882006437, P(reorder) = 0.821433
iteration = 631359709, tail = 883080178, P(reorder) = 0.822433
iteration = 632433450, tail = 884153919, P(reorder) = 0.823433
iteration = 633507191, tail = 885227660, P(reorder) = 0.824433
iteration = 634580932, tail = 886301401, P(reorder) = 0.825433
iteration = 635654673, tail = 887375142, P(reorder) = 0.826433
iteration = 636728414, tail = 888448883, P(reorder) = 0.827433
iteration = 637802155, tail = 889522624, P(reorder) = 0.828433
iteration = 638875896, tail = 890596365, P(reorder) = 0.829433
iteration = 639949637, tail = 891670106, P(reorder) = 0.830432
iteration = 641023378, tail = 892743847, P(reorder) = 0.831432
iteration = 642097119, tail = 893817588, P(reorder) = 0.832432
iteration = 643170860, tail = 894891329, P(reorder) = 0.833432
iteration = 644244601, tail = 895965070, P(reorder) = 0.834432
iteration = 645318342, tail = 897038811, P(reorder) = 0.835432
iteration = 646392083, tail = 898112552, P(reorder) = 0.836432
iteration = 647465824, tail = 899186293, P(reorder) = 0.837432
iteration = 648539565, tail = 900260034, P(reorder) = 0.838432
iteration = 649613306, tail = 901333775, P(reorder) = 0.839432
iteration = 650687047, tail = 902407516, P(reorder) = 0.840432
iteration = 651760788, tail = 903481257, P(reorder) = 0.841432
iteration = 652834529, tail = 904554998, P(reorder) = 0.842432
iteration = 653908270, tail = 905628739, P(reorder) = 0.843432
iteration = 654982011, tail = 906702480, P(reorder) = 0.844432
iteration = 656055752, tail = 907776221, P(reorder) = 0.845432
iteration = 657129493, tail = 908849962, P(reorder) = 0.846432
iteration = 658203234, tail = 909923703, P(reorder) = 0.847432
iteration = 659276975, tail = 910997444, P(reorder) = 0.848432
iteration = 660350716, tail = 912071185, P(reorder) = 0.849432
iteration = 661424457, tail = 913144926, P(reorder) = 0.850432
iteration = 662498198, tail = 914218667, P(reorder) = 0.851432
iteration = 663571939, tail = 915292408, P(reorder) = 0.852432
iteration = 664645680, tail = 916366149, P(reorder) = 0.853432
iteration = 665719421, tail = 917439890, P(reorder) = 0.854432
iteration = 666793162, tail = 918513631, P(reorder) = 0.855432
iteration = 667866903, tail = 919587372, P(reorder) = 0.856432
iteration = 668940644, tail = 920661113, P(reorder) = 0.857432
iteration = 670014385, tail = 921734854, P(reorder) = 0.858432
iteration = 671088126, tail = 922808595, P(reorder) = 0.859432
iteration = 672161867, tail = 923882336, P(reorder) = 0.860432
iteration = 673235608, tail = 924956077, P(reorder) = 0.861432
iteration = 674309349, tail = 926029818, P(reorder) = 0.862432
iteration = 675383090, tail = 927103559, P(reorder) = 0.863432
iteration = 676456831, tail = 928177300, P(reorder) = 0.864432
iteration = 677530572, tail = 929251041, P(reorder) = 0.865432
iteration = 678604313, tail = 930324782, P(reorder) = 0.866432
iteration = 679678054, tail = 931398523, P(reorder) = 0.867432
iteration = 680751795, tail = 932472264, P(reorder) = 0.868432
iteration = 681825536, tail = 933546005, P(reorder) = 0.869432
iteration = 682899277, tail = 934619746, P(reorder) = 0.870432
iteration = 683973018, tail = 935693487, P(reorder) = 0.871432
iteration = 685046759, tail = 936767228, P(reorder) = 0.872432
iteration = 686120500, tail = 937840969, P(reorder) = 0.873432
iteration = 687194241, tail = 938914710, P(reorder) = 0.874432
iteration = 688267982, tail = 939988451, P(reorder) = 0.875432
iteration = 689341723, tail = 941062192, P(reorder) = 0.876432
iteration = 690415464, tail = 942135933, P(reorder) = 0.877432
iteration = 691489205, tail = 943209674, P(reorder) = 0.878432
iteration = 692562946, tail = 944283415, P(reorder) = 0.879432
iteration = 693636687, tail = 945357156, P(reorder) = 0.880432
iteration = 694710428, tail = 946430897, P(reorder) = 0.881432
iteration = 695784169, tail = 947504638, P(reorder) = 0.882432
iteration = 696857910, tail = 948578379, P(reorder) = 0.883432
iteration = 697931651, tail = 949652120, P(reorder) = 0.884432
iteration = 699005392, tail = 950725861, P(reorder) = 0.885432
iteration = 700079133, tail = 951799602, P(reorder) = 0.886432
iteration = 701152874, tail = 952873343, P(reorder) = 0.887432
iteration = 702226615, tail = 953947084, P(reorder) = 0.888432
iteration = 703300356, tail = 955020825, P(reorder) = 0.889432
iteration = 704374097, tail = 956094566, P(reorder) = 0.890432
iteration = 705447838, tail = 957168307, P(reorder) = 0.891432
iteration = 706521579, tail = 958242048, P(reorder) = 0.892432
iteration = 707595320, tail = 959315789, P(reorder) = 0.893432
iteration = 708669061, tail = 960389530, P(reorder) = 0.894432
iteration = 709742802, tail = 961463271, P(reorder) = 0.895432
iteration = 710816543, tail = 962537012, P(reorder) = 0.896432
iteration = 711890284, tail = 963610753, P(reorder) = 0.897432
iteration = 712964025, tail = 964684494, P(reorder) = 0.898432
iteration = 714037766, tail = 965758235, P(reorder) = 0.899432
iteration = 715111507, tail = 966831976, P(reorder) = 0.900432
iteration = 716185248, tail = 967905717, P(reorder) = 0.901432
iteration = 717258989, tail = 968979458, P(reorder) = 0.902432
iteration = 718332730, tail = 970053199, P(reorder) = 0.903432
iteration = 719406471, tail = 971126940, P(reorder) = 0.904432
iteration = 720480212, tail = 972200681, P(reorder) = 0.905432
iteration = 721553953, tail = 973274422, P(reorder) = 0.906432
iteration = 722627694, tail = 974348163, P(reorder) = 0.907432
iteration = 723701435, tail = 975421904, P(reorder) = 0.908432
iteration = 724775176, tail = 976495645, P(reorder) = 0.909432
iteration = 725848917, tail = 977569386, P(reorder) = 0.910432
iteration = 726922658, tail = 978643127, P(reorder) = 0.911432
iteration = 727996399, tail = 979716868, P(reorder) = 0.912432
iteration = 729070140, tail = 980790609, P(reorder) = 0.913432
iteration = 730143881, tail = 981864350, P(reorder) = 0.914432
iteration = 731217622, tail = 982938091, P(reorder) = 0.915432
iteration = 732291363, tail = 984011832, P(reorder) = 0.916432
iteration = 733365104, tail = 985085573, P(reorder) = 0.917432
iteration = 734438845, tail = 986159314, P(reorder) = 0.918432
iteration = 735512586, tail = 987233055, P(reorder) = 0.919432
iteration = 736586327, tail = 988306796, P(reorder) = 0.920432
iteration = 737660068, tail = 989380537, P(reorder) = 0.921432
iteration = 738733809, tail = 990454278, P(reorder) = 0.922432
iteration = 739807550, tail = 991528019, P(reorder) = 0.923432
iteration = 740881291, tail = 992601760, P(reorder) = 0.924432
iteration = 741955032, tail = 993675501, P(reorder) = 0.925432
iteration = 743028773, tail = 994749242, P(reorder) = 0.926432
iteration = 744102514, tail = 995822983, P(reorder) = 0.927432
iteration = 745176255, tail = 996896724, P(reorder) = 0.928432
iteration = 746249996, tail = 997970465, P(reorder) = 0.929432
iteration = 747323737, tail = 999044206, P(reorder) = 0.930432
iteration = 748397478, tail = 1000117947, P(reorder) = 0.931432
iteration = 749471219, tail = 1001191688, P(reorder) = 0.932432
iteration = 750544960, tail = 1002265429, P(reorder) = 0.933432
iteration = 751618701, tail = 1003339170, P(reorder) = 0.934432
iteration = 752692442, tail = 1004412911, P(reorder) = 0.935432
iteration = 753766183, tail = 1005486652, P(reorder) = 0.936432
iteration = 754839924, tail = 1006560393, P(reorder) = 0.937432
iteration = 755913665, tail = 1007634134, P(reorder) = 0.938432
iteration = 756987406, tail = 1008707875, P(reorder) = 0.939432
iteration = 758061147, tail = 1009781616, P(reorder) = 0.940432
iteration = 759134888, tail = 1010855357, P(reorder) = 0.941432
iteration = 760208629, tail = 1011929098, P(reorder) = 0.942432
iteration = 761282370, tail = 1013002839, P(reorder) = 0.943432
iteration = 762356111, tail = 1014076580, P(reorder) = 0.944432
iteration = 763429852, tail = 1015150321, P(reorder) = 0.945432
iteration = 764503593, tail = 1016224062, P(reorder) = 0.946432
iteration = 765577334, tail = 1017297803, P(reorder) = 0.947432
iteration = 766651075, tail = 1018371544, P(reorder) = 0.948432
iteration = 767724816, tail = 1019445285, P(reorder) = 0.949432
768334263 iterations
Total number of reordered vertices: 1020054732
reorder time = 880.547
====================convert====================
max_chunkID = 10354477
max_offset = 29(GB)
The number of non-zero degree vertices: 404045883
total_num_reorder = 1073741823
233665123 169641393 171673000 126443556 610496434 
convert time = 2863.93
====================end====================
Freed 8GB for local_buf.
Freed 64GB for local_buf.
Freed 8GB for local_buf.
Freed 64GB for local_buf.
convert graph time = 5811.98
reorder_list for out graph: 233665123 106775574 1045428003 406684031 102298195 956537018 312244974 396124888 319489333 715258672 689351043 835378911 629275901 629055617 676168313 31717429 931280044 962053898 518193274 200594659 89470548 123499286 284426661 546255581 771443911 273515394 146146414 83575828 84166909 632372192 136525698 897288939 103569199 1055698774 963773395 247871501 776478276 817758128 585868679 326103708 359805822 117324375 789249749 70269093 737628210 108029350 420601804 145053414 802666404 581133545 419780797 847106784 149562826 75165894 128999001 21487657 836148800 114018091 878371433 953388043 878684877 972494817 20537701 585108658 424770796 686874764 979186835 617945467 34456270 900176916 39138957 498402783 889043713 605921171 871669364 387013577 992249691 392420875 729456813 939916648 692839422 342577094 764744395 486467733 282931322 531791999 983436445 911841195 232391947 612963635 821891112 151081650 263719051 300809568 1007730584 640521193 640202374 168445753 789040179 913280437 
test case
out degree of 12 is 0
in degree of 12 is 8
reorder_list for in graph: 233665123 169641393 171673000 126443556 610496434 789469028 891121506 826507939 669971863 340026171 257977011 131055750 411427309 460817213 392686362 776721114 644626843 509728837 579023096 285662067 700888940 205062108 600430647 535588271 123939685 124562115 401721144 133306903 768654173 610283861 581220242 464455464 89087541 17544851 810661318 989432411 957285040 1042090030 597569030 180166264 1001285864 830153176 1023891083 643008971 243554255 198331646 777195031 83862531 1001133220 1041074413 63774197 788879010 259033727 260953081 1060151776 96432196 59522359 988454975 155135747 936300021 231765318 922759405 936005876 472298102 798499099 762633256 46149462 622077508 267822015 105297720 23497655 1023313239 412306857 412924214 1047790090 582288618 937466766 264626619 64964595 568254788 630616418 309727265 34404617 812413816 922798424 676433043 199047274 794801197 94785364 1046707844 752210715 748707647 847373259 968689988 631658025 1052526297 232377406 777682320 937710175 672856948 
out degree of 12 is 0
out degree of 300 is 0
out degree of 1024 is 5
The top 5 in neighbors of 1024 are: 1061574053 630808386 582089073 335862348 465704913 
out degree of 65535 is 0
out degree of 1023512 is 1
The top 1 in neighbors of 1023512 are: 184936986 
out degree of 13757872 is 0
in degree of 12 is 8
The top 8 in neighbors of 12 are: 225085881 465099164 372082556 338613178 268177845 6526437 380684191 127286188 
in degree of 300 is 0
in degree of 1024 is 4
The top 4 in neighbors of 1024 are: 97533280 677629816 424433567 749144752 
in degree of 65535 is 0
in degree of 1023512 is 8
The top 8 in neighbors of 1023512 are: 188307633 1059113269 141192989 554724038 213469254 999232296 706148890 732521354 
in degree of 13757872 is 0
