Print config information:
  Graph info: 
	 - filepath = /mnt/nvme1/zorax/datasets/csr_bin/Ukdomain/
	 - PREFIX = ukdomain
	 - nverts = 68349467
	 - nedges = 0 (0 for processing all edges in the filepath) 
  System info: 
	 - JOB = 1
	 - THD_COUNT = 1
	 - QUERY_THD_COUNT = 48
	 - SSDPATH = /mnt/nvme1/zorax/testCSRGraph/
  Graph query benchmark: 
	 - QUERY = 0
	 - source = 0
  Chunk allocator: 
	 - SBLK_POOL_SIZE = 841813590016
	 - sblk_name = sblk
	 - MAX_LEVEL = 1
	 - MEM_BULK_SIZE = 33554432

import csr for out graph
Allocated 0.783458GB for local_buf.
filepath = /mnt/nvme1/zorax/datasets/csr_bin/Ukdomain//ukdomain.idx
Allocated 12.3004GB for local_buf.
filepath = /mnt/nvme1/zorax/datasets/csr_bin/Ukdomain//ukdomain.adj
nverts = 105153953, nedges = 3301876564, average degree = 31.4004
59690
import csr for in graph
Allocated 0.783458GB for local_buf.
filepath = /mnt/nvme1/zorax/datasets/csr_bin/Ukdomain//ukdomain.ridx
Allocated 12.3004GB for local_buf.
filepath = /mnt/nvme1/zorax/datasets/csr_bin/Ukdomain//ukdomain.radj
62139
====================out graph====================
max degree = 262826
degree              	N(v)      	P(v)      	PNZ(v)    	A(v)      	N(e)      	P(e)      	A(e)      
[0, 1)              	16841216  	16.02     	0.00      	0.00      	0         	0.00      	0.00      
[1, 2)              	15509903  	14.75     	17.56     	17.56     	15509903  	0.47      	0.47      
[2, 4)              	14214986  	13.52     	16.10     	33.66     	33533527  	1.02      	1.49      
[4, 8)              	11437260  	10.88     	12.95     	46.61     	60084345  	1.82      	3.31      
[8, 16)             	13427324  	12.77     	15.20     	61.81     	151781741 	4.60      	7.90      
[16, 32)            	15451609  	14.69     	17.50     	79.31     	346654474 	10.50     	18.40     
[32, 64)            	10998814  	10.46     	12.45     	91.76     	484119722 	14.66     	33.06     
[64, 128)           	4659007   	4.43      	5.28      	97.04     	400950350 	12.14     	45.21     
[128, 256)          	1383725   	1.32      	1.57      	98.61     	240272786 	7.28      	52.48     
[256, 512)          	552568    	0.53      	0.63      	99.23     	196024865 	5.94      	58.42     
[512, 1024)         	411211    	0.39      	0.47      	99.70     	294674382 	8.92      	67.34     
[1024, 2048)        	134478    	0.13      	0.15      	99.85     	191616602 	5.80      	73.15     
[2048, 4096)        	72162     	0.07      	0.08      	99.93     	201470850 	6.10      	79.25     
[4096, inf)         	59690     	0.06      	0.07      	100.00    	685183017 	20.75     	100.00    
total               	105153953 	100.00    	100.00    	100.00    	3301876564	100.00    	100.00    
105153953 3301876564
88312737 3301876564
====================top 10====================
degree              
[0, 1):             	0 7 9 21 22 38 75 95 135 180 
[1, 2):             	6 19 23 42 51 58 64 65 85 139 
[2, 4):             	4 5 26 27 36 37 43 45 52 53 
[4, 8):             	2 3 20 28 29 30 31 32 35 44 
[8, 16):            	8 24 25 34 62 66 69 79 84 86 
[16, 32):           	1 33 71 72 100 136 137 184 188 197 
[32, 64):           	47 48 73 82 126 127 128 129 130 168 
[64, 128):          	39 41 70 170 632 725 739 746 781 817 
[128, 256):         	18 40 76 77 183 187 615 738 769 772 
[256, 512):         	10 17 723 747 753 754 1095 1247 1248 1249 
[512, 1024):        	14 15 628 684 780 785 789 827 831 840 
[1024, 2048):       	74 162 745 767 839 843 1019 1178 1188 1189 
[2048, 4096):       	11 16 115 116 117 118 119 120 121 122 
[4096, inf):        	12 13 87 88 89 90 91 92 93 94 
====================end====================
====================in graph====================
max degree = 728257
degree              	N(v)      	P(v)      	PNZ(v)    	A(v)      	N(e)      	P(e)      	A(e)      
[0, 1)              	15010066  	14.27     	0.00      	0.00      	0         	0.00      	0.00      
[1, 2)              	18874614  	17.95     	20.94     	20.94     	18874614  	0.57      	0.57      
[2, 4)              	14085500  	13.40     	15.63     	36.56     	33242935  	1.01      	1.58      
[4, 8)              	11352464  	10.80     	12.59     	49.16     	60155385  	1.82      	3.40      
[8, 16)             	13150207  	12.51     	14.59     	63.75     	148184948 	4.49      	7.89      
[16, 32)            	15115581  	14.37     	16.77     	80.51     	338948979 	10.27     	18.15     
[32, 64)            	10759151  	10.23     	11.94     	92.45     	472246677 	14.30     	32.46     
[64, 128)           	4243962   	4.04      	4.71      	97.16     	363142779 	11.00     	43.45     
[128, 256)          	1382742   	1.31      	1.53      	98.69     	240147131 	7.27      	50.73     
[256, 512)          	535731    	0.51      	0.59      	99.29     	190634135 	5.77      	56.50     
[512, 1024)         	364001    	0.35      	0.40      	99.69     	259742592 	7.87      	64.37     
[1024, 2048)        	137187    	0.13      	0.15      	99.84     	195356505 	5.92      	70.28     
[2048, 4096)        	80608     	0.08      	0.09      	99.93     	225868270 	6.84      	77.12     
[4096, inf)         	62139     	0.06      	0.07      	100.00    	755331614 	22.88     	100.00    
total               	105153953 	100.00    	100.00    	100.00    	3301876564	100.00    	100.00    
105153953 3301876564
90143887 3301876564
====================top 10====================
degree              
[0, 1):             	0 1 43 45 50 53 55 57 59 62 
[1, 2):             	2 8 19 20 21 22 23 34 42 44 
[2, 4):             	3 4 9 25 35 36 67 69 80 82 
[4, 8):             	5 6 7 24 30 37 38 49 61 66 
[8, 16):            	26 27 33 52 71 72 76 77 78 83 
[16, 32):           	18 29 47 48 136 184 186 631 644 665 
[32, 64):           	10 28 39 40 84 124 169 180 196 197 
[64, 128):          	31 32 41 70 73 137 615 616 629 781 
[128, 256):         	17 183 628 723 745 753 754 769 780 785 
[256, 512):         	14 15 126 127 128 129 130 684 739 746 
[512, 1024):        	11 13 741 747 819 840 861 970 971 972 
[1024, 2048):       	74 187 742 743 847 897 907 1021 1208 1221 
[2048, 4096):       	12 16 834 838 856 860 912 914 950 1095 
[4096, inf):        	87 88 89 90 91 92 93 94 96 97 
====================end====================
out degree of 12 is 0
out degree of 300 is 0
out degree of 1024 is 0
out degree of 65535 is 0
out degree of 1023512 is 0
out degree of 13757872 is 0
in degree of 12 is 0
in degree of 300 is 0
in degree of 1024 is 0
in degree of 65535 is 0
in degree of 1023512 is 0
in degree of 13757872 is 0
Freed 0.783458GB for local_buf.
Freed 12.3004GB for local_buf.
Freed 0.783458GB for local_buf.
Freed 12.3004GB for local_buf.
