Print config information:
  Graph info: 
	 - filepath = /mnt/nvme1/zorax/datasets/csr_bin/Kron30/
	 - PREFIX = kron30
	 - nverts = 68349467
	 - nedges = 0 (0 for processing all edges in the filepath) 
  System info: 
	 - JOB = 1
	 - THD_COUNT = 1
	 - QUERY_THD_COUNT = 48
	 - SSDPATH = /mnt/nvme1/zorax/testCSRGraph/
  Graph query benchmark: 
	 - QUERY = 0
	 - source = 0
  Chunk allocator: 
	 - SBLK_POOL_SIZE = 841813590016
	 - sblk_name = sblk
	 - MAX_LEVEL = 1
	 - MEM_BULK_SIZE = 33554432

import csr for out graph
Allocated 8GB for local_buf.
filepath = /mnt/nvme1/zorax/datasets/csr_bin/Kron30//kron30.idx
Allocated 64GB for local_buf.
filepath = /mnt/nvme1/zorax/datasets/csr_bin/Kron30//kron30.adj
nverts = 1073741823, nedges = 17179869184, average degree = 16
532520
import csr for in graph
Allocated 8GB for local_buf.
filepath = /mnt/nvme1/zorax/datasets/csr_bin/Kron30//kron30.ridx
Allocated 64GB for local_buf.
filepath = /mnt/nvme1/zorax/datasets/csr_bin/Kron30//kron30.radj
426120
====================out graph====================
max degree = 9128653
degree              	N(v)      	P(v)      	PNZ(v)    	A(v)      	N(e)      	P(e)      	A(e)      
[0, 1)              	812733470 	75.69     	0.00      	0.00      	0         	0.00      	0.00      
[1, 2)              	83559374  	7.78      	32.01     	32.01     	83559374  	0.49      	0.49      
[2, 4)              	55706240  	5.19      	21.34     	53.36     	131996233 	0.77      	1.25      
[4, 8)              	39165959  	3.65      	15.01     	68.36     	203107032 	1.18      	2.44      
[8, 16)             	26936950  	2.51      	10.32     	78.68     	291420615 	1.70      	4.13      
[16, 32)            	20407764  	1.90      	7.82      	86.50     	446953590 	2.60      	6.73      
[32, 64)            	12847993  	1.20      	4.92      	91.42     	591592346 	3.44      	10.18     
[64, 128)           	8506241   	0.79      	3.26      	94.68     	720082422 	4.19      	14.37     
[128, 256)          	6706487   	0.62      	2.57      	97.25     	1243300091	7.24      	21.61     
[256, 512)          	2591829   	0.24      	0.99      	98.25     	922749838 	5.37      	26.98     
[512, 1024)         	2551190   	0.24      	0.98      	99.22     	1782428993	10.38     	37.35     
[1024, 2048)        	815438    	0.08      	0.31      	99.54     	1256900545	7.32      	44.67     
[2048, 4096)        	680368    	0.06      	0.26      	99.80     	1727007716	10.05     	54.72     
[4096, inf)         	532520    	0.05      	0.20      	100.00    	7778770389	45.28     	100.00    
total               	1073741823	100.00    	100.00    	100.00    	17179869184	100.00    	100.00    
1073741823 17179869184
261008353 17179869184
====================top 10====================
degree              
[0, 1):             	1 3 4 8 10 11 12 13 14 15 
[1, 2):             	5 9 47 51 80 98 101 112 129 142 
[2, 4):             	2 37 78 81 89 91 118 125 131 136 
[4, 8):             	0 26 66 69 76 214 280 359 362 394 
[8, 16):            	82 90 132 174 176 180 222 231 237 285 
[16, 32):           	6 43 57 127 153 164 197 206 228 256 
[32, 64):           	241 291 307 353 369 484 502 518 587 606 
[64, 128):          	7 106 428 516 605 609 649 767 774 900 
[128, 256):         	227 258 372 529 583 780 786 1046 1048 1314 
[256, 512):         	264 762 1237 1532 1788 2227 2875 3659 3740 4443 
[512, 1024):        	432 435 504 1197 1261 1709 2385 2773 3221 3483 
[1024, 2048):       	462 2744 4710 4864 6988 8490 10760 11180 11385 13466 
[2048, 4096):       	6651 7947 10483 13417 15249 15458 16463 16723 19499 19806 
[4096, inf):        	17 1515 2589 3526 3676 4127 6783 9644 13202 22921 
====================end====================
====================in graph====================
max degree = 2281503
degree              	N(v)      	P(v)      	PNZ(v)    	A(v)      	N(e)      	P(e)      	A(e)      
[0, 1)              	669695940 	62.37     	0.00      	0.00      	0         	0.00      	0.00      
[1, 2)              	122203162 	11.38     	30.24     	30.24     	122203162 	0.71      	0.71      
[2, 4)              	88262082  	8.22      	21.84     	52.09     	209525510 	1.22      	1.93      
[4, 8)              	63444073  	5.91      	15.70     	67.79     	331146579 	1.93      	3.86      
[8, 16)             	43975971  	4.10      	10.88     	78.68     	462571555 	2.69      	6.55      
[16, 32)            	36289011  	3.38      	8.98      	87.66     	826573121 	4.81      	11.36     
[32, 64)            	16103741  	1.50      	3.99      	91.64     	730482155 	4.25      	15.61     
[64, 128)           	16146182  	1.50      	4.00      	95.64     	1349012390	7.85      	23.47     
[128, 256)          	8033370   	0.75      	1.99      	97.63     	1548164452	9.01      	32.48     
[256, 512)          	4360623   	0.41      	1.08      	98.71     	1420482286	8.27      	40.75     
[512, 1024)         	3235356   	0.30      	0.80      	99.51     	2350302041	13.68     	54.43     
[1024, 2048)        	866205    	0.08      	0.21      	99.72     	1329641387	7.74      	62.17     
[2048, 4096)        	699987    	0.07      	0.17      	99.89     	1816549962	10.57     	72.74     
[4096, inf)         	426120    	0.04      	0.11      	100.00    	4683214584	27.26     	100.00    
total               	1073741823	100.00    	100.00    	100.00    	17179869184	100.00    	100.00    
1073741823 17179869184
404045883 17179869184
====================top 10====================
degree              
[0, 1):             	1 3 8 9 10 11 14 15 16 19 
[1, 2):             	2 4 21 29 34 35 40 55 66 76 
[2, 4):             	5 13 30 48 54 67 77 80 81 83 
[4, 8):             	37 60 71 82 99 134 145 164 182 204 
[8, 16):            	12 18 38 57 90 125 127 132 138 222 
[16, 32):           	0 69 91 136 176 180 237 285 291 353 
[32, 64):           	7 206 307 369 444 484 502 518 562 580 
[64, 128):          	6 43 174 227 231 239 258 308 334 372 
[128, 256):         	106 197 265 504 516 900 940 1197 1620 1653 
[256, 512):         	26 241 264 324 435 684 762 1237 1261 1743 
[512, 1024):        	428 529 583 1046 1211 1515 1532 1854 2227 2360 
[1024, 2048):       	462 2744 4710 4864 6988 8490 10760 11180 13202 13466 
[2048, 4096):       	17 2385 2589 3526 5264 6783 11696 13365 13671 13877 
[4096, inf):        	3676 4127 9644 16463 22921 24447 27251 33812 37324 37860 
====================end====================
out degree of 12 is 0
out degree of 300 is 0
out degree of 1024 is 0
out degree of 65535 is 0
out degree of 1023512 is 0
out degree of 13757872 is 0
in degree of 12 is 0
in degree of 300 is 0
in degree of 1024 is 0
in degree of 65535 is 0
in degree of 1023512 is 0
in degree of 13757872 is 0
Freed 8GB for local_buf.
Freed 64GB for local_buf.
Freed 8GB for local_buf.
Freed 64GB for local_buf.
