Print config information:
  Graph info: 
	 - filepath = /mnt/nvme1/zorax/datasets/csr_bin/Kron29/
	 - PREFIX = kron29
	 - nverts = 68349467
	 - nedges = 0 (0 for processing all edges in the filepath) 
  System info: 
	 - JOB = 1
	 - THD_COUNT = 1
	 - QUERY_THD_COUNT = 48
	 - SSDPATH = /mnt/nvme1/zorax/testCSRGraph/
  Graph query benchmark: 
	 - QUERY = 0
	 - source = 0
  Chunk allocator: 
	 - SBLK_POOL_SIZE = 841813590016
	 - sblk_name = sblk
	 - MAX_LEVEL = 1
	 - MEM_BULK_SIZE = 33554432

import csr for out graph
Allocated 4GB for local_buf.
filepath = /mnt/nvme1/zorax/datasets/csr_bin/Kron29//kron29.idx
Allocated 32GB for local_buf.
filepath = /mnt/nvme1/zorax/datasets/csr_bin/Kron29//kron29.adj
nverts = 536870909, nedges = 8589934592, average degree = 16
299287
import csr for in graph
Allocated 4GB for local_buf.
filepath = /mnt/nvme1/zorax/datasets/csr_bin/Kron29//kron29.ridx
Allocated 32GB for local_buf.
filepath = /mnt/nvme1/zorax/datasets/csr_bin/Kron29//kron29.radj
225016
====================out graph====================
max degree = 6004993
degree              	N(v)      	P(v)      	PNZ(v)    	A(v)      	N(e)      	P(e)      	A(e)      
[0, 1)              	400772670 	74.65     	0.00      	0.00      	0         	0.00      	0.00      
[1, 2)              	43137623  	8.04      	31.70     	31.70     	43137623  	0.50      	0.50      
[2, 4)              	29099802  	5.42      	21.38     	53.08     	69001347  	0.80      	1.31      
[4, 8)              	20289346  	3.78      	14.91     	67.99     	104936872 	1.22      	2.53      
[8, 16)             	14868614  	2.77      	10.92     	78.91     	162047107 	1.89      	4.41      
[16, 32)            	9623430   	1.79      	7.07      	85.98     	211855237 	2.47      	6.88      
[32, 64)            	7795182   	1.45      	5.73      	91.71     	344710607 	4.01      	10.89     
[64, 128)           	4179513   	0.78      	3.07      	94.78     	391299618 	4.56      	15.45     
[128, 256)          	2996696   	0.56      	2.20      	96.98     	499483365 	5.81      	21.26     
[256, 512)          	2057355   	0.38      	1.51      	98.49     	773539322 	9.01      	30.27     
[512, 1024)         	824007    	0.15      	0.61      	99.10     	562590469 	6.55      	36.82     
[1024, 2048)        	750371    	0.14      	0.55      	99.65     	1079978205	12.57     	49.39     
[2048, 4096)        	177013    	0.03      	0.13      	99.78     	544861669 	6.34      	55.73     
[4096, inf)         	299287    	0.06      	0.22      	100.00    	3802493151	44.27     	100.00    
total               	536870909 	100.00    	100.00    	100.00    	8589934592	100.00    	100.00    
536870909 8589934592
136098239 8589934592
====================top 10====================
degree              
[0, 1):             	1 2 3 4 8 9 10 11 13 14 
[1, 2):             	5 12 37 48 67 76 78 103 129 134 
[2, 4):             	0 66 80 96 131 176 180 201 214 215 
[4, 8):             	38 82 89 99 102 127 132 145 198 256 
[8, 16):            	18 57 79 90 125 153 164 184 206 222 
[16, 32):           	7 239 307 369 380 484 516 518 544 583 
[32, 64):           	91 106 291 353 495 587 605 609 649 766 
[64, 128):          	6 26 174 227 258 308 372 780 1048 1313 
[128, 256):         	43 231 264 265 684 762 786 1237 1612 1657 
[256, 512):         	197 241 435 462 504 1197 1211 1261 1709 2773 
[512, 1024):        	432 2360 2744 3483 3724 4864 6893 8182 9778 10671 
[1024, 2048):       	428 529 1046 5439 6651 7298 7947 9821 9919 10081 
[2048, 4096):       	17 2589 6783 11696 25046 25744 28137 29586 31895 39888 
[4096, inf):        	1515 2385 3526 3676 4127 5264 9644 13202 13365 13671 
====================end====================
====================in graph====================
max degree = 1500423
degree              	N(v)      	P(v)      	PNZ(v)    	A(v)      	N(e)      	P(e)      	A(e)      
[0, 1)              	326057542 	60.73     	0.00      	0.00      	0         	0.00      	0.00      
[1, 2)              	62843124  	11.71     	29.81     	29.81     	62843124  	0.73      	0.73      
[2, 4)              	45851460  	8.54      	21.75     	51.56     	108956730 	1.27      	2.00      
[4, 8)              	34165893  	6.36      	16.21     	67.77     	177078788 	2.06      	4.06      
[8, 16)             	23059638  	4.30      	10.94     	78.70     	254892150 	2.97      	7.03      
[16, 32)            	16448550  	3.06      	7.80      	86.51     	343595299 	4.00      	11.03     
[32, 64)            	13392001  	2.49      	6.35      	92.86     	625435382 	7.28      	18.31     
[64, 128)           	4984743   	0.93      	2.36      	95.22     	454955366 	5.30      	23.61     
[128, 256)          	5316252   	0.99      	2.52      	97.75     	894864494 	10.42     	34.02     
[256, 512)          	2184396   	0.41      	1.04      	98.78     	836645468 	9.74      	43.76     
[512, 1024)         	1344309   	0.25      	0.64      	99.42     	860699262 	10.02     	53.78     
[1024, 2048)        	809404    	0.15      	0.38      	99.80     	1193986960	13.90     	67.68     
[2048, 4096)        	188581    	0.04      	0.09      	99.89     	573866831 	6.68      	74.36     
[4096, inf)         	225016    	0.04      	0.11      	100.00    	2202114738	25.64     	100.00    
total               	536870909 	100.00    	100.00    	100.00    	8589934592	100.00    	100.00    
536870909 8589934592
210813367 8589934592
====================top 10====================
degree              
[0, 1):             	1 2 3 4 8 10 11 14 15 16 
[1, 2):             	5 9 13 31 40 81 83 93 96 111 
[2, 4):             	19 35 76 77 78 80 102 109 125 129 
[4, 8):             	37 54 57 60 66 79 84 144 164 204 
[8, 16):            	12 18 38 48 82 90 92 99 105 127 
[16, 32):           	0 7 69 71 91 132 136 138 161 176 
[32, 64):           	43 206 231 258 307 334 369 444 484 502 
[64, 128):          	6 174 227 308 372 432 562 780 786 1048 
[128, 256):         	106 239 241 504 516 581 900 940 1121 1172 
[256, 512):         	26 197 264 265 435 684 762 1046 1237 1653 
[512, 1024):        	324 428 529 583 1515 1532 1743 2227 2914 3910 
[1024, 2048):       	462 1211 1854 2360 2572 2744 3992 4710 4864 6543 
[2048, 4096):       	17 2589 3526 6783 11696 22921 25046 25744 28137 29586 
[4096, inf):        	3676 4127 9644 16463 24447 27251 33669 33812 36306 37324 
====================end====================
out degree of 12 is 0
out degree of 300 is 0
out degree of 1024 is 0
out degree of 65535 is 0
out degree of 1023512 is 0
out degree of 13757872 is 0
in degree of 12 is 0
in degree of 300 is 0
in degree of 1024 is 0
in degree of 65535 is 0
in degree of 1023512 is 0
in degree of 13757872 is 0
Freed 4GB for local_buf.
Freed 32GB for local_buf.
Freed 4GB for local_buf.
Freed 32GB for local_buf.
