Print config information:
  Graph info: 
	 - filepath = /mnt/nvme1/zorax/datasets/csr_bin/Yahoo/
	 - PREFIX = yahoo
	 - nverts = 68349467
	 - nedges = 0 (0 for processing all edges in the filepath) 
  System info: 
	 - JOB = 1
	 - THD_COUNT = 1
	 - QUERY_THD_COUNT = 48
	 - SSDPATH = /mnt/nvme1/zorax/testCSRGraph/
  Graph query benchmark: 
	 - QUERY = 0
	 - source = 0
  Chunk allocator: 
	 - SBLK_POOL_SIZE = 841813590016
	 - sblk_name = sblk
	 - MAX_LEVEL = 1
	 - MEM_BULK_SIZE = 33554432

import csr for out graph
Allocated 10.5315GB for local_buf.
filepath = /mnt/nvme1/zorax/datasets/csr_bin/Yahoo//yahoo.idx
Allocated 24.7233GB for local_buf.
filepath = /mnt/nvme1/zorax/datasets/csr_bin/Yahoo//yahoo.adj
nverts = 1413511394, nedges = 6636600779, average degree = 4.69512
0
import csr for in graph
Allocated 10.5315GB for local_buf.
filepath = /mnt/nvme1/zorax/datasets/csr_bin/Yahoo//yahoo.ridx
Allocated 24.7233GB for local_buf.
filepath = /mnt/nvme1/zorax/datasets/csr_bin/Yahoo//yahoo.radj
156772
====================out graph====================
max degree = 2513
degree              	N(v)      	P(v)      	PNZ(v)    	A(v)      	N(e)      	P(e)      	A(e)      
[0, 1)              	759599056 	53.74     	0.00      	0.00      	0         	0.00      	0.00      
[1, 2)              	204256843 	14.45     	31.24     	31.24     	204256843 	3.08      	3.08      
[2, 4)              	155802454 	11.02     	23.83     	55.06     	366187825 	5.52      	8.60      
[4, 8)              	101874722 	7.21      	15.58     	70.64     	530435995 	7.99      	16.59     
[8, 16)             	89662288  	6.34      	13.71     	84.35     	977692261 	14.73     	31.32     
[16, 32)            	60523937  	4.28      	9.26      	93.61     	1333426106	20.09     	51.41     
[32, 64)            	27834661  	1.97      	4.26      	97.87     	1202388911	18.12     	69.53     
[64, 128)           	9115667   	0.64      	1.39      	99.26     	771543308 	11.63     	81.15     
[128, 256)          	3806160   	0.27      	0.58      	99.84     	663099729 	9.99      	91.15     
[256, 512)          	674552    	0.05      	0.10      	99.94     	223840210 	3.37      	94.52     
[512, 1024)         	179361    	0.01      	0.03      	99.97     	120863458 	1.82      	96.34     
[1024, 2048)        	180249    	0.01      	0.03      	100.00    	239724005 	3.61      	99.95     
[2048, 4096)        	1444      	0.00      	0.00      	100.00    	3142128   	0.05      	100.00    
[4096, inf)         	0         	0.00      	0.00      	100.00    	0         	0.00      	100.00    
total               	1413511394	100.00    	100.00    	100.00    	6636600779	100.00    	100.00    
1413511394 6636600779
653912338 6636600779
====================top 10====================
degree              
[0, 1):             	0 1 2 3 5 6 7 8 12 13 
[1, 2):             	37 38 70 71 72 74 114 135 232 241 
[2, 4):             	42 55 66 73 82 84 110 116 129 130 
[4, 8):             	10 43 75 111 248 321 324 331 345 355 
[8, 16):            	36 41 46 47 48 54 96 104 105 132 
[16, 32):           	9 11 22 76 77 102 133 244 325 351 
[32, 64):           	32 39 49 61 101 357 3000 3016 3094 3208 
[64, 128):          	245 254 260 261 262 263 264 265 266 267 
[128, 256):         	14 15 17 18 19 20 23 25 26 28 
[256, 512):         	4 52 53 58 59 78 79 80 87 103 
[512, 1024):        	62 63 64 65 113 120 121 122 123 124 
[1024, 2048):       	700 701 702 703 704 705 706 707 708 709 
[2048, 4096):       	3774 15001 16947 24645 31916 36034 36161 36178 39620 39648 
[4096, inf):        	
====================end====================
====================in graph====================
max degree = 7637656
degree              	N(v)      	P(v)      	PNZ(v)    	A(v)      	N(e)      	P(e)      	A(e)      
[0, 1)              	1208655849	85.51     	0.00      	0.00      	0         	0.00      	0.00      
[1, 2)              	74122631  	5.24      	36.18     	36.18     	74122631  	1.12      	1.12      
[2, 4)              	47607371  	3.37      	23.24     	59.42     	112111182 	1.69      	2.81      
[4, 8)              	25029414  	1.77      	12.22     	71.64     	127510520 	1.92      	4.73      
[8, 16)             	27218162  	1.93      	13.29     	84.93     	298669078 	4.50      	9.23      
[16, 32)            	14709275  	1.04      	7.18      	92.11     	319886313 	4.82      	14.05     
[32, 64)            	7859115   	0.56      	3.84      	95.94     	339038494 	5.11      	19.16     
[64, 128)           	4020456   	0.28      	1.96      	97.91     	351856086 	5.30      	24.46     
[128, 256)          	2084182   	0.15      	1.02      	98.92     	376134469 	5.67      	30.13     
[256, 512)          	1131213   	0.08      	0.55      	99.48     	395234051 	5.96      	36.08     
[512, 1024)         	510444    	0.04      	0.25      	99.73     	362958912 	5.47      	41.55     
[1024, 2048)        	262971    	0.02      	0.13      	99.85     	372741710 	5.62      	47.17     
[2048, 4096)        	143539    	0.01      	0.07      	99.92     	407836463 	6.15      	53.31     
[4096, inf)         	156772    	0.01      	0.08      	100.00    	3098500870	46.69     	100.00    
total               	1413511394	100.00    	100.00    	100.00    	6636600779	100.00    	100.00    
1413511394 6636600779
204855545 6636600779
====================top 10====================
degree              
[0, 1):             	0 1 2 3 4 30 32 52 53 58 
[1, 2):             	3352 3467 3665 3861 4061 4371 4574 4619 11691 11770 
[2, 4):             	113 3078 3401 3402 3694 3773 3920 4058 4150 4372 
[4, 8):             	83 87 249 365 366 3109 3752 3926 4059 10283 
[8, 16):            	79 2996 3767 3862 3885 4144 4149 4370 4403 4590 
[16, 32):           	358 359 360 361 3753 3924 4620 10389 10395 10418 
[32, 64):           	78 109 362 3079 4057 5033 10491 10542 10566 10603 
[64, 128):          	138 139 140 141 142 143 3031 10664 10698 10707 
[128, 256):         	3039 3081 3082 3083 3084 3085 3086 3087 3088 3089 
[256, 512):         	9 10 11 12 13 14 15 16 17 18 
[512, 1024):        	39 49 50 63 64 72 76 77 81 88 
[1024, 2048):       	5 6 7 8 21 22 41 42 48 57 
[2048, 4096):       	37 38 43 45 228 3010 3011 3093 3263 3269 
[4096, inf):        	36 44 51 55 75 104 105 108 131 357 
====================end====================
out degree of 12 is 0
out degree of 300 is 0
out degree of 1024 is 0
out degree of 65535 is 0
out degree of 1023512 is 0
out degree of 13757872 is 0
in degree of 12 is 0
in degree of 300 is 0
in degree of 1024 is 0
in degree of 65535 is 0
in degree of 1023512 is 0
in degree of 13757872 is 0
Freed 10.5315GB for local_buf.
Freed 24.7233GB for local_buf.
Freed 10.5315GB for local_buf.
Freed 24.7233GB for local_buf.
