Print config information:
  Graph info: 
	 - filepath = /mnt/nvme1/zorax/datasets/csr_bin/Kron28/
	 - PREFIX = kron28
	 - nverts = 68349467
	 - nedges = 0 (0 for processing all edges in the filepath) 
  System info: 
	 - JOB = 1
	 - THD_COUNT = 1
	 - QUERY_THD_COUNT = 48
	 - SSDPATH = /mnt/nvme1/zorax/testCSRGraph/
  Graph query benchmark: 
	 - QUERY = 0
	 - source = 0
  Chunk allocator: 
	 - SBLK_POOL_SIZE = 841813590016
	 - sblk_name = sblk
	 - MAX_LEVEL = 1
	 - MEM_BULK_SIZE = 33554432

import csr for out graph
Allocated 2GB for local_buf.
filepath = /mnt/nvme1/zorax/datasets/csr_bin/Kron28//kron28.idx
Allocated 16GB for local_buf.
filepath = /mnt/nvme1/zorax/datasets/csr_bin/Kron28//kron28.adj
nverts = 268435456, nedges = 4294967296, average degree = 16
99035
import csr for in graph
Allocated 2GB for local_buf.
filepath = /mnt/nvme1/zorax/datasets/csr_bin/Kron28//kron28.ridx
Allocated 16GB for local_buf.
filepath = /mnt/nvme1/zorax/datasets/csr_bin/Kron28//kron28.radj
74316
====================out graph====================
max degree = 3951045
degree              	N(v)      	P(v)      	PNZ(v)    	A(v)      	N(e)      	P(e)      	A(e)      
[0, 1)              	197476389 	73.57     	0.00      	0.00      	0         	0.00      	0.00      
[1, 2)              	22261027  	8.29      	31.37     	31.37     	22261027  	0.52      	0.52      
[2, 4)              	15145372  	5.64      	21.34     	52.72     	35913872  	0.84      	1.35      
[4, 8)              	10697560  	3.99      	15.08     	67.79     	55514263  	1.29      	2.65      
[8, 16)             	7598680   	2.83      	10.71     	78.50     	81631261  	1.90      	4.55      
[16, 32)            	5609382   	2.09      	7.91      	86.40     	126068945 	2.94      	7.48      
[32, 64)            	3351225   	1.25      	4.72      	91.13     	147342202 	3.43      	10.91     
[64, 128)           	2878971   	1.07      	4.06      	95.18     	257260675 	5.99      	16.90     
[128, 256)          	1264706   	0.47      	1.78      	96.97     	239033266 	5.57      	22.47     
[256, 512)          	1036666   	0.39      	1.46      	98.43     	345544405 	8.05      	30.51     
[512, 1024)         	549492    	0.20      	0.77      	99.20     	420754744 	9.80      	40.31     
[1024, 2048)        	260323    	0.10      	0.37      	99.57     	334846038 	7.80      	48.11     
[2048, 4096)        	206628    	0.08      	0.29      	99.86     	615606815 	14.33     	62.44     
[4096, inf)         	99035     	0.04      	0.14      	100.00    	1613189783	37.56     	100.00    
total               	268435456 	100.00    	100.00    	100.00    	4294967296	100.00    	100.00    
268435456 4294967296
70959067 4294967296
====================top 10====================
degree              
[0, 1):             	1 2 3 4 5 8 9 10 11 14 
[1, 2):             	15 27 29 34 35 59 73 77 78 92 
[2, 4):             	13 54 57 67 79 82 84 89 182 215 
[4, 8):             	18 66 71 90 102 105 118 125 136 138 
[8, 16):            	7 12 91 127 153 180 204 291 310 338 
[16, 32):           	0 69 174 227 237 264 334 560 594 605 
[32, 64):           	265 372 495 502 580 609 681 682 762 767 
[64, 128):          	6 43 206 231 258 308 324 444 780 900 
[128, 256):         	197 239 241 435 504 581 1197 1261 1408 1709 
[256, 512):         	106 432 516 583 1121 1410 1620 1985 2227 2492 
[512, 1024):        	26 428 529 1046 1532 1653 3659 3910 4443 5439 
[1024, 2048):       	17 1854 2572 2589 6651 6783 9821 10420 10483 11696 
[2048, 4096):       	462 1211 1515 2385 3992 4710 5264 6543 6988 8490 
[4096, inf):        	3526 3676 4127 9644 16463 27251 30302 33669 33812 36306 
====================end====================
====================in graph====================
max degree = 987283
degree              	N(v)      	P(v)      	PNZ(v)    	A(v)      	N(e)      	P(e)      	A(e)      
[0, 1)              	158436518 	59.02     	0.00      	0.00      	0         	0.00      	0.00      
[1, 2)              	32274604  	12.02     	29.34     	29.34     	32274604  	0.75      	0.75      
[2, 4)              	24142483  	8.99      	21.95     	51.29     	57464581  	1.34      	2.09      
[4, 8)              	17086131  	6.37      	15.53     	66.82     	88136067  	2.05      	4.14      
[8, 16)             	13723636  	5.11      	12.48     	79.30     	148765344 	3.46      	7.61      
[16, 32)            	7857585   	2.93      	7.14      	86.44     	180489700 	4.20      	11.81     
[32, 64)            	6094024   	2.27      	5.54      	91.98     	251060831 	5.85      	17.65     
[64, 128)           	4561425   	1.70      	4.15      	96.13     	434001695 	10.10     	27.76     
[128, 256)          	1473062   	0.55      	1.34      	97.47     	266754682 	6.21      	33.97     
[256, 512)          	1622257   	0.60      	1.47      	98.94     	550729788 	12.82     	46.79     
[512, 1024)         	541224    	0.20      	0.49      	99.43     	411698729 	9.59      	56.38     
[1024, 2048)        	366378    	0.14      	0.33      	99.77     	462791140 	10.78     	67.15     
[2048, 4096)        	181813    	0.07      	0.17      	99.93     	542373651 	12.63     	79.78     
[4096, inf)         	74316     	0.03      	0.07      	100.00    	868426484 	20.22     	100.00    
total               	268435456 	100.00    	100.00    	100.00    	4294967296	100.00    	100.00    
268435456 4294967296
109998938 4294967296
====================top 10====================
degree              
[0, 1):             	1 2 3 4 8 9 10 11 13 14 
[1, 2):             	21 27 34 35 56 67 73 77 129 156 
[2, 4):             	5 12 30 40 83 89 96 102 109 116 
[4, 8):             	18 19 29 37 48 54 57 84 105 125 
[8, 16):            	38 60 82 90 92 99 127 132 134 145 
[16, 32):           	0 7 43 91 136 138 180 338 353 369 
[32, 64):           	6 69 71 106 161 206 231 258 291 307 
[64, 128):          	174 227 334 372 516 562 580 681 682 746 
[128, 256):         	197 239 241 435 462 504 581 1197 1261 1408 
[256, 512):         	264 265 428 684 762 900 940 1046 1172 1237 
[512, 1024):        	26 529 583 1211 1515 1532 2227 4864 5264 5651 
[1024, 2048):       	324 1743 2360 2572 2744 2914 3526 4710 5309 6412 
[2048, 4096):       	17 1854 2589 6783 13877 14207 19828 22921 25046 25744 
[4096, inf):        	3676 4127 9644 16463 24447 27251 33669 33812 39826 47692 
====================end====================
out degree of 12 is 0
out degree of 300 is 0
out degree of 1024 is 0
out degree of 65535 is 0
out degree of 1023512 is 0
out degree of 13757872 is 0
in degree of 12 is 0
in degree of 300 is 0
in degree of 1024 is 0
in degree of 65535 is 0
in degree of 1023512 is 0
in degree of 13757872 is 0
Freed 2GB for local_buf.
Freed 16GB for local_buf.
Freed 2GB for local_buf.
Freed 16GB for local_buf.
