Print config information:
  Graph info: 
	 - filepath = /mnt/nvme1/zorax/datasets/csr_bin/Friendster/
	 - PREFIX = friendster
	 - nverts = 68349467
	 - nedges = 0 (0 for processing all edges in the filepath) 
  System info: 
	 - JOB = 1
	 - THD_COUNT = 1
	 - QUERY_THD_COUNT = 48
	 - SSDPATH = /mnt/nvme1/zorax/testCSRGraph/
  Graph query benchmark: 
	 - QUERY = 0
	 - source = 0
  Chunk allocator: 
	 - SBLK_POOL_SIZE = 841813590016
	 - sblk_name = sblk
	 - MAX_LEVEL = 1
	 - MEM_BULK_SIZE = 33554432

import csr for out graph
Allocated 0.509243GB for local_buf.
filepath = /mnt/nvme1/zorax/datasets/csr_bin/Friendster//friendster.idx
Allocated 9.63415GB for local_buf.
filepath = /mnt/nvme1/zorax/datasets/csr_bin/Friendster//friendster.adj
nverts = 68349467, nedges = 2586147869, average degree = 37.8371
6
import csr for in graph
Allocated 0.509243GB for local_buf.
filepath = /mnt/nvme1/zorax/datasets/csr_bin/Friendster//friendster.ridx
Allocated 9.63415GB for local_buf.
filepath = /mnt/nvme1/zorax/datasets/csr_bin/Friendster//friendster.radj
0
====================out graph====================
max degree = 5214
degree              	N(v)      	P(v)      	PNZ(v)    	A(v)      	N(e)      	P(e)      	A(e)      
[0, 1)              	12239269  	17.91     	0.00      	0.00      	0         	0.00      	0.00      
[1, 2)              	14490104  	21.20     	25.82     	25.82     	14490104  	0.56      	0.56      
[2, 4)              	9554954   	13.98     	17.03     	42.85     	22740598  	0.88      	1.44      
[4, 8)              	7143041   	10.45     	12.73     	55.58     	37165151  	1.44      	2.88      
[8, 16)             	5755152   	8.42      	10.26     	65.84     	62995958  	2.44      	5.31      
[16, 32)            	5088512   	7.44      	9.07      	74.91     	114359846 	4.42      	9.73      
[32, 64)            	4587685   	6.71      	8.18      	83.09     	208263035 	8.05      	17.79     
[64, 128)           	4046611   	5.92      	7.21      	90.30     	368276366 	14.24     	32.03     
[128, 256)          	3095977   	4.53      	5.52      	95.82     	555552396 	21.48     	53.51     
[256, 512)          	1651311   	2.42      	2.94      	98.76     	579232762 	22.40     	75.91     
[512, 1024)         	537534    	0.79      	0.96      	99.72     	369027947 	14.27     	90.18     
[1024, 2048)        	127804    	0.19      	0.23      	99.94     	171306260 	6.62      	96.80     
[2048, 4096)        	31507     	0.05      	0.06      	100.00    	82710105  	3.20      	100.00    
[4096, inf)         	6         	0.00      	0.00      	100.00    	27341     	0.00      	100.00    
total               	68349467  	100.00    	100.00    	100.00    	2586147869	100.00    	100.00    
68349467 2586147869
56110198 2586147869
====================top 10====================
degree              
[0, 1):             	0 2 5 11 15 17 31 38 52 55 
[1, 2):             	4 6 7 8 9 10 21 23 24 29 
[2, 4):             	14 28 34 40 43 50 53 66 69 164 
[4, 8):             	3 22 32 35 49 64 68 141 142 145 
[8, 16):            	16 19 20 25 26 36 41 45 47 56 
[16, 32):           	1 12 13 18 27 30 54 73 99 134 
[32, 64):           	37 39 42 46 58 59 65 67 72 79 
[64, 128):          	44 48 57 60 62 70 77 81 82 85 
[128, 256):         	74 76 78 80 88 94 97 114 125 133 
[256, 512):         	194 265 290 318 327 364 368 404 426 479 
[512, 1024):        	1108 1445 3162 3170 3175 3490 3826 4779 4781 4803 
[1024, 2048):       	3346 3353 4816 5087 5539 5565 5586 5641 10782 12230 
[2048, 4096):       	3273 3373 5629 6596 12194 12277 12372 13036 13046 13935 
[4096, inf):        	801109 816238 863065 1123708 2098231 3142234 
====================end====================
====================in graph====================
max degree = 3124
degree              	N(v)      	P(v)      	PNZ(v)    	A(v)      	N(e)      	P(e)      	A(e)      
[0, 1)              	6016672   	8.80      	0.00      	0.00      	0         	0.00      	0.00      
[1, 2)              	14338444  	20.98     	23.00     	23.00     	14338444  	0.55      	0.55      
[2, 4)              	9628611   	14.09     	15.45     	38.45     	22944776  	0.89      	1.44      
[4, 8)              	7688269   	11.25     	12.33     	50.78     	40244172  	1.56      	3.00      
[8, 16)             	6855977   	10.03     	11.00     	61.78     	75449276  	2.92      	5.92      
[16, 32)            	6572453   	9.62      	10.54     	72.33     	148271844 	5.73      	11.65     
[32, 64)            	6420222   	9.39      	10.30     	82.63     	292477750 	11.31     	22.96     
[64, 128)           	5585215   	8.17      	8.96      	91.59     	504487283 	19.51     	42.47     
[128, 256)          	3393210   	4.96      	5.44      	97.03     	598708709 	23.15     	65.62     
[256, 512)          	1339026   	1.96      	2.15      	99.18     	463118560 	17.91     	83.52     
[512, 1024)         	402733    	0.59      	0.65      	99.83     	274951439 	10.63     	94.16     
[1024, 2048)        	105252    	0.15      	0.17      	99.99     	143513812 	5.55      	99.70     
[2048, 4096)        	3383      	0.00      	0.01      	100.00    	7641804   	0.30      	100.00    
[4096, inf)         	0         	0.00      	0.00      	100.00    	0         	0.00      	100.00    
total               	68349467  	100.00    	100.00    	100.00    	2586147869	100.00    	100.00    
68349467 2586147869
62332795 2586147869
====================top 10====================
degree              
[0, 1):             	0 51 900 1376 1395 1667 1708 1867 1984 2113 
[1, 2):             	4 6 7 8 9 10 21 23 24 29 
[2, 4):             	3 14 22 28 32 34 40 43 50 66 
[4, 8):             	26 35 45 49 64 68 136 141 142 145 
[8, 16):            	1 12 13 16 17 18 19 20 25 30 
[16, 32):           	5 11 27 38 42 55 59 65 73 84 
[32, 64):           	15 31 37 39 44 46 57 58 60 67 
[64, 128):          	48 62 70 71 75 76 77 81 82 85 
[128, 256):         	2 74 78 80 88 94 97 125 194 225 
[256, 512):         	290 318 404 515 521 576 579 581 629 645 
[512, 1024):        	1108 3157 3177 3346 3353 3356 4816 4828 4901 4908 
[1024, 2048):       	3273 3373 4917 5087 5095 5530 5586 5611 5629 5641 
[2048, 4096):       	60955 481703 511546 590371 604133 614040 696385 715702 721320 801109 
[4096, inf):        	
====================end====================
out degree of 12 is 0
out degree of 300 is 0
out degree of 1024 is 0
out degree of 65535 is 0
out degree of 1023512 is 0
out degree of 13757872 is 0
in degree of 12 is 0
in degree of 300 is 0
in degree of 1024 is 0
in degree of 65535 is 0
in degree of 1023512 is 0
in degree of 13757872 is 0
Freed 0.509243GB for local_buf.
Freed 9.63415GB for local_buf.
Freed 0.509243GB for local_buf.
Freed 9.63415GB for local_buf.
