Print config information:
  Graph info: 
	 - filepath = /mnt/nvme1/zorax/datasets/csr_bin/Twitter/
	 - PREFIX = twitter
	 - nverts = 68349467
	 - nedges = 0 (0 for processing all edges in the filepath) 
  System info: 
	 - JOB = 1
	 - THD_COUNT = 1
	 - QUERY_THD_COUNT = 48
	 - SSDPATH = /mnt/nvme1/zorax/testCSRGraph/
  Graph query benchmark: 
	 - QUERY = 0
	 - source = 0
  Chunk allocator: 
	 - SBLK_POOL_SIZE = 841813590016
	 - sblk_name = sblk
	 - MAX_LEVEL = 1
	 - MEM_BULK_SIZE = 33554432

import csr for out graph
Allocated 0.458795GB for local_buf.
filepath = /mnt/nvme1/zorax/datasets/csr_bin/Twitter//twitter.idx
Allocated 5.47009GB for local_buf.
filepath = /mnt/nvme1/zorax/datasets/csr_bin/Twitter//twitter.adj
nverts = 61578415, nedges = 1468365182, average degree = 23.8455
22323
import csr for in graph
Allocated 0.458795GB for local_buf.
filepath = /mnt/nvme1/zorax/datasets/csr_bin/Twitter//twitter.ridx
Allocated 5.47009GB for local_buf.
filepath = /mnt/nvme1/zorax/datasets/csr_bin/Twitter//twitter.radj
15065
====================out graph====================
max degree = 2997469
degree              	N(v)      	P(v)      	PNZ(v)    	A(v)      	N(e)      	P(e)      	A(e)      
[0, 1)              	21475134  	34.87     	0.00      	0.00      	0         	0.00      	0.00      
[1, 2)              	2814494   	4.57      	7.02      	7.02      	2814494   	0.19      	0.19      
[2, 4)              	6530928   	10.61     	16.29     	23.30     	16461454  	1.12      	1.31      
[4, 8)              	11508309  	18.69     	28.70     	52.00     	61461694  	4.19      	5.50      
[8, 16)             	9790173   	15.90     	24.41     	76.41     	105828407 	7.21      	12.71     
[16, 32)            	5276621   	8.57      	13.16     	89.57     	112373214 	7.65      	20.36     
[32, 64)            	2129029   	3.46      	5.31      	94.88     	93122547  	6.34      	26.70     
[64, 128)           	995308    	1.62      	2.48      	97.36     	87533236  	5.96      	32.66     
[128, 256)          	496697    	0.81      	1.24      	98.60     	88030629  	6.00      	38.66     
[256, 512)          	266821    	0.43      	0.67      	99.26     	95209255  	6.48      	45.14     
[512, 1024)         	152689    	0.25      	0.38      	99.65     	109434102 	7.45      	52.59     
[1024, 2048)        	86907     	0.14      	0.22      	99.86     	122800991 	8.36      	60.96     
[2048, 4096)        	32982     	0.05      	0.08      	99.94     	93108414  	6.34      	67.30     
[4096, inf)         	22323     	0.04      	0.06      	100.00    	480186745 	32.70     	100.00    
total               	61578415  	100.00    	100.00    	100.00    	1468365182	100.00    	100.00    
61578415 1468365182
40103281 1468365182
====================top 10====================
degree              
[0, 1):             	0 1 2 3 4 5 6 7 8 9 
[1, 2):             	32 96 106 140 183 580 996 1151 1607 1611 
[2, 4):             	80 81 138 149 196 237 280 332 500 584 
[4, 8):             	41 105 144 148 343 435 497 499 905 915 
[8, 16):            	102 152 241 267 336 339 353 356 463 464 
[16, 32):           	76 205 206 211 212 213 215 217 218 227 
[32, 64):           	24 38 56 70 200 204 230 236 244 247 
[64, 128):          	92 208 221 229 255 272 287 299 304 310 
[128, 256):         	16 69 104 141 188 189 202 203 216 220 
[256, 512):         	136 155 209 238 266 279 306 324 341 348 
[512, 1024):        	67 89 190 194 214 224 235 242 260 277 
[1024, 2048):       	34 52 59 60 61 62 108 126 187 240 
[2048, 4096):       	22 23 31 47 58 64 94 288 293 541 
[4096, inf):        	12 13 14 15 17 18 20 21 53 57 
====================end====================
====================in graph====================
max degree = 770155
degree              	N(v)      	P(v)      	PNZ(v)    	A(v)      	N(e)      	P(e)      	A(e)      
[0, 1)              	25889267  	42.04     	0.00      	0.00      	0         	0.00      	0.00      
[1, 2)              	6572991   	10.67     	18.42     	18.42     	6572991   	0.45      	0.45      
[2, 4)              	5398226   	8.77      	15.13     	33.54     	13009476  	0.89      	1.33      
[4, 8)              	5147767   	8.36      	14.42     	47.97     	27065517  	1.84      	3.18      
[8, 16)             	4519367   	7.34      	12.66     	60.63     	49556817  	3.37      	6.55      
[16, 32)            	8803449   	14.30     	24.67     	85.30     	187047326 	12.74     	19.29     
[32, 64)            	2386728   	3.88      	6.69      	91.98     	104945698 	7.15      	26.44     
[64, 128)           	1230818   	2.00      	3.45      	95.43     	108713358 	7.40      	33.84     
[128, 256)          	717668    	1.17      	2.01      	97.44     	130441405 	8.88      	42.72     
[256, 512)          	437155    	0.71      	1.22      	98.67     	156355105 	10.65     	53.37     
[512, 1024)         	255981    	0.42      	0.72      	99.39     	187299858 	12.76     	66.13     
[1024, 2048)        	174274    	0.28      	0.49      	99.87     	271170331 	18.47     	84.60     
[2048, 4096)        	29659     	0.05      	0.08      	99.96     	80369727  	5.47      	90.07     
[4096, inf)         	15065     	0.02      	0.04      	100.00    	145817573 	9.93      	100.00    
total               	61578415  	100.00    	100.00    	100.00    	1468365182	100.00    	100.00    
61578415 1468365182
35689148 1468365182
====================top 10====================
degree              
[0, 1):             	0 1 2 3 4 5 6 7 8 9 
[1, 2):             	138 140 149 173 183 185 200 205 211 212 
[2, 4):             	69 80 81 96 106 148 196 208 275 280 
[4, 8):             	102 105 141 144 220 237 240 244 272 306 
[8, 16):            	41 203 279 304 329 335 339 385 580 763 
[16, 32):           	34 66 76 104 126 188 204 209 221 235 
[32, 64):           	24 38 62 64 155 187 189 202 236 265 
[64, 128):          	14 18 23 31 52 56 58 59 60 67 
[128, 256):         	13 17 57 61 194 238 260 266 274 291 
[256, 512):         	15 16 21 22 47 53 87 150 246 257 
[512, 1024):        	12 20 107 295 506 509 528 544 586 762 
[1024, 2048):       	841 913 1081 1173 1186 1192 1265 1298 1469 1688 
[2048, 4096):       	456 531 1077 1083 1117 1378 2024 2666 2900 3336 
[4096, inf):        	874 985 1110 1148 1418 1495 2547 3148 6499 6954 
====================end====================
out degree of 12 is 0
out degree of 300 is 0
out degree of 1024 is 0
out degree of 65535 is 0
out degree of 1023512 is 0
out degree of 13757872 is 0
in degree of 12 is 0
in degree of 300 is 0
in degree of 1024 is 0
in degree of 65535 is 0
in degree of 1023512 is 0
in degree of 13757872 is 0
Freed 0.458795GB for local_buf.
Freed 5.47009GB for local_buf.
Freed 0.458795GB for local_buf.
Freed 5.47009GB for local_buf.
