Print config information:
  Graph info: 
	 - filepath = /mnt/nvme1/zorax/datasets/csr_bin/Friendster/
	 - PREFIX = friendster
	 - nverts = 68349467
	 - nedges = 0 (0 for processing all edges in the filepath) 
  System info: 
	 - JOB = 6
	 - THD_COUNT = 1
	 - QUERY_THD_COUNT = 48
	 - SSDPATH = /mnt/nvme2/zorax/testCSRGraph/
  Graph query benchmark: 
	 - QUERY = 0
	 - source = 801109
  Chunk allocator: 
	 - SBLK_POOL_SIZE = 137438953472
	 - sblk_name = sblk
	 - MAX_LEVEL = 1
	 - MEM_BULK_SIZE = 33554432

import csr for out graph
Allocated 0.509243GB for local_buf.
filepath = /mnt/nvme1/zorax/datasets/csr_bin/Friendster//friendster.idx
Allocated 9.63415GB for local_buf.
filepath = /mnt/nvme1/zorax/datasets/csr_bin/Friendster//friendster.adj
nverts = 68349467, nedges = 2586147869, average degree = 37.8371
import csr for in graph
Allocated 0.509243GB for local_buf.
filepath = /mnt/nvme1/zorax/datasets/csr_bin/Friendster//friendster.ridx
Allocated 9.63415GB for local_buf.
filepath = /mnt/nvme1/zorax/datasets/csr_bin/Friendster//friendster.radj
[1;33mDEBUG:    chunk_allocator.hpp(init:29): sblk_pools[0] allocated 32GB on SSD, start = 0x7fc6ad540000
[0m[1;33msblklevel0
mempool_align=4096
mempool_size=34359738368
mempool_start=0x7fc6ad540000
mempool_cur=0x7fc6ad540000
mempool_end=0x7fcead540000
mempool_free_block=(nil)

DEBUG:    chunk_allocator.hpp(init:29): sblk_pools[1] allocated 32GB on SSD, start = 0x7fbead540000
[0msblklevel1
mempool_align=4096
mempool_size=34359738368
mempool_start=0x7fbead540000
mempool_cur=0x7fbead540000
mempool_end=0x7fc6ad540000
mempool_free_block=(nil)

====================sort====================
The first five vertices in vid_list: 
0: indeg=0, outdeg=0
1: indeg=15, outdeg=20
2: indeg=203, outdeg=0
3: indeg=3, outdeg=4
4: indeg=1, outdeg=1
sort time = 0.530853
====================reorder====================
threshold = 0.95
vid_list.size() = 68349467
iteration = 1, tail = 1, P(reorder) = 1.46307e-08
iteration = 68350, tail = 61213061, P(reorder) = 0.895589
iteration = 136699, tail = 61310895, P(reorder) = 0.897021
iteration = 205048, tail = 61397475, P(reorder) = 0.898288
iteration = 273397, tail = 61478431, P(reorder) = 0.899472
iteration = 341746, tail = 61558561, P(reorder) = 0.900644
iteration = 410095, tail = 61636453, P(reorder) = 0.901784
iteration = 478444, tail = 61712392, P(reorder) = 0.902895
iteration = 546793, tail = 61787685, P(reorder) = 0.903997
iteration = 615142, tail = 61862542, P(reorder) = 0.905092
iteration = 683491, tail = 61938541, P(reorder) = 0.906204
iteration = 751840, tail = 62013919, P(reorder) = 0.907307
iteration = 820189, tail = 62089212, P(reorder) = 0.908408
iteration = 888538, tail = 62164888, P(reorder) = 0.909515
iteration = 956887, tail = 62239893, P(reorder) = 0.910613
iteration = 1025236, tail = 62316241, P(reorder) = 0.91173
iteration = 1093585, tail = 62396020, P(reorder) = 0.912897
iteration = 1161934, tail = 62475914, P(reorder) = 0.914066
iteration = 1230283, tail = 62553514, P(reorder) = 0.915201
iteration = 1298632, tail = 62632058, P(reorder) = 0.91635
iteration = 1366981, tail = 62711466, P(reorder) = 0.917512
iteration = 1435330, tail = 62787768, P(reorder) = 0.918628
iteration = 1503679, tail = 62862741, P(reorder) = 0.919725
iteration = 1572028, tail = 62941442, P(reorder) = 0.920877
iteration = 1640377, tail = 63019360, P(reorder) = 0.922017
iteration = 1708726, tail = 63096517, P(reorder) = 0.923146
iteration = 1777075, tail = 63172790, P(reorder) = 0.924262
iteration = 1845424, tail = 63247955, P(reorder) = 0.925361
iteration = 1913773, tail = 63323905, P(reorder) = 0.926473
iteration = 1982122, tail = 63399123, P(reorder) = 0.927573
iteration = 2050471, tail = 63475756, P(reorder) = 0.928694
iteration = 2118820, tail = 63551006, P(reorder) = 0.929795
iteration = 2187169, tail = 63626280, P(reorder) = 0.930897
iteration = 2255518, tail = 63702333, P(reorder) = 0.932009
iteration = 2323867, tail = 63776917, P(reorder) = 0.9331
iteration = 2392216, tail = 63850627, P(reorder) = 0.934179
iteration = 2460565, tail = 63925492, P(reorder) = 0.935274
iteration = 2528914, tail = 64000607, P(reorder) = 0.936373
iteration = 2597263, tail = 64075197, P(reorder) = 0.937464
iteration = 2665612, tail = 64149900, P(reorder) = 0.938557
iteration = 2733961, tail = 64225442, P(reorder) = 0.939663
iteration = 2802310, tail = 64300815, P(reorder) = 0.940765
iteration = 2870659, tail = 64375114, P(reorder) = 0.941852
iteration = 2939008, tail = 64449072, P(reorder) = 0.942935
iteration = 3007357, tail = 64523160, P(reorder) = 0.944018
iteration = 3075706, tail = 64597294, P(reorder) = 0.945103
iteration = 3144055, tail = 64671480, P(reorder) = 0.946189
iteration = 3212404, tail = 64745563, P(reorder) = 0.947272
iteration = 3280753, tail = 64819435, P(reorder) = 0.948353
iteration = 3349102, tail = 64893494, P(reorder) = 0.949437
3384837 iterations
Total number of reordered vertices: 64931994
reorder time = 45.221
====================convert====================
max_chunkID = 2592247
max_offset = 0(GB)
The number of non-zero degree vertices: 56110198
total_num_reorder = 68349467
0 1 2 3 4 
convert time = 15.9569
====================end====================
[1;33mDEBUG:    chunk_allocator.hpp(init:29): sblk_pools[0] allocated 32GB on SSD, start = 0x7fb65d097000
[0m[1;33msblklevel0
mempool_align=4096
mempool_size=34359738368
mempool_start=0x7fb65d097000
mempool_cur=0x7fb65d097000
mempool_end=0x7fbe5d097000
mempool_free_block=(nil)

DEBUG:    chunk_allocator.hpp(init:29): sblk_pools[1] allocated 32GB on SSD, start = 0x7fae5d097000
[0msblklevel1
mempool_align=4096
mempool_size=34359738368
mempool_start=0x7fae5d097000
mempool_cur=0x7fae5d097000
mempool_end=0x7fb65d097000
mempool_free_block=(nil)

====================sort====================
The first five vertices in vid_list: 
0: indeg=0, outdeg=0
1: indeg=20, outdeg=15
2: indeg=0, outdeg=203
3: indeg=4, outdeg=3
4: indeg=1, outdeg=1
sort time = 0.541504
====================reorder====================
threshold = 0.95
vid_list.size() = 68349467
iteration = 1, tail = 1, P(reorder) = 1.46307e-08
iteration = 68350, tail = 49110066, P(reorder) = 0.718514
iteration = 136699, tail = 49246396, P(reorder) = 0.720509
iteration = 205048, tail = 49375664, P(reorder) = 0.7224
iteration = 273397, tail = 49505340, P(reorder) = 0.724297
iteration = 341746, tail = 49630937, P(reorder) = 0.726135
iteration = 410095, tail = 49757083, P(reorder) = 0.727981
iteration = 478444, tail = 49884693, P(reorder) = 0.729848
iteration = 546793, tail = 50013614, P(reorder) = 0.731734
iteration = 615142, tail = 50141378, P(reorder) = 0.733603
iteration = 683491, tail = 50269441, P(reorder) = 0.735477
iteration = 751840, tail = 50397099, P(reorder) = 0.737344
iteration = 820189, tail = 50524271, P(reorder) = 0.739205
iteration = 888538, tail = 50647609, P(reorder) = 0.74101
iteration = 956887, tail = 50774462, P(reorder) = 0.742866
iteration = 1025236, tail = 50899419, P(reorder) = 0.744694
iteration = 1093585, tail = 51024581, P(reorder) = 0.746525
iteration = 1161934, tail = 51150029, P(reorder) = 0.74836
iteration = 1230283, tail = 51274324, P(reorder) = 0.750179
iteration = 1298632, tail = 51400255, P(reorder) = 0.752021
iteration = 1366981, tail = 51520827, P(reorder) = 0.753785
iteration = 1435330, tail = 51641170, P(reorder) = 0.755546
iteration = 1503679, tail = 51763226, P(reorder) = 0.757332
iteration = 1572028, tail = 51886739, P(reorder) = 0.759139
iteration = 1640377, tail = 52007876, P(reorder) = 0.760911
iteration = 1708726, tail = 52132026, P(reorder) = 0.762728
iteration = 1777075, tail = 52255249, P(reorder) = 0.76453
iteration = 1845424, tail = 52378720, P(reorder) = 0.766337
iteration = 1913773, tail = 52501892, P(reorder) = 0.768139
iteration = 1982122, tail = 52626637, P(reorder) = 0.769964
iteration = 2050471, tail = 52749993, P(reorder) = 0.771769
iteration = 2118820, tail = 52874522, P(reorder) = 0.773591
iteration = 2187169, tail = 52999350, P(reorder) = 0.775417
iteration = 2255518, tail = 53124611, P(reorder) = 0.77725
iteration = 2323867, tail = 53246431, P(reorder) = 0.779032
iteration = 2392216, tail = 53368611, P(reorder) = 0.78082
iteration = 2460565, tail = 53491660, P(reorder) = 0.78262
iteration = 2528914, tail = 53615083, P(reorder) = 0.784426
iteration = 2597263, tail = 53737093, P(reorder) = 0.786211
iteration = 2665612, tail = 53858460, P(reorder) = 0.787987
iteration = 2733961, tail = 53981098, P(reorder) = 0.789781
iteration = 2802310, tail = 54102534, P(reorder) = 0.791558
iteration = 2870659, tail = 54223999, P(reorder) = 0.793335
iteration = 2939008, tail = 54345807, P(reorder) = 0.795117
iteration = 3007357, tail = 54466491, P(reorder) = 0.796882
iteration = 3075706, tail = 54586442, P(reorder) = 0.798637
iteration = 3144055, tail = 54706684, P(reorder) = 0.800397
iteration = 3212404, tail = 54826951, P(reorder) = 0.802156
iteration = 3280753, tail = 54947113, P(reorder) = 0.803914
iteration = 3349102, tail = 55066300, P(reorder) = 0.805658
iteration = 3417451, tail = 55185074, P(reorder) = 0.807396
iteration = 3485800, tail = 55305474, P(reorder) = 0.809157
iteration = 3554149, tail = 55423939, P(reorder) = 0.810891
iteration = 3622498, tail = 55543855, P(reorder) = 0.812645
iteration = 3690847, tail = 55661314, P(reorder) = 0.814364
iteration = 3759196, tail = 55779902, P(reorder) = 0.816099
iteration = 3827545, tail = 55899061, P(reorder) = 0.817842
iteration = 3895894, tail = 56015833, P(reorder) = 0.81955
iteration = 3964243, tail = 56133711, P(reorder) = 0.821275
iteration = 4032592, tail = 56250023, P(reorder) = 0.822977
iteration = 4100941, tail = 56366064, P(reorder) = 0.824675
iteration = 4169290, tail = 56482266, P(reorder) = 0.826375
iteration = 4237639, tail = 56598673, P(reorder) = 0.828078
iteration = 4305988, tail = 56714161, P(reorder) = 0.829767
iteration = 4374337, tail = 56829898, P(reorder) = 0.831461
iteration = 4442686, tail = 56944486, P(reorder) = 0.833137
iteration = 4511035, tail = 57058623, P(reorder) = 0.834807
iteration = 4579384, tail = 57173262, P(reorder) = 0.836484
iteration = 4647733, tail = 57286539, P(reorder) = 0.838142
iteration = 4716082, tail = 57400469, P(reorder) = 0.839809
iteration = 4784431, tail = 57513869, P(reorder) = 0.841468
iteration = 4852780, tail = 57627179, P(reorder) = 0.843126
iteration = 4921129, tail = 57740897, P(reorder) = 0.844789
iteration = 4989478, tail = 57852021, P(reorder) = 0.846415
iteration = 5057827, tail = 57964672, P(reorder) = 0.848063
iteration = 5126176, tail = 58074945, P(reorder) = 0.849677
iteration = 5194525, tail = 58184854, P(reorder) = 0.851285
iteration = 5262874, tail = 58295952, P(reorder) = 0.85291
iteration = 5331223, tail = 58405878, P(reorder) = 0.854518
iteration = 5399572, tail = 58516622, P(reorder) = 0.856139
iteration = 5467921, tail = 58625731, P(reorder) = 0.857735
iteration = 5536270, tail = 58734934, P(reorder) = 0.859333
iteration = 5604619, tail = 58842618, P(reorder) = 0.860908
iteration = 5672968, tail = 58951367, P(reorder) = 0.862499
iteration = 5741317, tail = 59058543, P(reorder) = 0.864067
iteration = 5809666, tail = 59166659, P(reorder) = 0.865649
iteration = 5878015, tail = 59274019, P(reorder) = 0.86722
iteration = 5946364, tail = 59381029, P(reorder) = 0.868786
iteration = 6014713, tail = 59487794, P(reorder) = 0.870348
iteration = 6083062, tail = 59594563, P(reorder) = 0.87191
iteration = 6151411, tail = 59699661, P(reorder) = 0.873447
iteration = 6219760, tail = 59804479, P(reorder) = 0.874981
iteration = 6288109, tail = 59908884, P(reorder) = 0.876508
iteration = 6356458, tail = 60013892, P(reorder) = 0.878045
iteration = 6424807, tail = 60117757, P(reorder) = 0.879564
iteration = 6493156, tail = 60221138, P(reorder) = 0.881077
iteration = 6561505, tail = 60324775, P(reorder) = 0.882593
iteration = 6629854, tail = 60428055, P(reorder) = 0.884104
iteration = 6698203, tail = 60531044, P(reorder) = 0.885611
iteration = 6766552, tail = 60632738, P(reorder) = 0.887099
iteration = 6834901, tail = 60734475, P(reorder) = 0.888587
iteration = 6903250, tail = 60836279, P(reorder) = 0.890077
iteration = 6971599, tail = 60938198, P(reorder) = 0.891568
iteration = 7039948, tail = 61039317, P(reorder) = 0.893047
iteration = 7108297, tail = 61139673, P(reorder) = 0.894516
iteration = 7176646, tail = 61240570, P(reorder) = 0.895992
iteration = 7244995, tail = 61340846, P(reorder) = 0.897459
iteration = 7313344, tail = 61439988, P(reorder) = 0.89891
iteration = 7381693, tail = 61539932, P(reorder) = 0.900372
iteration = 7450042, tail = 61639868, P(reorder) = 0.901834
iteration = 7518391, tail = 61739554, P(reorder) = 0.903292
iteration = 7586740, tail = 61837863, P(reorder) = 0.904731
iteration = 7655089, tail = 61936362, P(reorder) = 0.906172
iteration = 7723438, tail = 62034016, P(reorder) = 0.907601
iteration = 7791787, tail = 62131016, P(reorder) = 0.90902
iteration = 7860136, tail = 62228544, P(reorder) = 0.910447
iteration = 7928485, tail = 62325573, P(reorder) = 0.911866
iteration = 7996834, tail = 62422716, P(reorder) = 0.913288
iteration = 8065183, tail = 62519110, P(reorder) = 0.914698
iteration = 8133532, tail = 62614961, P(reorder) = 0.9161
iteration = 8201881, tail = 62710792, P(reorder) = 0.917502
iteration = 8270230, tail = 62806170, P(reorder) = 0.918898
iteration = 8338579, tail = 62900887, P(reorder) = 0.920284
iteration = 8406928, tail = 62994778, P(reorder) = 0.921657
iteration = 8475277, tail = 63087976, P(reorder) = 0.923021
iteration = 8543626, tail = 63180426, P(reorder) = 0.924373
iteration = 8611975, tail = 63272826, P(reorder) = 0.925725
iteration = 8680324, tail = 63364852, P(reorder) = 0.927072
iteration = 8748673, tail = 63456601, P(reorder) = 0.928414
iteration = 8817022, tail = 63548388, P(reorder) = 0.929757
iteration = 8885371, tail = 63639598, P(reorder) = 0.931091
iteration = 8953720, tail = 63730343, P(reorder) = 0.932419
iteration = 9022069, tail = 63820604, P(reorder) = 0.93374
iteration = 9090418, tail = 63909980, P(reorder) = 0.935047
iteration = 9158767, tail = 63999383, P(reorder) = 0.936355
iteration = 9227116, tail = 64088455, P(reorder) = 0.937658
iteration = 9295465, tail = 64177453, P(reorder) = 0.938961
iteration = 9363814, tail = 64266210, P(reorder) = 0.940259
iteration = 9432163, tail = 64355011, P(reorder) = 0.941558
iteration = 9500512, tail = 64442976, P(reorder) = 0.942845
iteration = 9568861, tail = 64531163, P(reorder) = 0.944136
iteration = 9637210, tail = 64619302, P(reorder) = 0.945425
iteration = 9705559, tail = 64706234, P(reorder) = 0.946697
iteration = 9773908, tail = 64792752, P(reorder) = 0.947963
iteration = 9842257, tail = 64879142, P(reorder) = 0.949227
9884308 iterations
Total number of reordered vertices: 64931994
reorder time = 35.3295
====================convert====================
max_chunkID = 2639457
max_offset = 0(GB)
The number of non-zero degree vertices: 62332795
total_num_reorder = 68349467
0 1 3 4 6 
convert time = 16.1436
====================end====================
Freed 0.509243GB for local_buf.
Freed 9.63415GB for local_buf.
Freed 0.509243GB for local_buf.
Freed 9.63415GB for local_buf.
convert graph time = 139.377
reorder_list for out graph: 0 1 2 3 4 5 6 7 8 9 10 11 12 13 14 15 16 17 18 19 20 21 861 862 813 33810 5289 33811 18723 33812 33813 8435 33814 33815 5300 33816 2470 33817 4213 1449 18565 112370 32389 234791 234792 7738 1500 234793 234794 10621 234795 234796 112548 234797 89543 234798 623860 449512 987233 62974 943899 987237 2810081 2810082 1000005 826543 2810083 1792420 2810084 2810085 328771 186076 7049 569556 2519034 328790 569558 354075 217965 401257 2715181 360833 423549 360835 335407 427768 3001517 881530 115855 115860 17286 17175 6926937 739604 115868 6926938 6926939 82999 79589 130103 
test case
out degree of 12 is 16
in degree of 12 is 10
reorder_list for in graph: 0 1 3 4 6 7 8 9 10 12 13 14 16 18 19 20 21 861 862 5289 5300 8435 33810 33811 33813 33814 33815 33816 4213 7738 10621 18565 112370 112548 234791 234792 234793 234794 234795 234796 234797 234798 449512 62974 826543 943899 987233 987237 1000005 1792420 2810081 2810082 2810083 2810084 2810085 186076 217965 328771 335407 354075 360833 423549 569556 569558 881530 2519034 2715181 17286 115855 115868 739604 6926937 6926938 6926939 33657 79589 83053 130103 373445 403139 675464 755268 1988043 3417 860 1448 1468 2462 2904 4240 5276 5277 5292 7373 7734 7735 9649 17719 32393 32404 
out degree of 12 is 16
The top 16 in neighbors of 12 are: 1 813 11 33810 5289 33811 18723 33812 33813 8435 33814 33815 5300 33816 2470 33817 
out degree of 300 is 52
The top 52 in neighbors of 300 are: 222 96937 708904 487570 372935 487504 637292 487578 131187 640601 351963 487583 310 2001616 2903553 311 2903554 1605649 1343942 207617 286110 2141560 1592988 487521 36797 2903555 34046 536915 2903556 308941 2903557 817949 2903558 82635 2903559 587818 817950 692596 2903560 1453749 45698 2903561 1460187 487632 1110252 493136 2746499 487639 2903562 2746500 2903563 1681088 
out degree of 1024 is 77
The top 77 in neighbors of 1024 are: 711 306694 112645 694516 760812 1143510 731590 63930 473843 434205 368508 365443 1244430 772798 1704882 1704883 1704884 192523 953747 160971 772799 477593 212430 782424 231940 782425 1128592 722764 1043277 1704885 954868 740571 1704886 306703 952764 119660 185508 116492 782429 782430 643585 551829 216696 782432 782433 583892 8355 1704887 187191 782437 1028 1353902 1704888 782439 782440 753600 732028 1196626 765973 755991 834043 782445 1637579 782447 759662 1704889 1704890 1381454 1167698 1704891 1686918 1704892 1704893 344501 1704894 1239227 1704895 
out degree of 65535 is 73
The top 73 in neighbors of 65535 are: 62880 59691 62881 47493 47494 44945 47500 62882 65531 65532 58835 59701 62201 71015 91861 65536 91862 65986 91863 67685 56579 91864 65539 65540 89616 65541 71018 65544 104285 66430 104287 67687 65548 66385 106589 67696 67697 47537 106590 62891 65560 64946 89627 90912 106591 47545 66435 66409 71062 106592 89633 100645 105296 105301 65573 91877 67723 106593 62895 95273 91879 87096 91881 106594 89647 71040 82131 83215 91883 106595 78717 71042 106596 
out degree of 1023512 is 183
The top 100 in neighbors of 1023512 are: 707425 566552 766856 766286 717705 793022 639318 658968 794046 1023536 901833 824420 658982 658637 1399377 886260 794060 856247 774284 659004 772573 659008 843684 991748 1082622 2080423 659011 2448399 671943 774313 764349 1231170 1247721 841877 997110 794079 935377 843419 935378 1466684 659042 960453 776506 850495 743138 843705 934848 4259304 1741525 1023486 685165 1144429 2820186 967854 699447 1104888 841791 3566906 886056 2044852 2792182 1112701 2044853 1499043 1000824 901932 653079 820471 1405098 1246891 699456 699458 5022018 705257 572842 1477314 1006911 2664447 958457 1105714 725744 4090002 3835058 2044854 1806014 1528791 659056 572848 883391 862997 796915 764368 886066 856263 848844 3728229 2073833 777240 2793000 3732538 
out degree of 13757872 is 0
in degree of 12 is 10
The top 10 in neighbors of 12 are: 1 5289 5300 8435 33810 33811 33813 33814 33815 33816 
in degree of 300 is 42
The top 42 in neighbors of 300 are: 222 310 311 34046 45698 82635 96937 131187 207617 286110 308941 351963 372935 487570 487578 487632 487639 493136 536915 587818 637292 640601 692596 708904 817949 817950 1343942 1453749 1592988 1605649 2001616 2141560 2746499 2746500 2903553 2903554 2903558 2903559 2903560 2903561 2903562 2903563 
in degree of 1024 is 51
The top 51 in neighbors of 1024 are: 711 8355 112645 116492 160971 187191 192523 212430 306694 306703 365443 477593 551829 583892 643585 694516 722764 732028 755991 759662 760812 765973 782424 782425 782429 782430 782432 782433 782437 782439 782440 782445 782447 953747 1043277 1128592 1143510 1167698 1196626 1239227 1244430 1704882 1704883 1704884 1704885 1704886 1704887 1704888 1704889 1704890 1704894 
in degree of 65535 is 73
The top 73 in neighbors of 65535 are: 44945 47493 47494 47500 47537 47545 56579 58835 59691 59701 62201 62880 62881 62882 62891 62895 64946 65531 65532 65536 65539 65540 65541 65544 65548 65560 65573 65986 66385 66409 66430 66435 67685 67687 67696 67697 67723 71015 71018 71040 71042 71062 78717 82131 83215 87096 89616 89627 89633 89647 90912 91861 91862 91863 91864 91877 91879 91881 91883 95273 100645 104285 104287 105296 105301 106589 106590 106591 106592 106593 106594 106595 106596 
in degree of 1023512 is 98
The top 98 in neighbors of 1023512 are: 566552 639318 653079 653098 658982 659004 659011 659042 659056 671943 685165 699458 717705 725744 764349 764368 766856 771219 771339 772573 793022 794060 819664 824420 841877 843419 843684 850495 860503 862997 882066 883391 886056 886066 886260 886655 893799 901932 912129 931628 934848 934862 935377 957787 960453 971383 991748 1000824 1023486 1050996 1082622 1105714 1112701 1117896 1153481 1160891 1231170 1279755 1326219 1326441 1399377 1405098 1480270 1499066 1729848 2007735 2044852 2044853 2044854 2448399 2448434 3025268 3025278 3314647 3454817 3566906 3728229 3732538 3835058 3835554 3906340 4090002 4259304 5022018 6421072 8689358 9763992 12468219 13128074 13255105 14777073 14779011 18639484 20125363 21517399 24545554 26500301 32702875 
in degree of 13757872 is 1071
The top 100 in neighbors of 13757872 are: 69391 254343 773126 829251 1027389 1232186 1232853 1233632 1233850 1234225 1311837 1324069 1350929 1379304 1379309 1425687 1448874 1596656 1707477 1769914 1770511 1792877 1891812 1926611 1929046 1955803 1997967 2010567 2018079 2142515 2147559 2222272 2252732 2307343 2450378 2476103 2476501 2477817 2709376 2732813 2828330 2828816 2829204 2829381 2831775 2835904 2849837 2926753 2958480 3020400 3035317 3152749 3164130 3168352 3226871 3236992 3281442 3344433 3477571 3554164 3555432 3568314 3650219 3683713 3852260 3852286 3855532 3855538 3882453 3883713 4022811 4023105 4023801 4107374 4107651 4107876 4108010 4108228 4108777 4223231 4271556 4329604 4495742 4520307 4551648 4565172 4674910 4678201 4697756 4717200 4738186 4743222 4765185 4789215 4909888 4910261 4947904 5005829 5030625 5127598 
