Print config information:
  Graph info: 
	 - filepath = /mnt/nvme1/zorax/datasets/csr_bin/Kron29/
	 - PREFIX = kron29
	 - nverts = 536870909
	 - nedges = 0 (0 for processing all edges in the filepath) 
  System info: 
	 - JOB = 6
	 - THD_COUNT = 1
	 - QUERY_THD_COUNT = 48
	 - SSDPATH = /mnt/nvme2/zorax/testCSRGraph/
  Graph query benchmark: 
	 - QUERY = 0
	 - source = 310059974
  Chunk allocator: 
	 - SBLK_POOL_SIZE = 824633720832
	 - sblk_name = sblk
	 - MAX_LEVEL = 1
	 - MEM_BULK_SIZE = 33554432

import csr for out graph
Allocated 4GB for local_buf.
filepath = /mnt/nvme1/zorax/datasets/csr_bin/Kron29//kron29.idx
Allocated 32GB for local_buf.
filepath = /mnt/nvme1/zorax/datasets/csr_bin/Kron29//kron29.adj
nverts = 536870909, nedges = 8589934592, average degree = 16
import csr for in graph
Allocated 4GB for local_buf.
filepath = /mnt/nvme1/zorax/datasets/csr_bin/Kron29//kron29.ridx
Allocated 32GB for local_buf.
filepath = /mnt/nvme1/zorax/datasets/csr_bin/Kron29//kron29.radj
[1;33mDEBUG:    chunk_allocator.hpp(init:29): sblk_pools[0] allocated 192GB on SSD, start = 0x7f9adde20000
[0m[1;33msblklevel0
mempool_align=4096
mempool_size=206158430208
mempool_start=0x7f9adde20000
mempool_cur=0x7f9adde20000
mempool_end=0x7fcadde20000
mempool_free_block=(nil)

DEBUG:    chunk_allocator.hpp(init:29): sblk_pools[1] allocated 192GB on SSD, start = 0x7f6adde20000
[0msblklevel1
mempool_align=4096
mempool_size=206158430208
mempool_start=0x7f6adde20000
mempool_cur=0x7f6adde20000
mempool_end=0x7f9adde20000
mempool_free_block=(nil)

====================sort====================
The first five vertices in vid_list: 
0: indeg=23, outdeg=2
1: indeg=0, outdeg=0
2: indeg=0, outdeg=0
3: indeg=0, outdeg=0
4: indeg=0, outdeg=0
sort time = 4.3426
====================reorder====================
threshold = 0.95
vid_list.size() = 536870909
iteration = 1, tail = 7095823, P(reorder) = 0.013217
iteration = 536871, tail = 210474464, P(reorder) = 0.392039
iteration = 1073741, tail = 211296375, P(reorder) = 0.39357
iteration = 1610611, tail = 211834059, P(reorder) = 0.394572
iteration = 2147481, tail = 212371424, P(reorder) = 0.395573
iteration = 2684351, tail = 212908638, P(reorder) = 0.396573
iteration = 3221221, tail = 213452068, P(reorder) = 0.397585
iteration = 3758091, tail = 213989267, P(reorder) = 0.398586
iteration = 4294961, tail = 214533951, P(reorder) = 0.399601
iteration = 4831831, tail = 215071172, P(reorder) = 0.400601
iteration = 5368701, tail = 215608801, P(reorder) = 0.401603
iteration = 5905571, tail = 216169341, P(reorder) = 0.402647
iteration = 6442441, tail = 216710986, P(reorder) = 0.403656
iteration = 6979311, tail = 217248206, P(reorder) = 0.404656
iteration = 7516181, tail = 217785450, P(reorder) = 0.405657
iteration = 8053051, tail = 218322652, P(reorder) = 0.406658
iteration = 8589921, tail = 218875316, P(reorder) = 0.407687
iteration = 9126791, tail = 219412509, P(reorder) = 0.408688
iteration = 9663661, tail = 219949855, P(reorder) = 0.409689
iteration = 10200531, tail = 220487191, P(reorder) = 0.410689
iteration = 10737401, tail = 221028007, P(reorder) = 0.411697
iteration = 11274271, tail = 221572174, P(reorder) = 0.41271
iteration = 11811141, tail = 222109383, P(reorder) = 0.413711
iteration = 12348011, tail = 222651188, P(reorder) = 0.41472
iteration = 12884881, tail = 223188540, P(reorder) = 0.415721
iteration = 13421751, tail = 223725750, P(reorder) = 0.416722
iteration = 13958621, tail = 224263399, P(reorder) = 0.417723
iteration = 14495491, tail = 224800633, P(reorder) = 0.418724
iteration = 15032361, tail = 225337953, P(reorder) = 0.419725
iteration = 15569231, tail = 225898570, P(reorder) = 0.420769
iteration = 16106101, tail = 226435781, P(reorder) = 0.42177
iteration = 16642971, tail = 226980646, P(reorder) = 0.422784
iteration = 17179841, tail = 227517835, P(reorder) = 0.423785
iteration = 17716711, tail = 228055041, P(reorder) = 0.424786
iteration = 18253581, tail = 228592221, P(reorder) = 0.425786
iteration = 18790451, tail = 229129446, P(reorder) = 0.426787
iteration = 19327321, tail = 229666658, P(reorder) = 0.427787
iteration = 19864191, tail = 230203866, P(reorder) = 0.428788
iteration = 20401061, tail = 230741083, P(reorder) = 0.429789
iteration = 20937931, tail = 231323722, P(reorder) = 0.430874
iteration = 21474801, tail = 231860922, P(reorder) = 0.431875
iteration = 22011671, tail = 232428811, P(reorder) = 0.432932
iteration = 22548541, tail = 232965976, P(reorder) = 0.433933
iteration = 23085411, tail = 233503152, P(reorder) = 0.434934
iteration = 23622281, tail = 234041610, P(reorder) = 0.435936
iteration = 24159151, tail = 234580078, P(reorder) = 0.436939
iteration = 24696021, tail = 235117284, P(reorder) = 0.43794
iteration = 25232891, tail = 235662781, P(reorder) = 0.438956
iteration = 25769761, tail = 236206645, P(reorder) = 0.439969
iteration = 26306631, tail = 236743806, P(reorder) = 0.44097
iteration = 26843501, tail = 237281007, P(reorder) = 0.44197
iteration = 27380371, tail = 237818194, P(reorder) = 0.442971
iteration = 27917241, tail = 238355371, P(reorder) = 0.443971
iteration = 28454111, tail = 238892588, P(reorder) = 0.444972
iteration = 28990981, tail = 239429800, P(reorder) = 0.445973
iteration = 29527851, tail = 239967004, P(reorder) = 0.446973
iteration = 30064721, tail = 240504200, P(reorder) = 0.447974
iteration = 30601591, tail = 241041401, P(reorder) = 0.448975
iteration = 31138461, tail = 241578599, P(reorder) = 0.449975
iteration = 31675331, tail = 242115808, P(reorder) = 0.450976
iteration = 32212201, tail = 242653006, P(reorder) = 0.451976
iteration = 32749071, tail = 243190193, P(reorder) = 0.452977
iteration = 33285941, tail = 243727402, P(reorder) = 0.453978
iteration = 33822811, tail = 244264610, P(reorder) = 0.454978
iteration = 34359681, tail = 244801814, P(reorder) = 0.455979
iteration = 34896551, tail = 245339011, P(reorder) = 0.45698
iteration = 35433421, tail = 245876190, P(reorder) = 0.45798
iteration = 35970291, tail = 246413388, P(reorder) = 0.458981
iteration = 36507161, tail = 246972287, P(reorder) = 0.460022
iteration = 37044031, tail = 247512019, P(reorder) = 0.461027
iteration = 37580901, tail = 248058944, P(reorder) = 0.462046
iteration = 38117771, tail = 248614974, P(reorder) = 0.463081
iteration = 38654641, tail = 249152166, P(reorder) = 0.464082
iteration = 39191511, tail = 249741417, P(reorder) = 0.46518
iteration = 39728381, tail = 250278615, P(reorder) = 0.46618
iteration = 40265251, tail = 250815749, P(reorder) = 0.467181
iteration = 40802121, tail = 251352949, P(reorder) = 0.468181
iteration = 41338991, tail = 251890127, P(reorder) = 0.469182
iteration = 41875861, tail = 252427305, P(reorder) = 0.470182
iteration = 42412731, tail = 252964469, P(reorder) = 0.471183
iteration = 42949601, tail = 253501625, P(reorder) = 0.472184
iteration = 43486471, tail = 254038808, P(reorder) = 0.473184
iteration = 44023341, tail = 254575952, P(reorder) = 0.474185
iteration = 44560211, tail = 255113142, P(reorder) = 0.475185
iteration = 45097081, tail = 255650340, P(reorder) = 0.476186
iteration = 45633951, tail = 256187529, P(reorder) = 0.477186
iteration = 46170821, tail = 256724696, P(reorder) = 0.478187
iteration = 46707691, tail = 257261870, P(reorder) = 0.479188
iteration = 47244561, tail = 257799060, P(reorder) = 0.480188
iteration = 47781431, tail = 258336262, P(reorder) = 0.481189
iteration = 48318301, tail = 258873409, P(reorder) = 0.482189
iteration = 48855171, tail = 259410583, P(reorder) = 0.48319
iteration = 49392041, tail = 259947758, P(reorder) = 0.48419
iteration = 49928911, tail = 260484916, P(reorder) = 0.485191
iteration = 50465781, tail = 261022065, P(reorder) = 0.486191
iteration = 51002651, tail = 261559244, P(reorder) = 0.487192
iteration = 51539521, tail = 262096414, P(reorder) = 0.488193
iteration = 52076391, tail = 262633571, P(reorder) = 0.489193
iteration = 52613261, tail = 263170745, P(reorder) = 0.490194
iteration = 53150131, tail = 263707876, P(reorder) = 0.491194
iteration = 53687001, tail = 264245033, P(reorder) = 0.492195
iteration = 54223871, tail = 264782181, P(reorder) = 0.493195
iteration = 54760741, tail = 265319332, P(reorder) = 0.494196
iteration = 55297611, tail = 265856483, P(reorder) = 0.495196
iteration = 55834481, tail = 266393631, P(reorder) = 0.496197
iteration = 56371351, tail = 266930800, P(reorder) = 0.497197
iteration = 56908221, tail = 267467980, P(reorder) = 0.498198
iteration = 57445091, tail = 268005134, P(reorder) = 0.499198
iteration = 57981961, tail = 268542317, P(reorder) = 0.500199
iteration = 58518831, tail = 269079473, P(reorder) = 0.5012
iteration = 59055701, tail = 269616619, P(reorder) = 0.5022
iteration = 59592571, tail = 270153775, P(reorder) = 0.503201
iteration = 60129441, tail = 270690946, P(reorder) = 0.504201
iteration = 60666311, tail = 271228131, P(reorder) = 0.505202
iteration = 61203181, tail = 271765267, P(reorder) = 0.506202
iteration = 61740051, tail = 272302417, P(reorder) = 0.507203
iteration = 62276921, tail = 272839573, P(reorder) = 0.508203
iteration = 62813791, tail = 273376732, P(reorder) = 0.509204
iteration = 63350661, tail = 273913897, P(reorder) = 0.510204
iteration = 63887531, tail = 274451032, P(reorder) = 0.511205
iteration = 64424401, tail = 274988162, P(reorder) = 0.512205
iteration = 64961271, tail = 275525290, P(reorder) = 0.513206
iteration = 65498141, tail = 276062430, P(reorder) = 0.514206
iteration = 66035011, tail = 276599604, P(reorder) = 0.515207
iteration = 66571881, tail = 277136776, P(reorder) = 0.516207
iteration = 67108751, tail = 277673936, P(reorder) = 0.517208
iteration = 67645621, tail = 278211087, P(reorder) = 0.518209
iteration = 68182491, tail = 278748249, P(reorder) = 0.519209
iteration = 68719361, tail = 279285418, P(reorder) = 0.52021
iteration = 69256231, tail = 279822548, P(reorder) = 0.52121
iteration = 69793101, tail = 280359679, P(reorder) = 0.522211
iteration = 70329971, tail = 280896822, P(reorder) = 0.523211
iteration = 70866841, tail = 281433949, P(reorder) = 0.524212
iteration = 71403711, tail = 281971078, P(reorder) = 0.525212
iteration = 71940581, tail = 282508225, P(reorder) = 0.526213
iteration = 72477451, tail = 283045344, P(reorder) = 0.527213
iteration = 73014321, tail = 283582459, P(reorder) = 0.528213
iteration = 73551191, tail = 284119551, P(reorder) = 0.529214
iteration = 74088061, tail = 284656663, P(reorder) = 0.530214
iteration = 74624931, tail = 285193786, P(reorder) = 0.531215
iteration = 75161801, tail = 285730886, P(reorder) = 0.532215
iteration = 75698671, tail = 286268062, P(reorder) = 0.533216
iteration = 76235541, tail = 286805202, P(reorder) = 0.534216
iteration = 76772411, tail = 287342358, P(reorder) = 0.535217
iteration = 77309281, tail = 287879477, P(reorder) = 0.536217
iteration = 77846151, tail = 288416581, P(reorder) = 0.537218
iteration = 78383021, tail = 288953712, P(reorder) = 0.538218
iteration = 78919891, tail = 289490849, P(reorder) = 0.539219
iteration = 79456761, tail = 290027992, P(reorder) = 0.540219
iteration = 79993631, tail = 290565120, P(reorder) = 0.54122
iteration = 80530501, tail = 291102249, P(reorder) = 0.54222
iteration = 81067371, tail = 291639383, P(reorder) = 0.543221
iteration = 81604241, tail = 292176501, P(reorder) = 0.544221
iteration = 82141111, tail = 292713619, P(reorder) = 0.545222
iteration = 82677981, tail = 293250767, P(reorder) = 0.546222
iteration = 83214851, tail = 293787884, P(reorder) = 0.547223
iteration = 83751721, tail = 294325001, P(reorder) = 0.548223
iteration = 84288591, tail = 294862109, P(reorder) = 0.549223
iteration = 84825461, tail = 295399234, P(reorder) = 0.550224
iteration = 85362331, tail = 295936357, P(reorder) = 0.551224
iteration = 85899201, tail = 296473459, P(reorder) = 0.552225
iteration = 86436071, tail = 297010599, P(reorder) = 0.553225
iteration = 86972941, tail = 297547713, P(reorder) = 0.554226
iteration = 87509811, tail = 298084848, P(reorder) = 0.555226
iteration = 88046681, tail = 298621978, P(reorder) = 0.556227
iteration = 88583551, tail = 299159115, P(reorder) = 0.557227
iteration = 89120421, tail = 299696257, P(reorder) = 0.558228
iteration = 89657291, tail = 300233371, P(reorder) = 0.559228
iteration = 90194161, tail = 300770520, P(reorder) = 0.560229
iteration = 90731031, tail = 301307653, P(reorder) = 0.561229
iteration = 91267901, tail = 301844750, P(reorder) = 0.56223
iteration = 91804771, tail = 302381856, P(reorder) = 0.56323
iteration = 92341641, tail = 302918974, P(reorder) = 0.564231
iteration = 92878511, tail = 303456108, P(reorder) = 0.565231
iteration = 93415381, tail = 303993221, P(reorder) = 0.566232
iteration = 93952251, tail = 304530332, P(reorder) = 0.567232
iteration = 94489121, tail = 305067455, P(reorder) = 0.568232
iteration = 95025991, tail = 305604568, P(reorder) = 0.569233
iteration = 95562861, tail = 306141708, P(reorder) = 0.570233
iteration = 96099731, tail = 306678821, P(reorder) = 0.571234
iteration = 96636601, tail = 307215929, P(reorder) = 0.572234
iteration = 97173471, tail = 307753042, P(reorder) = 0.573235
iteration = 97710341, tail = 308290165, P(reorder) = 0.574235
iteration = 98247211, tail = 308827279, P(reorder) = 0.575236
iteration = 98784081, tail = 309364394, P(reorder) = 0.576236
iteration = 99320951, tail = 309901545, P(reorder) = 0.577237
iteration = 99857821, tail = 310438631, P(reorder) = 0.578237
iteration = 100394691, tail = 310975763, P(reorder) = 0.579237
iteration = 100931561, tail = 311512876, P(reorder) = 0.580238
iteration = 101468431, tail = 312049994, P(reorder) = 0.581238
iteration = 102005301, tail = 312587134, P(reorder) = 0.582239
iteration = 102542171, tail = 313124273, P(reorder) = 0.583239
iteration = 103079041, tail = 313661394, P(reorder) = 0.58424
iteration = 103615911, tail = 314198496, P(reorder) = 0.58524
iteration = 104152781, tail = 314735597, P(reorder) = 0.586241
iteration = 104689651, tail = 315272683, P(reorder) = 0.587241
iteration = 105226521, tail = 315809814, P(reorder) = 0.588242
iteration = 105763391, tail = 316346898, P(reorder) = 0.589242
iteration = 106300261, tail = 316883987, P(reorder) = 0.590242
iteration = 106837131, tail = 317421101, P(reorder) = 0.591243
iteration = 107374001, tail = 317958226, P(reorder) = 0.592243
iteration = 107910871, tail = 318495321, P(reorder) = 0.593244
iteration = 108447741, tail = 319032401, P(reorder) = 0.594244
iteration = 108984611, tail = 319569504, P(reorder) = 0.595245
iteration = 109521481, tail = 320106601, P(reorder) = 0.596245
iteration = 110058351, tail = 320643701, P(reorder) = 0.597245
iteration = 110595221, tail = 321180801, P(reorder) = 0.598246
iteration = 111132091, tail = 321717916, P(reorder) = 0.599246
iteration = 111668961, tail = 322254988, P(reorder) = 0.600247
iteration = 112205831, tail = 322792084, P(reorder) = 0.601247
iteration = 112742701, tail = 323329211, P(reorder) = 0.602248
iteration = 113279571, tail = 323866298, P(reorder) = 0.603248
iteration = 113816441, tail = 324403391, P(reorder) = 0.604248
iteration = 114353311, tail = 324940530, P(reorder) = 0.605249
iteration = 114890181, tail = 325477647, P(reorder) = 0.606249
iteration = 115427051, tail = 326014754, P(reorder) = 0.60725
iteration = 115963921, tail = 326551816, P(reorder) = 0.60825
iteration = 116500791, tail = 327088912, P(reorder) = 0.609251
iteration = 117037661, tail = 327626005, P(reorder) = 0.610251
iteration = 117574531, tail = 328163099, P(reorder) = 0.611251
iteration = 118111401, tail = 328700180, P(reorder) = 0.612252
iteration = 118648271, tail = 329237281, P(reorder) = 0.613252
iteration = 119185141, tail = 329774400, P(reorder) = 0.614253
iteration = 119722011, tail = 330311498, P(reorder) = 0.615253
iteration = 120258881, tail = 330848565, P(reorder) = 0.616253
iteration = 120795751, tail = 331385659, P(reorder) = 0.617254
iteration = 121332621, tail = 331922759, P(reorder) = 0.618254
iteration = 121869491, tail = 332459864, P(reorder) = 0.619255
iteration = 122406361, tail = 332996946, P(reorder) = 0.620255
iteration = 122943231, tail = 333534029, P(reorder) = 0.621256
iteration = 123480101, tail = 334071125, P(reorder) = 0.622256
iteration = 124016971, tail = 334608207, P(reorder) = 0.623256
iteration = 124553841, tail = 335145315, P(reorder) = 0.624257
iteration = 125090711, tail = 335682385, P(reorder) = 0.625257
iteration = 125627581, tail = 336219478, P(reorder) = 0.626258
iteration = 126164451, tail = 336756554, P(reorder) = 0.627258
iteration = 126701321, tail = 337293660, P(reorder) = 0.628258
iteration = 127238191, tail = 337830769, P(reorder) = 0.629259
iteration = 127775061, tail = 338367820, P(reorder) = 0.630259
iteration = 128311931, tail = 338904917, P(reorder) = 0.63126
iteration = 128848801, tail = 339442001, P(reorder) = 0.63226
iteration = 129385671, tail = 339979075, P(reorder) = 0.63326
iteration = 129922541, tail = 340516167, P(reorder) = 0.634261
iteration = 130459411, tail = 341053242, P(reorder) = 0.635261
iteration = 130996281, tail = 341590325, P(reorder) = 0.636262
iteration = 131533151, tail = 342127393, P(reorder) = 0.637262
iteration = 132070021, tail = 342664473, P(reorder) = 0.638262
iteration = 132606891, tail = 343201559, P(reorder) = 0.639263
iteration = 133143761, tail = 343738641, P(reorder) = 0.640263
iteration = 133680631, tail = 344275729, P(reorder) = 0.641264
iteration = 134217501, tail = 344812792, P(reorder) = 0.642264
iteration = 134754371, tail = 345349879, P(reorder) = 0.643264
iteration = 135291241, tail = 345886942, P(reorder) = 0.644265
iteration = 135828111, tail = 346424008, P(reorder) = 0.645265
iteration = 136364981, tail = 346961067, P(reorder) = 0.646265
iteration = 136901851, tail = 347498131, P(reorder) = 0.647266
iteration = 137438721, tail = 348035246, P(reorder) = 0.648266
iteration = 137975591, tail = 348572294, P(reorder) = 0.649266
iteration = 138512461, tail = 349109377, P(reorder) = 0.650267
iteration = 139049331, tail = 349646443, P(reorder) = 0.651267
iteration = 139586201, tail = 350183509, P(reorder) = 0.652268
iteration = 140123071, tail = 350720557, P(reorder) = 0.653268
iteration = 140659941, tail = 351257618, P(reorder) = 0.654268
iteration = 141196811, tail = 351823630, P(reorder) = 0.655323
iteration = 141733681, tail = 352360690, P(reorder) = 0.656323
iteration = 142270551, tail = 352897774, P(reorder) = 0.657323
iteration = 142807421, tail = 353434843, P(reorder) = 0.658324
iteration = 143344291, tail = 353971913, P(reorder) = 0.659324
iteration = 143881161, tail = 354508973, P(reorder) = 0.660324
iteration = 144418031, tail = 355046023, P(reorder) = 0.661325
iteration = 144954901, tail = 355583090, P(reorder) = 0.662325
iteration = 145491771, tail = 356120145, P(reorder) = 0.663325
iteration = 146028641, tail = 356657210, P(reorder) = 0.664326
iteration = 146565511, tail = 357194272, P(reorder) = 0.665326
iteration = 147102381, tail = 357731343, P(reorder) = 0.666327
iteration = 147639251, tail = 358268392, P(reorder) = 0.667327
iteration = 148176121, tail = 358805459, P(reorder) = 0.668327
iteration = 148712991, tail = 359342519, P(reorder) = 0.669328
iteration = 149249861, tail = 359879601, P(reorder) = 0.670328
iteration = 149786731, tail = 360416642, P(reorder) = 0.671328
iteration = 150323601, tail = 360953710, P(reorder) = 0.672329
iteration = 150860471, tail = 361490767, P(reorder) = 0.673329
iteration = 151397341, tail = 362027830, P(reorder) = 0.674329
iteration = 151934211, tail = 362564892, P(reorder) = 0.67533
iteration = 152471081, tail = 363101935, P(reorder) = 0.67633
iteration = 153007951, tail = 363638996, P(reorder) = 0.67733
iteration = 153544821, tail = 364176071, P(reorder) = 0.678331
iteration = 154081691, tail = 364713118, P(reorder) = 0.679331
iteration = 154618561, tail = 365250173, P(reorder) = 0.680331
iteration = 155155431, tail = 365787219, P(reorder) = 0.681332
iteration = 155692301, tail = 366324269, P(reorder) = 0.682332
iteration = 156229171, tail = 366861332, P(reorder) = 0.683332
iteration = 156766041, tail = 367398389, P(reorder) = 0.684333
iteration = 157302911, tail = 367935413, P(reorder) = 0.685333
iteration = 157839781, tail = 368472452, P(reorder) = 0.686333
iteration = 158376651, tail = 369009489, P(reorder) = 0.687334
iteration = 158913521, tail = 369546553, P(reorder) = 0.688334
iteration = 159450391, tail = 370083588, P(reorder) = 0.689334
iteration = 159987261, tail = 370620639, P(reorder) = 0.690335
iteration = 160524131, tail = 371157661, P(reorder) = 0.691335
iteration = 161061001, tail = 371694716, P(reorder) = 0.692335
iteration = 161597871, tail = 372231742, P(reorder) = 0.693336
iteration = 162134741, tail = 372768783, P(reorder) = 0.694336
iteration = 162671611, tail = 373305818, P(reorder) = 0.695336
iteration = 163208481, tail = 373842843, P(reorder) = 0.696337
iteration = 163745351, tail = 374379887, P(reorder) = 0.697337
iteration = 164282221, tail = 374916940, P(reorder) = 0.698337
iteration = 164819091, tail = 375453964, P(reorder) = 0.699338
iteration = 165355961, tail = 375991023, P(reorder) = 0.700338
iteration = 165892831, tail = 376528059, P(reorder) = 0.701338
iteration = 166429701, tail = 377065087, P(reorder) = 0.702338
iteration = 166966571, tail = 377602125, P(reorder) = 0.703339
iteration = 167503441, tail = 378139130, P(reorder) = 0.704339
iteration = 168040311, tail = 378676139, P(reorder) = 0.705339
iteration = 168577181, tail = 379213182, P(reorder) = 0.70634
iteration = 169114051, tail = 379750204, P(reorder) = 0.70734
iteration = 169650921, tail = 380287247, P(reorder) = 0.70834
iteration = 170187791, tail = 380824298, P(reorder) = 0.709341
iteration = 170724661, tail = 381361346, P(reorder) = 0.710341
iteration = 171261531, tail = 381898374, P(reorder) = 0.711341
iteration = 171798401, tail = 382435422, P(reorder) = 0.712341
iteration = 172335271, tail = 382972460, P(reorder) = 0.713342
iteration = 172872141, tail = 383509478, P(reorder) = 0.714342
iteration = 173409011, tail = 384046513, P(reorder) = 0.715342
iteration = 173945881, tail = 384583532, P(reorder) = 0.716343
iteration = 174482751, tail = 385120571, P(reorder) = 0.717343
iteration = 175019621, tail = 385657642, P(reorder) = 0.718343
iteration = 175556491, tail = 386194653, P(reorder) = 0.719344
iteration = 176093361, tail = 386731674, P(reorder) = 0.720344
iteration = 176630231, tail = 387268710, P(reorder) = 0.721344
iteration = 177167101, tail = 387805724, P(reorder) = 0.722344
iteration = 177703971, tail = 388342767, P(reorder) = 0.723345
iteration = 178240841, tail = 388879788, P(reorder) = 0.724345
iteration = 178777711, tail = 389416823, P(reorder) = 0.725345
iteration = 179314581, tail = 389953822, P(reorder) = 0.726346
iteration = 179851451, tail = 390490863, P(reorder) = 0.727346
iteration = 180388321, tail = 391027876, P(reorder) = 0.728346
iteration = 180925191, tail = 391564913, P(reorder) = 0.729346
iteration = 181462061, tail = 392101942, P(reorder) = 0.730347
iteration = 181998931, tail = 392638975, P(reorder) = 0.731347
iteration = 182535801, tail = 393175983, P(reorder) = 0.732347
iteration = 183072671, tail = 393712989, P(reorder) = 0.733348
iteration = 183609541, tail = 394250000, P(reorder) = 0.734348
iteration = 184146411, tail = 394787008, P(reorder) = 0.735348
iteration = 184683281, tail = 395324035, P(reorder) = 0.736348
iteration = 185220151, tail = 395861067, P(reorder) = 0.737349
iteration = 185757021, tail = 396398097, P(reorder) = 0.738349
iteration = 186293891, tail = 396935133, P(reorder) = 0.739349
iteration = 186830761, tail = 397472162, P(reorder) = 0.74035
iteration = 187367631, tail = 398009178, P(reorder) = 0.74135
iteration = 187904501, tail = 398546198, P(reorder) = 0.74235
iteration = 188441371, tail = 399083184, P(reorder) = 0.74335
iteration = 188978241, tail = 399620195, P(reorder) = 0.744351
iteration = 189515111, tail = 400157194, P(reorder) = 0.745351
iteration = 190051981, tail = 400694199, P(reorder) = 0.746351
iteration = 190588851, tail = 401231200, P(reorder) = 0.747351
iteration = 191125721, tail = 401768197, P(reorder) = 0.748352
iteration = 191662591, tail = 402305216, P(reorder) = 0.749352
iteration = 192199461, tail = 402842209, P(reorder) = 0.750352
iteration = 192736331, tail = 403379202, P(reorder) = 0.751352
iteration = 193273201, tail = 403916215, P(reorder) = 0.752353
iteration = 193810071, tail = 404453233, P(reorder) = 0.753353
iteration = 194346941, tail = 404990245, P(reorder) = 0.754353
iteration = 194883811, tail = 405527241, P(reorder) = 0.755353
iteration = 195420681, tail = 406064272, P(reorder) = 0.756354
iteration = 195957551, tail = 406601285, P(reorder) = 0.757354
iteration = 196494421, tail = 407138293, P(reorder) = 0.758354
iteration = 197031291, tail = 407675299, P(reorder) = 0.759354
iteration = 197568161, tail = 408212287, P(reorder) = 0.760355
iteration = 198105031, tail = 408749304, P(reorder) = 0.761355
iteration = 198641901, tail = 409286309, P(reorder) = 0.762355
iteration = 199178771, tail = 409823309, P(reorder) = 0.763355
iteration = 199715641, tail = 410360320, P(reorder) = 0.764356
iteration = 200252511, tail = 410897345, P(reorder) = 0.765356
iteration = 200789381, tail = 411434356, P(reorder) = 0.766356
iteration = 201326251, tail = 411971346, P(reorder) = 0.767356
iteration = 201863121, tail = 412508334, P(reorder) = 0.768357
iteration = 202399991, tail = 413045336, P(reorder) = 0.769357
iteration = 202936861, tail = 413582330, P(reorder) = 0.770357
iteration = 203473731, tail = 414119327, P(reorder) = 0.771357
iteration = 204010601, tail = 414656324, P(reorder) = 0.772358
iteration = 204547471, tail = 415193341, P(reorder) = 0.773358
iteration = 205084341, tail = 415730336, P(reorder) = 0.774358
iteration = 205621211, tail = 416267329, P(reorder) = 0.775358
iteration = 206158081, tail = 416804318, P(reorder) = 0.776359
iteration = 206694951, tail = 417341301, P(reorder) = 0.777359
iteration = 207231821, tail = 417878306, P(reorder) = 0.778359
iteration = 207768691, tail = 418415313, P(reorder) = 0.779359
iteration = 208305561, tail = 418952320, P(reorder) = 0.78036
iteration = 208842431, tail = 419489293, P(reorder) = 0.78136
iteration = 209379301, tail = 420026288, P(reorder) = 0.78236
iteration = 209916171, tail = 420563283, P(reorder) = 0.78336
iteration = 210453041, tail = 421100272, P(reorder) = 0.78436
iteration = 210989911, tail = 421637270, P(reorder) = 0.785361
iteration = 211526781, tail = 422174263, P(reorder) = 0.786361
iteration = 212063651, tail = 422711243, P(reorder) = 0.787361
iteration = 212600521, tail = 423248232, P(reorder) = 0.788361
iteration = 213137391, tail = 423785214, P(reorder) = 0.789361
iteration = 213674261, tail = 424322204, P(reorder) = 0.790362
iteration = 214211131, tail = 424859201, P(reorder) = 0.791362
iteration = 214748001, tail = 425396203, P(reorder) = 0.792362
iteration = 215284871, tail = 425933188, P(reorder) = 0.793362
iteration = 215821741, tail = 426470182, P(reorder) = 0.794363
iteration = 216358611, tail = 427007160, P(reorder) = 0.795363
iteration = 216895481, tail = 427544133, P(reorder) = 0.796363
iteration = 217432351, tail = 428081102, P(reorder) = 0.797363
iteration = 217969221, tail = 428618080, P(reorder) = 0.798363
iteration = 218506091, tail = 429155052, P(reorder) = 0.799364
iteration = 219042961, tail = 429692052, P(reorder) = 0.800364
iteration = 219579831, tail = 430229031, P(reorder) = 0.801364
iteration = 220116701, tail = 430766013, P(reorder) = 0.802364
iteration = 220653571, tail = 431302989, P(reorder) = 0.803364
iteration = 221190441, tail = 431839985, P(reorder) = 0.804365
iteration = 221727311, tail = 432376984, P(reorder) = 0.805365
iteration = 222264181, tail = 432913970, P(reorder) = 0.806365
iteration = 222801051, tail = 433450953, P(reorder) = 0.807365
iteration = 223337921, tail = 433987940, P(reorder) = 0.808366
iteration = 223874791, tail = 434524903, P(reorder) = 0.809366
iteration = 224411661, tail = 435061880, P(reorder) = 0.810366
iteration = 224948531, tail = 435598864, P(reorder) = 0.811366
iteration = 225485401, tail = 436135838, P(reorder) = 0.812366
iteration = 226022271, tail = 436672805, P(reorder) = 0.813366
iteration = 226559141, tail = 437209786, P(reorder) = 0.814367
iteration = 227096011, tail = 437746761, P(reorder) = 0.815367
iteration = 227632881, tail = 438283737, P(reorder) = 0.816367
iteration = 228169751, tail = 438820728, P(reorder) = 0.817367
iteration = 228706621, tail = 439357704, P(reorder) = 0.818368
iteration = 229243491, tail = 439894694, P(reorder) = 0.819368
iteration = 229780361, tail = 440431666, P(reorder) = 0.820368
iteration = 230317231, tail = 440968650, P(reorder) = 0.821368
iteration = 230854101, tail = 441505612, P(reorder) = 0.822368
iteration = 231390971, tail = 442042573, P(reorder) = 0.823368
iteration = 231927841, tail = 442579560, P(reorder) = 0.824369
iteration = 232464711, tail = 443116519, P(reorder) = 0.825369
iteration = 233001581, tail = 443653498, P(reorder) = 0.826369
iteration = 233538451, tail = 444190486, P(reorder) = 0.827369
iteration = 234075321, tail = 444727461, P(reorder) = 0.828369
iteration = 234612191, tail = 445264436, P(reorder) = 0.82937
iteration = 235149061, tail = 445801413, P(reorder) = 0.83037
iteration = 235685931, tail = 446338382, P(reorder) = 0.83137
iteration = 236222801, tail = 446875376, P(reorder) = 0.83237
iteration = 236759671, tail = 447412347, P(reorder) = 0.83337
iteration = 237296541, tail = 447949326, P(reorder) = 0.834371
iteration = 237833411, tail = 448486291, P(reorder) = 0.835371
iteration = 238370281, tail = 449023265, P(reorder) = 0.836371
iteration = 238907151, tail = 449560243, P(reorder) = 0.837371
iteration = 239444021, tail = 450097217, P(reorder) = 0.838371
iteration = 239980891, tail = 450634185, P(reorder) = 0.839372
iteration = 240517761, tail = 451171144, P(reorder) = 0.840372
iteration = 241054631, tail = 451708117, P(reorder) = 0.841372
iteration = 241591501, tail = 452245090, P(reorder) = 0.842372
iteration = 242128371, tail = 452782041, P(reorder) = 0.843372
iteration = 242665241, tail = 453319013, P(reorder) = 0.844372
iteration = 243202111, tail = 453855980, P(reorder) = 0.845373
iteration = 243738981, tail = 454392942, P(reorder) = 0.846373
iteration = 244275851, tail = 454929904, P(reorder) = 0.847373
iteration = 244812721, tail = 455466864, P(reorder) = 0.848373
iteration = 245349591, tail = 456003810, P(reorder) = 0.849373
iteration = 245886461, tail = 456540763, P(reorder) = 0.850373
iteration = 246423331, tail = 457077724, P(reorder) = 0.851374
iteration = 246960201, tail = 457614689, P(reorder) = 0.852374
iteration = 247497071, tail = 458151657, P(reorder) = 0.853374
iteration = 248033941, tail = 458688618, P(reorder) = 0.854374
iteration = 248570811, tail = 459225577, P(reorder) = 0.855374
iteration = 249107681, tail = 459762518, P(reorder) = 0.856374
iteration = 249644551, tail = 460299459, P(reorder) = 0.857375
iteration = 250181421, tail = 460836415, P(reorder) = 0.858375
iteration = 250718291, tail = 461373359, P(reorder) = 0.859375
iteration = 251255161, tail = 461910307, P(reorder) = 0.860375
iteration = 251792031, tail = 462447237, P(reorder) = 0.861375
iteration = 252328901, tail = 462984189, P(reorder) = 0.862375
iteration = 252865771, tail = 463521136, P(reorder) = 0.863375
iteration = 253402641, tail = 464058088, P(reorder) = 0.864376
iteration = 253939511, tail = 464595039, P(reorder) = 0.865376
iteration = 254476381, tail = 465131985, P(reorder) = 0.866376
iteration = 255013251, tail = 465668914, P(reorder) = 0.867376
iteration = 255550121, tail = 466205852, P(reorder) = 0.868376
iteration = 256086991, tail = 466742792, P(reorder) = 0.869376
iteration = 256623861, tail = 467279728, P(reorder) = 0.870376
iteration = 257160731, tail = 467816662, P(reorder) = 0.871376
iteration = 257697601, tail = 468353610, P(reorder) = 0.872377
iteration = 258234471, tail = 468890552, P(reorder) = 0.873377
iteration = 258771341, tail = 469427487, P(reorder) = 0.874377
iteration = 259308211, tail = 469964420, P(reorder) = 0.875377
iteration = 259845081, tail = 470501344, P(reorder) = 0.876377
iteration = 260381951, tail = 471038281, P(reorder) = 0.877377
iteration = 260918821, tail = 471575231, P(reorder) = 0.878377
iteration = 261455691, tail = 472112183, P(reorder) = 0.879377
iteration = 261992561, tail = 472649124, P(reorder) = 0.880378
iteration = 262529431, tail = 473186051, P(reorder) = 0.881378
iteration = 263066301, tail = 473722997, P(reorder) = 0.882378
iteration = 263603171, tail = 474259930, P(reorder) = 0.883378
iteration = 264140041, tail = 474796890, P(reorder) = 0.884378
iteration = 264676911, tail = 475333829, P(reorder) = 0.885378
iteration = 265213781, tail = 475870768, P(reorder) = 0.886378
iteration = 265750651, tail = 476407704, P(reorder) = 0.887379
iteration = 266287521, tail = 476944632, P(reorder) = 0.888379
iteration = 266824391, tail = 477481573, P(reorder) = 0.889379
iteration = 267361261, tail = 478018523, P(reorder) = 0.890379
iteration = 267898131, tail = 478555455, P(reorder) = 0.891379
iteration = 268435001, tail = 479092391, P(reorder) = 0.892379
iteration = 268971871, tail = 479629333, P(reorder) = 0.893379
iteration = 269508741, tail = 480166261, P(reorder) = 0.894379
iteration = 270045611, tail = 480703182, P(reorder) = 0.895379
iteration = 270582481, tail = 481240125, P(reorder) = 0.89638
iteration = 271119351, tail = 481777050, P(reorder) = 0.89738
iteration = 271656221, tail = 482313977, P(reorder) = 0.89838
iteration = 272193091, tail = 482850905, P(reorder) = 0.89938
iteration = 272729961, tail = 483387828, P(reorder) = 0.90038
iteration = 273266831, tail = 483924757, P(reorder) = 0.90138
iteration = 273803701, tail = 484461695, P(reorder) = 0.90238
iteration = 274340571, tail = 484998604, P(reorder) = 0.90338
iteration = 274877441, tail = 485535526, P(reorder) = 0.90438
iteration = 275414311, tail = 486072442, P(reorder) = 0.90538
iteration = 275951181, tail = 486609367, P(reorder) = 0.906381
iteration = 276488051, tail = 487146290, P(reorder) = 0.907381
iteration = 277024921, tail = 487683210, P(reorder) = 0.908381
iteration = 277561791, tail = 488220139, P(reorder) = 0.909381
iteration = 278098661, tail = 488757071, P(reorder) = 0.910381
iteration = 278635531, tail = 489293983, P(reorder) = 0.911381
iteration = 279172401, tail = 489830897, P(reorder) = 0.912381
iteration = 279709271, tail = 490367822, P(reorder) = 0.913381
iteration = 280246141, tail = 490904735, P(reorder) = 0.914381
iteration = 280783011, tail = 491441656, P(reorder) = 0.915381
iteration = 281319881, tail = 491978581, P(reorder) = 0.916382
iteration = 281856751, tail = 492515497, P(reorder) = 0.917382
iteration = 282393621, tail = 493052401, P(reorder) = 0.918382
iteration = 282930491, tail = 493589317, P(reorder) = 0.919382
iteration = 283467361, tail = 494126237, P(reorder) = 0.920382
iteration = 284004231, tail = 494663154, P(reorder) = 0.921382
iteration = 284541101, tail = 495200058, P(reorder) = 0.922382
iteration = 285077971, tail = 495736963, P(reorder) = 0.923382
iteration = 285614841, tail = 496273878, P(reorder) = 0.924382
iteration = 286151711, tail = 496810791, P(reorder) = 0.925382
iteration = 286688581, tail = 497347701, P(reorder) = 0.926382
iteration = 287225451, tail = 497884616, P(reorder) = 0.927382
iteration = 287762321, tail = 498421517, P(reorder) = 0.928382
iteration = 288299191, tail = 498958433, P(reorder) = 0.929383
iteration = 288836061, tail = 499495334, P(reorder) = 0.930383
iteration = 289372931, tail = 500032242, P(reorder) = 0.931383
iteration = 289909801, tail = 500569147, P(reorder) = 0.932383
iteration = 290446671, tail = 501106051, P(reorder) = 0.933383
iteration = 290983541, tail = 501642965, P(reorder) = 0.934383
iteration = 291520411, tail = 502179876, P(reorder) = 0.935383
iteration = 292057281, tail = 502716783, P(reorder) = 0.936383
iteration = 292594151, tail = 503253691, P(reorder) = 0.937383
iteration = 293131021, tail = 503790587, P(reorder) = 0.938383
iteration = 293667891, tail = 504327484, P(reorder) = 0.939383
iteration = 294204761, tail = 504864390, P(reorder) = 0.940383
iteration = 294741631, tail = 505401294, P(reorder) = 0.941383
iteration = 295278501, tail = 505938209, P(reorder) = 0.942383
iteration = 295815371, tail = 506475112, P(reorder) = 0.943383
iteration = 296352241, tail = 507012008, P(reorder) = 0.944383
iteration = 296889111, tail = 507548909, P(reorder) = 0.945384
iteration = 297425981, tail = 508085819, P(reorder) = 0.946384
iteration = 297962851, tail = 508622720, P(reorder) = 0.947384
iteration = 298499721, tail = 509159629, P(reorder) = 0.948384
iteration = 299036591, tail = 509696538, P(reorder) = 0.949384
299367393 iterations
Total number of reordered vertices: 510027364
reorder time = 252.91
====================convert====================
max_chunkID = 3477112
max_offset = 20(GB)
The number of non-zero degree vertices: 136098239
total_num_reorder = 536870909
0 2027006 293984051 525343397 477160577 
convert time = 98.1252
====================end====================
[1;33mDEBUG:    chunk_allocator.hpp(init:29): sblk_pools[0] allocated 192GB on SSD, start = 0x7f38dde2f000
[0m[1;33msblklevel0
mempool_align=4096
mempool_size=206158430208
mempool_start=0x7f38dde2f000
mempool_cur=0x7f38dde2f000
mempool_end=0x7f68dde2f000
mempool_free_block=(nil)

DEBUG:    chunk_allocator.hpp(init:29): sblk_pools[1] allocated 192GB on SSD, start = 0x7f08dde2f000
[0msblklevel1
mempool_align=4096
mempool_size=206158430208
mempool_start=0x7f08dde2f000
mempool_cur=0x7f08dde2f000
mempool_end=0x7f38dde2f000
mempool_free_block=(nil)

====================sort====================
The first five vertices in vid_list: 
0: indeg=2, outdeg=23
1: indeg=0, outdeg=0
2: indeg=0, outdeg=0
3: indeg=0, outdeg=0
4: indeg=0, outdeg=0
sort time = 3.33172
====================reorder====================
threshold = 0.95
vid_list.size() = 536870909
iteration = 1, tail = 80832353, P(reorder) = 0.150562
iteration = 536871, tail = 128823168, P(reorder) = 0.239952
iteration = 1073741, tail = 129549355, P(reorder) = 0.241304
iteration = 1610611, tail = 130194201, P(reorder) = 0.242506
iteration = 2147481, tail = 130838143, P(reorder) = 0.243705
iteration = 2684351, tail = 131450159, P(reorder) = 0.244845
iteration = 3221221, tail = 132037620, P(reorder) = 0.245939
iteration = 3758091, tail = 132647592, P(reorder) = 0.247075
iteration = 4294961, tail = 133252250, P(reorder) = 0.248202
iteration = 4831831, tail = 133846069, P(reorder) = 0.249308
iteration = 5368701, tail = 134440915, P(reorder) = 0.250416
iteration = 5905571, tail = 135020023, P(reorder) = 0.251494
iteration = 6442441, tail = 135603038, P(reorder) = 0.25258
iteration = 6979311, tail = 136184259, P(reorder) = 0.253663
iteration = 7516181, tail = 136757902, P(reorder) = 0.254731
iteration = 8053051, tail = 137331409, P(reorder) = 0.2558
iteration = 8589921, tail = 137910635, P(reorder) = 0.256879
iteration = 9126791, tail = 138479025, P(reorder) = 0.257937
iteration = 9663661, tail = 139051582, P(reorder) = 0.259004
iteration = 10200531, tail = 139622116, P(reorder) = 0.260066
iteration = 10737401, tail = 140189323, P(reorder) = 0.261123
iteration = 11274271, tail = 140755504, P(reorder) = 0.262178
iteration = 11811141, tail = 141324122, P(reorder) = 0.263237
iteration = 12348011, tail = 141891796, P(reorder) = 0.264294
iteration = 12884881, tail = 142452683, P(reorder) = 0.265339
iteration = 13421751, tail = 143022605, P(reorder) = 0.2664
iteration = 13958621, tail = 143589499, P(reorder) = 0.267456
iteration = 14495491, tail = 144153466, P(reorder) = 0.268507
iteration = 15032361, tail = 144714511, P(reorder) = 0.269552
iteration = 15569231, tail = 145274851, P(reorder) = 0.270595
iteration = 16106101, tail = 145834935, P(reorder) = 0.271639
iteration = 16642971, tail = 146392913, P(reorder) = 0.272678
iteration = 17179841, tail = 146958160, P(reorder) = 0.273731
iteration = 17716711, tail = 147518152, P(reorder) = 0.274774
iteration = 18253581, tail = 148075447, P(reorder) = 0.275812
iteration = 18790451, tail = 148635846, P(reorder) = 0.276856
iteration = 19327321, tail = 149193425, P(reorder) = 0.277894
iteration = 19864191, tail = 149751304, P(reorder) = 0.278934
iteration = 20401061, tail = 150310912, P(reorder) = 0.279976
iteration = 20937931, tail = 150868398, P(reorder) = 0.281014
iteration = 21474801, tail = 151426335, P(reorder) = 0.282054
iteration = 22011671, tail = 151984323, P(reorder) = 0.283093
iteration = 22548541, tail = 152539727, P(reorder) = 0.284127
iteration = 23085411, tail = 153096244, P(reorder) = 0.285164
iteration = 23622281, tail = 153652468, P(reorder) = 0.2862
iteration = 24159151, tail = 154208336, P(reorder) = 0.287235
iteration = 24696021, tail = 154762425, P(reorder) = 0.288267
iteration = 25232891, tail = 155316992, P(reorder) = 0.2893
iteration = 25769761, tail = 155869756, P(reorder) = 0.29033
iteration = 26306631, tail = 156423372, P(reorder) = 0.291361
iteration = 26843501, tail = 156978539, P(reorder) = 0.292395
iteration = 27380371, tail = 157534257, P(reorder) = 0.29343
iteration = 27917241, tail = 158088794, P(reorder) = 0.294463
iteration = 28454111, tail = 158642655, P(reorder) = 0.295495
iteration = 28990981, tail = 159197558, P(reorder) = 0.296529
iteration = 29527851, tail = 159752465, P(reorder) = 0.297562
iteration = 30064721, tail = 160305748, P(reorder) = 0.298593
iteration = 30601591, tail = 160859496, P(reorder) = 0.299624
iteration = 31138461, tail = 161413011, P(reorder) = 0.300655
iteration = 31675331, tail = 161967087, P(reorder) = 0.301687
iteration = 32212201, tail = 162520979, P(reorder) = 0.302719
iteration = 32749071, tail = 163074468, P(reorder) = 0.30375
iteration = 33285941, tail = 163626017, P(reorder) = 0.304777
iteration = 33822811, tail = 164178332, P(reorder) = 0.305806
iteration = 34359681, tail = 164729276, P(reorder) = 0.306832
iteration = 34896551, tail = 165280778, P(reorder) = 0.307859
iteration = 35433421, tail = 165832489, P(reorder) = 0.308887
iteration = 35970291, tail = 166383735, P(reorder) = 0.309914
iteration = 36507161, tail = 166937312, P(reorder) = 0.310945
iteration = 37044031, tail = 167490224, P(reorder) = 0.311975
iteration = 37580901, tail = 168041695, P(reorder) = 0.313002
iteration = 38117771, tail = 168593329, P(reorder) = 0.31403
iteration = 38654641, tail = 169145983, P(reorder) = 0.315059
iteration = 39191511, tail = 169696464, P(reorder) = 0.316084
iteration = 39728381, tail = 170247358, P(reorder) = 0.31711
iteration = 40265251, tail = 170798230, P(reorder) = 0.318136
iteration = 40802121, tail = 171348644, P(reorder) = 0.319162
iteration = 41338991, tail = 171898725, P(reorder) = 0.320186
iteration = 41875861, tail = 172448983, P(reorder) = 0.321211
iteration = 42412731, tail = 172998417, P(reorder) = 0.322235
iteration = 42949601, tail = 173548779, P(reorder) = 0.32326
iteration = 43486471, tail = 174098996, P(reorder) = 0.324285
iteration = 44023341, tail = 174650082, P(reorder) = 0.325311
iteration = 44560211, tail = 175201025, P(reorder) = 0.326337
iteration = 45097081, tail = 175751389, P(reorder) = 0.327362
iteration = 45633951, tail = 176301508, P(reorder) = 0.328387
iteration = 46170821, tail = 176851518, P(reorder) = 0.329412
iteration = 46707691, tail = 177402942, P(reorder) = 0.330439
iteration = 47244561, tail = 177951553, P(reorder) = 0.331461
iteration = 47781431, tail = 178502356, P(reorder) = 0.332487
iteration = 48318301, tail = 179051652, P(reorder) = 0.33351
iteration = 48855171, tail = 179601391, P(reorder) = 0.334534
iteration = 49392041, tail = 180149951, P(reorder) = 0.335555
iteration = 49928911, tail = 180698953, P(reorder) = 0.336578
iteration = 50465781, tail = 181248068, P(reorder) = 0.337601
iteration = 51002651, tail = 181797262, P(reorder) = 0.338624
iteration = 51539521, tail = 182345297, P(reorder) = 0.339645
iteration = 52076391, tail = 182894517, P(reorder) = 0.340668
iteration = 52613261, tail = 183443702, P(reorder) = 0.341691
iteration = 53150131, tail = 183992304, P(reorder) = 0.342712
iteration = 53687001, tail = 184540983, P(reorder) = 0.343734
iteration = 54223871, tail = 185090403, P(reorder) = 0.344758
iteration = 54760741, tail = 185638941, P(reorder) = 0.345779
iteration = 55297611, tail = 186187099, P(reorder) = 0.3468
iteration = 55834481, tail = 186735175, P(reorder) = 0.347821
iteration = 56371351, tail = 187283733, P(reorder) = 0.348843
iteration = 56908221, tail = 187831800, P(reorder) = 0.349864
iteration = 57445091, tail = 188380038, P(reorder) = 0.350885
iteration = 57981961, tail = 188928042, P(reorder) = 0.351906
iteration = 58518831, tail = 189475726, P(reorder) = 0.352926
iteration = 59055701, tail = 190024106, P(reorder) = 0.353947
iteration = 59592571, tail = 190572270, P(reorder) = 0.354969
iteration = 60129441, tail = 191120786, P(reorder) = 0.35599
iteration = 60666311, tail = 191669406, P(reorder) = 0.357012
iteration = 61203181, tail = 192217182, P(reorder) = 0.358032
iteration = 61740051, tail = 192765407, P(reorder) = 0.359054
iteration = 62276921, tail = 193312760, P(reorder) = 0.360073
iteration = 62813791, tail = 193860755, P(reorder) = 0.361094
iteration = 63350661, tail = 194408817, P(reorder) = 0.362115
iteration = 63887531, tail = 194956451, P(reorder) = 0.363135
iteration = 64424401, tail = 195504867, P(reorder) = 0.364156
iteration = 64961271, tail = 196051906, P(reorder) = 0.365175
iteration = 65498141, tail = 196598946, P(reorder) = 0.366194
iteration = 66035011, tail = 197146133, P(reorder) = 0.367213
iteration = 66571881, tail = 197694263, P(reorder) = 0.368234
iteration = 67108751, tail = 198241400, P(reorder) = 0.369253
iteration = 67645621, tail = 198789158, P(reorder) = 0.370274
iteration = 68182491, tail = 199336584, P(reorder) = 0.371293
iteration = 68719361, tail = 199884004, P(reorder) = 0.372313
iteration = 69256231, tail = 200431060, P(reorder) = 0.373332
iteration = 69793101, tail = 200978077, P(reorder) = 0.374351
iteration = 70329971, tail = 201525268, P(reorder) = 0.37537
iteration = 70866841, tail = 202072311, P(reorder) = 0.376389
iteration = 71403711, tail = 202620111, P(reorder) = 0.377409
iteration = 71940581, tail = 203166716, P(reorder) = 0.378428
iteration = 72477451, tail = 203713421, P(reorder) = 0.379446
iteration = 73014321, tail = 204259952, P(reorder) = 0.380464
iteration = 73551191, tail = 204806640, P(reorder) = 0.381482
iteration = 74088061, tail = 205353352, P(reorder) = 0.3825
iteration = 74624931, tail = 205900094, P(reorder) = 0.383519
iteration = 75161801, tail = 206446929, P(reorder) = 0.384537
iteration = 75698671, tail = 206993070, P(reorder) = 0.385555
iteration = 76235541, tail = 207539556, P(reorder) = 0.386573
iteration = 76772411, tail = 208085919, P(reorder) = 0.38759
iteration = 77309281, tail = 208632351, P(reorder) = 0.388608
iteration = 77846151, tail = 209178555, P(reorder) = 0.389625
iteration = 78383021, tail = 209724357, P(reorder) = 0.390642
iteration = 78919891, tail = 210270833, P(reorder) = 0.39166
iteration = 79456761, tail = 210816477, P(reorder) = 0.392676
iteration = 79993631, tail = 211361890, P(reorder) = 0.393692
iteration = 80530501, tail = 211907397, P(reorder) = 0.394708
iteration = 81067371, tail = 212453494, P(reorder) = 0.395725
iteration = 81604241, tail = 212999318, P(reorder) = 0.396742
iteration = 82141111, tail = 213545537, P(reorder) = 0.39776
iteration = 82677981, tail = 214091186, P(reorder) = 0.398776
iteration = 83214851, tail = 214637583, P(reorder) = 0.399794
iteration = 83751721, tail = 215183145, P(reorder) = 0.40081
iteration = 84288591, tail = 215728695, P(reorder) = 0.401826
iteration = 84825461, tail = 216274645, P(reorder) = 0.402843
iteration = 85362331, tail = 216819864, P(reorder) = 0.403858
iteration = 85899201, tail = 217365450, P(reorder) = 0.404875
iteration = 86436071, tail = 217911576, P(reorder) = 0.405892
iteration = 86972941, tail = 218457736, P(reorder) = 0.406909
iteration = 87509811, tail = 219003346, P(reorder) = 0.407926
iteration = 88046681, tail = 219548732, P(reorder) = 0.408941
iteration = 88583551, tail = 220094233, P(reorder) = 0.409957
iteration = 89120421, tail = 220639586, P(reorder) = 0.410973
iteration = 89657291, tail = 221184830, P(reorder) = 0.411989
iteration = 90194161, tail = 221730189, P(reorder) = 0.413005
iteration = 90731031, tail = 222275411, P(reorder) = 0.41402
iteration = 91267901, tail = 222820680, P(reorder) = 0.415036
iteration = 91804771, tail = 223366148, P(reorder) = 0.416052
iteration = 92341641, tail = 223910856, P(reorder) = 0.417066
iteration = 92878511, tail = 224455788, P(reorder) = 0.418081
iteration = 93415381, tail = 225000929, P(reorder) = 0.419097
iteration = 93952251, tail = 225545722, P(reorder) = 0.420112
iteration = 94489121, tail = 226090498, P(reorder) = 0.421126
iteration = 95025991, tail = 226635390, P(reorder) = 0.422141
iteration = 95562861, tail = 227180096, P(reorder) = 0.423156
iteration = 96099731, tail = 227724681, P(reorder) = 0.42417
iteration = 96636601, tail = 228269398, P(reorder) = 0.425185
iteration = 97173471, tail = 228814680, P(reorder) = 0.426201
iteration = 97710341, tail = 229359493, P(reorder) = 0.427215
iteration = 98247211, tail = 229904824, P(reorder) = 0.428231
iteration = 98784081, tail = 230449288, P(reorder) = 0.429245
iteration = 99320951, tail = 230994396, P(reorder) = 0.430261
iteration = 99857821, tail = 231538772, P(reorder) = 0.431275
iteration = 100394691, tail = 232083236, P(reorder) = 0.432289
iteration = 100931561, tail = 232627435, P(reorder) = 0.433302
iteration = 101468431, tail = 233172134, P(reorder) = 0.434317
iteration = 102005301, tail = 233716562, P(reorder) = 0.435331
iteration = 102542171, tail = 234261551, P(reorder) = 0.436346
iteration = 103079041, tail = 234806458, P(reorder) = 0.437361
iteration = 103615911, tail = 235351041, P(reorder) = 0.438375
iteration = 104152781, tail = 235895504, P(reorder) = 0.43939
iteration = 104689651, tail = 236440033, P(reorder) = 0.440404
iteration = 105226521, tail = 236984477, P(reorder) = 0.441418
iteration = 105763391, tail = 237529113, P(reorder) = 0.442432
iteration = 106300261, tail = 238073473, P(reorder) = 0.443446
iteration = 106837131, tail = 238617653, P(reorder) = 0.44446
iteration = 107374001, tail = 239162667, P(reorder) = 0.445475
iteration = 107910871, tail = 239707350, P(reorder) = 0.44649
iteration = 108447741, tail = 240251555, P(reorder) = 0.447503
iteration = 108984611, tail = 240795594, P(reorder) = 0.448517
iteration = 109521481, tail = 241339925, P(reorder) = 0.449531
iteration = 110058351, tail = 241883883, P(reorder) = 0.450544
iteration = 110595221, tail = 242427981, P(reorder) = 0.451557
iteration = 111132091, tail = 242972259, P(reorder) = 0.452571
iteration = 111668961, tail = 243516321, P(reorder) = 0.453584
iteration = 112205831, tail = 244060784, P(reorder) = 0.454599
iteration = 112742701, tail = 244604484, P(reorder) = 0.455611
iteration = 113279571, tail = 245148241, P(reorder) = 0.456624
iteration = 113816441, tail = 245692149, P(reorder) = 0.457637
iteration = 114353311, tail = 246236424, P(reorder) = 0.458651
iteration = 114890181, tail = 246780564, P(reorder) = 0.459665
iteration = 115427051, tail = 247324661, P(reorder) = 0.460678
iteration = 115963921, tail = 247868336, P(reorder) = 0.461691
iteration = 116500791, tail = 248412323, P(reorder) = 0.462704
iteration = 117037661, tail = 248956044, P(reorder) = 0.463717
iteration = 117574531, tail = 249500205, P(reorder) = 0.46473
iteration = 118111401, tail = 250043941, P(reorder) = 0.465743
iteration = 118648271, tail = 250587548, P(reorder) = 0.466756
iteration = 119185141, tail = 251131095, P(reorder) = 0.467768
iteration = 119722011, tail = 251674379, P(reorder) = 0.46878
iteration = 120258881, tail = 252217727, P(reorder) = 0.469792
iteration = 120795751, tail = 252761356, P(reorder) = 0.470805
iteration = 121332621, tail = 253304700, P(reorder) = 0.471817
iteration = 121869491, tail = 253848043, P(reorder) = 0.472829
iteration = 122406361, tail = 254391067, P(reorder) = 0.47384
iteration = 122943231, tail = 254934654, P(reorder) = 0.474853
iteration = 123480101, tail = 255477964, P(reorder) = 0.475865
iteration = 124016971, tail = 256021494, P(reorder) = 0.476877
iteration = 124553841, tail = 256564931, P(reorder) = 0.477889
iteration = 125090711, tail = 257108310, P(reorder) = 0.478902
iteration = 125627581, tail = 257651927, P(reorder) = 0.479914
iteration = 126164451, tail = 258195229, P(reorder) = 0.480926
iteration = 126701321, tail = 258738640, P(reorder) = 0.481938
iteration = 127238191, tail = 259281964, P(reorder) = 0.48295
iteration = 127775061, tail = 259825094, P(reorder) = 0.483962
iteration = 128311931, tail = 260368260, P(reorder) = 0.484974
iteration = 128848801, tail = 260911611, P(reorder) = 0.485986
iteration = 129385671, tail = 261454781, P(reorder) = 0.486997
iteration = 129922541, tail = 261997822, P(reorder) = 0.488009
iteration = 130459411, tail = 262541384, P(reorder) = 0.489021
iteration = 130996281, tail = 263084432, P(reorder) = 0.490033
iteration = 131533151, tail = 263627551, P(reorder) = 0.491045
iteration = 132070021, tail = 264170871, P(reorder) = 0.492057
iteration = 132606891, tail = 264714125, P(reorder) = 0.493068
iteration = 133143761, tail = 265257191, P(reorder) = 0.49408
iteration = 133680631, tail = 265800254, P(reorder) = 0.495092
iteration = 134217501, tail = 266342857, P(reorder) = 0.496102
iteration = 134754371, tail = 266885785, P(reorder) = 0.497114
iteration = 135291241, tail = 267428681, P(reorder) = 0.498125
iteration = 135828111, tail = 267971393, P(reorder) = 0.499136
iteration = 136364981, tail = 268514021, P(reorder) = 0.500146
iteration = 136901851, tail = 269056940, P(reorder) = 0.501158
iteration = 137438721, tail = 269599684, P(reorder) = 0.502169
iteration = 137975591, tail = 270142817, P(reorder) = 0.50318
iteration = 138512461, tail = 270685832, P(reorder) = 0.504192
iteration = 139049331, tail = 271228901, P(reorder) = 0.505203
iteration = 139586201, tail = 271771594, P(reorder) = 0.506214
iteration = 140123071, tail = 272314186, P(reorder) = 0.507225
iteration = 140659941, tail = 272856624, P(reorder) = 0.508235
iteration = 141196811, tail = 273399298, P(reorder) = 0.509246
iteration = 141733681, tail = 273941895, P(reorder) = 0.510257
iteration = 142270551, tail = 274484883, P(reorder) = 0.511268
iteration = 142807421, tail = 275027218, P(reorder) = 0.512278
iteration = 143344291, tail = 275569688, P(reorder) = 0.513289
iteration = 143881161, tail = 276112235, P(reorder) = 0.514299
iteration = 144418031, tail = 276654618, P(reorder) = 0.515309
iteration = 144954901, tail = 277197031, P(reorder) = 0.51632
iteration = 145491771, tail = 277739356, P(reorder) = 0.51733
iteration = 146028641, tail = 278282106, P(reorder) = 0.518341
iteration = 146565511, tail = 278824842, P(reorder) = 0.519352
iteration = 147102381, tail = 279367497, P(reorder) = 0.520363
iteration = 147639251, tail = 279909852, P(reorder) = 0.521373
iteration = 148176121, tail = 280452136, P(reorder) = 0.522383
iteration = 148712991, tail = 280994760, P(reorder) = 0.523394
iteration = 149249861, tail = 281537126, P(reorder) = 0.524404
iteration = 149786731, tail = 282079746, P(reorder) = 0.525414
iteration = 150323601, tail = 282622226, P(reorder) = 0.526425
iteration = 150860471, tail = 283164850, P(reorder) = 0.527436
iteration = 151397341, tail = 283707285, P(reorder) = 0.528446
iteration = 151934211, tail = 284249885, P(reorder) = 0.529457
iteration = 152471081, tail = 284792112, P(reorder) = 0.530467
iteration = 153007951, tail = 285334392, P(reorder) = 0.531477
iteration = 153544821, tail = 285876752, P(reorder) = 0.532487
iteration = 154081691, tail = 286418750, P(reorder) = 0.533496
iteration = 154618561, tail = 286960834, P(reorder) = 0.534506
iteration = 155155431, tail = 287503055, P(reorder) = 0.535516
iteration = 155692301, tail = 288045338, P(reorder) = 0.536526
iteration = 156229171, tail = 288587553, P(reorder) = 0.537536
iteration = 156766041, tail = 289129594, P(reorder) = 0.538546
iteration = 157302911, tail = 289671617, P(reorder) = 0.539555
iteration = 157839781, tail = 290213578, P(reorder) = 0.540565
iteration = 158376651, tail = 290755650, P(reorder) = 0.541575
iteration = 158913521, tail = 291297549, P(reorder) = 0.542584
iteration = 159450391, tail = 291839369, P(reorder) = 0.543593
iteration = 159987261, tail = 292381429, P(reorder) = 0.544603
iteration = 160524131, tail = 292923231, P(reorder) = 0.545612
iteration = 161061001, tail = 293465276, P(reorder) = 0.546622
iteration = 161597871, tail = 294007088, P(reorder) = 0.547631
iteration = 162134741, tail = 294549161, P(reorder) = 0.548641
iteration = 162671611, tail = 295091256, P(reorder) = 0.54965
iteration = 163208481, tail = 295633137, P(reorder) = 0.55066
iteration = 163745351, tail = 296175119, P(reorder) = 0.551669
iteration = 164282221, tail = 296716914, P(reorder) = 0.552678
iteration = 164819091, tail = 297258832, P(reorder) = 0.553688
iteration = 165355961, tail = 297800646, P(reorder) = 0.554697
iteration = 165892831, tail = 298342415, P(reorder) = 0.555706
iteration = 166429701, tail = 298884346, P(reorder) = 0.556715
iteration = 166966571, tail = 299426066, P(reorder) = 0.557725
iteration = 167503441, tail = 299967980, P(reorder) = 0.558734
iteration = 168040311, tail = 300509368, P(reorder) = 0.559742
iteration = 168577181, tail = 301051439, P(reorder) = 0.560752
iteration = 169114051, tail = 301593274, P(reorder) = 0.561761
iteration = 169650921, tail = 302135153, P(reorder) = 0.562771
iteration = 170187791, tail = 302676770, P(reorder) = 0.563779
iteration = 170724661, tail = 303218376, P(reorder) = 0.564788
iteration = 171261531, tail = 303760049, P(reorder) = 0.565797
iteration = 171798401, tail = 304301355, P(reorder) = 0.566805
iteration = 172335271, tail = 304842842, P(reorder) = 0.567814
iteration = 172872141, tail = 305384609, P(reorder) = 0.568823
iteration = 173409011, tail = 305926379, P(reorder) = 0.569832
iteration = 173945881, tail = 306467977, P(reorder) = 0.570841
iteration = 174482751, tail = 307009492, P(reorder) = 0.57185
iteration = 175019621, tail = 307551035, P(reorder) = 0.572858
iteration = 175556491, tail = 308092435, P(reorder) = 0.573867
iteration = 176093361, tail = 308633711, P(reorder) = 0.574875
iteration = 176630231, tail = 309175053, P(reorder) = 0.575883
iteration = 177167101, tail = 309716645, P(reorder) = 0.576892
iteration = 177703971, tail = 310258155, P(reorder) = 0.577901
iteration = 178240841, tail = 310799672, P(reorder) = 0.57891
iteration = 178777711, tail = 311340943, P(reorder) = 0.579918
iteration = 179314581, tail = 311882128, P(reorder) = 0.580926
iteration = 179851451, tail = 312423562, P(reorder) = 0.581934
iteration = 180388321, tail = 312964805, P(reorder) = 0.582942
iteration = 180925191, tail = 313506088, P(reorder) = 0.583951
iteration = 181462061, tail = 314047309, P(reorder) = 0.584959
iteration = 181998931, tail = 314588630, P(reorder) = 0.585967
iteration = 182535801, tail = 315129825, P(reorder) = 0.586975
iteration = 183072671, tail = 315671166, P(reorder) = 0.587983
iteration = 183609541, tail = 316212462, P(reorder) = 0.588992
iteration = 184146411, tail = 316753551, P(reorder) = 0.589999
iteration = 184683281, tail = 317294944, P(reorder) = 0.591008
iteration = 185220151, tail = 317836344, P(reorder) = 0.592016
iteration = 185757021, tail = 318377611, P(reorder) = 0.593025
iteration = 186293891, tail = 318918897, P(reorder) = 0.594033
iteration = 186830761, tail = 319459933, P(reorder) = 0.59504
iteration = 187367631, tail = 320000966, P(reorder) = 0.596048
iteration = 187904501, tail = 320541958, P(reorder) = 0.597056
iteration = 188441371, tail = 321082890, P(reorder) = 0.598063
iteration = 188978241, tail = 321623943, P(reorder) = 0.599071
iteration = 189515111, tail = 322164946, P(reorder) = 0.600079
iteration = 190051981, tail = 322705948, P(reorder) = 0.601087
iteration = 190588851, tail = 323246954, P(reorder) = 0.602094
iteration = 191125721, tail = 323787948, P(reorder) = 0.603102
iteration = 191662591, tail = 324328964, P(reorder) = 0.60411
iteration = 192199461, tail = 324870256, P(reorder) = 0.605118
iteration = 192736331, tail = 325411339, P(reorder) = 0.606126
iteration = 193273201, tail = 325952254, P(reorder) = 0.607133
iteration = 193810071, tail = 326493076, P(reorder) = 0.608141
iteration = 194346941, tail = 327034067, P(reorder) = 0.609148
iteration = 194883811, tail = 327574999, P(reorder) = 0.610156
iteration = 195420681, tail = 328115842, P(reorder) = 0.611163
iteration = 195957551, tail = 328656588, P(reorder) = 0.612171
iteration = 196494421, tail = 329197432, P(reorder) = 0.613178
iteration = 197031291, tail = 329738345, P(reorder) = 0.614186
iteration = 197568161, tail = 330279175, P(reorder) = 0.615193
iteration = 198105031, tail = 330819952, P(reorder) = 0.6162
iteration = 198641901, tail = 331360989, P(reorder) = 0.617208
iteration = 199178771, tail = 331901862, P(reorder) = 0.618215
iteration = 199715641, tail = 332442737, P(reorder) = 0.619223
iteration = 200252511, tail = 332983547, P(reorder) = 0.62023
iteration = 200789381, tail = 333524129, P(reorder) = 0.621237
iteration = 201326251, tail = 334065022, P(reorder) = 0.622245
iteration = 201863121, tail = 334605778, P(reorder) = 0.623252
iteration = 202399991, tail = 335146373, P(reorder) = 0.624259
iteration = 202936861, tail = 335687140, P(reorder) = 0.625266
iteration = 203473731, tail = 336227552, P(reorder) = 0.626273
iteration = 204010601, tail = 336768010, P(reorder) = 0.627279
iteration = 204547471, tail = 337308722, P(reorder) = 0.628286
iteration = 205084341, tail = 337849287, P(reorder) = 0.629293
iteration = 205621211, tail = 338390050, P(reorder) = 0.630301
iteration = 206158081, tail = 338930582, P(reorder) = 0.631307
iteration = 206694951, tail = 339471202, P(reorder) = 0.632314
iteration = 207231821, tail = 340011789, P(reorder) = 0.633321
iteration = 207768691, tail = 340552461, P(reorder) = 0.634328
iteration = 208305561, tail = 341092963, P(reorder) = 0.635335
iteration = 208842431, tail = 341633736, P(reorder) = 0.636342
iteration = 209379301, tail = 342174250, P(reorder) = 0.637349
iteration = 209916171, tail = 342714783, P(reorder) = 0.638356
iteration = 210453041, tail = 343255416, P(reorder) = 0.639363
iteration = 210989911, tail = 343796037, P(reorder) = 0.64037
iteration = 211526781, tail = 344336535, P(reorder) = 0.641377
iteration = 212063651, tail = 344877135, P(reorder) = 0.642384
iteration = 212600521, tail = 345417568, P(reorder) = 0.64339
iteration = 213137391, tail = 345958022, P(reorder) = 0.644397
iteration = 213674261, tail = 346498471, P(reorder) = 0.645404
iteration = 214211131, tail = 347038703, P(reorder) = 0.64641
iteration = 214748001, tail = 347579120, P(reorder) = 0.647417
iteration = 215284871, tail = 348119603, P(reorder) = 0.648423
iteration = 215821741, tail = 348659960, P(reorder) = 0.64943
iteration = 216358611, tail = 349200294, P(reorder) = 0.650436
iteration = 216895481, tail = 349740673, P(reorder) = 0.651443
iteration = 217432351, tail = 350280902, P(reorder) = 0.652449
iteration = 217969221, tail = 350821018, P(reorder) = 0.653455
iteration = 218506091, tail = 351361320, P(reorder) = 0.654461
iteration = 219042961, tail = 351901479, P(reorder) = 0.655468
iteration = 219579831, tail = 352441657, P(reorder) = 0.656474
iteration = 220116701, tail = 352981849, P(reorder) = 0.65748
iteration = 220653571, tail = 353521995, P(reorder) = 0.658486
iteration = 221190441, tail = 354062145, P(reorder) = 0.659492
iteration = 221727311, tail = 354602360, P(reorder) = 0.660498
iteration = 222264181, tail = 355142587, P(reorder) = 0.661505
iteration = 222801051, tail = 355682762, P(reorder) = 0.662511
iteration = 223337921, tail = 356222888, P(reorder) = 0.663517
iteration = 223874791, tail = 356762905, P(reorder) = 0.664523
iteration = 224411661, tail = 357303058, P(reorder) = 0.665529
iteration = 224948531, tail = 357843241, P(reorder) = 0.666535
iteration = 225485401, tail = 358383368, P(reorder) = 0.667541
iteration = 226022271, tail = 358923486, P(reorder) = 0.668547
iteration = 226559141, tail = 359463572, P(reorder) = 0.669553
iteration = 227096011, tail = 360003638, P(reorder) = 0.670559
iteration = 227632881, tail = 360543898, P(reorder) = 0.671565
iteration = 228169751, tail = 361083851, P(reorder) = 0.672571
iteration = 228706621, tail = 361623919, P(reorder) = 0.673577
iteration = 229243491, tail = 362163840, P(reorder) = 0.674583
iteration = 229780361, tail = 362703789, P(reorder) = 0.675588
iteration = 230317231, tail = 363243793, P(reorder) = 0.676594
iteration = 230854101, tail = 363783713, P(reorder) = 0.6776
iteration = 231390971, tail = 364323599, P(reorder) = 0.678606
iteration = 231927841, tail = 364863481, P(reorder) = 0.679611
iteration = 232464711, tail = 365403474, P(reorder) = 0.680617
iteration = 233001581, tail = 365943422, P(reorder) = 0.681623
iteration = 233538451, tail = 366483374, P(reorder) = 0.682628
iteration = 234075321, tail = 367023066, P(reorder) = 0.683634
iteration = 234612191, tail = 367562904, P(reorder) = 0.684639
iteration = 235149061, tail = 368102796, P(reorder) = 0.685645
iteration = 235685931, tail = 368642752, P(reorder) = 0.686651
iteration = 236222801, tail = 369182686, P(reorder) = 0.687656
iteration = 236759671, tail = 369722579, P(reorder) = 0.688662
iteration = 237296541, tail = 370262519, P(reorder) = 0.689668
iteration = 237833411, tail = 370802325, P(reorder) = 0.690673
iteration = 238370281, tail = 371342168, P(reorder) = 0.691679
iteration = 238907151, tail = 371882014, P(reorder) = 0.692684
iteration = 239444021, tail = 372421854, P(reorder) = 0.69369
iteration = 239980891, tail = 372961556, P(reorder) = 0.694695
iteration = 240517761, tail = 373501274, P(reorder) = 0.6957
iteration = 241054631, tail = 374041052, P(reorder) = 0.696706
iteration = 241591501, tail = 374580771, P(reorder) = 0.697711
iteration = 242128371, tail = 375120482, P(reorder) = 0.698716
iteration = 242665241, tail = 375660257, P(reorder) = 0.699722
iteration = 243202111, tail = 376200102, P(reorder) = 0.700727
iteration = 243738981, tail = 376739752, P(reorder) = 0.701732
iteration = 244275851, tail = 377279509, P(reorder) = 0.702738
iteration = 244812721, tail = 377819040, P(reorder) = 0.703743
iteration = 245349591, tail = 378358618, P(reorder) = 0.704748
iteration = 245886461, tail = 378898152, P(reorder) = 0.705753
iteration = 246423331, tail = 379437674, P(reorder) = 0.706758
iteration = 246960201, tail = 379977234, P(reorder) = 0.707763
iteration = 247497071, tail = 380516819, P(reorder) = 0.708768
iteration = 248033941, tail = 381056352, P(reorder) = 0.709773
iteration = 248570811, tail = 381595931, P(reorder) = 0.710778
iteration = 249107681, tail = 382135508, P(reorder) = 0.711783
iteration = 249644551, tail = 382674880, P(reorder) = 0.712788
iteration = 250181421, tail = 383214540, P(reorder) = 0.713793
iteration = 250718291, tail = 383754127, P(reorder) = 0.714798
iteration = 251255161, tail = 384293675, P(reorder) = 0.715803
iteration = 251792031, tail = 384833184, P(reorder) = 0.716808
iteration = 252328901, tail = 385372637, P(reorder) = 0.717812
iteration = 252865771, tail = 385912120, P(reorder) = 0.718817
iteration = 253402641, tail = 386451578, P(reorder) = 0.719822
iteration = 253939511, tail = 386991121, P(reorder) = 0.720827
iteration = 254476381, tail = 387530572, P(reorder) = 0.721832
iteration = 255013251, tail = 388070029, P(reorder) = 0.722837
iteration = 255550121, tail = 388609535, P(reorder) = 0.723842
iteration = 256086991, tail = 389148961, P(reorder) = 0.724846
iteration = 256623861, tail = 389688336, P(reorder) = 0.725851
iteration = 257160731, tail = 390227810, P(reorder) = 0.726856
iteration = 257697601, tail = 390767206, P(reorder) = 0.727861
iteration = 258234471, tail = 391306624, P(reorder) = 0.728865
iteration = 258771341, tail = 391845977, P(reorder) = 0.72987
iteration = 259308211, tail = 392385369, P(reorder) = 0.730875
iteration = 259845081, tail = 392924733, P(reorder) = 0.731879
iteration = 260381951, tail = 393464224, P(reorder) = 0.732884
iteration = 260918821, tail = 394003518, P(reorder) = 0.733889
iteration = 261455691, tail = 394542810, P(reorder) = 0.734893
iteration = 261992561, tail = 395082002, P(reorder) = 0.735898
iteration = 262529431, tail = 395621382, P(reorder) = 0.736902
iteration = 263066301, tail = 396160637, P(reorder) = 0.737907
iteration = 263603171, tail = 396699853, P(reorder) = 0.738911
iteration = 264140041, tail = 397239108, P(reorder) = 0.739916
iteration = 264676911, tail = 397778262, P(reorder) = 0.74092
iteration = 265213781, tail = 398317531, P(reorder) = 0.741924
iteration = 265750651, tail = 398856786, P(reorder) = 0.742929
iteration = 266287521, tail = 399395927, P(reorder) = 0.743933
iteration = 266824391, tail = 399935038, P(reorder) = 0.744937
iteration = 267361261, tail = 400474222, P(reorder) = 0.745941
iteration = 267898131, tail = 401013351, P(reorder) = 0.746946
iteration = 268435001, tail = 401552444, P(reorder) = 0.74795
iteration = 268971871, tail = 402091585, P(reorder) = 0.748954
iteration = 269508741, tail = 402630706, P(reorder) = 0.749958
iteration = 270045611, tail = 403169866, P(reorder) = 0.750962
iteration = 270582481, tail = 403708967, P(reorder) = 0.751967
iteration = 271119351, tail = 404247996, P(reorder) = 0.752971
iteration = 271656221, tail = 404787047, P(reorder) = 0.753975
iteration = 272193091, tail = 405326098, P(reorder) = 0.754979
iteration = 272729961, tail = 405865158, P(reorder) = 0.755983
iteration = 273266831, tail = 406404208, P(reorder) = 0.756987
iteration = 273803701, tail = 406943281, P(reorder) = 0.757991
iteration = 274340571, tail = 407482304, P(reorder) = 0.758995
iteration = 274877441, tail = 408021299, P(reorder) = 0.759999
iteration = 275414311, tail = 408560305, P(reorder) = 0.761003
iteration = 275951181, tail = 409099340, P(reorder) = 0.762007
iteration = 276488051, tail = 409638357, P(reorder) = 0.763011
iteration = 277024921, tail = 410177307, P(reorder) = 0.764015
iteration = 277561791, tail = 410716241, P(reorder) = 0.765019
iteration = 278098661, tail = 411255125, P(reorder) = 0.766022
iteration = 278635531, tail = 411794119, P(reorder) = 0.767026
iteration = 279172401, tail = 412333001, P(reorder) = 0.76803
iteration = 279709271, tail = 412871913, P(reorder) = 0.769034
iteration = 280246141, tail = 413410853, P(reorder) = 0.770038
iteration = 280783011, tail = 413949769, P(reorder) = 0.771042
iteration = 281319881, tail = 414488586, P(reorder) = 0.772045
iteration = 281856751, tail = 415027398, P(reorder) = 0.773049
iteration = 282393621, tail = 415566220, P(reorder) = 0.774052
iteration = 282930491, tail = 416105079, P(reorder) = 0.775056
iteration = 283467361, tail = 416643849, P(reorder) = 0.77606
iteration = 284004231, tail = 417182591, P(reorder) = 0.777063
iteration = 284541101, tail = 417721369, P(reorder) = 0.778067
iteration = 285077971, tail = 418260165, P(reorder) = 0.77907
iteration = 285614841, tail = 418798954, P(reorder) = 0.780074
iteration = 286151711, tail = 419337783, P(reorder) = 0.781077
iteration = 286688581, tail = 419876559, P(reorder) = 0.782081
iteration = 287225451, tail = 420415263, P(reorder) = 0.783084
iteration = 287762321, tail = 420954029, P(reorder) = 0.784088
iteration = 288299191, tail = 421492770, P(reorder) = 0.785091
iteration = 288836061, tail = 422031468, P(reorder) = 0.786095
iteration = 289372931, tail = 422570222, P(reorder) = 0.787098
iteration = 289909801, tail = 423108846, P(reorder) = 0.788102
iteration = 290446671, tail = 423647668, P(reorder) = 0.789105
iteration = 290983541, tail = 424186431, P(reorder) = 0.790109
iteration = 291520411, tail = 424725067, P(reorder) = 0.791112
iteration = 292057281, tail = 425263706, P(reorder) = 0.792115
iteration = 292594151, tail = 425802328, P(reorder) = 0.793119
iteration = 293131021, tail = 426340992, P(reorder) = 0.794122
iteration = 293667891, tail = 426879706, P(reorder) = 0.795125
iteration = 294204761, tail = 427418330, P(reorder) = 0.796129
iteration = 294741631, tail = 427957050, P(reorder) = 0.797132
iteration = 295278501, tail = 428495654, P(reorder) = 0.798135
iteration = 295815371, tail = 429034280, P(reorder) = 0.799139
iteration = 296352241, tail = 429572815, P(reorder) = 0.800142
iteration = 296889111, tail = 430111507, P(reorder) = 0.801145
iteration = 297425981, tail = 430650053, P(reorder) = 0.802148
iteration = 297962851, tail = 431188609, P(reorder) = 0.803151
iteration = 298499721, tail = 431727175, P(reorder) = 0.804155
iteration = 299036591, tail = 432265652, P(reorder) = 0.805158
iteration = 299573461, tail = 432804120, P(reorder) = 0.80616
iteration = 300110331, tail = 433342753, P(reorder) = 0.807164
iteration = 300647201, tail = 433881302, P(reorder) = 0.808167
iteration = 301184071, tail = 434419794, P(reorder) = 0.80917
iteration = 301720941, tail = 434958233, P(reorder) = 0.810173
iteration = 302257811, tail = 435496634, P(reorder) = 0.811176
iteration = 302794681, tail = 436035076, P(reorder) = 0.812179
iteration = 303331551, tail = 436573606, P(reorder) = 0.813182
iteration = 303868421, tail = 437112125, P(reorder) = 0.814185
iteration = 304405291, tail = 437650624, P(reorder) = 0.815188
iteration = 304942161, tail = 438189066, P(reorder) = 0.816191
iteration = 305479031, tail = 438727526, P(reorder) = 0.817194
iteration = 306015901, tail = 439266026, P(reorder) = 0.818197
iteration = 306552771, tail = 439804463, P(reorder) = 0.8192
iteration = 307089641, tail = 440342790, P(reorder) = 0.820202
iteration = 307626511, tail = 440881265, P(reorder) = 0.821205
iteration = 308163381, tail = 441419659, P(reorder) = 0.822208
iteration = 308700251, tail = 441958101, P(reorder) = 0.823211
iteration = 309237121, tail = 442496516, P(reorder) = 0.824214
iteration = 309773991, tail = 443034936, P(reorder) = 0.825217
iteration = 310310861, tail = 443573270, P(reorder) = 0.82622
iteration = 310847731, tail = 444111574, P(reorder) = 0.827222
iteration = 311384601, tail = 444649903, P(reorder) = 0.828225
iteration = 311921471, tail = 445188201, P(reorder) = 0.829228
iteration = 312458341, tail = 445726616, P(reorder) = 0.830231
iteration = 312995211, tail = 446264921, P(reorder) = 0.831233
iteration = 313532081, tail = 446803161, P(reorder) = 0.832236
iteration = 314068951, tail = 447341492, P(reorder) = 0.833238
iteration = 314605821, tail = 447879728, P(reorder) = 0.834241
iteration = 315142691, tail = 448417975, P(reorder) = 0.835244
iteration = 315679561, tail = 448956237, P(reorder) = 0.836246
iteration = 316216431, tail = 449494491, P(reorder) = 0.837249
iteration = 316753301, tail = 450032745, P(reorder) = 0.838251
iteration = 317290171, tail = 450570965, P(reorder) = 0.839254
iteration = 317827041, tail = 451109192, P(reorder) = 0.840256
iteration = 318363911, tail = 451647374, P(reorder) = 0.841259
iteration = 318900781, tail = 452185611, P(reorder) = 0.842261
iteration = 319437651, tail = 452723767, P(reorder) = 0.843264
iteration = 319974521, tail = 453261913, P(reorder) = 0.844266
iteration = 320511391, tail = 453800074, P(reorder) = 0.845269
iteration = 321048261, tail = 454338242, P(reorder) = 0.846271
iteration = 321585131, tail = 454876371, P(reorder) = 0.847273
iteration = 322122001, tail = 455414504, P(reorder) = 0.848276
iteration = 322658871, tail = 455952636, P(reorder) = 0.849278
iteration = 323195741, tail = 456490746, P(reorder) = 0.85028
iteration = 323732611, tail = 457028768, P(reorder) = 0.851282
iteration = 324269481, tail = 457566913, P(reorder) = 0.852285
iteration = 324806351, tail = 458105110, P(reorder) = 0.853287
iteration = 325343221, tail = 458643140, P(reorder) = 0.854289
iteration = 325880091, tail = 459181195, P(reorder) = 0.855292
iteration = 326416961, tail = 459719289, P(reorder) = 0.856294
iteration = 326953831, tail = 460257301, P(reorder) = 0.857296
iteration = 327490701, tail = 460795342, P(reorder) = 0.858298
iteration = 328027571, tail = 461333354, P(reorder) = 0.8593
iteration = 328564441, tail = 461871371, P(reorder) = 0.860302
iteration = 329101311, tail = 462409465, P(reorder) = 0.861305
iteration = 329638181, tail = 462947535, P(reorder) = 0.862307
iteration = 330175051, tail = 463485547, P(reorder) = 0.863309
iteration = 330711921, tail = 464023537, P(reorder) = 0.864311
iteration = 331248791, tail = 464561463, P(reorder) = 0.865313
iteration = 331785661, tail = 465099399, P(reorder) = 0.866315
iteration = 332322531, tail = 465637289, P(reorder) = 0.867317
iteration = 332859401, tail = 466175258, P(reorder) = 0.868319
iteration = 333396271, tail = 466713232, P(reorder) = 0.869321
iteration = 333933141, tail = 467251090, P(reorder) = 0.870323
iteration = 334470011, tail = 467789052, P(reorder) = 0.871325
iteration = 335006881, tail = 468327022, P(reorder) = 0.872327
iteration = 335543751, tail = 468864921, P(reorder) = 0.873329
iteration = 336080621, tail = 469402826, P(reorder) = 0.874331
iteration = 336617491, tail = 469940767, P(reorder) = 0.875333
iteration = 337154361, tail = 470478628, P(reorder) = 0.876335
iteration = 337691231, tail = 471016464, P(reorder) = 0.877337
iteration = 338228101, tail = 471554326, P(reorder) = 0.878338
iteration = 338764971, tail = 472092163, P(reorder) = 0.87934
iteration = 339301841, tail = 472630053, P(reorder) = 0.880342
iteration = 339838711, tail = 473167825, P(reorder) = 0.881344
iteration = 340375581, tail = 473705643, P(reorder) = 0.882346
iteration = 340912451, tail = 474243499, P(reorder) = 0.883347
iteration = 341449321, tail = 474781369, P(reorder) = 0.884349
iteration = 341986191, tail = 475319233, P(reorder) = 0.885351
iteration = 342523061, tail = 475856983, P(reorder) = 0.886353
iteration = 343059931, tail = 476394800, P(reorder) = 0.887354
iteration = 343596801, tail = 476932605, P(reorder) = 0.888356
iteration = 344133671, tail = 477470351, P(reorder) = 0.889358
iteration = 344670541, tail = 478008087, P(reorder) = 0.890359
iteration = 345207411, tail = 478545869, P(reorder) = 0.891361
iteration = 345744281, tail = 479083651, P(reorder) = 0.892363
iteration = 346281151, tail = 479621368, P(reorder) = 0.893364
iteration = 346818021, tail = 480159077, P(reorder) = 0.894366
iteration = 347354891, tail = 480696831, P(reorder) = 0.895368
iteration = 347891761, tail = 481234552, P(reorder) = 0.896369
iteration = 348428631, tail = 481772273, P(reorder) = 0.897371
iteration = 348965501, tail = 482309939, P(reorder) = 0.898372
iteration = 349502371, tail = 482847566, P(reorder) = 0.899374
iteration = 350039241, tail = 483385229, P(reorder) = 0.900375
iteration = 350576111, tail = 483922901, P(reorder) = 0.901377
iteration = 351112981, tail = 484460543, P(reorder) = 0.902378
iteration = 351649851, tail = 484998225, P(reorder) = 0.90338
iteration = 352186721, tail = 485535868, P(reorder) = 0.904381
iteration = 352723591, tail = 486073570, P(reorder) = 0.905383
iteration = 353260461, tail = 486611199, P(reorder) = 0.906384
iteration = 353797331, tail = 487148830, P(reorder) = 0.907385
iteration = 354334201, tail = 487686450, P(reorder) = 0.908387
iteration = 354871071, tail = 488224082, P(reorder) = 0.909388
iteration = 355407941, tail = 488761635, P(reorder) = 0.910389
iteration = 355944811, tail = 489299240, P(reorder) = 0.911391
iteration = 356481681, tail = 489836813, P(reorder) = 0.912392
iteration = 357018551, tail = 490374405, P(reorder) = 0.913394
iteration = 357555421, tail = 490911954, P(reorder) = 0.914395
iteration = 358092291, tail = 491449462, P(reorder) = 0.915396
iteration = 358629161, tail = 491986985, P(reorder) = 0.916397
iteration = 359166031, tail = 492524534, P(reorder) = 0.917398
iteration = 359702901, tail = 493062092, P(reorder) = 0.9184
iteration = 360239771, tail = 493599600, P(reorder) = 0.919401
iteration = 360776641, tail = 494137156, P(reorder) = 0.920402
iteration = 361313511, tail = 494674627, P(reorder) = 0.921403
iteration = 361850381, tail = 495212112, P(reorder) = 0.922404
iteration = 362387251, tail = 495749654, P(reorder) = 0.923406
iteration = 362924121, tail = 496287157, P(reorder) = 0.924407
iteration = 363460991, tail = 496824630, P(reorder) = 0.925408
iteration = 363997861, tail = 497362104, P(reorder) = 0.926409
iteration = 364534731, tail = 497899544, P(reorder) = 0.92741
iteration = 365071601, tail = 498436970, P(reorder) = 0.928411
iteration = 365608471, tail = 498974436, P(reorder) = 0.929412
iteration = 366145341, tail = 499511886, P(reorder) = 0.930413
iteration = 366682211, tail = 500049309, P(reorder) = 0.931414
iteration = 367219081, tail = 500586677, P(reorder) = 0.932415
iteration = 367755951, tail = 501124056, P(reorder) = 0.933416
iteration = 368292821, tail = 501661498, P(reorder) = 0.934417
iteration = 368829691, tail = 502198874, P(reorder) = 0.935418
iteration = 369366561, tail = 502736215, P(reorder) = 0.936419
iteration = 369903431, tail = 503273525, P(reorder) = 0.93742
iteration = 370440301, tail = 503810865, P(reorder) = 0.938421
iteration = 370977171, tail = 504348195, P(reorder) = 0.939422
iteration = 371514041, tail = 504885500, P(reorder) = 0.940423
iteration = 372050911, tail = 505422858, P(reorder) = 0.941423
iteration = 372587781, tail = 505960190, P(reorder) = 0.942424
iteration = 373124651, tail = 506497480, P(reorder) = 0.943425
iteration = 373661521, tail = 507034826, P(reorder) = 0.944426
iteration = 374198391, tail = 507572146, P(reorder) = 0.945427
iteration = 374735261, tail = 508109433, P(reorder) = 0.946428
iteration = 375272131, tail = 508646714, P(reorder) = 0.947428
iteration = 375809001, tail = 509184021, P(reorder) = 0.948429
iteration = 376345871, tail = 509721289, P(reorder) = 0.94943
376651708 iterations
Total number of reordered vertices: 510027364
reorder time = 260.132
====================convert====================
max_chunkID = 5025430
max_offset = 14(GB)
The number of non-zero degree vertices: 210813367
total_num_reorder = 536870909
0 14056531 28530098 43255638 52372646 
convert time = 120.769
====================end====================
Freed 4GB for local_buf.
Freed 32GB for local_buf.
Freed 4GB for local_buf.
Freed 32GB for local_buf.
convert graph time = 857.193
reorder_list for out graph: 0 2027006 293984051 525343397 477160577 107481406 519899907 248133522 149752038 490778753 280587261 103408766 168718193 486689614 290889238 276741879 136006169 485371488 278805993 239725868 340431549 33973432 348115405 123353234 411770122 405763225 273062211 330162068 412206077 323779035 372889474 368553120 279264220 162034732 447486248 118579648 259565489 445686646 87819988 526389632 5317638 483067834 353823382 405915919 331244351 312757390 441854172 484602281 439387514 357092007 208638873 468994838 136931175 148934015 161205086 360878121 158455760 46264483 65332988 427719797 434272002 88438611 232597499 437667897 391316941 454812763 138292445 117222476 76818923 223753464 476993926 495094508 281444904 268126053 319375083 206855236 275665280 523948074 351142077 301758737 223795711 498917816 76065289 269997999 176497799 182605226 388055457 377062400 377922394 59558616 9066267 7929153 363918944 170605472 361339216 295690327 410631890 142966832 328094450 159776861 
test case
out degree of 12 is 1
in degree of 12 is 9
reorder_list for in graph: 0 14056531 28530098 43255638 52372646 56827075 62693732 63086392 81616434 195406914 205934415 228897214 232055755 287219851 299655711 368957616 403321027 411697725 415458001 424056125 458204623 462980225 504829006 517748239 34404617 34836138 37617939 47803191 59745633 60473538 61869691 64144191 231765318 252370047 253565925 260953081 264206193 267024922 326970869 327727295 332919516 471134017 472040625 473669869 479319137 480983746 82490 190186 196019 315238 345999 396643 601302 642906 699312 732015 802664 808975 890988 927258 929704 1090096 1253841 1316195 1419142 1434693 1526013 1569677 1583913 1655451 1677108 1737041 1904149 2007617 2096987 2118831 2167174 2294259 2297085 2335504 2387312 2578870 2589200 2683446 2719696 2760144 2834193 2852101 2876786 3025980 3057219 3062541 3092083 3117996 3149204 3247912 3389836 3503578 3576863 3812014 
out degree of 12 is 1
The top 1 in neighbors of 12 are: 403380213 
out degree of 300 is 0
out degree of 1024 is 5
The top 5 in neighbors of 1024 are: 289473479 388276306 497223499 522131789 34854786 
out degree of 65535 is 0
out degree of 1023512 is 2
The top 2 in neighbors of 1023512 are: 230742216 438821060 
out degree of 13757872 is 0
in degree of 12 is 9
The top 9 in neighbors of 12 are: 11989703 179701889 242477219 282351615 285391046 286403544 302482265 416167806 422020180 
in degree of 300 is 0
in degree of 1024 is 4
The top 4 in neighbors of 1024 are: 86232707 152828260 338411880 416155105 
in degree of 65535 is 0
in degree of 1023512 is 21
The top 21 in neighbors of 1023512 are: 3296636 28406959 31116092 31368871 130868883 200155845 226277905 250814875 265360912 277508608 296448232 308582870 310745712 332029562 396600892 451182254 452637768 478346518 489185065 490809599 516038278 
in degree of 13757872 is 0
