Print config information:
  Graph info: 
	 - filepath = /mnt/nvme1/zorax/datasets/csr_bin/Twitter/
	 - PREFIX = twitter
	 - nverts = 61578415
	 - nedges = 0 (0 for processing all edges in the filepath) 
  System info: 
	 - JOB = 6
	 - THD_COUNT = 1
	 - QUERY_THD_COUNT = 48
	 - SSDPATH = /mnt/nvme2/zorax/testCSRGraph/
  Graph query benchmark: 
	 - QUERY = 0
	 - source = 12
  Chunk allocator: 
	 - SBLK_POOL_SIZE = 137438953472
	 - sblk_name = sblk
	 - MAX_LEVEL = 1
	 - MEM_BULK_SIZE = 33554432

import csr for out graph
Allocated 0.458795GB for local_buf.
filepath = /mnt/nvme1/zorax/datasets/csr_bin/Twitter//twitter.idx
Allocated 5.47009GB for local_buf.
filepath = /mnt/nvme1/zorax/datasets/csr_bin/Twitter//twitter.adj
nverts = 61578415, nedges = 1468365182, average degree = 23.8455
import csr for in graph
Allocated 0.458795GB for local_buf.
filepath = /mnt/nvme1/zorax/datasets/csr_bin/Twitter//twitter.ridx
Allocated 5.47009GB for local_buf.
filepath = /mnt/nvme1/zorax/datasets/csr_bin/Twitter//twitter.radj
[1;33mDEBUG:    chunk_allocator.hpp(init:29): sblk_pools[0] allocated 32GB on SSD, start = 0x7f79ecbd7000
[0m[1;33msblklevel0
mempool_align=4096
mempool_size=34359738368
mempool_start=0x7f79ecbd7000
mempool_cur=0x7f79ecbd7000
mempool_end=0x7f81ecbd7000
mempool_free_block=(nil)

DEBUG:    chunk_allocator.hpp(init:29): sblk_pools[1] allocated 32GB on SSD, start = 0x7f71ecbd7000
[0msblklevel1
mempool_align=4096
mempool_size=34359738368
mempool_start=0x7f71ecbd7000
mempool_cur=0x7f71ecbd7000
mempool_end=0x7f79ecbd7000
mempool_free_block=(nil)

====================sort====================
The first five vertices in vid_list: 
0: indeg=0, outdeg=0
1: indeg=0, outdeg=0
2: indeg=0, outdeg=0
3: indeg=0, outdeg=0
4: indeg=0, outdeg=0
sort time = 0.692714
====================reorder====================
threshold = 0.95
vid_list.size() = 61578415
iteration = 1, tail = 1, P(reorder) = 1.62395e-08
iteration = 61579, tail = 35078499, P(reorder) = 0.569656
iteration = 123157, tail = 35140145, P(reorder) = 0.570657
iteration = 184735, tail = 35201734, P(reorder) = 0.571657
iteration = 246313, tail = 35263325, P(reorder) = 0.572657
iteration = 307891, tail = 35324913, P(reorder) = 0.573657
iteration = 369469, tail = 35386502, P(reorder) = 0.574658
iteration = 431047, tail = 35448095, P(reorder) = 0.575658
iteration = 492625, tail = 35509680, P(reorder) = 0.576658
iteration = 554203, tail = 35571262, P(reorder) = 0.577658
iteration = 615781, tail = 35633461, P(reorder) = 0.578668
iteration = 677359, tail = 35695460, P(reorder) = 0.579675
iteration = 738937, tail = 35757536, P(reorder) = 0.580683
iteration = 800515, tail = 35821040, P(reorder) = 0.581714
iteration = 862093, tail = 35883065, P(reorder) = 0.582721
iteration = 923671, tail = 35944688, P(reorder) = 0.583722
iteration = 985249, tail = 36006484, P(reorder) = 0.584726
iteration = 1046827, tail = 36068096, P(reorder) = 0.585726
iteration = 1108405, tail = 36129787, P(reorder) = 0.586728
iteration = 1169983, tail = 36191463, P(reorder) = 0.58773
iteration = 1231561, tail = 36253102, P(reorder) = 0.588731
iteration = 1293139, tail = 36315863, P(reorder) = 0.58975
iteration = 1354717, tail = 36377559, P(reorder) = 0.590752
iteration = 1416295, tail = 36441092, P(reorder) = 0.591784
iteration = 1477873, tail = 36503020, P(reorder) = 0.592789
iteration = 1539451, tail = 36564644, P(reorder) = 0.59379
iteration = 1601029, tail = 36626392, P(reorder) = 0.594793
iteration = 1662607, tail = 36688603, P(reorder) = 0.595803
iteration = 1724185, tail = 36750561, P(reorder) = 0.596809
iteration = 1785763, tail = 36812519, P(reorder) = 0.597815
iteration = 1847341, tail = 36875180, P(reorder) = 0.598833
iteration = 1908919, tail = 36936827, P(reorder) = 0.599834
iteration = 1970497, tail = 36998584, P(reorder) = 0.600837
iteration = 2032075, tail = 37061057, P(reorder) = 0.601851
iteration = 2093653, tail = 37122852, P(reorder) = 0.602855
iteration = 2155231, tail = 37184718, P(reorder) = 0.60386
iteration = 2216809, tail = 37246596, P(reorder) = 0.604864
iteration = 2278387, tail = 37308248, P(reorder) = 0.605866
iteration = 2339965, tail = 37369951, P(reorder) = 0.606868
iteration = 2401543, tail = 37432281, P(reorder) = 0.60788
iteration = 2463121, tail = 37493981, P(reorder) = 0.608882
iteration = 2524699, tail = 37556790, P(reorder) = 0.609902
iteration = 2586277, tail = 37618530, P(reorder) = 0.610904
iteration = 2647855, tail = 37680419, P(reorder) = 0.61191
iteration = 2709433, tail = 37742123, P(reorder) = 0.612912
iteration = 2771011, tail = 37803841, P(reorder) = 0.613914
iteration = 2832589, tail = 37865484, P(reorder) = 0.614915
iteration = 2894167, tail = 37927353, P(reorder) = 0.61592
iteration = 2955745, tail = 37989041, P(reorder) = 0.616921
iteration = 3017323, tail = 38050694, P(reorder) = 0.617923
iteration = 3078901, tail = 38112893, P(reorder) = 0.618933
iteration = 3140479, tail = 38174760, P(reorder) = 0.619937
iteration = 3202057, tail = 38236419, P(reorder) = 0.620939
iteration = 3263635, tail = 38298065, P(reorder) = 0.62194
iteration = 3325213, tail = 38359747, P(reorder) = 0.622941
iteration = 3386791, tail = 38421449, P(reorder) = 0.623943
iteration = 3448369, tail = 38483138, P(reorder) = 0.624945
iteration = 3509947, tail = 38544788, P(reorder) = 0.625946
iteration = 3571525, tail = 38606515, P(reorder) = 0.626949
iteration = 3633103, tail = 38668159, P(reorder) = 0.62795
iteration = 3694681, tail = 38730096, P(reorder) = 0.628956
iteration = 3756259, tail = 38791807, P(reorder) = 0.629958
iteration = 3817837, tail = 38853513, P(reorder) = 0.63096
iteration = 3879415, tail = 38915166, P(reorder) = 0.631961
iteration = 3940993, tail = 38976924, P(reorder) = 0.632964
iteration = 4002571, tail = 39038563, P(reorder) = 0.633965
iteration = 4064149, tail = 39100192, P(reorder) = 0.634966
iteration = 4125727, tail = 39161846, P(reorder) = 0.635967
iteration = 4187305, tail = 39223484, P(reorder) = 0.636968
iteration = 4248883, tail = 39285109, P(reorder) = 0.637969
iteration = 4310461, tail = 39346739, P(reorder) = 0.63897
iteration = 4372039, tail = 39408381, P(reorder) = 0.639971
iteration = 4433617, tail = 39470009, P(reorder) = 0.640971
iteration = 4495195, tail = 39531638, P(reorder) = 0.641972
iteration = 4556773, tail = 39593294, P(reorder) = 0.642974
iteration = 4618351, tail = 39654909, P(reorder) = 0.643974
iteration = 4679929, tail = 39716567, P(reorder) = 0.644975
iteration = 4741507, tail = 39778216, P(reorder) = 0.645977
iteration = 4803085, tail = 39839866, P(reorder) = 0.646978
iteration = 4864663, tail = 39901505, P(reorder) = 0.647979
iteration = 4926241, tail = 39963317, P(reorder) = 0.648983
iteration = 4987819, tail = 40025003, P(reorder) = 0.649984
iteration = 5049397, tail = 40086661, P(reorder) = 0.650986
iteration = 5110975, tail = 40148290, P(reorder) = 0.651986
iteration = 5172553, tail = 40209903, P(reorder) = 0.652987
iteration = 5234131, tail = 40271542, P(reorder) = 0.653988
iteration = 5295709, tail = 40333526, P(reorder) = 0.654995
iteration = 5357287, tail = 40395498, P(reorder) = 0.656001
iteration = 5418865, tail = 40457490, P(reorder) = 0.657008
iteration = 5480443, tail = 40519395, P(reorder) = 0.658013
iteration = 5542021, tail = 40581298, P(reorder) = 0.659018
iteration = 5603599, tail = 40643340, P(reorder) = 0.660026
iteration = 5665177, tail = 40706789, P(reorder) = 0.661056
iteration = 5726755, tail = 40768748, P(reorder) = 0.662062
iteration = 5788333, tail = 40830775, P(reorder) = 0.66307
iteration = 5849911, tail = 40892751, P(reorder) = 0.664076
iteration = 5911489, tail = 40954952, P(reorder) = 0.665086
iteration = 5973067, tail = 41017098, P(reorder) = 0.666095
iteration = 6034645, tail = 41083169, P(reorder) = 0.667168
iteration = 6096223, tail = 41145263, P(reorder) = 0.668177
iteration = 6157801, tail = 41207180, P(reorder) = 0.669182
iteration = 6219379, tail = 41269109, P(reorder) = 0.670188
iteration = 6280957, tail = 41331130, P(reorder) = 0.671195
iteration = 6342535, tail = 41393137, P(reorder) = 0.672202
iteration = 6404113, tail = 41455055, P(reorder) = 0.673208
iteration = 6465691, tail = 41517076, P(reorder) = 0.674215
iteration = 6527269, tail = 41579225, P(reorder) = 0.675224
iteration = 6588847, tail = 41641055, P(reorder) = 0.676228
iteration = 6650425, tail = 41702995, P(reorder) = 0.677234
iteration = 6712003, tail = 41765039, P(reorder) = 0.678242
iteration = 6773581, tail = 41827116, P(reorder) = 0.67925
iteration = 6835159, tail = 41889110, P(reorder) = 0.680256
iteration = 6896737, tail = 41950990, P(reorder) = 0.681261
iteration = 6958315, tail = 42013298, P(reorder) = 0.682273
iteration = 7019893, tail = 42075194, P(reorder) = 0.683278
iteration = 7081471, tail = 42137123, P(reorder) = 0.684284
iteration = 7143049, tail = 42198985, P(reorder) = 0.685289
iteration = 7204627, tail = 42260952, P(reorder) = 0.686295
iteration = 7266205, tail = 42322594, P(reorder) = 0.687296
iteration = 7327783, tail = 42384558, P(reorder) = 0.688302
iteration = 7389361, tail = 42446412, P(reorder) = 0.689307
iteration = 7450939, tail = 42508389, P(reorder) = 0.690313
iteration = 7512517, tail = 42570324, P(reorder) = 0.691319
iteration = 7574095, tail = 42632198, P(reorder) = 0.692324
iteration = 7635673, tail = 42694162, P(reorder) = 0.69333
iteration = 7697251, tail = 42756023, P(reorder) = 0.694335
iteration = 7758829, tail = 42817864, P(reorder) = 0.695339
iteration = 7820407, tail = 42879858, P(reorder) = 0.696346
iteration = 7881985, tail = 42941736, P(reorder) = 0.69735
iteration = 7943563, tail = 43003642, P(reorder) = 0.698356
iteration = 8005141, tail = 43065588, P(reorder) = 0.699362
iteration = 8066719, tail = 43127437, P(reorder) = 0.700366
iteration = 8128297, tail = 43189208, P(reorder) = 0.701369
iteration = 8189875, tail = 43251113, P(reorder) = 0.702375
iteration = 8251453, tail = 43313101, P(reorder) = 0.703381
iteration = 8313031, tail = 43375181, P(reorder) = 0.704389
iteration = 8374609, tail = 43436985, P(reorder) = 0.705393
iteration = 8436187, tail = 43498727, P(reorder) = 0.706396
iteration = 8497765, tail = 43560539, P(reorder) = 0.707399
iteration = 8559343, tail = 43624974, P(reorder) = 0.708446
iteration = 8620921, tail = 43688796, P(reorder) = 0.709482
iteration = 8682499, tail = 43750656, P(reorder) = 0.710487
iteration = 8744077, tail = 43812447, P(reorder) = 0.71149
iteration = 8805655, tail = 43874378, P(reorder) = 0.712496
iteration = 8867233, tail = 43936441, P(reorder) = 0.713504
iteration = 8928811, tail = 43998185, P(reorder) = 0.714507
iteration = 8990389, tail = 44060329, P(reorder) = 0.715516
iteration = 9051967, tail = 44122146, P(reorder) = 0.71652
iteration = 9113545, tail = 44183994, P(reorder) = 0.717524
iteration = 9175123, tail = 44245808, P(reorder) = 0.718528
iteration = 9236701, tail = 44307583, P(reorder) = 0.719531
iteration = 9298279, tail = 44369470, P(reorder) = 0.720536
iteration = 9359857, tail = 44431546, P(reorder) = 0.721544
iteration = 9421435, tail = 44493357, P(reorder) = 0.722548
iteration = 9483013, tail = 44555247, P(reorder) = 0.723553
iteration = 9544591, tail = 44617013, P(reorder) = 0.724556
iteration = 9606169, tail = 44678880, P(reorder) = 0.725561
iteration = 9667747, tail = 44740655, P(reorder) = 0.726564
iteration = 9729325, tail = 44802425, P(reorder) = 0.727567
iteration = 9790903, tail = 44864266, P(reorder) = 0.728571
iteration = 9852481, tail = 44926126, P(reorder) = 0.729576
iteration = 9914059, tail = 44988014, P(reorder) = 0.730581
iteration = 9975637, tail = 45049849, P(reorder) = 0.731585
iteration = 10037215, tail = 45111662, P(reorder) = 0.732589
iteration = 10098793, tail = 45173491, P(reorder) = 0.733593
iteration = 10160371, tail = 45235204, P(reorder) = 0.734595
iteration = 10221949, tail = 45296959, P(reorder) = 0.735598
iteration = 10283527, tail = 45358723, P(reorder) = 0.736601
iteration = 10345105, tail = 45420521, P(reorder) = 0.737605
iteration = 10406683, tail = 45482285, P(reorder) = 0.738608
iteration = 10468261, tail = 45544051, P(reorder) = 0.739611
iteration = 10529839, tail = 45605968, P(reorder) = 0.740616
iteration = 10591417, tail = 45667796, P(reorder) = 0.74162
iteration = 10652995, tail = 45729692, P(reorder) = 0.742625
iteration = 10714573, tail = 45791519, P(reorder) = 0.743629
iteration = 10776151, tail = 45853380, P(reorder) = 0.744634
iteration = 10837729, tail = 45915278, P(reorder) = 0.745639
iteration = 10899307, tail = 45977051, P(reorder) = 0.746642
iteration = 10960885, tail = 46038811, P(reorder) = 0.747645
iteration = 11022463, tail = 46100574, P(reorder) = 0.748648
iteration = 11084041, tail = 46162406, P(reorder) = 0.749652
iteration = 11145619, tail = 46224575, P(reorder) = 0.750662
iteration = 11207197, tail = 46286550, P(reorder) = 0.751668
iteration = 11268775, tail = 46348735, P(reorder) = 0.752678
iteration = 11330353, tail = 46410682, P(reorder) = 0.753684
iteration = 11391931, tail = 46472465, P(reorder) = 0.754688
iteration = 11453509, tail = 46534446, P(reorder) = 0.755694
iteration = 11515087, tail = 46596454, P(reorder) = 0.756701
iteration = 11576665, tail = 46658278, P(reorder) = 0.757705
iteration = 11638243, tail = 46720076, P(reorder) = 0.758709
iteration = 11699821, tail = 46781952, P(reorder) = 0.759713
iteration = 11761399, tail = 46843656, P(reorder) = 0.760716
iteration = 11822977, tail = 46905364, P(reorder) = 0.761718
iteration = 11884555, tail = 46967402, P(reorder) = 0.762725
iteration = 11946133, tail = 47029359, P(reorder) = 0.763731
iteration = 12007711, tail = 47091199, P(reorder) = 0.764735
iteration = 12069289, tail = 47153087, P(reorder) = 0.765741
iteration = 12130867, tail = 47215053, P(reorder) = 0.766747
iteration = 12192445, tail = 47276827, P(reorder) = 0.76775
iteration = 12254023, tail = 47338598, P(reorder) = 0.768753
iteration = 12315601, tail = 47400313, P(reorder) = 0.769755
iteration = 12377179, tail = 47462070, P(reorder) = 0.770758
iteration = 12438757, tail = 47523810, P(reorder) = 0.771761
iteration = 12500335, tail = 47585592, P(reorder) = 0.772764
iteration = 12561913, tail = 47647337, P(reorder) = 0.773767
iteration = 12623491, tail = 47709060, P(reorder) = 0.774769
iteration = 12685069, tail = 47770806, P(reorder) = 0.775772
iteration = 12746647, tail = 47832802, P(reorder) = 0.776779
iteration = 12808225, tail = 47894637, P(reorder) = 0.777783
iteration = 12869803, tail = 47956480, P(reorder) = 0.778787
iteration = 12931381, tail = 48018240, P(reorder) = 0.77979
iteration = 12992959, tail = 48080115, P(reorder) = 0.780795
iteration = 13054537, tail = 48141863, P(reorder) = 0.781798
iteration = 13116115, tail = 48203651, P(reorder) = 0.782801
iteration = 13177693, tail = 48265526, P(reorder) = 0.783806
iteration = 13239271, tail = 48327621, P(reorder) = 0.784814
iteration = 13300849, tail = 48389495, P(reorder) = 0.785819
iteration = 13362427, tail = 48451279, P(reorder) = 0.786822
iteration = 13424005, tail = 48513152, P(reorder) = 0.787827
iteration = 13485583, tail = 48579635, P(reorder) = 0.788907
iteration = 13547161, tail = 48649759, P(reorder) = 0.790046
iteration = 13608739, tail = 48717211, P(reorder) = 0.791141
iteration = 13670317, tail = 48788253, P(reorder) = 0.792295
iteration = 13731895, tail = 48854333, P(reorder) = 0.793368
iteration = 13793473, tail = 48921557, P(reorder) = 0.79446
iteration = 13855051, tail = 48990441, P(reorder) = 0.795578
iteration = 13916629, tail = 49058169, P(reorder) = 0.796678
iteration = 13978207, tail = 49127369, P(reorder) = 0.797802
iteration = 14039785, tail = 49194053, P(reorder) = 0.798885
iteration = 14101363, tail = 49263474, P(reorder) = 0.800012
iteration = 14162941, tail = 49331509, P(reorder) = 0.801117
iteration = 14224519, tail = 49398574, P(reorder) = 0.802206
iteration = 14286097, tail = 49466837, P(reorder) = 0.803315
iteration = 14347675, tail = 49535914, P(reorder) = 0.804436
iteration = 14409253, tail = 49601923, P(reorder) = 0.805508
iteration = 14470831, tail = 49665701, P(reorder) = 0.806544
iteration = 14532409, tail = 49732540, P(reorder) = 0.807629
iteration = 14593987, tail = 49798456, P(reorder) = 0.8087
iteration = 14655565, tail = 49865282, P(reorder) = 0.809785
iteration = 14717143, tail = 49930797, P(reorder) = 0.810849
iteration = 14778721, tail = 49996780, P(reorder) = 0.811921
iteration = 14840299, tail = 50062727, P(reorder) = 0.812991
iteration = 14901877, tail = 50129191, P(reorder) = 0.814071
iteration = 14963455, tail = 50195949, P(reorder) = 0.815155
iteration = 15025033, tail = 50265635, P(reorder) = 0.816287
iteration = 15086611, tail = 50333939, P(reorder) = 0.817396
iteration = 15148189, tail = 50400214, P(reorder) = 0.818472
iteration = 15209767, tail = 50466706, P(reorder) = 0.819552
iteration = 15271345, tail = 50533938, P(reorder) = 0.820644
iteration = 15332923, tail = 50600153, P(reorder) = 0.821719
iteration = 15394501, tail = 50666734, P(reorder) = 0.8228
iteration = 15456079, tail = 50734941, P(reorder) = 0.823908
iteration = 15517657, tail = 50804425, P(reorder) = 0.825036
iteration = 15579235, tail = 50871350, P(reorder) = 0.826123
iteration = 15640813, tail = 50938296, P(reorder) = 0.82721
iteration = 15702391, tail = 51005568, P(reorder) = 0.828303
iteration = 15763969, tail = 51072631, P(reorder) = 0.829392
iteration = 15825547, tail = 51139887, P(reorder) = 0.830484
iteration = 15887125, tail = 51208068, P(reorder) = 0.831591
iteration = 15948703, tail = 51273838, P(reorder) = 0.832659
iteration = 16010281, tail = 51340086, P(reorder) = 0.833735
iteration = 16071859, tail = 51404779, P(reorder) = 0.834786
iteration = 16133437, tail = 51470044, P(reorder) = 0.835846
iteration = 16195015, tail = 51539490, P(reorder) = 0.836973
iteration = 16256593, tail = 51604512, P(reorder) = 0.838029
iteration = 16318171, tail = 51669747, P(reorder) = 0.839089
iteration = 16379749, tail = 51735894, P(reorder) = 0.840163
iteration = 16441327, tail = 51800955, P(reorder) = 0.841219
iteration = 16502905, tail = 51873462, P(reorder) = 0.842397
iteration = 16564483, tail = 51938582, P(reorder) = 0.843454
iteration = 16626061, tail = 52003642, P(reorder) = 0.844511
iteration = 16687639, tail = 52068440, P(reorder) = 0.845563
iteration = 16749217, tail = 52134370, P(reorder) = 0.846634
iteration = 16810795, tail = 52200038, P(reorder) = 0.8477
iteration = 16872373, tail = 52265284, P(reorder) = 0.84876
iteration = 16933951, tail = 52329838, P(reorder) = 0.849808
iteration = 16995529, tail = 52394359, P(reorder) = 0.850856
iteration = 17057107, tail = 52458884, P(reorder) = 0.851904
iteration = 17118685, tail = 52522711, P(reorder) = 0.85294
iteration = 17180263, tail = 52586709, P(reorder) = 0.85398
iteration = 17241841, tail = 52654441, P(reorder) = 0.85508
iteration = 17303419, tail = 52718881, P(reorder) = 0.856126
iteration = 17364997, tail = 52783662, P(reorder) = 0.857178
iteration = 17426575, tail = 52852302, P(reorder) = 0.858293
iteration = 17488153, tail = 52915640, P(reorder) = 0.859321
iteration = 17549731, tail = 52979119, P(reorder) = 0.860352
iteration = 17611309, tail = 53042588, P(reorder) = 0.861383
iteration = 17672887, tail = 53106568, P(reorder) = 0.862422
iteration = 17734465, tail = 53170435, P(reorder) = 0.863459
iteration = 17796043, tail = 53234158, P(reorder) = 0.864494
iteration = 17857621, tail = 53297350, P(reorder) = 0.86552
iteration = 17919199, tail = 53360332, P(reorder) = 0.866543
iteration = 17980777, tail = 53423809, P(reorder) = 0.867574
iteration = 18042355, tail = 53487695, P(reorder) = 0.868611
iteration = 18103933, tail = 53551226, P(reorder) = 0.869643
iteration = 18165511, tail = 53616099, P(reorder) = 0.870696
iteration = 18227089, tail = 53678148, P(reorder) = 0.871704
iteration = 18288667, tail = 53739854, P(reorder) = 0.872706
iteration = 18350245, tail = 53801564, P(reorder) = 0.873708
iteration = 18411823, tail = 53863298, P(reorder) = 0.874711
iteration = 18473401, tail = 53925002, P(reorder) = 0.875713
iteration = 18534979, tail = 53987039, P(reorder) = 0.87672
iteration = 18596557, tail = 54049708, P(reorder) = 0.877738
iteration = 18658135, tail = 54113261, P(reorder) = 0.87877
iteration = 18719713, tail = 54177104, P(reorder) = 0.879807
iteration = 18781291, tail = 54240506, P(reorder) = 0.880836
iteration = 18842869, tail = 54303555, P(reorder) = 0.88186
iteration = 18904447, tail = 54367067, P(reorder) = 0.882892
iteration = 18966025, tail = 54430092, P(reorder) = 0.883915
iteration = 19027603, tail = 54493478, P(reorder) = 0.884944
iteration = 19089181, tail = 54556475, P(reorder) = 0.885968
iteration = 19150759, tail = 54619129, P(reorder) = 0.886985
iteration = 19212337, tail = 54682125, P(reorder) = 0.888008
iteration = 19273915, tail = 54745465, P(reorder) = 0.889037
iteration = 19335493, tail = 54808664, P(reorder) = 0.890063
iteration = 19397071, tail = 54871824, P(reorder) = 0.891089
iteration = 19458649, tail = 54935695, P(reorder) = 0.892126
iteration = 19520227, tail = 54999045, P(reorder) = 0.893155
iteration = 19581805, tail = 55062533, P(reorder) = 0.894186
iteration = 19643383, tail = 55125878, P(reorder) = 0.895214
iteration = 19704961, tail = 55189689, P(reorder) = 0.896251
iteration = 19766539, tail = 55253041, P(reorder) = 0.897279
iteration = 19828117, tail = 55315933, P(reorder) = 0.898301
iteration = 19889695, tail = 55379183, P(reorder) = 0.899328
iteration = 19951273, tail = 55442896, P(reorder) = 0.900363
iteration = 20012851, tail = 55506593, P(reorder) = 0.901397
iteration = 20074429, tail = 55569834, P(reorder) = 0.902424
iteration = 20136007, tail = 55634988, P(reorder) = 0.903482
iteration = 20197585, tail = 55697924, P(reorder) = 0.904504
iteration = 20259163, tail = 55761041, P(reorder) = 0.905529
iteration = 20320741, tail = 55824340, P(reorder) = 0.906557
iteration = 20382319, tail = 55888078, P(reorder) = 0.907592
iteration = 20443897, tail = 55951585, P(reorder) = 0.908623
iteration = 20505475, tail = 56015037, P(reorder) = 0.909654
iteration = 20567053, tail = 56078271, P(reorder) = 0.910681
iteration = 20628631, tail = 56141792, P(reorder) = 0.911712
iteration = 20690209, tail = 56204823, P(reorder) = 0.912736
iteration = 20751787, tail = 56268385, P(reorder) = 0.913768
iteration = 20813365, tail = 56331750, P(reorder) = 0.914797
iteration = 20874943, tail = 56395021, P(reorder) = 0.915824
iteration = 20936521, tail = 56457688, P(reorder) = 0.916842
iteration = 20998099, tail = 56520310, P(reorder) = 0.917859
iteration = 21059677, tail = 56583515, P(reorder) = 0.918886
iteration = 21121255, tail = 56647097, P(reorder) = 0.919918
iteration = 21182833, tail = 56710144, P(reorder) = 0.920942
iteration = 21244411, tail = 56774223, P(reorder) = 0.921983
iteration = 21305989, tail = 56836984, P(reorder) = 0.923002
iteration = 21367567, tail = 56899500, P(reorder) = 0.924017
iteration = 21429145, tail = 56962312, P(reorder) = 0.925037
iteration = 21490723, tail = 57026060, P(reorder) = 0.926072
iteration = 21552301, tail = 57089204, P(reorder) = 0.927098
iteration = 21613879, tail = 57152518, P(reorder) = 0.928126
iteration = 21675457, tail = 57215317, P(reorder) = 0.929146
iteration = 21737035, tail = 57278166, P(reorder) = 0.930166
iteration = 21798613, tail = 57341337, P(reorder) = 0.931192
iteration = 21860191, tail = 57404621, P(reorder) = 0.93222
iteration = 21921769, tail = 57476655, P(reorder) = 0.93339
iteration = 21983347, tail = 57539899, P(reorder) = 0.934417
iteration = 22044925, tail = 57602737, P(reorder) = 0.935437
iteration = 22106503, tail = 57665756, P(reorder) = 0.936461
iteration = 22168081, tail = 57728554, P(reorder) = 0.93748
iteration = 22229659, tail = 57791643, P(reorder) = 0.938505
iteration = 22291237, tail = 57854990, P(reorder) = 0.939534
iteration = 22352815, tail = 57917680, P(reorder) = 0.940552
iteration = 22414393, tail = 57980668, P(reorder) = 0.941575
iteration = 22475971, tail = 58043352, P(reorder) = 0.942592
iteration = 22537549, tail = 58106015, P(reorder) = 0.94361
iteration = 22599127, tail = 58168547, P(reorder) = 0.944626
iteration = 22660705, tail = 58233612, P(reorder) = 0.945682
iteration = 22722283, tail = 58296140, P(reorder) = 0.946698
iteration = 22783861, tail = 58358541, P(reorder) = 0.947711
iteration = 22845439, tail = 58420904, P(reorder) = 0.948724
iteration = 22907017, tail = 58483432, P(reorder) = 0.949739
22922874 iterations
Total number of reordered vertices: 58499495
reorder time = 29.6615
====================convert====================
max_chunkID = 822254
max_offset = 2(GB)
The number of non-zero degree vertices: 40103281
total_num_reorder = 61578415
0 1 2 3 4 
convert time = 12.6585
====================end====================
[1;33mDEBUG:    chunk_allocator.hpp(init:29): sblk_pools[0] allocated 32GB on SSD, start = 0x7f69be103000
[0m[1;33msblklevel0
mempool_align=4096
mempool_size=34359738368
mempool_start=0x7f69be103000
mempool_cur=0x7f69be103000
mempool_end=0x7f71be103000
mempool_free_block=(nil)

DEBUG:    chunk_allocator.hpp(init:29): sblk_pools[1] allocated 32GB on SSD, start = 0x7f61be103000
[0msblklevel1
mempool_align=4096
mempool_size=34359738368
mempool_start=0x7f61be103000
mempool_cur=0x7f61be103000
mempool_end=0x7f69be103000
mempool_free_block=(nil)

====================sort====================
The first five vertices in vid_list: 
0: indeg=0, outdeg=0
1: indeg=0, outdeg=0
2: indeg=0, outdeg=0
3: indeg=0, outdeg=0
4: indeg=0, outdeg=0
sort time = 0.385517
====================reorder====================
threshold = 0.95
vid_list.size() = 61578415
iteration = 1, tail = 1, P(reorder) = 1.62395e-08
iteration = 61579, tail = 40077905, P(reorder) = 0.650843
iteration = 123157, tail = 40139484, P(reorder) = 0.651843
iteration = 184735, tail = 40201063, P(reorder) = 0.652843
iteration = 246313, tail = 40262641, P(reorder) = 0.653843
iteration = 307891, tail = 40324219, P(reorder) = 0.654843
iteration = 369469, tail = 40385797, P(reorder) = 0.655843
iteration = 431047, tail = 40447376, P(reorder) = 0.656843
iteration = 492625, tail = 40508955, P(reorder) = 0.657843
iteration = 554203, tail = 40570533, P(reorder) = 0.658843
iteration = 615781, tail = 40632112, P(reorder) = 0.659843
iteration = 677359, tail = 40693695, P(reorder) = 0.660843
iteration = 738937, tail = 40755295, P(reorder) = 0.661844
iteration = 800515, tail = 40816891, P(reorder) = 0.662844
iteration = 862093, tail = 40878475, P(reorder) = 0.663844
iteration = 923671, tail = 40940054, P(reorder) = 0.664844
iteration = 985249, tail = 41001632, P(reorder) = 0.665844
iteration = 1046827, tail = 41063212, P(reorder) = 0.666844
iteration = 1108405, tail = 41124792, P(reorder) = 0.667844
iteration = 1169983, tail = 41186370, P(reorder) = 0.668844
iteration = 1231561, tail = 41247951, P(reorder) = 0.669844
iteration = 1293139, tail = 41309529, P(reorder) = 0.670844
iteration = 1354717, tail = 41371111, P(reorder) = 0.671844
iteration = 1416295, tail = 41432691, P(reorder) = 0.672844
iteration = 1477873, tail = 41494270, P(reorder) = 0.673844
iteration = 1539451, tail = 41555849, P(reorder) = 0.674844
iteration = 1601029, tail = 41617434, P(reorder) = 0.675845
iteration = 1662607, tail = 41679018, P(reorder) = 0.676845
iteration = 1724185, tail = 41740598, P(reorder) = 0.677845
iteration = 1785763, tail = 41802181, P(reorder) = 0.678845
iteration = 1847341, tail = 41863759, P(reorder) = 0.679845
iteration = 1908919, tail = 41925339, P(reorder) = 0.680845
iteration = 1970497, tail = 41986918, P(reorder) = 0.681845
iteration = 2032075, tail = 42048497, P(reorder) = 0.682845
iteration = 2093653, tail = 42110077, P(reorder) = 0.683845
iteration = 2155231, tail = 42171657, P(reorder) = 0.684845
iteration = 2216809, tail = 42233241, P(reorder) = 0.685845
iteration = 2278387, tail = 42294825, P(reorder) = 0.686845
iteration = 2339965, tail = 42356408, P(reorder) = 0.687845
iteration = 2401543, tail = 42417986, P(reorder) = 0.688845
iteration = 2463121, tail = 42479565, P(reorder) = 0.689845
iteration = 2524699, tail = 42541146, P(reorder) = 0.690845
iteration = 2586277, tail = 42602726, P(reorder) = 0.691845
iteration = 2647855, tail = 42664307, P(reorder) = 0.692845
iteration = 2709433, tail = 42725886, P(reorder) = 0.693845
iteration = 2771011, tail = 42787465, P(reorder) = 0.694845
iteration = 2832589, tail = 42849045, P(reorder) = 0.695845
iteration = 2894167, tail = 42910623, P(reorder) = 0.696845
iteration = 2955745, tail = 42972202, P(reorder) = 0.697845
iteration = 3017323, tail = 43033780, P(reorder) = 0.698845
iteration = 3078901, tail = 43095360, P(reorder) = 0.699845
iteration = 3140479, tail = 43156942, P(reorder) = 0.700845
iteration = 3202057, tail = 43218521, P(reorder) = 0.701845
iteration = 3263635, tail = 43280099, P(reorder) = 0.702845
iteration = 3325213, tail = 43341678, P(reorder) = 0.703845
iteration = 3386791, tail = 43403256, P(reorder) = 0.704845
iteration = 3448369, tail = 43464835, P(reorder) = 0.705845
iteration = 3509947, tail = 43526414, P(reorder) = 0.706845
iteration = 3571525, tail = 43587992, P(reorder) = 0.707845
iteration = 3633103, tail = 43649571, P(reorder) = 0.708845
iteration = 3694681, tail = 43711150, P(reorder) = 0.709845
iteration = 3756259, tail = 43772730, P(reorder) = 0.710845
iteration = 3817837, tail = 43834315, P(reorder) = 0.711845
iteration = 3879415, tail = 43895896, P(reorder) = 0.712845
iteration = 3940993, tail = 43957476, P(reorder) = 0.713846
iteration = 4002571, tail = 44019055, P(reorder) = 0.714846
iteration = 4064149, tail = 44080633, P(reorder) = 0.715846
iteration = 4125727, tail = 44142213, P(reorder) = 0.716846
iteration = 4187305, tail = 44203796, P(reorder) = 0.717846
iteration = 4248883, tail = 44265376, P(reorder) = 0.718846
iteration = 4310461, tail = 44326959, P(reorder) = 0.719846
iteration = 4372039, tail = 44388537, P(reorder) = 0.720846
iteration = 4433617, tail = 44450118, P(reorder) = 0.721846
iteration = 4495195, tail = 44511697, P(reorder) = 0.722846
iteration = 4556773, tail = 44573277, P(reorder) = 0.723846
iteration = 4618351, tail = 44634859, P(reorder) = 0.724846
iteration = 4679929, tail = 44696439, P(reorder) = 0.725846
iteration = 4741507, tail = 44758020, P(reorder) = 0.726846
iteration = 4803085, tail = 44819598, P(reorder) = 0.727846
iteration = 4864663, tail = 44881180, P(reorder) = 0.728846
iteration = 4926241, tail = 44942760, P(reorder) = 0.729846
iteration = 4987819, tail = 45004339, P(reorder) = 0.730846
iteration = 5049397, tail = 45065917, P(reorder) = 0.731846
iteration = 5110975, tail = 45127495, P(reorder) = 0.732846
iteration = 5172553, tail = 45189074, P(reorder) = 0.733846
iteration = 5234131, tail = 45250653, P(reorder) = 0.734846
iteration = 5295709, tail = 45312234, P(reorder) = 0.735846
iteration = 5357287, tail = 45373815, P(reorder) = 0.736846
iteration = 5418865, tail = 45435394, P(reorder) = 0.737846
iteration = 5480443, tail = 45496980, P(reorder) = 0.738846
iteration = 5542021, tail = 45558560, P(reorder) = 0.739846
iteration = 5603599, tail = 45620138, P(reorder) = 0.740846
iteration = 5665177, tail = 45681731, P(reorder) = 0.741846
iteration = 5726755, tail = 45743314, P(reorder) = 0.742847
iteration = 5788333, tail = 45804895, P(reorder) = 0.743847
iteration = 5849911, tail = 45866480, P(reorder) = 0.744847
iteration = 5911489, tail = 45928063, P(reorder) = 0.745847
iteration = 5973067, tail = 45989656, P(reorder) = 0.746847
iteration = 6034645, tail = 46051239, P(reorder) = 0.747847
iteration = 6096223, tail = 46112821, P(reorder) = 0.748847
iteration = 6157801, tail = 46174408, P(reorder) = 0.749847
iteration = 6219379, tail = 46235991, P(reorder) = 0.750847
iteration = 6280957, tail = 46297574, P(reorder) = 0.751847
iteration = 6342535, tail = 46359160, P(reorder) = 0.752848
iteration = 6404113, tail = 46420745, P(reorder) = 0.753848
iteration = 6465691, tail = 46482333, P(reorder) = 0.754848
iteration = 6527269, tail = 46543923, P(reorder) = 0.755848
iteration = 6588847, tail = 46605503, P(reorder) = 0.756848
iteration = 6650425, tail = 46667087, P(reorder) = 0.757848
iteration = 6712003, tail = 46728668, P(reorder) = 0.758848
iteration = 6773581, tail = 46790251, P(reorder) = 0.759848
iteration = 6835159, tail = 46851833, P(reorder) = 0.760848
iteration = 6896737, tail = 46913417, P(reorder) = 0.761848
iteration = 6958315, tail = 46974998, P(reorder) = 0.762848
iteration = 7019893, tail = 47036582, P(reorder) = 0.763849
iteration = 7081471, tail = 47098162, P(reorder) = 0.764849
iteration = 7143049, tail = 47159742, P(reorder) = 0.765849
iteration = 7204627, tail = 47221343, P(reorder) = 0.766849
iteration = 7266205, tail = 47282929, P(reorder) = 0.767849
iteration = 7327783, tail = 47344510, P(reorder) = 0.768849
iteration = 7389361, tail = 47406092, P(reorder) = 0.769849
iteration = 7450939, tail = 47467675, P(reorder) = 0.770849
iteration = 7512517, tail = 47529255, P(reorder) = 0.771849
iteration = 7574095, tail = 47590840, P(reorder) = 0.772849
iteration = 7635673, tail = 47652424, P(reorder) = 0.773849
iteration = 7697251, tail = 47714009, P(reorder) = 0.77485
iteration = 7758829, tail = 47775590, P(reorder) = 0.77585
iteration = 7820407, tail = 47837176, P(reorder) = 0.77685
iteration = 7881985, tail = 47898755, P(reorder) = 0.77785
iteration = 7943563, tail = 47960338, P(reorder) = 0.77885
iteration = 8005141, tail = 48021922, P(reorder) = 0.77985
iteration = 8066719, tail = 48083513, P(reorder) = 0.78085
iteration = 8128297, tail = 48145097, P(reorder) = 0.78185
iteration = 8189875, tail = 48206679, P(reorder) = 0.78285
iteration = 8251453, tail = 48268301, P(reorder) = 0.783851
iteration = 8313031, tail = 48329886, P(reorder) = 0.784851
iteration = 8374609, tail = 48391468, P(reorder) = 0.785851
iteration = 8436187, tail = 48453050, P(reorder) = 0.786851
iteration = 8497765, tail = 48514632, P(reorder) = 0.787851
iteration = 8559343, tail = 48576216, P(reorder) = 0.788851
iteration = 8620921, tail = 48637801, P(reorder) = 0.789851
iteration = 8682499, tail = 48699400, P(reorder) = 0.790852
iteration = 8744077, tail = 48760990, P(reorder) = 0.791852
iteration = 8805655, tail = 48822572, P(reorder) = 0.792852
iteration = 8867233, tail = 48884155, P(reorder) = 0.793852
iteration = 8928811, tail = 48945740, P(reorder) = 0.794852
iteration = 8990389, tail = 49007322, P(reorder) = 0.795852
iteration = 9051967, tail = 49068913, P(reorder) = 0.796852
iteration = 9113545, tail = 49130493, P(reorder) = 0.797853
iteration = 9175123, tail = 49192079, P(reorder) = 0.798853
iteration = 9236701, tail = 49253671, P(reorder) = 0.799853
iteration = 9298279, tail = 49315251, P(reorder) = 0.800853
iteration = 9359857, tail = 49376836, P(reorder) = 0.801853
iteration = 9421435, tail = 49438426, P(reorder) = 0.802853
iteration = 9483013, tail = 49500011, P(reorder) = 0.803853
iteration = 9544591, tail = 49561600, P(reorder) = 0.804853
iteration = 9606169, tail = 49623184, P(reorder) = 0.805854
iteration = 9667747, tail = 49684763, P(reorder) = 0.806854
iteration = 9729325, tail = 49746347, P(reorder) = 0.807854
iteration = 9790903, tail = 49807929, P(reorder) = 0.808854
iteration = 9852481, tail = 49869514, P(reorder) = 0.809854
iteration = 9914059, tail = 49931105, P(reorder) = 0.810854
iteration = 9975637, tail = 49992687, P(reorder) = 0.811854
iteration = 10037215, tail = 50054274, P(reorder) = 0.812854
iteration = 10098793, tail = 50115856, P(reorder) = 0.813854
iteration = 10160371, tail = 50177452, P(reorder) = 0.814855
iteration = 10221949, tail = 50239039, P(reorder) = 0.815855
iteration = 10283527, tail = 50300637, P(reorder) = 0.816855
iteration = 10345105, tail = 50362232, P(reorder) = 0.817855
iteration = 10406683, tail = 50423812, P(reorder) = 0.818855
iteration = 10468261, tail = 50485395, P(reorder) = 0.819855
iteration = 10529839, tail = 50546982, P(reorder) = 0.820856
iteration = 10591417, tail = 50608582, P(reorder) = 0.821856
iteration = 10652995, tail = 50670168, P(reorder) = 0.822856
iteration = 10714573, tail = 50731753, P(reorder) = 0.823856
iteration = 10776151, tail = 50793340, P(reorder) = 0.824856
iteration = 10837729, tail = 50854941, P(reorder) = 0.825857
iteration = 10899307, tail = 50916527, P(reorder) = 0.826857
iteration = 10960885, tail = 50978115, P(reorder) = 0.827857
iteration = 11022463, tail = 51039699, P(reorder) = 0.828857
iteration = 11084041, tail = 51101290, P(reorder) = 0.829857
iteration = 11145619, tail = 51162884, P(reorder) = 0.830857
iteration = 11207197, tail = 51224474, P(reorder) = 0.831858
iteration = 11268775, tail = 51286060, P(reorder) = 0.832858
iteration = 11330353, tail = 51347647, P(reorder) = 0.833858
iteration = 11391931, tail = 51409234, P(reorder) = 0.834858
iteration = 11453509, tail = 51470820, P(reorder) = 0.835858
iteration = 11515087, tail = 51532423, P(reorder) = 0.836859
iteration = 11576665, tail = 51594015, P(reorder) = 0.837859
iteration = 11638243, tail = 51655605, P(reorder) = 0.838859
iteration = 11699821, tail = 51717187, P(reorder) = 0.839859
iteration = 11761399, tail = 51778784, P(reorder) = 0.840859
iteration = 11822977, tail = 51840376, P(reorder) = 0.84186
iteration = 11884555, tail = 51901964, P(reorder) = 0.84286
iteration = 11946133, tail = 51963555, P(reorder) = 0.84386
iteration = 12007711, tail = 52025138, P(reorder) = 0.84486
iteration = 12069289, tail = 52086731, P(reorder) = 0.84586
iteration = 12130867, tail = 52148316, P(reorder) = 0.84686
iteration = 12192445, tail = 52209900, P(reorder) = 0.84786
iteration = 12254023, tail = 52271497, P(reorder) = 0.848861
iteration = 12315601, tail = 52333082, P(reorder) = 0.849861
iteration = 12377179, tail = 52394664, P(reorder) = 0.850861
iteration = 12438757, tail = 52456248, P(reorder) = 0.851861
iteration = 12500335, tail = 52517839, P(reorder) = 0.852861
iteration = 12561913, tail = 52579438, P(reorder) = 0.853862
iteration = 12623491, tail = 52641031, P(reorder) = 0.854862
iteration = 12685069, tail = 52702614, P(reorder) = 0.855862
iteration = 12746647, tail = 52764198, P(reorder) = 0.856862
iteration = 12808225, tail = 52825786, P(reorder) = 0.857862
iteration = 12869803, tail = 52887374, P(reorder) = 0.858862
iteration = 12931381, tail = 52948956, P(reorder) = 0.859862
iteration = 12992959, tail = 53010549, P(reorder) = 0.860863
iteration = 13054537, tail = 53072135, P(reorder) = 0.861863
iteration = 13116115, tail = 53133733, P(reorder) = 0.862863
iteration = 13177693, tail = 53195320, P(reorder) = 0.863863
iteration = 13239271, tail = 53256907, P(reorder) = 0.864863
iteration = 13300849, tail = 53318502, P(reorder) = 0.865864
iteration = 13362427, tail = 53380395, P(reorder) = 0.866869
iteration = 13424005, tail = 53442294, P(reorder) = 0.867874
iteration = 13485583, tail = 53504129, P(reorder) = 0.868878
iteration = 13547161, tail = 53565975, P(reorder) = 0.869882
iteration = 13608739, tail = 53627747, P(reorder) = 0.870885
iteration = 13670317, tail = 53689537, P(reorder) = 0.871889
iteration = 13731895, tail = 53751392, P(reorder) = 0.872893
iteration = 13793473, tail = 53813217, P(reorder) = 0.873897
iteration = 13855051, tail = 53875093, P(reorder) = 0.874902
iteration = 13916629, tail = 53936915, P(reorder) = 0.875906
iteration = 13978207, tail = 53998814, P(reorder) = 0.876911
iteration = 14039785, tail = 54060695, P(reorder) = 0.877916
iteration = 14101363, tail = 54122507, P(reorder) = 0.87892
iteration = 14162941, tail = 54184405, P(reorder) = 0.879925
iteration = 14224519, tail = 54246133, P(reorder) = 0.880928
iteration = 14286097, tail = 54307993, P(reorder) = 0.881932
iteration = 14347675, tail = 54369915, P(reorder) = 0.882938
iteration = 14409253, tail = 54431815, P(reorder) = 0.883943
iteration = 14470831, tail = 54493665, P(reorder) = 0.884948
iteration = 14532409, tail = 54555504, P(reorder) = 0.885952
iteration = 14593987, tail = 54617409, P(reorder) = 0.886957
iteration = 14655565, tail = 54679283, P(reorder) = 0.887962
iteration = 14717143, tail = 54741191, P(reorder) = 0.888967
iteration = 14778721, tail = 54803064, P(reorder) = 0.889972
iteration = 14840299, tail = 54864946, P(reorder) = 0.890977
iteration = 14901877, tail = 54926764, P(reorder) = 0.891981
iteration = 14963455, tail = 54988620, P(reorder) = 0.892985
iteration = 15025033, tail = 55050361, P(reorder) = 0.893988
iteration = 15086611, tail = 55112118, P(reorder) = 0.894991
iteration = 15148189, tail = 55173878, P(reorder) = 0.895994
iteration = 15209767, tail = 55235647, P(reorder) = 0.896997
iteration = 15271345, tail = 55297478, P(reorder) = 0.898001
iteration = 15332923, tail = 55359270, P(reorder) = 0.899004
iteration = 15394501, tail = 55421030, P(reorder) = 0.900007
iteration = 15456079, tail = 55482803, P(reorder) = 0.901011
iteration = 15517657, tail = 55544503, P(reorder) = 0.902013
iteration = 15579235, tail = 55606314, P(reorder) = 0.903016
iteration = 15640813, tail = 55668167, P(reorder) = 0.904021
iteration = 15702391, tail = 55729950, P(reorder) = 0.905024
iteration = 15763969, tail = 55791730, P(reorder) = 0.906027
iteration = 15825547, tail = 55853414, P(reorder) = 0.907029
iteration = 15887125, tail = 55915208, P(reorder) = 0.908033
iteration = 15948703, tail = 55976900, P(reorder) = 0.909034
iteration = 16010281, tail = 56038617, P(reorder) = 0.910037
iteration = 16071859, tail = 56100312, P(reorder) = 0.911039
iteration = 16133437, tail = 56162064, P(reorder) = 0.912041
iteration = 16195015, tail = 56223724, P(reorder) = 0.913043
iteration = 16256593, tail = 56285388, P(reorder) = 0.914044
iteration = 16318171, tail = 56347074, P(reorder) = 0.915046
iteration = 16379749, tail = 56408750, P(reorder) = 0.916047
iteration = 16441327, tail = 56470427, P(reorder) = 0.917049
iteration = 16502905, tail = 56532072, P(reorder) = 0.91805
iteration = 16564483, tail = 56593671, P(reorder) = 0.91905
iteration = 16626061, tail = 56655260, P(reorder) = 0.920051
iteration = 16687639, tail = 56716842, P(reorder) = 0.921051
iteration = 16749217, tail = 56778428, P(reorder) = 0.922051
iteration = 16810795, tail = 56840066, P(reorder) = 0.923052
iteration = 16872373, tail = 56901735, P(reorder) = 0.924053
iteration = 16933951, tail = 56963404, P(reorder) = 0.925055
iteration = 16995529, tail = 57025059, P(reorder) = 0.926056
iteration = 17057107, tail = 57086708, P(reorder) = 0.927057
iteration = 17118685, tail = 57148365, P(reorder) = 0.928058
iteration = 17180263, tail = 57209980, P(reorder) = 0.929059
iteration = 17241841, tail = 57271631, P(reorder) = 0.93006
iteration = 17303419, tail = 57333246, P(reorder) = 0.931061
iteration = 17364997, tail = 57394878, P(reorder) = 0.932062
iteration = 17426575, tail = 57456506, P(reorder) = 0.933062
iteration = 17488153, tail = 57518152, P(reorder) = 0.934064
iteration = 17549731, tail = 57579827, P(reorder) = 0.935065
iteration = 17611309, tail = 57641497, P(reorder) = 0.936067
iteration = 17672887, tail = 57703161, P(reorder) = 0.937068
iteration = 17734465, tail = 57764848, P(reorder) = 0.93807
iteration = 17796043, tail = 57826547, P(reorder) = 0.939072
iteration = 17857621, tail = 57888201, P(reorder) = 0.940073
iteration = 17919199, tail = 57949848, P(reorder) = 0.941074
iteration = 17980777, tail = 58011518, P(reorder) = 0.942076
iteration = 18042355, tail = 58073246, P(reorder) = 0.943078
iteration = 18103933, tail = 58134935, P(reorder) = 0.94408
iteration = 18165511, tail = 58196612, P(reorder) = 0.945081
iteration = 18227089, tail = 58258315, P(reorder) = 0.946083
iteration = 18288667, tail = 58320019, P(reorder) = 0.947085
iteration = 18350245, tail = 58381736, P(reorder) = 0.948088
iteration = 18411823, tail = 58443401, P(reorder) = 0.949089
18467788 iterations
Total number of reordered vertices: 58499495
reorder time = 23.8453
====================convert====================
max_chunkID = 1060798
max_offset = 1(GB)
The number of non-zero degree vertices: 35689148
total_num_reorder = 61578415
0 1 2 3 4 
convert time = 13.5143
====================end====================
Freed 0.458795GB for local_buf.
Freed 5.47009GB for local_buf.
Freed 0.458795GB for local_buf.
Freed 5.47009GB for local_buf.
convert graph time = 94.8857
reorder_list for out graph: 0 1 2 3 4 5 6 7 8 9 10 11 12 334 2542 5151 9337 150 12440 23833 53793 249713 618053 653573 693183 1814 731573 4737 757556 7846 771951 11848 786752 14893 800633 48243 814310 99723 829771 609353 915281 645343 994801 684913 1099551 722503 1228091 755296 1328021 768622 1481461 784124 1683071 796908 1857101 38 811462 2063911 1102 2292031 822647 2569831 893211 2857721 972961 3106861 1062791 3343111 1189021 3561421 1302211 3825931 1448321 4127661 1633191 4463391 1798331 4913781 2026291 5253271 2234241 5444372 2500901 5548202 2788841 5659702 3043001 5771872 3273211 5854922 3510601 5963222 3752691 6070882 4070381 6181842 4402921 6296572 4804801 6425142 
test case
out degree of 12 is 1001061
in degree of 12 is 586
reorder_list for in graph: 0 1 2 3 4 5 6 7 8 9 10 11 12 13 14 15 16 17 18 20 21 22 23 24 31 38 41 53 56 57 58 59 60 61 62 64 67 70 76 87 92 94 104 126 150 187 235 246 257 259 260 277 291 292 295 299 306 322 334 338 344 346 348 380 409 414 418 422 446 528 541 642 648 662 681 711 888 988 990 1004 1075 1084 1085 1153 1293 1497 1583 1668 1970 2172 2784 3114 3221 3475 3690 3839 3840 3922 4244 4489 
out degree of 12 is 1001061
The top 100 in neighbors of 12 are: 334 2542 5151 9337 150 12440 23833 53793 249713 618053 653573 693183 1814 731573 4737 757556 7846 771951 11848 786752 14893 800633 48243 814310 99723 829771 609353 915281 645343 994801 684913 1099551 722503 1228091 755296 1328021 768622 1481461 784124 1683071 796908 1857101 38 811462 2063911 1102 2292031 822647 2569831 893211 2857721 972961 3106861 1062791 3343111 1189021 3561421 1302211 3825931 1448321 4127661 1633191 4463391 1798331 4913781 2026291 5253271 2234241 5444372 2500901 5548202 2788841 5659702 3043001 5771872 3273211 5854922 3510601 5963222 3752691 6070882 4070381 6181842 4402921 6296572 4804801 6425142 5187481 6529302 5416472 6642422 5522882 6754392 5636242 6862832 5748742 7004112 5830702 7109072 5934882 
out degree of 300 is 34
The top 34 in neighbors of 300 are: 48137804 47547326 17274300 14676814 14387374 49868804 19634908 19489341 14206126 18523180 47516020 47516931 16277503 5891242 28338350 14998224 14389072 35006947 47515341 47546973 19185184 272 22125598 47547931 17300924 47517587 14795695 14456025 47516482 6806472 16472355 14984654 14836890 43507020 
out degree of 1024 is 53
The top 53 in neighbors of 1024 are: 19489341 5766862 49722997 18542474 17800408 16440882 18468074 8463402 49733409 27287050 24178779 49060857 14805828 17645842 16067957 44939132 49735550 21696746 24890778 51873894 30005585 43518501 39027180 15408341 19037578 44640773 49261613 17219296 20753010 21542417 618593 17879103 14411423 49615291 52036173 15438784 24352485 24854021 16605666 14150105 21071822 19788955 28338350 57860794 14882586 9325472 15287579 20243756 15341582 15978474 15582860 48910247 15625549 
out degree of 65535 is 0
out degree of 1023512 is 0
out degree of 13757872 is 5
The top 5 in neighbors of 13757872 are: 52310388 13810802 13809782 14725393 13759552 
in degree of 12 is 586
The top 100 in neighbors of 12 are: 13 14 15 16 17 18 20 21 22 23 24 31 38 41 53 56 57 58 59 60 61 62 64 67 70 76 87 92 94 104 126 150 187 235 246 257 259 260 277 291 292 295 299 306 322 334 338 344 346 348 380 409 414 418 422 446 528 541 642 648 662 681 711 888 988 990 1004 1075 1084 1085 1153 1293 1497 1583 1668 1970 2172 2784 3114 3221 3475 3690 3839 3840 3922 4244 4489 4674 4737 4776 4902 5017 5061 5202 5215 5380 5574 5699 5844 6106 
in degree of 300 is 2
The top 2 in neighbors of 300 are: 23 272 
in degree of 1024 is 14
The top 14 in neighbors of 1024 are: 618593 5766862 9325472 13200092 13256542 14150105 14345811 19562228 19746623 20415883 24178779 33509898 44939132 45525769 
in degree of 65535 is 0
in degree of 1023512 is 0
in degree of 13757872 is 4
The top 4 in neighbors of 13757872 are: 13759552 13809782 13810802 14725393 
