Print config information:
  Graph info: 
	 - filepath = /mnt/nvme1/zorax/datasets/csr_bin/Ukdomain/
	 - PREFIX = ukdomain
	 - nverts = 105153953
	 - nedges = 0 (0 for processing all edges in the filepath) 
  System info: 
	 - JOB = 6
	 - THD_COUNT = 1
	 - QUERY_THD_COUNT = 48
	 - SSDPATH = /mnt/nvme2/zorax/testCSRGraph/
  Graph query benchmark: 
	 - QUERY = 0
	 - source = 5699262
  Chunk allocator: 
	 - SBLK_POOL_SIZE = 274877906944
	 - sblk_name = sblk
	 - MAX_LEVEL = 1
	 - MEM_BULK_SIZE = 33554432

import csr for out graph
Allocated 0.783458GB for local_buf.
filepath = /mnt/nvme1/zorax/datasets/csr_bin/Ukdomain//ukdomain.idx
Allocated 12.3004GB for local_buf.
filepath = /mnt/nvme1/zorax/datasets/csr_bin/Ukdomain//ukdomain.adj
nverts = 105153953, nedges = 3301876564, average degree = 31.4004
import csr for in graph
Allocated 0.783458GB for local_buf.
filepath = /mnt/nvme1/zorax/datasets/csr_bin/Ukdomain//ukdomain.ridx
Allocated 12.3004GB for local_buf.
filepath = /mnt/nvme1/zorax/datasets/csr_bin/Ukdomain//ukdomain.radj
[1;33mDEBUG:    chunk_allocator.hpp(init:29): sblk_pools[0] allocated 64GB on SSD, start = 0x7f168a4d2000
[0m[1;33msblklevel0
mempool_align=4096
mempool_size=68719476736
mempool_start=0x7f168a4d2000
mempool_cur=0x7f168a4d2000
mempool_end=0x7f268a4d2000
mempool_free_block=(nil)

DEBUG:    chunk_allocator.hpp(init:29): sblk_pools[1] allocated 64GB on SSD, start = 0x7f068a4d2000
[0msblklevel1
mempool_align=4096
mempool_size=68719476736
mempool_start=0x7f068a4d2000
mempool_cur=0x7f068a4d2000
mempool_end=0x7f168a4d2000
mempool_free_block=(nil)

====================sort====================
The first five vertices in vid_list: 
0: indeg=0, outdeg=0
1: indeg=0, outdeg=16
2: indeg=1, outdeg=6
3: indeg=2, outdeg=5
4: indeg=3, outdeg=3
sort time = 0.819057
====================reorder====================
threshold = 0.95
vid_list.size() = 105153953
iteration = 1, tail = 1, P(reorder) = 9.50987e-09
iteration = 105154, tail = 54358706, P(reorder) = 0.516944
iteration = 210307, tail = 55967808, P(reorder) = 0.532246
iteration = 315460, tail = 56723220, P(reorder) = 0.53943
iteration = 420613, tail = 57752715, P(reorder) = 0.549221
iteration = 525766, tail = 58362276, P(reorder) = 0.555017
iteration = 630919, tail = 59347828, P(reorder) = 0.56439
iteration = 736072, tail = 60286257, P(reorder) = 0.573314
iteration = 841225, tail = 60956004, P(reorder) = 0.579683
iteration = 946378, tail = 61648991, P(reorder) = 0.586274
iteration = 1051531, tail = 62462075, P(reorder) = 0.594006
iteration = 1156684, tail = 63325015, P(reorder) = 0.602212
iteration = 1261837, tail = 63742432, P(reorder) = 0.606182
iteration = 1366990, tail = 64455357, P(reorder) = 0.612962
iteration = 1472143, tail = 65036114, P(reorder) = 0.618485
iteration = 1577296, tail = 65512182, P(reorder) = 0.623012
iteration = 1682449, tail = 65907409, P(reorder) = 0.626771
iteration = 1787602, tail = 66404854, P(reorder) = 0.631501
iteration = 1892755, tail = 66942185, P(reorder) = 0.636611
iteration = 1997908, tail = 67361776, P(reorder) = 0.640601
iteration = 2103061, tail = 67950759, P(reorder) = 0.646203
iteration = 2208214, tail = 68364853, P(reorder) = 0.650141
iteration = 2313367, tail = 68891843, P(reorder) = 0.655152
iteration = 2418520, tail = 69099654, P(reorder) = 0.657128
iteration = 2523673, tail = 69646880, P(reorder) = 0.662332
iteration = 2628826, tail = 70081434, P(reorder) = 0.666465
iteration = 2733979, tail = 70475497, P(reorder) = 0.670213
iteration = 2839132, tail = 70799569, P(reorder) = 0.673294
iteration = 2944285, tail = 71240622, P(reorder) = 0.677489
iteration = 3049438, tail = 71601434, P(reorder) = 0.68092
iteration = 3154591, tail = 72068473, P(reorder) = 0.685362
iteration = 3259744, tail = 72526411, P(reorder) = 0.689716
iteration = 3364897, tail = 73047515, P(reorder) = 0.694672
iteration = 3470050, tail = 73346209, P(reorder) = 0.697513
iteration = 3575203, tail = 73678448, P(reorder) = 0.700672
iteration = 3680356, tail = 74075079, P(reorder) = 0.704444
iteration = 3785509, tail = 74251699, P(reorder) = 0.706124
iteration = 3890662, tail = 74588437, P(reorder) = 0.709326
iteration = 3995815, tail = 74942597, P(reorder) = 0.712694
iteration = 4100968, tail = 75276467, P(reorder) = 0.715869
iteration = 4206121, tail = 75624235, P(reorder) = 0.719176
iteration = 4311274, tail = 76056734, P(reorder) = 0.723289
iteration = 4416427, tail = 76470474, P(reorder) = 0.727224
iteration = 4521580, tail = 76827949, P(reorder) = 0.730623
iteration = 4626733, tail = 77290530, P(reorder) = 0.735023
iteration = 4731886, tail = 77665464, P(reorder) = 0.738588
iteration = 4837039, tail = 78069973, P(reorder) = 0.742435
iteration = 4942192, tail = 78445433, P(reorder) = 0.746006
iteration = 5047345, tail = 78727535, P(reorder) = 0.748688
iteration = 5152498, tail = 79078408, P(reorder) = 0.752025
iteration = 5257651, tail = 79477457, P(reorder) = 0.75582
iteration = 5362804, tail = 79786581, P(reorder) = 0.75876
iteration = 5467957, tail = 80163231, P(reorder) = 0.762342
iteration = 5573110, tail = 80476739, P(reorder) = 0.765323
iteration = 5678263, tail = 80822141, P(reorder) = 0.768608
iteration = 5783416, tail = 81144839, P(reorder) = 0.771677
iteration = 5888569, tail = 81557069, P(reorder) = 0.775597
iteration = 5993722, tail = 81929524, P(reorder) = 0.779139
iteration = 6098875, tail = 82168158, P(reorder) = 0.781408
iteration = 6204028, tail = 82568247, P(reorder) = 0.785213
iteration = 6309181, tail = 82869081, P(reorder) = 0.788074
iteration = 6414334, tail = 83210920, P(reorder) = 0.791325
iteration = 6519487, tail = 83511488, P(reorder) = 0.794183
iteration = 6624640, tail = 83814582, P(reorder) = 0.797065
iteration = 6729793, tail = 84124295, P(reorder) = 0.800011
iteration = 6834946, tail = 84402293, P(reorder) = 0.802654
iteration = 6940099, tail = 84759526, P(reorder) = 0.806052
iteration = 7045252, tail = 85023896, P(reorder) = 0.808566
iteration = 7150405, tail = 85254270, P(reorder) = 0.810757
iteration = 7255558, tail = 85496505, P(reorder) = 0.81306
iteration = 7360711, tail = 85772820, P(reorder) = 0.815688
iteration = 7465864, tail = 86139933, P(reorder) = 0.819179
iteration = 7571017, tail = 86386125, P(reorder) = 0.82152
iteration = 7676170, tail = 86609143, P(reorder) = 0.823641
iteration = 7781323, tail = 86914944, P(reorder) = 0.826549
iteration = 7886476, tail = 87224833, P(reorder) = 0.829496
iteration = 7991629, tail = 87450541, P(reorder) = 0.831643
iteration = 8096782, tail = 87680571, P(reorder) = 0.83383
iteration = 8201935, tail = 87900461, P(reorder) = 0.835922
iteration = 8307088, tail = 88075428, P(reorder) = 0.837586
iteration = 8412241, tail = 88386133, P(reorder) = 0.84054
iteration = 8517394, tail = 88699149, P(reorder) = 0.843517
iteration = 8622547, tail = 88970516, P(reorder) = 0.846098
iteration = 8727700, tail = 89278491, P(reorder) = 0.849026
iteration = 8832853, tail = 89545193, P(reorder) = 0.851563
iteration = 8938006, tail = 89847829, P(reorder) = 0.854441
iteration = 9043159, tail = 90049102, P(reorder) = 0.856355
iteration = 9148312, tail = 90263625, P(reorder) = 0.858395
iteration = 9253465, tail = 90540996, P(reorder) = 0.861033
iteration = 9358618, tail = 90808691, P(reorder) = 0.863578
iteration = 9463771, tail = 91113611, P(reorder) = 0.866478
iteration = 9568924, tail = 91377764, P(reorder) = 0.86899
iteration = 9674077, tail = 91606640, P(reorder) = 0.871167
iteration = 9779230, tail = 91963205, P(reorder) = 0.874558
iteration = 9884383, tail = 92225742, P(reorder) = 0.877054
iteration = 9989536, tail = 92530134, P(reorder) = 0.879949
iteration = 10094689, tail = 92910053, P(reorder) = 0.883562
iteration = 10199842, tail = 93209451, P(reorder) = 0.886409
iteration = 10304995, tail = 93476790, P(reorder) = 0.888952
iteration = 10410148, tail = 93688685, P(reorder) = 0.890967
iteration = 10515301, tail = 93961474, P(reorder) = 0.893561
iteration = 10620454, tail = 94235176, P(reorder) = 0.896164
iteration = 10725607, tail = 94502719, P(reorder) = 0.898708
iteration = 10830760, tail = 94760748, P(reorder) = 0.901162
iteration = 10935913, tail = 95045499, P(reorder) = 0.90387
iteration = 11041066, tail = 95366299, P(reorder) = 0.906921
iteration = 11146219, tail = 95597920, P(reorder) = 0.909123
iteration = 11251372, tail = 95899339, P(reorder) = 0.91199
iteration = 11356525, tail = 96235777, P(reorder) = 0.915189
iteration = 11461678, tail = 96522337, P(reorder) = 0.917914
iteration = 11566831, tail = 96795968, P(reorder) = 0.920517
iteration = 11671984, tail = 97113143, P(reorder) = 0.923533
iteration = 11777137, tail = 97323371, P(reorder) = 0.925532
iteration = 11882290, tail = 97583987, P(reorder) = 0.928011
iteration = 11987443, tail = 97841978, P(reorder) = 0.930464
iteration = 12092596, tail = 98159896, P(reorder) = 0.933487
iteration = 12197749, tail = 98408755, P(reorder) = 0.935854
iteration = 12302902, tail = 98624952, P(reorder) = 0.93791
iteration = 12408055, tail = 98857148, P(reorder) = 0.940118
iteration = 12513208, tail = 99117522, P(reorder) = 0.942594
iteration = 12618361, tail = 99359814, P(reorder) = 0.944899
iteration = 12723514, tail = 99695753, P(reorder) = 0.948093
12819338 iterations
Total number of reordered vertices: 99896257
reorder time = 15.5161
====================convert====================
max_chunkID = 2350520
max_offset = 4(GB)
The number of non-zero degree vertices: 88312737
total_num_reorder = 105153953
0 1 16 15 8 
convert time = 17.6377
====================end====================
[1;33mDEBUG:    chunk_allocator.hpp(init:29): sblk_pools[0] allocated 64GB on SSD, start = 0x7ef6313c3000
[0m[1;33msblklevel0
mempool_align=4096
mempool_size=68719476736
mempool_start=0x7ef6313c3000
mempool_cur=0x7ef6313c3000
mempool_end=0x7f06313c3000
mempool_free_block=(nil)

DEBUG:    chunk_allocator.hpp(init:29): sblk_pools[1] allocated 64GB on SSD, start = 0x7ee6313c3000
[0msblklevel1
mempool_align=4096
mempool_size=68719476736
mempool_start=0x7ee6313c3000
mempool_cur=0x7ee6313c3000
mempool_end=0x7ef6313c3000
mempool_free_block=(nil)

====================sort====================
The first five vertices in vid_list: 
0: indeg=0, outdeg=0
1: indeg=16, outdeg=0
2: indeg=6, outdeg=1
3: indeg=5, outdeg=2
4: indeg=3, outdeg=3
sort time = 1.22282
====================reorder====================
threshold = 0.95
vid_list.size() = 105153953
iteration = 1, tail = 1, P(reorder) = 9.50987e-09
iteration = 105154, tail = 66382806, P(reorder) = 0.631292
iteration = 210307, tail = 66670754, P(reorder) = 0.63403
iteration = 315460, tail = 66869418, P(reorder) = 0.635919
iteration = 420613, tail = 67096828, P(reorder) = 0.638082
iteration = 525766, tail = 67307541, P(reorder) = 0.640086
iteration = 630919, tail = 67507530, P(reorder) = 0.641988
iteration = 736072, tail = 67746890, P(reorder) = 0.644264
iteration = 841225, tail = 67975425, P(reorder) = 0.646437
iteration = 946378, tail = 68189683, P(reorder) = 0.648475
iteration = 1051531, tail = 68386760, P(reorder) = 0.650349
iteration = 1156684, tail = 68683117, P(reorder) = 0.653167
iteration = 1261837, tail = 68917531, P(reorder) = 0.655396
iteration = 1366990, tail = 69107467, P(reorder) = 0.657203
iteration = 1472143, tail = 69298085, P(reorder) = 0.659016
iteration = 1577296, tail = 69486452, P(reorder) = 0.660807
iteration = 1682449, tail = 69721849, P(reorder) = 0.663045
iteration = 1787602, tail = 69910645, P(reorder) = 0.664841
iteration = 1892755, tail = 70084880, P(reorder) = 0.666498
iteration = 1997908, tail = 70470782, P(reorder) = 0.670168
iteration = 2103061, tail = 70673270, P(reorder) = 0.672093
iteration = 2208214, tail = 70878732, P(reorder) = 0.674047
iteration = 2313367, tail = 71064486, P(reorder) = 0.675814
iteration = 2418520, tail = 71250931, P(reorder) = 0.677587
iteration = 2523673, tail = 71460505, P(reorder) = 0.67958
iteration = 2628826, tail = 71651666, P(reorder) = 0.681398
iteration = 2733979, tail = 71815656, P(reorder) = 0.682957
iteration = 2839132, tail = 71996545, P(reorder) = 0.684677
iteration = 2944285, tail = 72185395, P(reorder) = 0.686473
iteration = 3049438, tail = 72343759, P(reorder) = 0.687979
iteration = 3154591, tail = 72535085, P(reorder) = 0.689799
iteration = 3259744, tail = 72734133, P(reorder) = 0.691692
iteration = 3364897, tail = 72952442, P(reorder) = 0.693768
iteration = 3470050, tail = 73155511, P(reorder) = 0.695699
iteration = 3575203, tail = 73369754, P(reorder) = 0.697737
iteration = 3680356, tail = 73611393, P(reorder) = 0.700034
iteration = 3785509, tail = 73842690, P(reorder) = 0.702234
iteration = 3890662, tail = 74017627, P(reorder) = 0.703898
iteration = 3995815, tail = 74181951, P(reorder) = 0.70546
iteration = 4100968, tail = 74348064, P(reorder) = 0.70704
iteration = 4206121, tail = 74533355, P(reorder) = 0.708802
iteration = 4311274, tail = 74669394, P(reorder) = 0.710096
iteration = 4416427, tail = 74851472, P(reorder) = 0.711827
iteration = 4521580, tail = 75004440, P(reorder) = 0.713282
iteration = 4626733, tail = 75182920, P(reorder) = 0.714979
iteration = 4731886, tail = 75344097, P(reorder) = 0.716512
iteration = 4837039, tail = 75522880, P(reorder) = 0.718212
iteration = 4942192, tail = 75738007, P(reorder) = 0.720258
iteration = 5047345, tail = 75924753, P(reorder) = 0.722034
iteration = 5152498, tail = 76068353, P(reorder) = 0.7234
iteration = 5257651, tail = 76255590, P(reorder) = 0.72518
iteration = 5362804, tail = 76388710, P(reorder) = 0.726446
iteration = 5467957, tail = 76556480, P(reorder) = 0.728042
iteration = 5573110, tail = 76726814, P(reorder) = 0.729662
iteration = 5678263, tail = 76924730, P(reorder) = 0.731544
iteration = 5783416, tail = 77113521, P(reorder) = 0.733339
iteration = 5888569, tail = 77246420, P(reorder) = 0.734603
iteration = 5993722, tail = 77446959, P(reorder) = 0.73651
iteration = 6098875, tail = 77597409, P(reorder) = 0.737941
iteration = 6204028, tail = 77769203, P(reorder) = 0.739575
iteration = 6309181, tail = 77916251, P(reorder) = 0.740973
iteration = 6414334, tail = 78075610, P(reorder) = 0.742489
iteration = 6519487, tail = 78228442, P(reorder) = 0.743942
iteration = 6624640, tail = 78446781, P(reorder) = 0.746018
iteration = 6729793, tail = 78599307, P(reorder) = 0.747469
iteration = 6834946, tail = 78757332, P(reorder) = 0.748972
iteration = 6940099, tail = 78907786, P(reorder) = 0.750402
iteration = 7045252, tail = 79062550, P(reorder) = 0.751874
iteration = 7150405, tail = 79238934, P(reorder) = 0.753552
iteration = 7255558, tail = 79393877, P(reorder) = 0.755025
iteration = 7360711, tail = 79552998, P(reorder) = 0.756538
iteration = 7465864, tail = 79747885, P(reorder) = 0.758392
iteration = 7571017, tail = 79902300, P(reorder) = 0.75986
iteration = 7676170, tail = 80065357, P(reorder) = 0.761411
iteration = 7781323, tail = 80263397, P(reorder) = 0.763294
iteration = 7886476, tail = 80445183, P(reorder) = 0.765023
iteration = 7991629, tail = 80601048, P(reorder) = 0.766505
iteration = 8096782, tail = 80755882, P(reorder) = 0.767978
iteration = 8201935, tail = 80914830, P(reorder) = 0.769489
iteration = 8307088, tail = 81145126, P(reorder) = 0.771679
iteration = 8412241, tail = 81307099, P(reorder) = 0.77322
iteration = 8517394, tail = 81477247, P(reorder) = 0.774838
iteration = 8622547, tail = 81666689, P(reorder) = 0.776639
iteration = 8727700, tail = 81896535, P(reorder) = 0.778825
iteration = 8832853, tail = 82072545, P(reorder) = 0.780499
iteration = 8938006, tail = 82236477, P(reorder) = 0.782058
iteration = 9043159, tail = 82441459, P(reorder) = 0.784007
iteration = 9148312, tail = 82630412, P(reorder) = 0.785804
iteration = 9253465, tail = 82828452, P(reorder) = 0.787687
iteration = 9358618, tail = 83013636, P(reorder) = 0.789449
iteration = 9463771, tail = 83171050, P(reorder) = 0.790946
iteration = 9568924, tail = 83360813, P(reorder) = 0.79275
iteration = 9674077, tail = 83533448, P(reorder) = 0.794392
iteration = 9779230, tail = 83698782, P(reorder) = 0.795964
iteration = 9884383, tail = 83870444, P(reorder) = 0.797597
iteration = 9989536, tail = 84019957, P(reorder) = 0.799019
iteration = 10094689, tail = 84195828, P(reorder) = 0.800691
iteration = 10199842, tail = 84376587, P(reorder) = 0.80241
iteration = 10304995, tail = 84510124, P(reorder) = 0.80368
iteration = 10410148, tail = 84651007, P(reorder) = 0.80502
iteration = 10515301, tail = 84818994, P(reorder) = 0.806617
iteration = 10620454, tail = 84978078, P(reorder) = 0.80813
iteration = 10725607, tail = 85141808, P(reorder) = 0.809687
iteration = 10830760, tail = 85322216, P(reorder) = 0.811403
iteration = 10935913, tail = 85523788, P(reorder) = 0.81332
iteration = 11041066, tail = 85714337, P(reorder) = 0.815132
iteration = 11146219, tail = 85859551, P(reorder) = 0.816513
iteration = 11251372, tail = 86031339, P(reorder) = 0.818147
iteration = 11356525, tail = 86183659, P(reorder) = 0.819595
iteration = 11461678, tail = 86348227, P(reorder) = 0.82116
iteration = 11566831, tail = 86528291, P(reorder) = 0.822872
iteration = 11671984, tail = 86699498, P(reorder) = 0.824501
iteration = 11777137, tail = 86901962, P(reorder) = 0.826426
iteration = 11882290, tail = 87062470, P(reorder) = 0.827952
iteration = 11987443, tail = 87205583, P(reorder) = 0.829313
iteration = 12092596, tail = 87332465, P(reorder) = 0.83052
iteration = 12197749, tail = 87499619, P(reorder) = 0.83211
iteration = 12302902, tail = 87690725, P(reorder) = 0.833927
iteration = 12408055, tail = 87843013, P(reorder) = 0.835375
iteration = 12513208, tail = 88024778, P(reorder) = 0.837104
iteration = 12618361, tail = 88165660, P(reorder) = 0.838444
iteration = 12723514, tail = 88318076, P(reorder) = 0.839893
iteration = 12828667, tail = 88532361, P(reorder) = 0.841931
iteration = 12933820, tail = 88691442, P(reorder) = 0.843444
iteration = 13038973, tail = 88831362, P(reorder) = 0.844774
iteration = 13144126, tail = 88963231, P(reorder) = 0.846028
iteration = 13249279, tail = 89099875, P(reorder) = 0.847328
iteration = 13354432, tail = 89253735, P(reorder) = 0.848791
iteration = 13459585, tail = 89428510, P(reorder) = 0.850453
iteration = 13564738, tail = 89563403, P(reorder) = 0.851736
iteration = 13669891, tail = 89720312, P(reorder) = 0.853228
iteration = 13775044, tail = 89878790, P(reorder) = 0.854735
iteration = 13880197, tail = 90034406, P(reorder) = 0.856215
iteration = 13985350, tail = 90181286, P(reorder) = 0.857612
iteration = 14090503, tail = 90346441, P(reorder) = 0.859183
iteration = 14195656, tail = 90512257, P(reorder) = 0.860759
iteration = 14300809, tail = 90678532, P(reorder) = 0.862341
iteration = 14405962, tail = 90865964, P(reorder) = 0.864123
iteration = 14511115, tail = 91039509, P(reorder) = 0.865774
iteration = 14616268, tail = 91234155, P(reorder) = 0.867625
iteration = 14721421, tail = 91367598, P(reorder) = 0.868894
iteration = 14826574, tail = 91515501, P(reorder) = 0.8703
iteration = 14931727, tail = 91677367, P(reorder) = 0.871839
iteration = 15036880, tail = 91831060, P(reorder) = 0.873301
iteration = 15142033, tail = 91980169, P(reorder) = 0.874719
iteration = 15247186, tail = 92120414, P(reorder) = 0.876053
iteration = 15352339, tail = 92287268, P(reorder) = 0.87764
iteration = 15457492, tail = 92453356, P(reorder) = 0.879219
iteration = 15562645, tail = 92614501, P(reorder) = 0.880751
iteration = 15667798, tail = 92799400, P(reorder) = 0.88251
iteration = 15772951, tail = 92961907, P(reorder) = 0.884055
iteration = 15878104, tail = 93167063, P(reorder) = 0.886006
iteration = 15983257, tail = 93309226, P(reorder) = 0.887358
iteration = 16088410, tail = 93536750, P(reorder) = 0.889522
iteration = 16193563, tail = 93693094, P(reorder) = 0.891009
iteration = 16298716, tail = 93873819, P(reorder) = 0.892727
iteration = 16403869, tail = 94049798, P(reorder) = 0.894401
iteration = 16509022, tail = 94207913, P(reorder) = 0.895905
iteration = 16614175, tail = 94354264, P(reorder) = 0.897296
iteration = 16719328, tail = 94528100, P(reorder) = 0.89895
iteration = 16824481, tail = 94736550, P(reorder) = 0.900932
iteration = 16929634, tail = 94886323, P(reorder) = 0.902356
iteration = 17034787, tail = 95006003, P(reorder) = 0.903494
iteration = 17139940, tail = 95219409, P(reorder) = 0.905524
iteration = 17245093, tail = 95415019, P(reorder) = 0.907384
iteration = 17350246, tail = 95548424, P(reorder) = 0.908653
iteration = 17455399, tail = 95729413, P(reorder) = 0.910374
iteration = 17560552, tail = 95893730, P(reorder) = 0.911937
iteration = 17665705, tail = 96032204, P(reorder) = 0.913253
iteration = 17770858, tail = 96182990, P(reorder) = 0.914687
iteration = 17876011, tail = 96347875, P(reorder) = 0.916255
iteration = 17981164, tail = 96494762, P(reorder) = 0.917652
iteration = 18086317, tail = 96647028, P(reorder) = 0.9191
iteration = 18191470, tail = 96854713, P(reorder) = 0.921075
iteration = 18296623, tail = 97010347, P(reorder) = 0.922555
iteration = 18401776, tail = 97159926, P(reorder) = 0.923978
iteration = 18506929, tail = 97298361, P(reorder) = 0.925294
iteration = 18612082, tail = 97463222, P(reorder) = 0.926862
iteration = 18717235, tail = 97603323, P(reorder) = 0.928195
iteration = 18822388, tail = 97730624, P(reorder) = 0.929405
iteration = 18927541, tail = 97869101, P(reorder) = 0.930722
iteration = 19032694, tail = 98040348, P(reorder) = 0.932351
iteration = 19137847, tail = 98211609, P(reorder) = 0.933979
iteration = 19243000, tail = 98397103, P(reorder) = 0.935743
iteration = 19348153, tail = 98531460, P(reorder) = 0.937021
iteration = 19453306, tail = 98709621, P(reorder) = 0.938715
iteration = 19558459, tail = 98861060, P(reorder) = 0.940155
iteration = 19663612, tail = 99009319, P(reorder) = 0.941565
iteration = 19768765, tail = 99143354, P(reorder) = 0.94284
iteration = 19873918, tail = 99294982, P(reorder) = 0.944282
iteration = 19979071, tail = 99472962, P(reorder) = 0.945975
iteration = 20084224, tail = 99610524, P(reorder) = 0.947283
iteration = 20189377, tail = 99755201, P(reorder) = 0.948659
20288307 iterations
Total number of reordered vertices: 99896256
reorder time = 13.1869
====================convert====================
max_chunkID = 2236019
max_offset = 4(GB)
The number of non-zero degree vertices: 90143887
total_num_reorder = 105153953
0 1 2 3 4 
convert time = 17.3051
====================end====================
Freed 0.783458GB for local_buf.
Freed 12.3004GB for local_buf.
Freed 0.783458GB for local_buf.
Freed 12.3004GB for local_buf.
convert graph time = 106.011
reorder_list for out graph: 0 1 16 15 8 10 4 5 12 17 3 2 11 14 9 7 6 13 9439547 44977926 44977503 44977680 17749650 309009 44977778 44977676 7637465 17498140 7564868 9440692 6777899 44977655 33560371 9440902 38065486 16086199 44977828 2495451 4456282 15085290 79271028 44977793 22816010 44978012 3245477 29449410 1967071 44977733 9440687 4068625 1952924 6781606 8087369 44977483 6788133 9439131 44977888 42658081 1952976 16350522 36195313 44977873 68605306 4412459 3248104 45702300 8878538 44977890 3042455 44977753 30352622 81646100 11588151 17056463 44978035 37241506 39936585 46648986 44977992 8919074 6777386 8087902 31399705 44977824 21773612 6794398 44705929 44977520 6780384 44978069 44977678 44977620 3245479 6783021 21397819 16433917 467991 37395764 6794508 44977806 
test case
out degree of 12 is 7489
in degree of 12 is 2728
reorder_list for in graph: 0 1 2 3 4 5 6 7 8 9 24 20 34 35 36 37 19 10 39 40 42 44 46 48 50 54 56 57 60 62 66 79 80 132 133 138 144 146 148 150 152 157 159 160 161 165 171 172 174 190 191 194 199 200 205 208 210 220 221 43 45 47 51 53 55 58 59 131 139 142 145 147 149 151 153 158 164 173 189 192 202 204 207 209 63 64 65 67 193 11 168 338 7975895 7975896 7975897 7975898 7975899 7975900 7975901 7975902 
out degree of 12 is 7489
The top 100 in neighbors of 12 are: 48174395 48171488 48173384 48168582 48173519 48174380 48170416 48168697 4576103 48172457 48173190 48169845 48170206 48170869 48171316 48170251 48169556 48169705 48169462 48170706 48165553 48170600 48170614 2230826 48173949 48173454 48170912 48172588 48171969 48169861 48173200 48170505 48166788 48171440 48173634 2225820 48170293 48168711 48171831 1741862 48169877 48170864 48173246 48172185 48170975 48170737 1741716 48172046 48172271 48173194 48173036 48173364 48173868 48168588 48170783 48168769 2225807 48171126 48172443 48174176 48174406 48174433 48171169 48168786 48168760 652649 48173089 48167186 48174189 48173603 48172622 2225145 31856974 48171947 48165597 48168634 48168972 48169316 48166895 48174187 48168671 48174265 48170278 48170261 48170180 48172662 48168586 48170817 48170990 48169185 48169455 48169787 48174296 48166789 48173325 48173020 48173433 48165920 48168988 48173983 
out degree of 300 is 1
The top 1 in neighbors of 300 are: 254 
out degree of 1024 is 121
The top 100 in neighbors of 1024 are: 20554282 48306914 48306853 48306868 48306841 48306866 48306843 48306913 48306842 48306896 48306871 48306873 48306898 48306806 48306819 48306922 48306860 48306862 48306823 48306846 48306877 48306809 48306911 48306867 48306925 48306839 48306881 20554281 48306864 48306878 48306920 48306921 48306857 48306889 48306882 48306899 48306802 48306844 20554279 48306859 48306908 48306891 48306865 48306856 48306900 48306897 48306810 48306884 48306858 48306876 20554283 48306886 48306854 48306910 48306797 48306821 48306874 48306909 48306869 48306852 48306923 48306918 48306803 48306850 48306875 48306800 48306863 48306807 48306901 48306861 48306845 48306919 48306892 48306808 48306887 48306885 48306848 48306801 48306814 48306805 48306893 48306879 48306912 20554278 48306815 48306811 48306883 48306840 48306796 48306849 20554280 48306870 48306812 48306880 48306818 48306888 48306804 48306813 48306855 48306895 
out degree of 65535 is 11
The top 11 in neighbors of 65535 are: 63641 63648 63644 63646 63640 63647 63645 63642 63639 63643 63638 
out degree of 1023512 is 2
The top 2 in neighbors of 1023512 are: 1012341 1012971 
out degree of 13757872 is 17
The top 17 in neighbors of 13757872 are: 13728338 13773077 13728331 13757875 13772706 13728332 13728336 13760052 13728333 13728335 13728334 13728330 13728666 13735000 13731970 13728337 13757884 
in degree of 12 is 2728
The top 100 in neighbors of 12 are: 1 24 6307 169418 213133 268010 268368 268462 280648 292630 292831 316563 441210 443655 448743 569382 569400 652451 684108 684109 684117 684118 684141 684142 764898 867842 878309 878316 1011796 1051325 1051326 1051327 1214843 1267641 1486863 1486913 1673822 1678541 1679086 1679232 1686487 1687884 1689491 1691849 1692332 1692436 1693246 1693455 1693908 1737012 1737031 1737043 1737469 1738201 1738250 1740588 1740642 1740660 1741163 1741165 1741173 1741180 1741182 1741185 1741186 1741187 1741191 1741193 1741207 1741208 1741216 1741217 1741218 1741219 1741220 1741221 1741222 1741235 1741428 1741429 1741434 1741436 1741437 1741439 1741440 1741441 1741442 1741443 1741444 1741445 1741446 1741447 1741448 1741449 1741450 1741451 1741452 1741453 1741454 1741455 
in degree of 300 is 1
The top 1 in neighbors of 300 are: 39 
in degree of 1024 is 7304
The top 100 in neighbors of 1024 are: 81 927 937 1017 1018 1020 1021 1023 1025 1278 1279 1280 1282 1284 1535 1630 1631 1632 1633 1634 1636 1638 1965 1972 1973 1976 1981 1983 2119 2120 2121 2122 2126 2732 2831 7329 7485 7502 58396 58397 58398 58483 61436 231764 231765 407994 408890 408892 549384 599526 601649 601650 601651 601652 601654 601657 684549 684575 684646 684648 745929 848296 875462 884991 884992 884995 884997 1008956 1051181 1051182 1051183 1051187 1051297 1051298 1051371 1051375 1053047 1057979 1057984 1057990 1057992 1057994 1106180 1207592 1255069 1279084 1279676 1279696 1279697 1279700 1279720 1279721 1280089 1280090 1280091 1280095 1319641 1333632 1333633 1333634 
in degree of 65535 is 0
in degree of 1023512 is 0
in degree of 13757872 is 12
The top 12 in neighbors of 13757872 are: 207689 207690 207691 207692 207693 13728329 13728545 13756526 13756576 13757554 13757870 13757871 
