Print config information:
  Graph info: 
	 - filepath = /mnt/nvme1/zorax/datasets/csr_bin/Yahoo/
	 - PREFIX = yahoo
	 - nverts = 1413511394
	 - nedges = 0 (0 for processing all edges in the filepath) 
  System info: 
	 - JOB = 6
	 - THD_COUNT = 1
	 - QUERY_THD_COUNT = 48
	 - SSDPATH = /mnt/nvme2/zorax/testCSRGraph/
  Graph query benchmark: 
	 - QUERY = 0
	 - source = 35005211
  Chunk allocator: 
	 - SBLK_POOL_SIZE = 824633720832
	 - sblk_name = sblk
	 - MAX_LEVEL = 1
	 - MEM_BULK_SIZE = 33554432

import csr for out graph
Allocated 10.5315GB for local_buf.
filepath = /mnt/nvme1/zorax/datasets/csr_bin/Yahoo//yahoo.idx
Allocated 24.7233GB for local_buf.
filepath = /mnt/nvme1/zorax/datasets/csr_bin/Yahoo//yahoo.adj
nverts = 1413511394, nedges = 6636600779, average degree = 4.69512
import csr for in graph
Allocated 10.5315GB for local_buf.
filepath = /mnt/nvme1/zorax/datasets/csr_bin/Yahoo//yahoo.ridx
Allocated 24.7233GB for local_buf.
filepath = /mnt/nvme1/zorax/datasets/csr_bin/Yahoo//yahoo.radj
[1;33mDEBUG:    chunk_allocator.hpp(init:29): sblk_pools[0] allocated 192GB on SSD, start = 0x7f52cc4eb000
[0m[1;33msblklevel0
mempool_align=4096
mempool_size=206158430208
mempool_start=0x7f52cc4eb000
mempool_cur=0x7f52cc4eb000
mempool_end=0x7f82cc4eb000
mempool_free_block=(nil)

DEBUG:    chunk_allocator.hpp(init:29): sblk_pools[1] allocated 192GB on SSD, start = 0x7f22cc4eb000
[0msblklevel1
mempool_align=4096
mempool_size=206158430208
mempool_start=0x7f22cc4eb000
mempool_cur=0x7f22cc4eb000
mempool_end=0x7f52cc4eb000
mempool_free_block=(nil)

====================sort====================
The first five vertices in vid_list: 
0: indeg=0, outdeg=0
1: indeg=0, outdeg=0
2: indeg=0, outdeg=0
3: indeg=0, outdeg=0
4: indeg=0, outdeg=294
sort time = 11.3557
====================reorder====================
threshold = 0.95
vid_list.size() = 1413511394
iteration = 1, tail = 1, P(reorder) = 7.07458e-10
iteration = 1413512, tail = 108218683, P(reorder) = 0.0765602
iteration = 2827023, tail = 113277560, P(reorder) = 0.0801391
iteration = 4240534, tail = 117042849, P(reorder) = 0.0828029
iteration = 5654045, tail = 120088959, P(reorder) = 0.0849579
iteration = 7067556, tail = 122861983, P(reorder) = 0.0869197
iteration = 8481067, tail = 125470561, P(reorder) = 0.0887652
iteration = 9894578, tail = 128780817, P(reorder) = 0.091107
iteration = 11308089, tail = 131726538, P(reorder) = 0.093191
iteration = 12721600, tail = 134951833, P(reorder) = 0.0954728
iteration = 14135111, tail = 137555907, P(reorder) = 0.097315
iteration = 15548622, tail = 140282285, P(reorder) = 0.0992438
iteration = 16962133, tail = 142834649, P(reorder) = 0.10105
iteration = 18375644, tail = 145642419, P(reorder) = 0.103036
iteration = 19789155, tail = 148216425, P(reorder) = 0.104857
iteration = 21202666, tail = 150996885, P(reorder) = 0.106824
iteration = 22616177, tail = 154311658, P(reorder) = 0.109169
iteration = 24029688, tail = 158275087, P(reorder) = 0.111973
iteration = 25443199, tail = 161276331, P(reorder) = 0.114096
iteration = 26856710, tail = 164382723, P(reorder) = 0.116294
iteration = 28270221, tail = 167089592, P(reorder) = 0.118209
iteration = 29683732, tail = 169613270, P(reorder) = 0.119994
iteration = 31097243, tail = 172013207, P(reorder) = 0.121692
iteration = 32510754, tail = 174861322, P(reorder) = 0.123707
iteration = 33924265, tail = 177292252, P(reorder) = 0.125427
iteration = 35337776, tail = 179975427, P(reorder) = 0.127325
iteration = 36751287, tail = 182373506, P(reorder) = 0.129022
iteration = 38164798, tail = 184746519, P(reorder) = 0.1307
iteration = 39578309, tail = 187508836, P(reorder) = 0.132655
iteration = 40991820, tail = 190158159, P(reorder) = 0.134529
iteration = 42405331, tail = 192464752, P(reorder) = 0.136161
iteration = 43818842, tail = 194706707, P(reorder) = 0.137747
iteration = 45232353, tail = 197544264, P(reorder) = 0.139754
iteration = 46645864, tail = 200244369, P(reorder) = 0.141664
iteration = 48059375, tail = 202773560, P(reorder) = 0.143454
iteration = 49472886, tail = 205272019, P(reorder) = 0.145221
iteration = 50886397, tail = 207731737, P(reorder) = 0.146961
iteration = 52299908, tail = 209924971, P(reorder) = 0.148513
iteration = 53713419, tail = 212139114, P(reorder) = 0.15008
iteration = 55126930, tail = 214520737, P(reorder) = 0.151764
iteration = 56540441, tail = 216764167, P(reorder) = 0.153352
iteration = 57953952, tail = 219135419, P(reorder) = 0.155029
iteration = 59367463, tail = 221350862, P(reorder) = 0.156596
iteration = 60780974, tail = 223860443, P(reorder) = 0.158372
iteration = 62194485, tail = 226202997, P(reorder) = 0.160029
iteration = 63607996, tail = 228346947, P(reorder) = 0.161546
iteration = 65021507, tail = 230961186, P(reorder) = 0.163395
iteration = 66435018, tail = 233139330, P(reorder) = 0.164936
iteration = 67848529, tail = 235377038, P(reorder) = 0.166519
iteration = 69262040, tail = 237491429, P(reorder) = 0.168015
iteration = 70675551, tail = 239697540, P(reorder) = 0.169576
iteration = 72089062, tail = 241182431, P(reorder) = 0.170626
iteration = 73502573, tail = 242628952, P(reorder) = 0.17165
iteration = 74916084, tail = 244107301, P(reorder) = 0.172696
iteration = 76329595, tail = 245582862, P(reorder) = 0.17374
iteration = 77743106, tail = 247031962, P(reorder) = 0.174765
iteration = 79156617, tail = 248500599, P(reorder) = 0.175804
iteration = 80570128, tail = 249958597, P(reorder) = 0.176835
iteration = 81983639, tail = 251407888, P(reorder) = 0.177861
iteration = 83397150, tail = 252841710, P(reorder) = 0.178875
iteration = 84810661, tail = 254287508, P(reorder) = 0.179898
iteration = 86224172, tail = 255730889, P(reorder) = 0.180919
iteration = 87637683, tail = 257200906, P(reorder) = 0.181959
iteration = 89051194, tail = 258668025, P(reorder) = 0.182997
iteration = 90464705, tail = 260151921, P(reorder) = 0.184047
iteration = 91878216, tail = 261603488, P(reorder) = 0.185073
iteration = 93291727, tail = 263059008, P(reorder) = 0.186103
iteration = 94705238, tail = 264512069, P(reorder) = 0.187131
iteration = 96118749, tail = 265977194, P(reorder) = 0.188168
iteration = 97532260, tail = 267435977, P(reorder) = 0.1892
iteration = 98945771, tail = 268923108, P(reorder) = 0.190252
iteration = 100359282, tail = 270380969, P(reorder) = 0.191283
iteration = 101772793, tail = 271841248, P(reorder) = 0.192316
iteration = 103186304, tail = 273306151, P(reorder) = 0.193353
iteration = 104599815, tail = 274770807, P(reorder) = 0.194389
iteration = 106013326, tail = 276254637, P(reorder) = 0.195439
iteration = 107426837, tail = 277700226, P(reorder) = 0.196461
iteration = 108840348, tail = 279159528, P(reorder) = 0.197494
iteration = 110253859, tail = 280613896, P(reorder) = 0.198523
iteration = 111667370, tail = 282052178, P(reorder) = 0.19954
iteration = 113080881, tail = 283485205, P(reorder) = 0.200554
iteration = 114494392, tail = 284928506, P(reorder) = 0.201575
iteration = 115907903, tail = 286371966, P(reorder) = 0.202596
iteration = 117321414, tail = 287823960, P(reorder) = 0.203623
iteration = 118734925, tail = 289255028, P(reorder) = 0.204636
iteration = 120148436, tail = 290710702, P(reorder) = 0.205666
iteration = 121561947, tail = 292163358, P(reorder) = 0.206693
iteration = 122975458, tail = 293608403, P(reorder) = 0.207716
iteration = 124388969, tail = 295044315, P(reorder) = 0.208731
iteration = 125802480, tail = 296485574, P(reorder) = 0.209751
iteration = 127215991, tail = 297925821, P(reorder) = 0.21077
iteration = 128629502, tail = 299371604, P(reorder) = 0.211793
iteration = 130043013, tail = 300814834, P(reorder) = 0.212814
iteration = 131456524, tail = 302273901, P(reorder) = 0.213846
iteration = 132870035, tail = 303848624, P(reorder) = 0.21496
iteration = 134283546, tail = 305294931, P(reorder) = 0.215983
iteration = 135697057, tail = 306755122, P(reorder) = 0.217016
iteration = 137110568, tail = 308226986, P(reorder) = 0.218058
iteration = 138524079, tail = 309686937, P(reorder) = 0.219091
iteration = 139937590, tail = 311152183, P(reorder) = 0.220127
iteration = 141351101, tail = 312612384, P(reorder) = 0.22116
iteration = 142764612, tail = 314056022, P(reorder) = 0.222181
iteration = 144178123, tail = 315509295, P(reorder) = 0.22321
iteration = 145591634, tail = 316925360, P(reorder) = 0.224211
iteration = 147005145, tail = 318341523, P(reorder) = 0.225213
iteration = 148418656, tail = 319760686, P(reorder) = 0.226217
iteration = 149832167, tail = 321179304, P(reorder) = 0.227221
iteration = 151245678, tail = 322599899, P(reorder) = 0.228226
iteration = 152659189, tail = 324051083, P(reorder) = 0.229253
iteration = 154072700, tail = 325496939, P(reorder) = 0.230275
iteration = 155486211, tail = 326964785, P(reorder) = 0.231314
iteration = 156899722, tail = 328417767, P(reorder) = 0.232342
iteration = 158313233, tail = 329871610, P(reorder) = 0.23337
iteration = 159726744, tail = 331311010, P(reorder) = 0.234389
iteration = 161140255, tail = 332761584, P(reorder) = 0.235415
iteration = 162553766, tail = 334211362, P(reorder) = 0.236441
iteration = 163967277, tail = 335675371, P(reorder) = 0.237476
iteration = 165380788, tail = 337136916, P(reorder) = 0.23851
iteration = 166794299, tail = 338605994, P(reorder) = 0.23955
iteration = 168207810, tail = 340062527, P(reorder) = 0.24058
iteration = 169621321, tail = 341523679, P(reorder) = 0.241614
iteration = 171034832, tail = 342976430, P(reorder) = 0.242641
iteration = 172448343, tail = 344434232, P(reorder) = 0.243673
iteration = 173861854, tail = 345868640, P(reorder) = 0.244688
iteration = 175275365, tail = 347316188, P(reorder) = 0.245712
iteration = 176688876, tail = 348749488, P(reorder) = 0.246726
iteration = 178102387, tail = 350199821, P(reorder) = 0.247752
iteration = 179515898, tail = 351642560, P(reorder) = 0.248772
iteration = 180929409, tail = 353079652, P(reorder) = 0.249789
iteration = 182342920, tail = 354514257, P(reorder) = 0.250804
iteration = 183756431, tail = 355970769, P(reorder) = 0.251834
iteration = 185169942, tail = 357414177, P(reorder) = 0.252856
iteration = 186583453, tail = 358878640, P(reorder) = 0.253892
iteration = 187996964, tail = 360334407, P(reorder) = 0.254921
iteration = 189410475, tail = 361781699, P(reorder) = 0.255945
iteration = 190823986, tail = 363221647, P(reorder) = 0.256964
iteration = 192237497, tail = 364645702, P(reorder) = 0.257972
iteration = 193651008, tail = 366081271, P(reorder) = 0.258987
iteration = 195064519, tail = 367514767, P(reorder) = 0.260001
iteration = 196478030, tail = 368949400, P(reorder) = 0.261016
iteration = 197891541, tail = 370372162, P(reorder) = 0.262023
iteration = 199305052, tail = 371888090, P(reorder) = 0.263095
iteration = 200718563, tail = 373321104, P(reorder) = 0.264109
iteration = 202132074, tail = 374750932, P(reorder) = 0.265121
iteration = 203545585, tail = 376185632, P(reorder) = 0.266136
iteration = 204959096, tail = 377643851, P(reorder) = 0.267167
iteration = 206372607, tail = 379075439, P(reorder) = 0.26818
iteration = 207786118, tail = 380507995, P(reorder) = 0.269193
iteration = 209199629, tail = 381941824, P(reorder) = 0.270208
iteration = 210613140, tail = 383387876, P(reorder) = 0.271231
iteration = 212026651, tail = 384828978, P(reorder) = 0.27225
iteration = 213440162, tail = 386268054, P(reorder) = 0.273268
iteration = 214853673, tail = 387729289, P(reorder) = 0.274302
iteration = 216267184, tail = 389186378, P(reorder) = 0.275333
iteration = 217680695, tail = 390672948, P(reorder) = 0.276385
iteration = 219094206, tail = 392094988, P(reorder) = 0.277391
iteration = 220507717, tail = 393517008, P(reorder) = 0.278397
iteration = 221921228, tail = 394954632, P(reorder) = 0.279414
iteration = 223334739, tail = 396405132, P(reorder) = 0.28044
iteration = 224748250, tail = 397843385, P(reorder) = 0.281458
iteration = 226161761, tail = 399302336, P(reorder) = 0.28249
iteration = 227575272, tail = 400747317, P(reorder) = 0.283512
iteration = 228988783, tail = 402172593, P(reorder) = 0.28452
iteration = 230402294, tail = 403619078, P(reorder) = 0.285544
iteration = 231815805, tail = 405060911, P(reorder) = 0.286564
iteration = 233229316, tail = 406502927, P(reorder) = 0.287584
iteration = 234642827, tail = 407949040, P(reorder) = 0.288607
iteration = 236056338, tail = 409385296, P(reorder) = 0.289623
iteration = 237469849, tail = 410833912, P(reorder) = 0.290648
iteration = 238883360, tail = 412286230, P(reorder) = 0.291675
iteration = 240296871, tail = 413738204, P(reorder) = 0.292702
iteration = 241710382, tail = 415184795, P(reorder) = 0.293726
iteration = 243123893, tail = 416634064, P(reorder) = 0.294751
iteration = 244537404, tail = 418083930, P(reorder) = 0.295777
iteration = 245950915, tail = 419540741, P(reorder) = 0.296807
iteration = 247364426, tail = 420998127, P(reorder) = 0.297839
iteration = 248777937, tail = 422438189, P(reorder) = 0.298857
iteration = 250191448, tail = 423880218, P(reorder) = 0.299877
iteration = 251604959, tail = 425321133, P(reorder) = 0.300897
iteration = 253018470, tail = 426765140, P(reorder) = 0.301918
iteration = 254431981, tail = 428208820, P(reorder) = 0.30294
iteration = 255845492, tail = 429650765, P(reorder) = 0.30396
iteration = 257259003, tail = 431099268, P(reorder) = 0.304985
iteration = 258672514, tail = 432521343, P(reorder) = 0.305991
iteration = 260086025, tail = 434020659, P(reorder) = 0.307051
iteration = 261499536, tail = 435459933, P(reorder) = 0.30807
iteration = 262913047, tail = 436899692, P(reorder) = 0.309088
iteration = 264326558, tail = 438339473, P(reorder) = 0.310107
iteration = 265740069, tail = 439772222, P(reorder) = 0.31112
iteration = 267153580, tail = 441218142, P(reorder) = 0.312143
iteration = 268567091, tail = 442669675, P(reorder) = 0.31317
iteration = 269980602, tail = 444133610, P(reorder) = 0.314206
iteration = 271394113, tail = 445580064, P(reorder) = 0.315229
iteration = 272807624, tail = 447031991, P(reorder) = 0.316256
iteration = 274221135, tail = 448537675, P(reorder) = 0.317322
iteration = 275634646, tail = 449979038, P(reorder) = 0.318341
iteration = 277048157, tail = 451416796, P(reorder) = 0.319358
iteration = 278461668, tail = 452850676, P(reorder) = 0.320373
iteration = 279875179, tail = 454297238, P(reorder) = 0.321396
iteration = 281288690, tail = 455746736, P(reorder) = 0.322422
iteration = 282702201, tail = 457169602, P(reorder) = 0.323428
iteration = 284115712, tail = 458606916, P(reorder) = 0.324445
iteration = 285529223, tail = 460040998, P(reorder) = 0.32546
iteration = 286942734, tail = 461487842, P(reorder) = 0.326483
iteration = 288356245, tail = 462931161, P(reorder) = 0.327504
iteration = 289769756, tail = 464370623, P(reorder) = 0.328523
iteration = 291183267, tail = 465808249, P(reorder) = 0.32954
iteration = 292596778, tail = 467248188, P(reorder) = 0.330558
iteration = 294010289, tail = 468674408, P(reorder) = 0.331567
iteration = 295423800, tail = 470111789, P(reorder) = 0.332584
iteration = 296837311, tail = 471547656, P(reorder) = 0.3336
iteration = 298250822, tail = 472994836, P(reorder) = 0.334624
iteration = 299664333, tail = 474439006, P(reorder) = 0.335646
iteration = 301077844, tail = 475878053, P(reorder) = 0.336664
iteration = 302491355, tail = 477314769, P(reorder) = 0.33768
iteration = 303904866, tail = 478770202, P(reorder) = 0.33871
iteration = 305318377, tail = 480213119, P(reorder) = 0.339731
iteration = 306731888, tail = 481649836, P(reorder) = 0.340747
iteration = 308145399, tail = 483090469, P(reorder) = 0.341766
iteration = 309558910, tail = 484534301, P(reorder) = 0.342788
iteration = 310972421, tail = 485976904, P(reorder) = 0.343808
iteration = 312385932, tail = 487415782, P(reorder) = 0.344826
iteration = 313799443, tail = 488879623, P(reorder) = 0.345862
iteration = 315212954, tail = 490321778, P(reorder) = 0.346882
iteration = 316626465, tail = 491756328, P(reorder) = 0.347897
iteration = 318039976, tail = 493200613, P(reorder) = 0.348919
iteration = 319453487, tail = 494638706, P(reorder) = 0.349936
iteration = 320866998, tail = 496071834, P(reorder) = 0.35095
iteration = 322280509, tail = 497510002, P(reorder) = 0.351967
iteration = 323694020, tail = 498954814, P(reorder) = 0.35299
iteration = 325107531, tail = 500398719, P(reorder) = 0.354011
iteration = 326521042, tail = 501839326, P(reorder) = 0.35503
iteration = 327934553, tail = 503351547, P(reorder) = 0.3561
iteration = 329348064, tail = 504799668, P(reorder) = 0.357125
iteration = 330761575, tail = 506252720, P(reorder) = 0.358153
iteration = 332175086, tail = 507700429, P(reorder) = 0.359177
iteration = 333588597, tail = 509136673, P(reorder) = 0.360193
iteration = 335002108, tail = 510572214, P(reorder) = 0.361208
iteration = 336415619, tail = 512017902, P(reorder) = 0.362231
iteration = 337829130, tail = 513451196, P(reorder) = 0.363245
iteration = 339242641, tail = 514906947, P(reorder) = 0.364275
iteration = 340656152, tail = 516349601, P(reorder) = 0.365296
iteration = 342069663, tail = 517783896, P(reorder) = 0.36631
iteration = 343483174, tail = 519224290, P(reorder) = 0.367329
iteration = 344896685, tail = 520660982, P(reorder) = 0.368346
iteration = 346310196, tail = 522097148, P(reorder) = 0.369362
iteration = 347723707, tail = 523538780, P(reorder) = 0.370382
iteration = 349137218, tail = 524975929, P(reorder) = 0.371398
iteration = 350550729, tail = 526411074, P(reorder) = 0.372414
iteration = 351964240, tail = 527856704, P(reorder) = 0.373436
iteration = 353377751, tail = 529299479, P(reorder) = 0.374457
iteration = 354791262, tail = 530735701, P(reorder) = 0.375473
iteration = 356204773, tail = 532282760, P(reorder) = 0.376568
iteration = 357618284, tail = 533794992, P(reorder) = 0.377638
iteration = 359031795, tail = 535248219, P(reorder) = 0.378666
iteration = 360445306, tail = 536685498, P(reorder) = 0.379682
iteration = 361858817, tail = 538130419, P(reorder) = 0.380705
iteration = 363272328, tail = 539596347, P(reorder) = 0.381742
iteration = 364685839, tail = 541078523, P(reorder) = 0.38279
iteration = 366099350, tail = 542516017, P(reorder) = 0.383807
iteration = 367512861, tail = 544055380, P(reorder) = 0.384896
iteration = 368926372, tail = 545496578, P(reorder) = 0.385916
iteration = 370339883, tail = 546934236, P(reorder) = 0.386933
iteration = 371753394, tail = 548401096, P(reorder) = 0.387971
iteration = 373166905, tail = 549832315, P(reorder) = 0.388983
iteration = 374580416, tail = 551268903, P(reorder) = 0.39
iteration = 375993927, tail = 552705705, P(reorder) = 0.391016
iteration = 377407438, tail = 554140769, P(reorder) = 0.392031
iteration = 378820949, tail = 555595218, P(reorder) = 0.39306
iteration = 380234460, tail = 557082315, P(reorder) = 0.394112
iteration = 381647971, tail = 558518398, P(reorder) = 0.395128
iteration = 383061482, tail = 559959460, P(reorder) = 0.396148
iteration = 384474993, tail = 561415442, P(reorder) = 0.397178
iteration = 385888504, tail = 562846030, P(reorder) = 0.39819
iteration = 387302015, tail = 564283078, P(reorder) = 0.399207
iteration = 388715526, tail = 565718215, P(reorder) = 0.400222
iteration = 390129037, tail = 567280448, P(reorder) = 0.401327
iteration = 391542548, tail = 568714235, P(reorder) = 0.402341
iteration = 392956059, tail = 570147104, P(reorder) = 0.403355
iteration = 394369570, tail = 571586628, P(reorder) = 0.404374
iteration = 395783081, tail = 573024234, P(reorder) = 0.405391
iteration = 397196592, tail = 574459242, P(reorder) = 0.406406
iteration = 398610103, tail = 575896022, P(reorder) = 0.407422
iteration = 400023614, tail = 577334291, P(reorder) = 0.40844
iteration = 401437125, tail = 578778562, P(reorder) = 0.409462
iteration = 402850636, tail = 580215062, P(reorder) = 0.410478
iteration = 404264147, tail = 581653675, P(reorder) = 0.411496
iteration = 405677658, tail = 583104718, P(reorder) = 0.412522
iteration = 407091169, tail = 584542844, P(reorder) = 0.41354
iteration = 408504680, tail = 586157547, P(reorder) = 0.414682
iteration = 409918191, tail = 587713397, P(reorder) = 0.415783
iteration = 411331702, tail = 589164047, P(reorder) = 0.416809
iteration = 412745213, tail = 590597218, P(reorder) = 0.417823
iteration = 414158724, tail = 592034925, P(reorder) = 0.41884
iteration = 415572235, tail = 593468862, P(reorder) = 0.419854
iteration = 416985746, tail = 594904187, P(reorder) = 0.42087
iteration = 418399257, tail = 596341414, P(reorder) = 0.421887
iteration = 419812768, tail = 597833817, P(reorder) = 0.422942
iteration = 421226279, tail = 599345018, P(reorder) = 0.424011
iteration = 422639790, tail = 600808262, P(reorder) = 0.425047
iteration = 424053301, tail = 602238990, P(reorder) = 0.426059
iteration = 425466812, tail = 603670152, P(reorder) = 0.427071
iteration = 426880323, tail = 605107697, P(reorder) = 0.428088
iteration = 428293834, tail = 606540541, P(reorder) = 0.429102
iteration = 429707345, tail = 607976461, P(reorder) = 0.430118
iteration = 431120856, tail = 609410441, P(reorder) = 0.431132
iteration = 432534367, tail = 610851745, P(reorder) = 0.432152
iteration = 433947878, tail = 612285935, P(reorder) = 0.433167
iteration = 435361389, tail = 613720356, P(reorder) = 0.434181
iteration = 436774900, tail = 615159275, P(reorder) = 0.435199
iteration = 438188411, tail = 616602410, P(reorder) = 0.43622
iteration = 439601922, tail = 618038050, P(reorder) = 0.437236
iteration = 441015433, tail = 619472636, P(reorder) = 0.438251
iteration = 442428944, tail = 620940384, P(reorder) = 0.439289
iteration = 443842455, tail = 622372173, P(reorder) = 0.440302
iteration = 445255966, tail = 623801935, P(reorder) = 0.441314
iteration = 446669477, tail = 625236551, P(reorder) = 0.442329
iteration = 448082988, tail = 626677923, P(reorder) = 0.443348
iteration = 449496499, tail = 628112680, P(reorder) = 0.444363
iteration = 450910010, tail = 629554569, P(reorder) = 0.445383
iteration = 452323521, tail = 630987985, P(reorder) = 0.446398
iteration = 453737032, tail = 632539629, P(reorder) = 0.447495
iteration = 455150543, tail = 633974453, P(reorder) = 0.44851
iteration = 456564054, tail = 635410385, P(reorder) = 0.449526
iteration = 457977565, tail = 636840439, P(reorder) = 0.450538
iteration = 459391076, tail = 638274674, P(reorder) = 0.451553
iteration = 460804587, tail = 639707942, P(reorder) = 0.452567
iteration = 462218098, tail = 641139015, P(reorder) = 0.453579
iteration = 463631609, tail = 642592531, P(reorder) = 0.454607
iteration = 465045120, tail = 644042926, P(reorder) = 0.455633
iteration = 466458631, tail = 645475153, P(reorder) = 0.456647
iteration = 467872142, tail = 646902919, P(reorder) = 0.457657
iteration = 469285653, tail = 648339077, P(reorder) = 0.458673
iteration = 470699164, tail = 649768891, P(reorder) = 0.459684
iteration = 472112675, tail = 651197999, P(reorder) = 0.460695
iteration = 473526186, tail = 652642075, P(reorder) = 0.461717
iteration = 474939697, tail = 654068069, P(reorder) = 0.462726
iteration = 476353208, tail = 655491119, P(reorder) = 0.463732
iteration = 477766719, tail = 656925857, P(reorder) = 0.464747
iteration = 479180230, tail = 658356501, P(reorder) = 0.46576
iteration = 480593741, tail = 659797750, P(reorder) = 0.466779
iteration = 482007252, tail = 661293939, P(reorder) = 0.467838
iteration = 483420763, tail = 662729138, P(reorder) = 0.468853
iteration = 484834274, tail = 664157623, P(reorder) = 0.469864
iteration = 486247785, tail = 665585956, P(reorder) = 0.470874
iteration = 487661296, tail = 667029785, P(reorder) = 0.471896
iteration = 489074807, tail = 668460753, P(reorder) = 0.472908
iteration = 490488318, tail = 669892021, P(reorder) = 0.47392
iteration = 491901829, tail = 671321159, P(reorder) = 0.474932
iteration = 493315340, tail = 672770570, P(reorder) = 0.475957
iteration = 494728851, tail = 674203544, P(reorder) = 0.476971
iteration = 496142362, tail = 675636283, P(reorder) = 0.477984
iteration = 497555873, tail = 677069771, P(reorder) = 0.478998
iteration = 498969384, tail = 678501969, P(reorder) = 0.480012
iteration = 500382895, tail = 679994718, P(reorder) = 0.481068
iteration = 501796406, tail = 681425309, P(reorder) = 0.48208
iteration = 503209917, tail = 682882259, P(reorder) = 0.483111
iteration = 504623428, tail = 684311148, P(reorder) = 0.484121
iteration = 506036939, tail = 685741073, P(reorder) = 0.485133
iteration = 507450450, tail = 687184764, P(reorder) = 0.486154
iteration = 508863961, tail = 688609940, P(reorder) = 0.487163
iteration = 510277472, tail = 690032877, P(reorder) = 0.488169
iteration = 511690983, tail = 691459056, P(reorder) = 0.489178
iteration = 513104494, tail = 692887149, P(reorder) = 0.490189
iteration = 514518005, tail = 694323513, P(reorder) = 0.491205
iteration = 515931516, tail = 695858170, P(reorder) = 0.49229
iteration = 517345027, tail = 697293423, P(reorder) = 0.493306
iteration = 518758538, tail = 698732338, P(reorder) = 0.494324
iteration = 520172049, tail = 700174171, P(reorder) = 0.495344
iteration = 521585560, tail = 701608422, P(reorder) = 0.496359
iteration = 522999071, tail = 703042164, P(reorder) = 0.497373
iteration = 524412582, tail = 704532329, P(reorder) = 0.498427
iteration = 525826093, tail = 705966998, P(reorder) = 0.499442
iteration = 527239604, tail = 707412575, P(reorder) = 0.500465
iteration = 528653115, tail = 708849641, P(reorder) = 0.501481
iteration = 530066626, tail = 710279735, P(reorder) = 0.502493
iteration = 531480137, tail = 711712246, P(reorder) = 0.503507
iteration = 532893648, tail = 713150601, P(reorder) = 0.504524
iteration = 534307159, tail = 714585133, P(reorder) = 0.505539
iteration = 535720670, tail = 716014319, P(reorder) = 0.50655
iteration = 537134181, tail = 717451686, P(reorder) = 0.507567
iteration = 538547692, tail = 718896250, P(reorder) = 0.508589
iteration = 539961203, tail = 720330299, P(reorder) = 0.509603
iteration = 541374714, tail = 721762920, P(reorder) = 0.510617
iteration = 542788225, tail = 723200784, P(reorder) = 0.511634
iteration = 544201736, tail = 724633974, P(reorder) = 0.512648
iteration = 545615247, tail = 726065770, P(reorder) = 0.513661
iteration = 547028758, tail = 727496826, P(reorder) = 0.514673
iteration = 548442269, tail = 728929589, P(reorder) = 0.515687
iteration = 549855780, tail = 730360670, P(reorder) = 0.5167
iteration = 551269291, tail = 731819998, P(reorder) = 0.517732
iteration = 552682802, tail = 733252968, P(reorder) = 0.518746
iteration = 554096313, tail = 734685856, P(reorder) = 0.519759
iteration = 555509824, tail = 736116416, P(reorder) = 0.520771
iteration = 556923335, tail = 737563349, P(reorder) = 0.521795
iteration = 558336846, tail = 738992605, P(reorder) = 0.522806
iteration = 559750357, tail = 740427120, P(reorder) = 0.523821
iteration = 561163868, tail = 741858944, P(reorder) = 0.524834
iteration = 562577379, tail = 743298331, P(reorder) = 0.525852
iteration = 563990890, tail = 744737809, P(reorder) = 0.526871
iteration = 565404401, tail = 746182025, P(reorder) = 0.527892
iteration = 566817912, tail = 747613348, P(reorder) = 0.528905
iteration = 568231423, tail = 749050549, P(reorder) = 0.529922
iteration = 569644934, tail = 750481910, P(reorder) = 0.530934
iteration = 571058445, tail = 751913167, P(reorder) = 0.531947
iteration = 572471956, tail = 753341028, P(reorder) = 0.532957
iteration = 573885467, tail = 754773313, P(reorder) = 0.53397
iteration = 575298978, tail = 756204962, P(reorder) = 0.534983
iteration = 576712489, tail = 757641071, P(reorder) = 0.535999
iteration = 578126000, tail = 759078227, P(reorder) = 0.537016
iteration = 579539511, tail = 760512578, P(reorder) = 0.538031
iteration = 580953022, tail = 761952484, P(reorder) = 0.539049
iteration = 582366533, tail = 763385204, P(reorder) = 0.540063
iteration = 583780044, tail = 764818810, P(reorder) = 0.541077
iteration = 585193555, tail = 766250161, P(reorder) = 0.54209
iteration = 586607066, tail = 767683175, P(reorder) = 0.543104
iteration = 588020577, tail = 769111953, P(reorder) = 0.544114
iteration = 589434088, tail = 770539431, P(reorder) = 0.545124
iteration = 590847599, tail = 771985901, P(reorder) = 0.546148
iteration = 592261110, tail = 773417676, P(reorder) = 0.547161
iteration = 593674621, tail = 774852815, P(reorder) = 0.548176
iteration = 595088132, tail = 776286083, P(reorder) = 0.54919
iteration = 596501643, tail = 777735172, P(reorder) = 0.550215
iteration = 597915154, tail = 779178587, P(reorder) = 0.551236
iteration = 599328665, tail = 780607700, P(reorder) = 0.552247
iteration = 600742176, tail = 782039180, P(reorder) = 0.55326
iteration = 602155687, tail = 783480484, P(reorder) = 0.55428
iteration = 603569198, tail = 784913418, P(reorder) = 0.555293
iteration = 604982709, tail = 786347545, P(reorder) = 0.556308
iteration = 606396220, tail = 787779464, P(reorder) = 0.557321
iteration = 607809731, tail = 789209514, P(reorder) = 0.558333
iteration = 609223242, tail = 790648867, P(reorder) = 0.559351
iteration = 610636753, tail = 792080149, P(reorder) = 0.560363
iteration = 612050264, tail = 793510351, P(reorder) = 0.561375
iteration = 613463775, tail = 794946468, P(reorder) = 0.562391
iteration = 614877286, tail = 796376075, P(reorder) = 0.563403
iteration = 616290797, tail = 797802650, P(reorder) = 0.564412
iteration = 617704308, tail = 799232723, P(reorder) = 0.565424
iteration = 619117819, tail = 800667229, P(reorder) = 0.566438
iteration = 620531330, tail = 802110449, P(reorder) = 0.567459
iteration = 621944841, tail = 803557902, P(reorder) = 0.568483
iteration = 623358352, tail = 805012169, P(reorder) = 0.569512
iteration = 624771863, tail = 806454801, P(reorder) = 0.570533
iteration = 626185374, tail = 807890557, P(reorder) = 0.571549
iteration = 627598885, tail = 809321941, P(reorder) = 0.572561
iteration = 629012396, tail = 810752491, P(reorder) = 0.573573
iteration = 630425907, tail = 812185446, P(reorder) = 0.574587
iteration = 631839418, tail = 813623568, P(reorder) = 0.575605
iteration = 633252929, tail = 815052006, P(reorder) = 0.576615
iteration = 634666440, tail = 816484612, P(reorder) = 0.577629
iteration = 636079951, tail = 817916410, P(reorder) = 0.578642
iteration = 637493462, tail = 819347034, P(reorder) = 0.579654
iteration = 638906973, tail = 820776385, P(reorder) = 0.580665
iteration = 640320484, tail = 822210099, P(reorder) = 0.581679
iteration = 641733995, tail = 823645742, P(reorder) = 0.582695
iteration = 643147506, tail = 825079024, P(reorder) = 0.583709
iteration = 644561017, tail = 826525564, P(reorder) = 0.584732
iteration = 645974528, tail = 827956132, P(reorder) = 0.585744
iteration = 647388039, tail = 829386609, P(reorder) = 0.586756
iteration = 648801550, tail = 830817287, P(reorder) = 0.587768
iteration = 650215061, tail = 832244062, P(reorder) = 0.588778
iteration = 651628572, tail = 833674714, P(reorder) = 0.58979
iteration = 653042083, tail = 835104097, P(reorder) = 0.590801
iteration = 654455594, tail = 836549385, P(reorder) = 0.591824
iteration = 655869105, tail = 837998045, P(reorder) = 0.592848
iteration = 657282616, tail = 839429226, P(reorder) = 0.593861
iteration = 658696127, tail = 840870942, P(reorder) = 0.594881
iteration = 660109638, tail = 842300138, P(reorder) = 0.595892
iteration = 661523149, tail = 843729975, P(reorder) = 0.596904
iteration = 662936660, tail = 845161912, P(reorder) = 0.597917
iteration = 664350171, tail = 846591180, P(reorder) = 0.598928
iteration = 665763682, tail = 848041616, P(reorder) = 0.599954
iteration = 667177193, tail = 849474687, P(reorder) = 0.600968
iteration = 668590704, tail = 850903713, P(reorder) = 0.601979
iteration = 670004215, tail = 852345366, P(reorder) = 0.602999
iteration = 671417726, tail = 853775571, P(reorder) = 0.60401
iteration = 672831237, tail = 855203696, P(reorder) = 0.605021
iteration = 674244748, tail = 856633471, P(reorder) = 0.606032
iteration = 675658259, tail = 858063366, P(reorder) = 0.607044
iteration = 677071770, tail = 859497716, P(reorder) = 0.608059
iteration = 678485281, tail = 860925520, P(reorder) = 0.609069
iteration = 679898792, tail = 862359940, P(reorder) = 0.610083
iteration = 681312303, tail = 863791671, P(reorder) = 0.611096
iteration = 682725814, tail = 865222583, P(reorder) = 0.612109
iteration = 684139325, tail = 866650574, P(reorder) = 0.613119
iteration = 685552836, tail = 868080303, P(reorder) = 0.61413
iteration = 686966347, tail = 869518001, P(reorder) = 0.615148
iteration = 688379858, tail = 870951587, P(reorder) = 0.616162
iteration = 689793369, tail = 872379722, P(reorder) = 0.617172
iteration = 691206880, tail = 873807199, P(reorder) = 0.618182
iteration = 692620391, tail = 875234796, P(reorder) = 0.619192
iteration = 694033902, tail = 876668388, P(reorder) = 0.620206
iteration = 695447413, tail = 878096588, P(reorder) = 0.621216
iteration = 696860924, tail = 879523331, P(reorder) = 0.622226
iteration = 698274435, tail = 880955946, P(reorder) = 0.623239
iteration = 699687946, tail = 882386207, P(reorder) = 0.624251
iteration = 701101457, tail = 883816133, P(reorder) = 0.625263
iteration = 702514968, tail = 885246467, P(reorder) = 0.626275
iteration = 703928479, tail = 886677636, P(reorder) = 0.627287
iteration = 705341990, tail = 888107373, P(reorder) = 0.628299
iteration = 706755501, tail = 889534150, P(reorder) = 0.629308
iteration = 708169012, tail = 890964581, P(reorder) = 0.63032
iteration = 709582523, tail = 892404912, P(reorder) = 0.631339
iteration = 710996034, tail = 893833409, P(reorder) = 0.63235
iteration = 712409545, tail = 895264262, P(reorder) = 0.633362
iteration = 713823056, tail = 896695909, P(reorder) = 0.634375
iteration = 715236567, tail = 898129256, P(reorder) = 0.635389
iteration = 716650078, tail = 899557145, P(reorder) = 0.636399
iteration = 718063589, tail = 900987099, P(reorder) = 0.637411
iteration = 719477100, tail = 902421919, P(reorder) = 0.638426
iteration = 720890611, tail = 903852342, P(reorder) = 0.639438
iteration = 722304122, tail = 905283671, P(reorder) = 0.64045
iteration = 723717633, tail = 906713502, P(reorder) = 0.641462
iteration = 725131144, tail = 908142740, P(reorder) = 0.642473
iteration = 726544655, tail = 909575309, P(reorder) = 0.643486
iteration = 727958166, tail = 911004127, P(reorder) = 0.644497
iteration = 729371677, tail = 912434050, P(reorder) = 0.645509
iteration = 730785188, tail = 913860315, P(reorder) = 0.646518
iteration = 732198699, tail = 915287434, P(reorder) = 0.647527
iteration = 733612210, tail = 916719013, P(reorder) = 0.64854
iteration = 735025721, tail = 918149315, P(reorder) = 0.649552
iteration = 736439232, tail = 919578201, P(reorder) = 0.650563
iteration = 737852743, tail = 921005682, P(reorder) = 0.651573
iteration = 739266254, tail = 922436978, P(reorder) = 0.652585
iteration = 740679765, tail = 923871017, P(reorder) = 0.6536
iteration = 742093276, tail = 925299732, P(reorder) = 0.654611
iteration = 743506787, tail = 926730763, P(reorder) = 0.655623
iteration = 744920298, tail = 928162026, P(reorder) = 0.656636
iteration = 746333809, tail = 929619846, P(reorder) = 0.657667
iteration = 747747320, tail = 931050964, P(reorder) = 0.658679
iteration = 749160831, tail = 932503681, P(reorder) = 0.659707
iteration = 750574342, tail = 933931277, P(reorder) = 0.660717
iteration = 751987853, tail = 935364106, P(reorder) = 0.661731
iteration = 753401364, tail = 936792862, P(reorder) = 0.662742
iteration = 754814875, tail = 938223460, P(reorder) = 0.663754
iteration = 756228386, tail = 939664320, P(reorder) = 0.664773
iteration = 757641897, tail = 941095416, P(reorder) = 0.665786
iteration = 759055408, tail = 942523265, P(reorder) = 0.666796
iteration = 760468919, tail = 943959960, P(reorder) = 0.667812
iteration = 761882430, tail = 945387492, P(reorder) = 0.668822
iteration = 763295941, tail = 946816201, P(reorder) = 0.669833
iteration = 764709452, tail = 948254957, P(reorder) = 0.670851
iteration = 766122963, tail = 949686300, P(reorder) = 0.671863
iteration = 767536474, tail = 951117695, P(reorder) = 0.672876
iteration = 768949985, tail = 952546777, P(reorder) = 0.673887
iteration = 770363496, tail = 953974619, P(reorder) = 0.674897
iteration = 771777007, tail = 955401363, P(reorder) = 0.675906
iteration = 773190518, tail = 956828970, P(reorder) = 0.676916
iteration = 774604029, tail = 958257406, P(reorder) = 0.677927
iteration = 776017540, tail = 959684561, P(reorder) = 0.678937
iteration = 777431051, tail = 961108954, P(reorder) = 0.679944
iteration = 778844562, tail = 962540235, P(reorder) = 0.680957
iteration = 780258073, tail = 963968568, P(reorder) = 0.681967
iteration = 781671584, tail = 965398642, P(reorder) = 0.682979
iteration = 783085095, tail = 966831196, P(reorder) = 0.683993
iteration = 784498606, tail = 968462729, P(reorder) = 0.685147
iteration = 785912117, tail = 969889125, P(reorder) = 0.686156
iteration = 787325628, tail = 971315449, P(reorder) = 0.687165
iteration = 788739139, tail = 972742934, P(reorder) = 0.688175
iteration = 790152650, tail = 974172244, P(reorder) = 0.689186
iteration = 791566161, tail = 975597832, P(reorder) = 0.690195
iteration = 792979672, tail = 977173637, P(reorder) = 0.691309
iteration = 794393183, tail = 978600287, P(reorder) = 0.692319
iteration = 795806694, tail = 980023307, P(reorder) = 0.693325
iteration = 797220205, tail = 981461423, P(reorder) = 0.694343
iteration = 798633716, tail = 982920894, P(reorder) = 0.695375
iteration = 800047227, tail = 984349077, P(reorder) = 0.696386
iteration = 801460738, tail = 985776800, P(reorder) = 0.697396
iteration = 802874249, tail = 987209857, P(reorder) = 0.69841
iteration = 804287760, tail = 988638650, P(reorder) = 0.69942
iteration = 805701271, tail = 990065829, P(reorder) = 0.70043
iteration = 807114782, tail = 991492817, P(reorder) = 0.70144
iteration = 808528293, tail = 992933812, P(reorder) = 0.702459
iteration = 809941804, tail = 994361773, P(reorder) = 0.703469
iteration = 811355315, tail = 995789456, P(reorder) = 0.704479
iteration = 812768826, tail = 997225433, P(reorder) = 0.705495
iteration = 814182337, tail = 998654248, P(reorder) = 0.706506
iteration = 815595848, tail = 1000089025, P(reorder) = 0.707521
iteration = 817009359, tail = 1001517880, P(reorder) = 0.708532
iteration = 818422870, tail = 1002947922, P(reorder) = 0.709544
iteration = 819836381, tail = 1004391283, P(reorder) = 0.710565
iteration = 821249892, tail = 1005817555, P(reorder) = 0.711574
iteration = 822663403, tail = 1007247862, P(reorder) = 0.712586
iteration = 824076914, tail = 1008674897, P(reorder) = 0.713595
iteration = 825490425, tail = 1010100350, P(reorder) = 0.714604
iteration = 826903936, tail = 1011529534, P(reorder) = 0.715615
iteration = 828317447, tail = 1012964342, P(reorder) = 0.71663
iteration = 829730958, tail = 1014392052, P(reorder) = 0.71764
iteration = 831144469, tail = 1015819798, P(reorder) = 0.71865
iteration = 832557980, tail = 1017245704, P(reorder) = 0.719659
iteration = 833971491, tail = 1018674143, P(reorder) = 0.720669
iteration = 835385002, tail = 1020098078, P(reorder) = 0.721677
iteration = 836798513, tail = 1021523239, P(reorder) = 0.722685
iteration = 838212024, tail = 1022952471, P(reorder) = 0.723696
iteration = 839625535, tail = 1024383285, P(reorder) = 0.724708
iteration = 841039046, tail = 1025807901, P(reorder) = 0.725716
iteration = 842452557, tail = 1027241406, P(reorder) = 0.72673
iteration = 843866068, tail = 1028666351, P(reorder) = 0.727738
iteration = 845279579, tail = 1030090350, P(reorder) = 0.728746
iteration = 846693090, tail = 1031516083, P(reorder) = 0.729754
iteration = 848106601, tail = 1032943597, P(reorder) = 0.730764
iteration = 849520112, tail = 1034373261, P(reorder) = 0.731776
iteration = 850933623, tail = 1035799704, P(reorder) = 0.732785
iteration = 852347134, tail = 1037226704, P(reorder) = 0.733794
iteration = 853760645, tail = 1038654877, P(reorder) = 0.734805
iteration = 855174156, tail = 1040082268, P(reorder) = 0.735815
iteration = 856587667, tail = 1041508989, P(reorder) = 0.736824
iteration = 858001178, tail = 1042937117, P(reorder) = 0.737834
iteration = 859414689, tail = 1044367647, P(reorder) = 0.738846
iteration = 860828200, tail = 1045794261, P(reorder) = 0.739856
iteration = 862241711, tail = 1047225216, P(reorder) = 0.740868
iteration = 863655222, tail = 1048650745, P(reorder) = 0.741876
iteration = 865068733, tail = 1050077468, P(reorder) = 0.742886
iteration = 866482244, tail = 1051504051, P(reorder) = 0.743895
iteration = 867895755, tail = 1052932257, P(reorder) = 0.744905
iteration = 869309266, tail = 1054362332, P(reorder) = 0.745917
iteration = 870722777, tail = 1055789599, P(reorder) = 0.746927
iteration = 872136288, tail = 1057216798, P(reorder) = 0.747937
iteration = 873549799, tail = 1058642378, P(reorder) = 0.748945
iteration = 874963310, tail = 1060071310, P(reorder) = 0.749956
iteration = 876376821, tail = 1061510265, P(reorder) = 0.750974
iteration = 877790332, tail = 1062936327, P(reorder) = 0.751983
iteration = 879203843, tail = 1064367859, P(reorder) = 0.752996
iteration = 880617354, tail = 1065792508, P(reorder) = 0.754003
iteration = 882030865, tail = 1067217404, P(reorder) = 0.755012
iteration = 883444376, tail = 1068644190, P(reorder) = 0.756021
iteration = 884857887, tail = 1070070694, P(reorder) = 0.75703
iteration = 886271398, tail = 1071497480, P(reorder) = 0.75804
iteration = 887684909, tail = 1072923859, P(reorder) = 0.759049
iteration = 889098420, tail = 1074353712, P(reorder) = 0.76006
iteration = 890511931, tail = 1075783226, P(reorder) = 0.761071
iteration = 891925442, tail = 1077209130, P(reorder) = 0.76208
iteration = 893338953, tail = 1078636834, P(reorder) = 0.76309
iteration = 894752464, tail = 1080058979, P(reorder) = 0.764096
iteration = 896165975, tail = 1081491565, P(reorder) = 0.76511
iteration = 897579486, tail = 1082918648, P(reorder) = 0.76612
iteration = 898992997, tail = 1084345848, P(reorder) = 0.767129
iteration = 900406508, tail = 1085770889, P(reorder) = 0.768137
iteration = 901820019, tail = 1087196540, P(reorder) = 0.769146
iteration = 903233530, tail = 1088623045, P(reorder) = 0.770155
iteration = 904647041, tail = 1090051808, P(reorder) = 0.771166
iteration = 906060552, tail = 1091478536, P(reorder) = 0.772175
iteration = 907474063, tail = 1092907077, P(reorder) = 0.773186
iteration = 908887574, tail = 1094332686, P(reorder) = 0.774194
iteration = 910301085, tail = 1095763522, P(reorder) = 0.775207
iteration = 911714596, tail = 1097194921, P(reorder) = 0.776219
iteration = 913128107, tail = 1098623381, P(reorder) = 0.77723
iteration = 914541618, tail = 1100046297, P(reorder) = 0.778237
iteration = 915955129, tail = 1101473972, P(reorder) = 0.779247
iteration = 917368640, tail = 1102903656, P(reorder) = 0.780258
iteration = 918782151, tail = 1104326290, P(reorder) = 0.781265
iteration = 920195662, tail = 1105754325, P(reorder) = 0.782275
iteration = 921609173, tail = 1107180016, P(reorder) = 0.783283
iteration = 923022684, tail = 1108607619, P(reorder) = 0.784293
iteration = 924436195, tail = 1110031765, P(reorder) = 0.785301
iteration = 925849706, tail = 1111455855, P(reorder) = 0.786308
iteration = 927263217, tail = 1112881035, P(reorder) = 0.787317
iteration = 928676728, tail = 1114306484, P(reorder) = 0.788325
iteration = 930090239, tail = 1115731225, P(reorder) = 0.789333
iteration = 931503750, tail = 1117159734, P(reorder) = 0.790344
iteration = 932917261, tail = 1118603902, P(reorder) = 0.791365
iteration = 934330772, tail = 1120029605, P(reorder) = 0.792374
iteration = 935744283, tail = 1121455443, P(reorder) = 0.793383
iteration = 937157794, tail = 1122884049, P(reorder) = 0.794393
iteration = 938571305, tail = 1124313650, P(reorder) = 0.795405
iteration = 939984816, tail = 1125737807, P(reorder) = 0.796412
iteration = 941398327, tail = 1127163810, P(reorder) = 0.797421
iteration = 942811838, tail = 1128589002, P(reorder) = 0.798429
iteration = 944225349, tail = 1130011734, P(reorder) = 0.799436
iteration = 945638860, tail = 1131439319, P(reorder) = 0.800446
iteration = 947052371, tail = 1132864725, P(reorder) = 0.801454
iteration = 948465882, tail = 1134297285, P(reorder) = 0.802468
iteration = 949879393, tail = 1135727765, P(reorder) = 0.80348
iteration = 951292904, tail = 1137151470, P(reorder) = 0.804487
iteration = 952706415, tail = 1138577098, P(reorder) = 0.805496
iteration = 954119926, tail = 1140005691, P(reorder) = 0.806506
iteration = 955533437, tail = 1141433400, P(reorder) = 0.807516
iteration = 956946948, tail = 1142860689, P(reorder) = 0.808526
iteration = 958360459, tail = 1144285993, P(reorder) = 0.809534
iteration = 959773970, tail = 1145715299, P(reorder) = 0.810545
iteration = 961187481, tail = 1147141247, P(reorder) = 0.811554
iteration = 962600992, tail = 1148565807, P(reorder) = 0.812562
iteration = 964014503, tail = 1149991448, P(reorder) = 0.813571
iteration = 965428014, tail = 1151415146, P(reorder) = 0.814578
iteration = 966841525, tail = 1152846395, P(reorder) = 0.81559
iteration = 968255036, tail = 1154270792, P(reorder) = 0.816598
iteration = 969668547, tail = 1155695828, P(reorder) = 0.817606
iteration = 971082058, tail = 1157121290, P(reorder) = 0.818615
iteration = 972495569, tail = 1158545488, P(reorder) = 0.819622
iteration = 973909080, tail = 1159971433, P(reorder) = 0.820631
iteration = 975322591, tail = 1161402276, P(reorder) = 0.821643
iteration = 976736102, tail = 1162824849, P(reorder) = 0.82265
iteration = 978149613, tail = 1164250119, P(reorder) = 0.823658
iteration = 979563124, tail = 1165673626, P(reorder) = 0.824665
iteration = 980976635, tail = 1167099233, P(reorder) = 0.825674
iteration = 982390146, tail = 1168521198, P(reorder) = 0.82668
iteration = 983803657, tail = 1169944447, P(reorder) = 0.827687
iteration = 985217168, tail = 1171366907, P(reorder) = 0.828693
iteration = 986630679, tail = 1172792289, P(reorder) = 0.829701
iteration = 988044190, tail = 1174219228, P(reorder) = 0.830711
iteration = 989457701, tail = 1175645737, P(reorder) = 0.83172
iteration = 990871212, tail = 1177070055, P(reorder) = 0.832728
iteration = 992284723, tail = 1178501324, P(reorder) = 0.83374
iteration = 993698234, tail = 1179928474, P(reorder) = 0.83475
iteration = 995111745, tail = 1181354533, P(reorder) = 0.835759
iteration = 996525256, tail = 1182777457, P(reorder) = 0.836765
iteration = 997938767, tail = 1184202216, P(reorder) = 0.837773
iteration = 999352278, tail = 1185628498, P(reorder) = 0.838782
iteration = 1000765789, tail = 1187058432, P(reorder) = 0.839794
iteration = 1002179300, tail = 1188484967, P(reorder) = 0.840803
iteration = 1003592811, tail = 1189911035, P(reorder) = 0.841812
iteration = 1005006322, tail = 1191333265, P(reorder) = 0.842818
iteration = 1006419833, tail = 1192757924, P(reorder) = 0.843826
iteration = 1007833344, tail = 1194186340, P(reorder) = 0.844837
iteration = 1009246855, tail = 1195611207, P(reorder) = 0.845845
iteration = 1010660366, tail = 1197034241, P(reorder) = 0.846851
iteration = 1012073877, tail = 1198454015, P(reorder) = 0.847856
iteration = 1013487388, tail = 1199878092, P(reorder) = 0.848863
iteration = 1014900899, tail = 1201302914, P(reorder) = 0.849871
iteration = 1016314410, tail = 1202727896, P(reorder) = 0.85088
iteration = 1017727921, tail = 1204150529, P(reorder) = 0.851886
iteration = 1019141432, tail = 1205574360, P(reorder) = 0.852893
iteration = 1020554943, tail = 1207001610, P(reorder) = 0.853903
iteration = 1021968454, tail = 1208425562, P(reorder) = 0.85491
iteration = 1023381965, tail = 1209848904, P(reorder) = 0.855917
iteration = 1024795476, tail = 1211271498, P(reorder) = 0.856924
iteration = 1026208987, tail = 1212708311, P(reorder) = 0.85794
iteration = 1027622498, tail = 1214133033, P(reorder) = 0.858948
iteration = 1029036009, tail = 1215560013, P(reorder) = 0.859958
iteration = 1030449520, tail = 1216985690, P(reorder) = 0.860966
iteration = 1031863031, tail = 1218415655, P(reorder) = 0.861978
iteration = 1033276542, tail = 1219843074, P(reorder) = 0.862988
iteration = 1034690053, tail = 1221268386, P(reorder) = 0.863996
iteration = 1036103564, tail = 1222692666, P(reorder) = 0.865004
iteration = 1037517075, tail = 1224119500, P(reorder) = 0.866013
iteration = 1038930586, tail = 1225548357, P(reorder) = 0.867024
iteration = 1040344097, tail = 1226974870, P(reorder) = 0.868033
iteration = 1041757608, tail = 1228399896, P(reorder) = 0.869041
iteration = 1043171119, tail = 1229822149, P(reorder) = 0.870048
iteration = 1044584630, tail = 1231247438, P(reorder) = 0.871056
iteration = 1045998141, tail = 1232675499, P(reorder) = 0.872066
iteration = 1047411652, tail = 1234099847, P(reorder) = 0.873074
iteration = 1048825163, tail = 1235525769, P(reorder) = 0.874083
iteration = 1050238674, tail = 1236947714, P(reorder) = 0.875089
iteration = 1051652185, tail = 1238371649, P(reorder) = 0.876096
iteration = 1053065696, tail = 1239795308, P(reorder) = 0.877103
iteration = 1054479207, tail = 1241220180, P(reorder) = 0.878111
iteration = 1055892718, tail = 1242643459, P(reorder) = 0.879118
iteration = 1057306229, tail = 1244069906, P(reorder) = 0.880127
iteration = 1058719740, tail = 1245492178, P(reorder) = 0.881133
iteration = 1060133251, tail = 1246918575, P(reorder) = 0.882143
iteration = 1061546762, tail = 1248344275, P(reorder) = 0.883151
iteration = 1062960273, tail = 1249768061, P(reorder) = 0.884158
iteration = 1064373784, tail = 1251192611, P(reorder) = 0.885166
iteration = 1065787295, tail = 1252618574, P(reorder) = 0.886175
iteration = 1067200806, tail = 1254044363, P(reorder) = 0.887184
iteration = 1068614317, tail = 1255470545, P(reorder) = 0.888193
iteration = 1070027828, tail = 1256897110, P(reorder) = 0.889202
iteration = 1071441339, tail = 1258322899, P(reorder) = 0.890211
iteration = 1072854850, tail = 1259748297, P(reorder) = 0.891219
iteration = 1074268361, tail = 1261174388, P(reorder) = 0.892228
iteration = 1075681872, tail = 1262597042, P(reorder) = 0.893234
iteration = 1077095383, tail = 1264020973, P(reorder) = 0.894242
iteration = 1078508894, tail = 1265448131, P(reorder) = 0.895251
iteration = 1079922405, tail = 1266874620, P(reorder) = 0.896261
iteration = 1081335916, tail = 1268300327, P(reorder) = 0.897269
iteration = 1082749427, tail = 1269720518, P(reorder) = 0.898274
iteration = 1084162938, tail = 1271143780, P(reorder) = 0.899281
iteration = 1085576449, tail = 1272567550, P(reorder) = 0.900288
iteration = 1086989960, tail = 1273990972, P(reorder) = 0.901295
iteration = 1088403471, tail = 1275414878, P(reorder) = 0.902303
iteration = 1089816982, tail = 1276843008, P(reorder) = 0.903313
iteration = 1091230493, tail = 1278265787, P(reorder) = 0.904319
iteration = 1092644004, tail = 1279686567, P(reorder) = 0.905325
iteration = 1094057515, tail = 1281108498, P(reorder) = 0.906331
iteration = 1095471026, tail = 1282531448, P(reorder) = 0.907337
iteration = 1096884537, tail = 1283959966, P(reorder) = 0.908348
iteration = 1098298048, tail = 1285385201, P(reorder) = 0.909356
iteration = 1099711559, tail = 1286810150, P(reorder) = 0.910364
iteration = 1101125070, tail = 1288236085, P(reorder) = 0.911373
iteration = 1102538581, tail = 1289662240, P(reorder) = 0.912382
iteration = 1103952092, tail = 1291091037, P(reorder) = 0.913393
iteration = 1105365603, tail = 1292515359, P(reorder) = 0.9144
iteration = 1106779114, tail = 1293940519, P(reorder) = 0.915409
iteration = 1108192625, tail = 1295361948, P(reorder) = 0.916414
iteration = 1109606136, tail = 1296786003, P(reorder) = 0.917422
iteration = 1111019647, tail = 1298209094, P(reorder) = 0.918428
iteration = 1112433158, tail = 1299632190, P(reorder) = 0.919435
iteration = 1113846669, tail = 1301055263, P(reorder) = 0.920442
iteration = 1115260180, tail = 1302481320, P(reorder) = 0.921451
iteration = 1116673691, tail = 1303906263, P(reorder) = 0.922459
iteration = 1118087202, tail = 1305329616, P(reorder) = 0.923466
iteration = 1119500713, tail = 1306753967, P(reorder) = 0.924474
iteration = 1120914224, tail = 1308177070, P(reorder) = 0.92548
iteration = 1122327735, tail = 1309608133, P(reorder) = 0.926493
iteration = 1123741246, tail = 1311030804, P(reorder) = 0.927499
iteration = 1125154757, tail = 1312454579, P(reorder) = 0.928507
iteration = 1126568268, tail = 1313893859, P(reorder) = 0.929525
iteration = 1127981779, tail = 1315315776, P(reorder) = 0.930531
iteration = 1129395290, tail = 1316738123, P(reorder) = 0.931537
iteration = 1130808801, tail = 1318159832, P(reorder) = 0.932543
iteration = 1132222312, tail = 1319583567, P(reorder) = 0.93355
iteration = 1133635823, tail = 1321012281, P(reorder) = 0.934561
iteration = 1135049334, tail = 1322443020, P(reorder) = 0.935573
iteration = 1136462845, tail = 1323870216, P(reorder) = 0.936583
iteration = 1137876356, tail = 1325294651, P(reorder) = 0.93759
iteration = 1139289867, tail = 1326724710, P(reorder) = 0.938602
iteration = 1140703378, tail = 1328168310, P(reorder) = 0.939623
iteration = 1142116889, tail = 1329593925, P(reorder) = 0.940632
iteration = 1143530400, tail = 1331018633, P(reorder) = 0.94164
iteration = 1144943911, tail = 1332440609, P(reorder) = 0.942646
iteration = 1146357422, tail = 1333864093, P(reorder) = 0.943653
iteration = 1147770933, tail = 1335285588, P(reorder) = 0.944659
iteration = 1149184444, tail = 1336709932, P(reorder) = 0.945666
iteration = 1150597955, tail = 1338135695, P(reorder) = 0.946675
iteration = 1152011466, tail = 1339568238, P(reorder) = 0.947688
iteration = 1153424977, tail = 1340992789, P(reorder) = 0.948696
iteration = 1154838488, tail = 1342416740, P(reorder) = 0.949704
1155255045 iterations
Total number of reordered vertices: 1342835825
reorder time = 70.3557
====================convert====================
max_chunkID = 6088687
max_offset = 0(GB)
The number of non-zero degree vertices: 653912338
total_num_reorder = 1413511394
0 1 2 3 4 
convert time = 92.7467
====================end====================
[1;33mDEBUG:    chunk_allocator.hpp(init:29): sblk_pools[0] allocated 192GB on SSD, start = 0x7eed7b4db000
[0m[1;33msblklevel0
mempool_align=4096
mempool_size=206158430208
mempool_start=0x7eed7b4db000
mempool_cur=0x7eed7b4db000
mempool_end=0x7f1d7b4db000
mempool_free_block=(nil)

DEBUG:    chunk_allocator.hpp(init:29): sblk_pools[1] allocated 192GB on SSD, start = 0x7ebd7b4db000
[0msblklevel1
mempool_align=4096
mempool_size=206158430208
mempool_start=0x7ebd7b4db000
mempool_cur=0x7ebd7b4db000
mempool_end=0x7eed7b4db000
mempool_free_block=(nil)

====================sort====================
The first five vertices in vid_list: 
0: indeg=0, outdeg=0
1: indeg=0, outdeg=0
2: indeg=0, outdeg=0
3: indeg=0, outdeg=0
4: indeg=294, outdeg=0
sort time = 10.2382
====================reorder====================
threshold = 0.95
vid_list.size() = 1413511394
iteration = 1, tail = 1, P(reorder) = 7.07458e-10
iteration = 1413512, tail = 593997474, P(reorder) = 0.420228
iteration = 2827023, tail = 598661829, P(reorder) = 0.423528
iteration = 4240534, tail = 602940192, P(reorder) = 0.426555
iteration = 5654045, tail = 607873384, P(reorder) = 0.430045
iteration = 7067556, tail = 614837413, P(reorder) = 0.434972
iteration = 8481067, tail = 622940830, P(reorder) = 0.440704
iteration = 9894578, tail = 631074923, P(reorder) = 0.446459
iteration = 11308089, tail = 638134910, P(reorder) = 0.451454
iteration = 12721600, tail = 645051723, P(reorder) = 0.456347
iteration = 14135111, tail = 649289126, P(reorder) = 0.459345
iteration = 15548622, tail = 650768015, P(reorder) = 0.460391
iteration = 16962133, tail = 652228039, P(reorder) = 0.461424
iteration = 18375644, tail = 653664724, P(reorder) = 0.46244
iteration = 19789155, tail = 655107648, P(reorder) = 0.463461
iteration = 21202666, tail = 656537263, P(reorder) = 0.464473
iteration = 22616177, tail = 657981533, P(reorder) = 0.465494
iteration = 24029688, tail = 659419042, P(reorder) = 0.466511
iteration = 25443199, tail = 660867147, P(reorder) = 0.467536
iteration = 26856710, tail = 662307943, P(reorder) = 0.468555
iteration = 28270221, tail = 663739516, P(reorder) = 0.469568
iteration = 29683732, tail = 665176932, P(reorder) = 0.470585
iteration = 31097243, tail = 666619136, P(reorder) = 0.471605
iteration = 32510754, tail = 668055799, P(reorder) = 0.472621
iteration = 33924265, tail = 669511493, P(reorder) = 0.473651
iteration = 35337776, tail = 670945067, P(reorder) = 0.474665
iteration = 36751287, tail = 672381272, P(reorder) = 0.475682
iteration = 38164798, tail = 673823340, P(reorder) = 0.476702
iteration = 39578309, tail = 675251850, P(reorder) = 0.477712
iteration = 40991820, tail = 676679229, P(reorder) = 0.478722
iteration = 42405331, tail = 678110293, P(reorder) = 0.479735
iteration = 43818842, tail = 679543111, P(reorder) = 0.480748
iteration = 45232353, tail = 680974864, P(reorder) = 0.481761
iteration = 46645864, tail = 682414052, P(reorder) = 0.482779
iteration = 48059375, tail = 683839654, P(reorder) = 0.483788
iteration = 49472886, tail = 685274875, P(reorder) = 0.484803
iteration = 50886397, tail = 686725790, P(reorder) = 0.48583
iteration = 52299908, tail = 688158598, P(reorder) = 0.486843
iteration = 53713419, tail = 689704999, P(reorder) = 0.487937
iteration = 55126930, tail = 691142142, P(reorder) = 0.488954
iteration = 56540441, tail = 692573287, P(reorder) = 0.489967
iteration = 57953952, tail = 694009813, P(reorder) = 0.490983
iteration = 59367463, tail = 695439596, P(reorder) = 0.491994
iteration = 60780974, tail = 696867621, P(reorder) = 0.493005
iteration = 62194485, tail = 698281669, P(reorder) = 0.494005
iteration = 63607996, tail = 699695473, P(reorder) = 0.495005
iteration = 65021507, tail = 701109677, P(reorder) = 0.496006
iteration = 66435018, tail = 702534793, P(reorder) = 0.497014
iteration = 67848529, tail = 703966035, P(reorder) = 0.498026
iteration = 69262040, tail = 705445022, P(reorder) = 0.499073
iteration = 70675551, tail = 706890903, P(reorder) = 0.500096
iteration = 72089062, tail = 708326909, P(reorder) = 0.501112
iteration = 73502573, tail = 709775616, P(reorder) = 0.502136
iteration = 74916084, tail = 711236763, P(reorder) = 0.50317
iteration = 76329595, tail = 712694378, P(reorder) = 0.504201
iteration = 77743106, tail = 714171163, P(reorder) = 0.505246
iteration = 79156617, tail = 715640512, P(reorder) = 0.506286
iteration = 80570128, tail = 717078145, P(reorder) = 0.507303
iteration = 81983639, tail = 718512830, P(reorder) = 0.508318
iteration = 83397150, tail = 719945268, P(reorder) = 0.509331
iteration = 84810661, tail = 721377940, P(reorder) = 0.510345
iteration = 86224172, tail = 722816855, P(reorder) = 0.511363
iteration = 87637683, tail = 724248352, P(reorder) = 0.512375
iteration = 89051194, tail = 725683517, P(reorder) = 0.513391
iteration = 90464705, tail = 727123980, P(reorder) = 0.51441
iteration = 91878216, tail = 728560000, P(reorder) = 0.515426
iteration = 93291727, tail = 729989048, P(reorder) = 0.516437
iteration = 94705238, tail = 731420624, P(reorder) = 0.517449
iteration = 96118749, tail = 732851046, P(reorder) = 0.518461
iteration = 97532260, tail = 734272441, P(reorder) = 0.519467
iteration = 98945771, tail = 735696405, P(reorder) = 0.520474
iteration = 100359282, tail = 737133716, P(reorder) = 0.521491
iteration = 101772793, tail = 738578725, P(reorder) = 0.522513
iteration = 103186304, tail = 740013158, P(reorder) = 0.523528
iteration = 104599815, tail = 741452272, P(reorder) = 0.524546
iteration = 106013326, tail = 742932015, P(reorder) = 0.525593
iteration = 107426837, tail = 744376136, P(reorder) = 0.526615
iteration = 108840348, tail = 745800792, P(reorder) = 0.527623
iteration = 110253859, tail = 747232740, P(reorder) = 0.528636
iteration = 111667370, tail = 748668998, P(reorder) = 0.529652
iteration = 113080881, tail = 750110748, P(reorder) = 0.530672
iteration = 114494392, tail = 751545101, P(reorder) = 0.531687
iteration = 115907903, tail = 752972046, P(reorder) = 0.532696
iteration = 117321414, tail = 754402907, P(reorder) = 0.533708
iteration = 118734925, tail = 755833586, P(reorder) = 0.534721
iteration = 120148436, tail = 757276205, P(reorder) = 0.535741
iteration = 121561947, tail = 758714042, P(reorder) = 0.536758
iteration = 122975458, tail = 760144907, P(reorder) = 0.537771
iteration = 124388969, tail = 761604856, P(reorder) = 0.538803
iteration = 125802480, tail = 763025029, P(reorder) = 0.539808
iteration = 127215991, tail = 764457123, P(reorder) = 0.540821
iteration = 128629502, tail = 765891314, P(reorder) = 0.541836
iteration = 130043013, tail = 767325346, P(reorder) = 0.54285
iteration = 131456524, tail = 768755202, P(reorder) = 0.543862
iteration = 132870035, tail = 770193017, P(reorder) = 0.544879
iteration = 134283546, tail = 771627402, P(reorder) = 0.545894
iteration = 135697057, tail = 773061751, P(reorder) = 0.546909
iteration = 137110568, tail = 774498920, P(reorder) = 0.547925
iteration = 138524079, tail = 775930810, P(reorder) = 0.548938
iteration = 139937590, tail = 777370501, P(reorder) = 0.549957
iteration = 141351101, tail = 778801937, P(reorder) = 0.55097
iteration = 142764612, tail = 780230872, P(reorder) = 0.551981
iteration = 144178123, tail = 781664087, P(reorder) = 0.552995
iteration = 145591634, tail = 783092537, P(reorder) = 0.554005
iteration = 147005145, tail = 784556460, P(reorder) = 0.555041
iteration = 148418656, tail = 785983045, P(reorder) = 0.55605
iteration = 149832167, tail = 787416615, P(reorder) = 0.557064
iteration = 151245678, tail = 788844758, P(reorder) = 0.558075
iteration = 152659189, tail = 790278841, P(reorder) = 0.559089
iteration = 154072700, tail = 791715023, P(reorder) = 0.560105
iteration = 155486211, tail = 793145460, P(reorder) = 0.561117
iteration = 156899722, tail = 794579849, P(reorder) = 0.562132
iteration = 158313233, tail = 796024865, P(reorder) = 0.563154
iteration = 159726744, tail = 797463465, P(reorder) = 0.564172
iteration = 161140255, tail = 798896335, P(reorder) = 0.565186
iteration = 162553766, tail = 800339147, P(reorder) = 0.566206
iteration = 163967277, tail = 801781720, P(reorder) = 0.567227
iteration = 165380788, tail = 803218313, P(reorder) = 0.568243
iteration = 166794299, tail = 804649031, P(reorder) = 0.569255
iteration = 168207810, tail = 806076987, P(reorder) = 0.570266
iteration = 169621321, tail = 807504828, P(reorder) = 0.571276
iteration = 171034832, tail = 808944196, P(reorder) = 0.572294
iteration = 172448343, tail = 810382864, P(reorder) = 0.573312
iteration = 173861854, tail = 811820873, P(reorder) = 0.574329
iteration = 175275365, tail = 813274845, P(reorder) = 0.575358
iteration = 176688876, tail = 814707466, P(reorder) = 0.576371
iteration = 178102387, tail = 816142263, P(reorder) = 0.577386
iteration = 179515898, tail = 817577885, P(reorder) = 0.578402
iteration = 180929409, tail = 819014826, P(reorder) = 0.579419
iteration = 182342920, tail = 820456936, P(reorder) = 0.580439
iteration = 183756431, tail = 821908967, P(reorder) = 0.581466
iteration = 185169942, tail = 823345693, P(reorder) = 0.582483
iteration = 186583453, tail = 824780562, P(reorder) = 0.583498
iteration = 187996964, tail = 826216026, P(reorder) = 0.584513
iteration = 189410475, tail = 827651916, P(reorder) = 0.585529
iteration = 190823986, tail = 829089297, P(reorder) = 0.586546
iteration = 192237497, tail = 830521052, P(reorder) = 0.587559
iteration = 193651008, tail = 831958832, P(reorder) = 0.588576
iteration = 195064519, tail = 833473884, P(reorder) = 0.589648
iteration = 196478030, tail = 834943345, P(reorder) = 0.590687
iteration = 197891541, tail = 836379231, P(reorder) = 0.591703
iteration = 199305052, tail = 837827597, P(reorder) = 0.592728
iteration = 200718563, tail = 839262839, P(reorder) = 0.593743
iteration = 202132074, tail = 840700414, P(reorder) = 0.59476
iteration = 203545585, tail = 842219448, P(reorder) = 0.595835
iteration = 204959096, tail = 843653324, P(reorder) = 0.596849
iteration = 206372607, tail = 845086788, P(reorder) = 0.597863
iteration = 207786118, tail = 846523839, P(reorder) = 0.59888
iteration = 209199629, tail = 847956220, P(reorder) = 0.599893
iteration = 210613140, tail = 849437893, P(reorder) = 0.600942
iteration = 212026651, tail = 850873597, P(reorder) = 0.601957
iteration = 213440162, tail = 852308735, P(reorder) = 0.602973
iteration = 214853673, tail = 853748066, P(reorder) = 0.603991
iteration = 216267184, tail = 855183614, P(reorder) = 0.605007
iteration = 217680695, tail = 856728321, P(reorder) = 0.606099
iteration = 219094206, tail = 858160078, P(reorder) = 0.607112
iteration = 220507717, tail = 859595136, P(reorder) = 0.608127
iteration = 221921228, tail = 861029319, P(reorder) = 0.609142
iteration = 223334739, tail = 862465615, P(reorder) = 0.610158
iteration = 224748250, tail = 863901851, P(reorder) = 0.611174
iteration = 226161761, tail = 865338870, P(reorder) = 0.612191
iteration = 227575272, tail = 866777125, P(reorder) = 0.613208
iteration = 228988783, tail = 868213567, P(reorder) = 0.614225
iteration = 230402294, tail = 869770348, P(reorder) = 0.615326
iteration = 231815805, tail = 871315308, P(reorder) = 0.616419
iteration = 233229316, tail = 872747964, P(reorder) = 0.617433
iteration = 234642827, tail = 874180235, P(reorder) = 0.618446
iteration = 236056338, tail = 875626825, P(reorder) = 0.619469
iteration = 237469849, tail = 877068561, P(reorder) = 0.620489
iteration = 238883360, tail = 878612844, P(reorder) = 0.621582
iteration = 240296871, tail = 880083311, P(reorder) = 0.622622
iteration = 241710382, tail = 881516228, P(reorder) = 0.623636
iteration = 243123893, tail = 882947383, P(reorder) = 0.624648
iteration = 244537404, tail = 884379131, P(reorder) = 0.625661
iteration = 245950915, tail = 885818288, P(reorder) = 0.626679
iteration = 247364426, tail = 887279576, P(reorder) = 0.627713
iteration = 248777937, tail = 888717133, P(reorder) = 0.62873
iteration = 250191448, tail = 890149318, P(reorder) = 0.629743
iteration = 251604959, tail = 891590260, P(reorder) = 0.630763
iteration = 253018470, tail = 893028866, P(reorder) = 0.63178
iteration = 254431981, tail = 894460246, P(reorder) = 0.632793
iteration = 255845492, tail = 895892577, P(reorder) = 0.633806
iteration = 257259003, tail = 897325136, P(reorder) = 0.63482
iteration = 258672514, tail = 898755055, P(reorder) = 0.635831
iteration = 260086025, tail = 900194624, P(reorder) = 0.63685
iteration = 261499536, tail = 901625041, P(reorder) = 0.637862
iteration = 262913047, tail = 903057529, P(reorder) = 0.638875
iteration = 264326558, tail = 904488744, P(reorder) = 0.639888
iteration = 265740069, tail = 905934576, P(reorder) = 0.640911
iteration = 267153580, tail = 907371854, P(reorder) = 0.641928
iteration = 268567091, tail = 908800433, P(reorder) = 0.642938
iteration = 269980602, tail = 910232109, P(reorder) = 0.643951
iteration = 271394113, tail = 911657499, P(reorder) = 0.644959
iteration = 272807624, tail = 913088375, P(reorder) = 0.645972
iteration = 274221135, tail = 914511186, P(reorder) = 0.646978
iteration = 275634646, tail = 915939777, P(reorder) = 0.647989
iteration = 277048157, tail = 917371356, P(reorder) = 0.649002
iteration = 278461668, tail = 918815571, P(reorder) = 0.650023
iteration = 279875179, tail = 920246689, P(reorder) = 0.651036
iteration = 281288690, tail = 921675039, P(reorder) = 0.652046
iteration = 282702201, tail = 923126341, P(reorder) = 0.653073
iteration = 284115712, tail = 924561315, P(reorder) = 0.654088
iteration = 285529223, tail = 925991675, P(reorder) = 0.6551
iteration = 286942734, tail = 927425099, P(reorder) = 0.656114
iteration = 288356245, tail = 928859130, P(reorder) = 0.657129
iteration = 289769756, tail = 930313756, P(reorder) = 0.658158
iteration = 291183267, tail = 931776872, P(reorder) = 0.659193
iteration = 292596778, tail = 933228701, P(reorder) = 0.66022
iteration = 294010289, tail = 934676817, P(reorder) = 0.661245
iteration = 295423800, tail = 936099008, P(reorder) = 0.662251
iteration = 296837311, tail = 937520910, P(reorder) = 0.663257
iteration = 298250822, tail = 938945624, P(reorder) = 0.664265
iteration = 299664333, tail = 940387410, P(reorder) = 0.665285
iteration = 301077844, tail = 941845499, P(reorder) = 0.666316
iteration = 302491355, tail = 943279907, P(reorder) = 0.667331
iteration = 303904866, tail = 944712680, P(reorder) = 0.668345
iteration = 305318377, tail = 946145656, P(reorder) = 0.669358
iteration = 306731888, tail = 947582334, P(reorder) = 0.670375
iteration = 308145399, tail = 949010766, P(reorder) = 0.671385
iteration = 309558910, tail = 950448042, P(reorder) = 0.672402
iteration = 310972421, tail = 951909151, P(reorder) = 0.673436
iteration = 312385932, tail = 953348308, P(reorder) = 0.674454
iteration = 313799443, tail = 954780709, P(reorder) = 0.675467
iteration = 315212954, tail = 956216515, P(reorder) = 0.676483
iteration = 316626465, tail = 957682500, P(reorder) = 0.67752
iteration = 318039976, tail = 959112421, P(reorder) = 0.678532
iteration = 319453487, tail = 960542714, P(reorder) = 0.679544
iteration = 320866998, tail = 961974764, P(reorder) = 0.680557
iteration = 322280509, tail = 963406121, P(reorder) = 0.681569
iteration = 323694020, tail = 964840703, P(reorder) = 0.682584
iteration = 325107531, tail = 966274054, P(reorder) = 0.683598
iteration = 326521042, tail = 967727043, P(reorder) = 0.684626
iteration = 327934553, tail = 969160162, P(reorder) = 0.68564
iteration = 329348064, tail = 970594558, P(reorder) = 0.686655
iteration = 330761575, tail = 972031006, P(reorder) = 0.687671
iteration = 332175086, tail = 973462221, P(reorder) = 0.688684
iteration = 333588597, tail = 974895176, P(reorder) = 0.689697
iteration = 335002108, tail = 976327810, P(reorder) = 0.690711
iteration = 336415619, tail = 977758865, P(reorder) = 0.691723
iteration = 337829130, tail = 979192486, P(reorder) = 0.692738
iteration = 339242641, tail = 980623487, P(reorder) = 0.69375
iteration = 340656152, tail = 982057355, P(reorder) = 0.694764
iteration = 342069663, tail = 983490901, P(reorder) = 0.695779
iteration = 343483174, tail = 984923345, P(reorder) = 0.696792
iteration = 344896685, tail = 986353274, P(reorder) = 0.697804
iteration = 346310196, tail = 987783064, P(reorder) = 0.698815
iteration = 347723707, tail = 989215528, P(reorder) = 0.699828
iteration = 349137218, tail = 990648246, P(reorder) = 0.700842
iteration = 350550729, tail = 992090562, P(reorder) = 0.701862
iteration = 351964240, tail = 993541869, P(reorder) = 0.702889
iteration = 353377751, tail = 995010675, P(reorder) = 0.703928
iteration = 354791262, tail = 996437919, P(reorder) = 0.704938
iteration = 356204773, tail = 997865922, P(reorder) = 0.705948
iteration = 357618284, tail = 999301556, P(reorder) = 0.706964
iteration = 359031795, tail = 1000733892, P(reorder) = 0.707977
iteration = 360445306, tail = 1002165462, P(reorder) = 0.70899
iteration = 361858817, tail = 1003604826, P(reorder) = 0.710008
iteration = 363272328, tail = 1005036244, P(reorder) = 0.711021
iteration = 364685839, tail = 1006473198, P(reorder) = 0.712038
iteration = 366099350, tail = 1007903823, P(reorder) = 0.71305
iteration = 367512861, tail = 1009333705, P(reorder) = 0.714061
iteration = 368926372, tail = 1010766497, P(reorder) = 0.715075
iteration = 370339883, tail = 1012336575, P(reorder) = 0.716186
iteration = 371753394, tail = 1013769158, P(reorder) = 0.717199
iteration = 373166905, tail = 1015198709, P(reorder) = 0.71821
iteration = 374580416, tail = 1016632030, P(reorder) = 0.719225
iteration = 375993927, tail = 1018065276, P(reorder) = 0.720238
iteration = 377407438, tail = 1019497168, P(reorder) = 0.721251
iteration = 378820949, tail = 1020925636, P(reorder) = 0.722262
iteration = 380234460, tail = 1022353553, P(reorder) = 0.723272
iteration = 381647971, tail = 1023790997, P(reorder) = 0.724289
iteration = 383061482, tail = 1025229556, P(reorder) = 0.725307
iteration = 384474993, tail = 1026659084, P(reorder) = 0.726318
iteration = 385888504, tail = 1028092064, P(reorder) = 0.727332
iteration = 387302015, tail = 1029519931, P(reorder) = 0.728342
iteration = 388715526, tail = 1030951351, P(reorder) = 0.729355
iteration = 390129037, tail = 1032382866, P(reorder) = 0.730368
iteration = 391542548, tail = 1033820137, P(reorder) = 0.731384
iteration = 392956059, tail = 1035251952, P(reorder) = 0.732397
iteration = 394369570, tail = 1036681174, P(reorder) = 0.733408
iteration = 395783081, tail = 1038110178, P(reorder) = 0.734419
iteration = 397196592, tail = 1039544497, P(reorder) = 0.735434
iteration = 398610103, tail = 1040972376, P(reorder) = 0.736444
iteration = 400023614, tail = 1042402938, P(reorder) = 0.737456
iteration = 401437125, tail = 1043838936, P(reorder) = 0.738472
iteration = 402850636, tail = 1045268177, P(reorder) = 0.739483
iteration = 404264147, tail = 1046697269, P(reorder) = 0.740494
iteration = 405677658, tail = 1048136255, P(reorder) = 0.741512
iteration = 407091169, tail = 1049567115, P(reorder) = 0.742525
iteration = 408504680, tail = 1050996946, P(reorder) = 0.743536
iteration = 409918191, tail = 1052422200, P(reorder) = 0.744545
iteration = 411331702, tail = 1053853047, P(reorder) = 0.745557
iteration = 412745213, tail = 1055302032, P(reorder) = 0.746582
iteration = 414158724, tail = 1056731107, P(reorder) = 0.747593
iteration = 415572235, tail = 1058166388, P(reorder) = 0.748608
iteration = 416985746, tail = 1059598031, P(reorder) = 0.749621
iteration = 418399257, tail = 1061025586, P(reorder) = 0.750631
iteration = 419812768, tail = 1062455354, P(reorder) = 0.751643
iteration = 421226279, tail = 1063890225, P(reorder) = 0.752658
iteration = 422639790, tail = 1065318414, P(reorder) = 0.753668
iteration = 424053301, tail = 1066754766, P(reorder) = 0.754684
iteration = 425466812, tail = 1068181083, P(reorder) = 0.755693
iteration = 426880323, tail = 1069662506, P(reorder) = 0.756741
iteration = 428293834, tail = 1071114828, P(reorder) = 0.757769
iteration = 429707345, tail = 1072545591, P(reorder) = 0.758781
iteration = 431120856, tail = 1073974330, P(reorder) = 0.759792
iteration = 432534367, tail = 1075403296, P(reorder) = 0.760803
iteration = 433947878, tail = 1076839790, P(reorder) = 0.761819
iteration = 435361389, tail = 1078273391, P(reorder) = 0.762833
iteration = 436774900, tail = 1079704818, P(reorder) = 0.763846
iteration = 438188411, tail = 1081134403, P(reorder) = 0.764857
iteration = 439601922, tail = 1082561592, P(reorder) = 0.765867
iteration = 441015433, tail = 1083990109, P(reorder) = 0.766878
iteration = 442428944, tail = 1085416974, P(reorder) = 0.767887
iteration = 443842455, tail = 1086847262, P(reorder) = 0.768899
iteration = 445255966, tail = 1088277160, P(reorder) = 0.76991
iteration = 446669477, tail = 1089703621, P(reorder) = 0.77092
iteration = 448082988, tail = 1091171719, P(reorder) = 0.771958
iteration = 449496499, tail = 1092615671, P(reorder) = 0.77298
iteration = 450910010, tail = 1094045673, P(reorder) = 0.773991
iteration = 452323521, tail = 1095479965, P(reorder) = 0.775006
iteration = 453737032, tail = 1096908571, P(reorder) = 0.776017
iteration = 455150543, tail = 1098337123, P(reorder) = 0.777027
iteration = 456564054, tail = 1099768000, P(reorder) = 0.77804
iteration = 457977565, tail = 1101198248, P(reorder) = 0.779052
iteration = 459391076, tail = 1102626474, P(reorder) = 0.780062
iteration = 460804587, tail = 1104055974, P(reorder) = 0.781073
iteration = 462218098, tail = 1105484493, P(reorder) = 0.782084
iteration = 463631609, tail = 1106914399, P(reorder) = 0.783095
iteration = 465045120, tail = 1108343340, P(reorder) = 0.784106
iteration = 466458631, tail = 1109773084, P(reorder) = 0.785118
iteration = 467872142, tail = 1111202343, P(reorder) = 0.786129
iteration = 469285653, tail = 1112631333, P(reorder) = 0.78714
iteration = 470699164, tail = 1114058889, P(reorder) = 0.78815
iteration = 472112675, tail = 1115486119, P(reorder) = 0.78916
iteration = 473526186, tail = 1116912536, P(reorder) = 0.790169
iteration = 474939697, tail = 1118338333, P(reorder) = 0.791177
iteration = 476353208, tail = 1119766553, P(reorder) = 0.792188
iteration = 477766719, tail = 1121194524, P(reorder) = 0.793198
iteration = 479180230, tail = 1122623571, P(reorder) = 0.794209
iteration = 480593741, tail = 1124051363, P(reorder) = 0.795219
iteration = 482007252, tail = 1125479462, P(reorder) = 0.796229
iteration = 483420763, tail = 1126904482, P(reorder) = 0.797238
iteration = 484834274, tail = 1128329072, P(reorder) = 0.798245
iteration = 486247785, tail = 1129757710, P(reorder) = 0.799256
iteration = 487661296, tail = 1131184480, P(reorder) = 0.800266
iteration = 489074807, tail = 1132629049, P(reorder) = 0.801288
iteration = 490488318, tail = 1134084818, P(reorder) = 0.802317
iteration = 491901829, tail = 1135513571, P(reorder) = 0.803328
iteration = 493315340, tail = 1136940647, P(reorder) = 0.804338
iteration = 494728851, tail = 1138379796, P(reorder) = 0.805356
iteration = 496142362, tail = 1139807311, P(reorder) = 0.806366
iteration = 497555873, tail = 1141236638, P(reorder) = 0.807377
iteration = 498969384, tail = 1142669001, P(reorder) = 0.80839
iteration = 500382895, tail = 1144098500, P(reorder) = 0.809402
iteration = 501796406, tail = 1145542224, P(reorder) = 0.810423
iteration = 503209917, tail = 1146974910, P(reorder) = 0.811437
iteration = 504623428, tail = 1148396352, P(reorder) = 0.812442
iteration = 506036939, tail = 1149824671, P(reorder) = 0.813453
iteration = 507450450, tail = 1151252388, P(reorder) = 0.814463
iteration = 508863961, tail = 1152679555, P(reorder) = 0.815472
iteration = 510277472, tail = 1154107575, P(reorder) = 0.816483
iteration = 511690983, tail = 1155534323, P(reorder) = 0.817492
iteration = 513104494, tail = 1156958326, P(reorder) = 0.818499
iteration = 514518005, tail = 1158397948, P(reorder) = 0.819518
iteration = 515931516, tail = 1159826629, P(reorder) = 0.820529
iteration = 517345027, tail = 1161257385, P(reorder) = 0.821541
iteration = 518758538, tail = 1162684829, P(reorder) = 0.822551
iteration = 520172049, tail = 1164109220, P(reorder) = 0.823558
iteration = 521585560, tail = 1165537665, P(reorder) = 0.824569
iteration = 522999071, tail = 1166987139, P(reorder) = 0.825594
iteration = 524412582, tail = 1168413737, P(reorder) = 0.826604
iteration = 525826093, tail = 1169841172, P(reorder) = 0.827614
iteration = 527239604, tail = 1171269131, P(reorder) = 0.828624
iteration = 528653115, tail = 1172696448, P(reorder) = 0.829634
iteration = 530066626, tail = 1174124636, P(reorder) = 0.830644
iteration = 531480137, tail = 1175550099, P(reorder) = 0.831652
iteration = 532893648, tail = 1176986091, P(reorder) = 0.832668
iteration = 534307159, tail = 1178415251, P(reorder) = 0.833679
iteration = 535720670, tail = 1179840956, P(reorder) = 0.834688
iteration = 537134181, tail = 1181267647, P(reorder) = 0.835697
iteration = 538547692, tail = 1182692839, P(reorder) = 0.836706
iteration = 539961203, tail = 1184123108, P(reorder) = 0.837717
iteration = 541374714, tail = 1185556095, P(reorder) = 0.838731
iteration = 542788225, tail = 1186982894, P(reorder) = 0.839741
iteration = 544201736, tail = 1188409574, P(reorder) = 0.84075
iteration = 545615247, tail = 1189835481, P(reorder) = 0.841759
iteration = 547028758, tail = 1191266495, P(reorder) = 0.842771
iteration = 548442269, tail = 1192701897, P(reorder) = 0.843787
iteration = 549855780, tail = 1194127337, P(reorder) = 0.844795
iteration = 551269291, tail = 1195553025, P(reorder) = 0.845804
iteration = 552682802, tail = 1196977469, P(reorder) = 0.846811
iteration = 554096313, tail = 1198421155, P(reorder) = 0.847833
iteration = 555509824, tail = 1199847125, P(reorder) = 0.848841
iteration = 556923335, tail = 1201273484, P(reorder) = 0.849851
iteration = 558336846, tail = 1202701983, P(reorder) = 0.850861
iteration = 559750357, tail = 1204130581, P(reorder) = 0.851872
iteration = 561163868, tail = 1205555341, P(reorder) = 0.85288
iteration = 562577379, tail = 1206987444, P(reorder) = 0.853893
iteration = 563990890, tail = 1208411200, P(reorder) = 0.8549
iteration = 565404401, tail = 1209836492, P(reorder) = 0.855909
iteration = 566817912, tail = 1211261215, P(reorder) = 0.856916
iteration = 568231423, tail = 1212688304, P(reorder) = 0.857926
iteration = 569644934, tail = 1214114131, P(reorder) = 0.858935
iteration = 571058445, tail = 1215539134, P(reorder) = 0.859943
iteration = 572471956, tail = 1216967800, P(reorder) = 0.860954
iteration = 573885467, tail = 1218392366, P(reorder) = 0.861961
iteration = 575298978, tail = 1219819807, P(reorder) = 0.862971
iteration = 576712489, tail = 1221257185, P(reorder) = 0.863988
iteration = 578126000, tail = 1222681819, P(reorder) = 0.864996
iteration = 579539511, tail = 1224105598, P(reorder) = 0.866003
iteration = 580953022, tail = 1225534564, P(reorder) = 0.867014
iteration = 582366533, tail = 1226960426, P(reorder) = 0.868023
iteration = 583780044, tail = 1228387683, P(reorder) = 0.869033
iteration = 585193555, tail = 1229813055, P(reorder) = 0.870041
iteration = 586607066, tail = 1231241553, P(reorder) = 0.871052
iteration = 588020577, tail = 1232666425, P(reorder) = 0.87206
iteration = 589434088, tail = 1234092788, P(reorder) = 0.873069
iteration = 590847599, tail = 1235521585, P(reorder) = 0.87408
iteration = 592261110, tail = 1236952440, P(reorder) = 0.875092
iteration = 593674621, tail = 1238377849, P(reorder) = 0.8761
iteration = 595088132, tail = 1239801063, P(reorder) = 0.877107
iteration = 596501643, tail = 1241227467, P(reorder) = 0.878116
iteration = 597915154, tail = 1242663431, P(reorder) = 0.879132
iteration = 599328665, tail = 1244089830, P(reorder) = 0.880141
iteration = 600742176, tail = 1245517192, P(reorder) = 0.881151
iteration = 602155687, tail = 1246942931, P(reorder) = 0.88216
iteration = 603569198, tail = 1248369351, P(reorder) = 0.883169
iteration = 604982709, tail = 1249796074, P(reorder) = 0.884178
iteration = 606396220, tail = 1251222145, P(reorder) = 0.885187
iteration = 607809731, tail = 1252646108, P(reorder) = 0.886195
iteration = 609223242, tail = 1254071569, P(reorder) = 0.887203
iteration = 610636753, tail = 1255497477, P(reorder) = 0.888212
iteration = 612050264, tail = 1256924321, P(reorder) = 0.889221
iteration = 613463775, tail = 1258350160, P(reorder) = 0.89023
iteration = 614877286, tail = 1259775977, P(reorder) = 0.891239
iteration = 616290797, tail = 1261201053, P(reorder) = 0.892247
iteration = 617704308, tail = 1262625153, P(reorder) = 0.893254
iteration = 619117819, tail = 1264055812, P(reorder) = 0.894266
iteration = 620531330, tail = 1265482848, P(reorder) = 0.895276
iteration = 621944841, tail = 1266909141, P(reorder) = 0.896285
iteration = 623358352, tail = 1268334714, P(reorder) = 0.897294
iteration = 624771863, tail = 1269758894, P(reorder) = 0.898301
iteration = 626185374, tail = 1271184545, P(reorder) = 0.89931
iteration = 627598885, tail = 1272608231, P(reorder) = 0.900317
iteration = 629012396, tail = 1274031041, P(reorder) = 0.901324
iteration = 630425907, tail = 1275453834, P(reorder) = 0.90233
iteration = 631839418, tail = 1276876558, P(reorder) = 0.903337
iteration = 633252929, tail = 1278300567, P(reorder) = 0.904344
iteration = 634666440, tail = 1279724877, P(reorder) = 0.905352
iteration = 636079951, tail = 1281148142, P(reorder) = 0.906359
iteration = 637493462, tail = 1282611423, P(reorder) = 0.907394
iteration = 638906973, tail = 1284037136, P(reorder) = 0.908402
iteration = 640320484, tail = 1285463373, P(reorder) = 0.909411
iteration = 641733995, tail = 1286890430, P(reorder) = 0.910421
iteration = 643147506, tail = 1288313209, P(reorder) = 0.911428
iteration = 644561017, tail = 1289747881, P(reorder) = 0.912443
iteration = 645974528, tail = 1291175240, P(reorder) = 0.913452
iteration = 647388039, tail = 1292600034, P(reorder) = 0.91446
iteration = 648801550, tail = 1294022833, P(reorder) = 0.915467
iteration = 650215061, tail = 1295451363, P(reorder) = 0.916477
iteration = 651628572, tail = 1296876989, P(reorder) = 0.917486
iteration = 653042083, tail = 1298301796, P(reorder) = 0.918494
iteration = 654455594, tail = 1299725777, P(reorder) = 0.919501
iteration = 655869105, tail = 1301151193, P(reorder) = 0.92051
iteration = 657282616, tail = 1302576862, P(reorder) = 0.921518
iteration = 658696127, tail = 1304005428, P(reorder) = 0.922529
iteration = 660109638, tail = 1305427989, P(reorder) = 0.923536
iteration = 661523149, tail = 1306852368, P(reorder) = 0.924543
iteration = 662936660, tail = 1308274975, P(reorder) = 0.92555
iteration = 664350171, tail = 1309698893, P(reorder) = 0.926557
iteration = 665763682, tail = 1311128198, P(reorder) = 0.927568
iteration = 667177193, tail = 1312551625, P(reorder) = 0.928575
iteration = 668590704, tail = 1313975490, P(reorder) = 0.929583
iteration = 670004215, tail = 1315400235, P(reorder) = 0.93059
iteration = 671417726, tail = 1316826902, P(reorder) = 0.9316
iteration = 672831237, tail = 1318251450, P(reorder) = 0.932608
iteration = 674244748, tail = 1319674518, P(reorder) = 0.933614
iteration = 675658259, tail = 1321101307, P(reorder) = 0.934624
iteration = 677071770, tail = 1322525802, P(reorder) = 0.935632
iteration = 678485281, tail = 1323950246, P(reorder) = 0.936639
iteration = 679898792, tail = 1325377087, P(reorder) = 0.937649
iteration = 681312303, tail = 1326799370, P(reorder) = 0.938655
iteration = 682725814, tail = 1328223562, P(reorder) = 0.939662
iteration = 684139325, tail = 1329648489, P(reorder) = 0.940671
iteration = 685552836, tail = 1331072231, P(reorder) = 0.941678
iteration = 686966347, tail = 1332505545, P(reorder) = 0.942692
iteration = 688379858, tail = 1333932198, P(reorder) = 0.943701
iteration = 689793369, tail = 1335357216, P(reorder) = 0.944709
iteration = 691206880, tail = 1336781456, P(reorder) = 0.945717
iteration = 692620391, tail = 1338204686, P(reorder) = 0.946724
iteration = 694033902, tail = 1339629677, P(reorder) = 0.947732
iteration = 695447413, tail = 1341056591, P(reorder) = 0.948741
iteration = 696860924, tail = 1342481710, P(reorder) = 0.949749
697214270 iterations
Total number of reordered vertices: 1342835825
reorder time = 105.015
====================convert====================
max_chunkID = 2852339
max_offset = 14(GB)
The number of non-zero degree vertices: 204855545
total_num_reorder = 1413511394
0 1 2 3 4 
convert time = 98.2488
====================end====================
Freed 10.5315GB for local_buf.
Freed 24.7233GB for local_buf.
Freed 10.5315GB for local_buf.
Freed 24.7233GB for local_buf.
convert graph time = 484.888
reorder_list for out graph: 0 1 2 3 4 127939528 127939520 127939690 127939732 127939625 127939587 127939539 127939550 127939527 127939492 127939510 127939618 127939723 127939782 127939589 127939544 127939775 127939667 127939677 127939622 127939738 127939590 127939765 127939591 127939715 127939705 127939538 127939773 127939568 127939621 127939645 127939524 127939599 127939526 127939707 127939747 127939781 127939611 127939508 127939641 127939534 127939721 127939744 127939577 127939531 127939635 127939736 127939501 127939643 127939567 127939673 127939712 127939771 127939506 127939553 127939495 127939720 127939676 127939665 127939603 127939579 127939743 127939734 127939708 127939557 127939617 127939692 127939532 127939686 127939683 127939582 127939605 127939657 127939565 127939583 127939706 127939700 127939702 127939739 127939569 127939751 127939500 127939615 127939731 127939674 127939659 127939718 127939668 127939535 127939511 127939759 127939655 127939651 127939777 127939543 
test case
out degree of 12 is 0
in degree of 12 is 330
reorder_list for in graph: 0 1 2 3 4 5 1955859 1955861 2514190 82519345 82519347 82519348 82519349 82519350 82519351 82519355 82519357 82519358 82519361 82519363 82519368 82519371 82519374 82519459 121921428 121921433 121921443 121921495 890864362 890864363 890864364 890864365 890864366 890864367 890864368 890864369 890864370 890864371 890864372 890864373 890864374 890864375 890864376 890864377 890864378 890864379 890864380 890864381 890864382 890864383 890864384 890864385 890864386 890864387 890864388 890864389 890864390 890864391 890864392 890864393 890864394 890864395 890864396 890864397 890864398 890864399 890864400 890864401 890864402 890864403 890864404 890864405 890864406 890864407 890864408 890864409 890864410 890864411 890864413 890864414 890864415 890864417 890864418 890864419 890864420 890864421 890864422 890864423 890864424 890864425 890864426 890864427 890864428 890864429 890864430 890864431 890864432 890864433 890864434 890864435 
out degree of 12 is 0
out degree of 300 is 84
The top 84 in neighbors of 300 are: 286 269 676534 301 289 265 282 676531 312 3210350 311 305 676536 276 676533 266 259 270 307 273 310 277 263 2844887 293 564033 3210424 260 283 309 274 296 597305 285 272 1593262 292 295 304 297 290 676532 3210349 3210346 299 3139100 284 288 294 676530 128138 279 302 278 416092 357473 303 271 3139086 287 408457 2844888 308 58337 3210348 306 268 313 618701 269885 264 3137304 267 261 314 3210351 291 262 26978 275 281 298 280 676535 
out degree of 1024 is 2003
The top 100 in neighbors of 1024 are: 2242 2749 2346 2008 1781 1740 2938 2769 2394 1859 1251 1294 1139 2059 2941 2600 1249 1820 1793 2557 1035 2147 2783 1424 2066 1102 1051 2831 2752 1581 1445 2918 2773 1717 1512 2662 2327 2832 2638 2825 2478 2570 1775 2798 2167 1486 2472 1850 1743 2663 2772 2859 2529 1541 1591 1929 2443 2291 2227 1540 2778 2715 1109 2911 1313 2297 2064 1221 1268 1330 960 1122 1523 1487 2549 1802 1118 1314 1803 1189 2762 2866 1857 2732 1535 1026 1252 2026 2082 1014 2052 2805 1764 1204 2222 1254 1973 1333 1167 2103 
out degree of 65535 is 11
The top 11 in neighbors of 65535 are: 65708 65486 65481 65712 146156091 65536 65569 65484 65482 65483 65485 
out degree of 1023512 is 391
The top 100 in neighbors of 1023512 are: 2460497 2460900 2460157 2460107 2460851 2460750 2460405 2460656 1981255 2460489 2460913 2460739 1333785 2460858 2460399 2460844 2460439 2460695 2460655 2460768 2460317 2460587 2460907 2460266 2460892 1981257 2460262 2460657 2460848 2460208 2460219 2460847 2460531 2460842 2460250 2460652 2460323 2460499 2460459 2460830 1333786 2460735 2460472 2460606 2460832 2460425 2460755 2460203 2460747 2460456 2460481 2460744 2460218 2460650 2460498 2460911 2460662 2460891 2460231 2460578 584605 2460223 2460437 2460873 2460924 2460661 2460895 2460567 2760183 2460479 1333784 2460211 2460400 2460751 2460226 2460320 2460523 2460758 1981259 2460828 2460934 2460660 2460473 2460510 2460759 2460333 2460681 2460922 2460229 2460308 2460693 2460511 2460609 2460326 1981250 2460504 2460859 2460329 2460551 2460712 
out degree of 13757872 is 21
The top 21 in neighbors of 13757872 are: 13757449 13758205 13757506 13758140 13758333 13757454 13758311 13757447 13758345 13757234 13758355 13757327 13757635 13757790 13757452 13758354 13757371 13758318 13758309 13757172 13758290 
in degree of 12 is 330
The top 100 in neighbors of 12 are: 21337063 21337064 21337065 36684080 36684081 36684082 275063990 275063991 275063992 275063993 275063994 275063995 275063996 275063997 275063998 275063999 275064000 275064001 275064002 275064003 275064009 275064010 275064011 275064012 275064013 275064014 275064015 275064016 275064017 275064018 275064019 275064020 275064021 275064022 275064023 275064024 275064025 275064026 275064027 275064028 275064029 275064030 275064031 275064032 275064033 275064034 275064035 275064036 275064037 275064045 275064046 275064047 275064048 275064049 275064050 275064051 275064053 275064054 275064056 275064057 275064058 275064059 275064060 275064061 275064062 275064063 275064064 275064065 275064066 275064067 275064068 275064069 275064070 275064071 275064072 275064073 275064074 275064075 275064076 275064077 275064078 275064079 275064080 275064081 275064082 275064083 275064084 275064085 275064086 275064087 275064088 275064089 275064090 275064091 275064092 275064093 275064094 275064095 275064096 275064097 
in degree of 300 is 452
The top 100 in neighbors of 300 are: 259 260 261 262 263 264 265 266 267 268 269 270 271 272 273 274 275 276 277 278 279 280 281 282 283 284 285 286 287 288 289 290 291 292 293 294 295 296 297 298 299 301 302 303 304 305 306 307 308 309 310 311 312 313 314 357473 3210249 3210250 3210251 3210252 3210253 3210254 3210255 3210256 3210257 3210258 3210259 3210260 3210261 3210262 3210263 3210264 3210265 3210266 3210267 3210268 3210269 3210270 3210271 3210272 3210273 3210274 3210275 3210276 3210277 3210278 3210279 3210280 3210281 3210282 3210283 3210284 3210285 3210286 3210287 3210288 3210289 3210290 3210291 3210292 
in degree of 1024 is 296
The top 100 in neighbors of 1024 are: 958 959 960 961 962 963 964 965 966 967 968 969 970 971 972 973 974 975 976 977 978 979 980 981 982 983 984 985 986 987 988 989 990 991 992 993 994 995 996 997 998 999 1000 1001 1002 1003 1004 1005 1006 1007 1008 1009 1010 1011 1012 1013 1014 1015 1016 1017 1018 1019 1020 1021 1022 1023 1025 1026 1027 1028 1029 1030 1031 1032 1033 1034 1035 1036 1037 1038 1039 1040 1041 1042 1043 1044 1045 1046 1047 1048 1049 1050 1051 1052 1053 1054 1055 1056 1057 1058 
in degree of 65535 is 269
The top 100 in neighbors of 65535 are: 65477 65478 65479 65492 65494 65496 65498 65500 65502 65504 65506 65508 65510 65512 65514 65516 65518 65520 65522 65524 65526 65528 65530 65532 65534 65536 65538 65540 65542 65544 65546 65548 65550 65552 65554 65556 65558 65560 65562 65564 65566 65568 65570 65572 65574 65576 65578 65580 65582 65584 65586 65588 65590 65592 65594 65596 65598 65600 65602 65604 65606 65608 65610 65612 65614 65616 65618 65620 65622 65624 65626 65628 65630 65632 65634 65636 65638 65640 65642 65644 65646 65648 65650 65652 65654 65656 65658 65660 65662 65664 65666 65667 65668 65670 65672 65674 65676 65678 65680 65682 
in degree of 1023512 is 4
The top 4 in neighbors of 1023512 are: 58704964 83564048 99689806 99690222 
in degree of 13757872 is 19
The top 19 in neighbors of 13757872 are: 13757219 13757232 13757445 13757451 13757687 13757690 13757854 13757939 13757964 13758184 13758292 13758312 13758315 13758329 13758332 13758339 13758342 13758344 13758352 
