Print config information:
  Graph info: 
	 - filepath = /mnt/nvme1/zorax/datasets/csr_bin/Twitter/
	 - PREFIX = twitter
	 - nverts = 61578415
	 - nedges = 0 (0 for processing all edges in the filepath) 
  System info: 
	 - JOB = 1
	 - THD_COUNT = 48
	 - QUERY_THD_COUNT = 48
	 - SSDPATH = /mnt/nvme2/zorax/testCSRGraph/
  Graph query benchmark: 
	 - QUERY = 0
	 - source = 4294967295
  Chunk allocator: 
	 - SBLK_POOL_SIZE = 137438953472
	 - sblk_name = sblk
	 - MAX_LEVEL = 1
	 - MEM_BULK_SIZE = 33554432

import csr for out graph
Allocated 0.458795GB for local_buf.
filepath = /mnt/nvme1/zorax/datasets/csr_bin/Twitter//twitter.idx
Allocated 5.47009GB for local_buf.
filepath = /mnt/nvme1/zorax/datasets/csr_bin/Twitter//twitter.adj
nverts = 61578415, nedges = 1468365182, average degree = 23.8455
num_offsets = 3848651
size = 277102908
246313660
size of adj: 5873460728
len_adj_aligned = 5873463296
import csr for in graph
Allocated 0.458795GB for local_buf.
filepath = /mnt/nvme1/zorax/datasets/csr_bin/Twitter//twitter.ridx
Allocated 5.47009GB for local_buf.
filepath = /mnt/nvme1/zorax/datasets/csr_bin/Twitter//twitter.radj
num_offsets = 3848651
size = 277102908
246313660
size of adj: 5873460728
len_adj_aligned = 5873463296
out degree of 12 is 0
out degree of 300 is 0
out degree of 1024 is 0
out degree of 65535 is 0
out degree of 1023512 is 0
out degree of 13757872 is 0
in degree of 12 is 0
in degree of 300 is 0
in degree of 1024 is 0
in degree of 65535 is 0
in degree of 1023512 is 0
in degree of 13757872 is 0
Freed 0.458795GB for local_buf.
Freed 5.47009GB for local_buf.
Freed 0.458795GB for local_buf.
Freed 5.47009GB for local_buf.
